<?xml version="1.0" encoding="UTF-8"?>
<testsuites name="Pre-regist OPD" time="102.39" tests="1" failures="0" errors="0">
   <testsuite name="Pre-regist OPD" tests="1" failures="0" errors="0" time="102.39" skipped="0" timestamp="2021-09-01 15:38:27" hostname="rezaa - LAPTOP-L0M8DJBN.local" id="Test Suites/Run Pre-regist OPD/Pre-regist OPD">
      <properties>
         <property name="deviceName" value=""/>
         <property name="devicePlatform" value=""/>
         <property name="logFolder" value="D:\\MySiloam\\Reports\\20210901_153815\\Run Pre-regist OPD\\Pre-regist OPD\\20210901_153815"/>
         <property name="logFiles" value="D:\\MySiloam\\Reports\\20210901_153815\\Run Pre-regist OPD\\Pre-regist OPD\\20210901_153815\\execution0.log"/>
         <property name="attachments" value=""/>
         <property name="hostName" value="rezaa - LAPTOP-L0M8DJBN.local"/>
         <property name="os" value="Windows 10 64bit"/>
         <property name="katalonVersion" value="8.1.0.208"/>
         <property name="browser" value="Chrome 92.0.4515.159"/>
         <property name="hostAddress" value="192.168.1.8"/>
         <property name="sessionId" value="f44a5b369b4f572e6a266b75d864c957"/>
         <property name="seleniumVersion" value="3.141.59"/>
         <property name="proxyInformation" value="ProxyInformation { proxyOption=NO_PROXY, proxyServerType=HTTP, username=, password=********, proxyServerAddress=, proxyServerPort=0, executionList=&quot;&quot;, isApplyToDesiredCapabilities=true }"/>
         <property name="platform" value="Windows 10"/>
      </properties>
      <testcase name="Test Cases/Pre-regis OPD/appointment microsite" time="100.678" classname="Test Cases/Pre-regis OPD/appointment microsite" status="PASSED">
         <system-out><![CDATA[2021-09-01 15:38:27 - [TEST_CASE][PASSED] - Test Cases/Pre-regis OPD/appointment microsite: Test Cases/Pre-regis OPD/appointment microsite

2021-09-01 15:38:28 - [TEST_STEP][PASSED] - openBrowser(""): Browser is opened with url: ''

2021-09-01 15:38:28 - [MESSAGE][INFO] - Starting 'Chrome' driver

2021-09-01 15:38:28 - [MESSAGE][INFO] - Action delay is set to 0 milliseconds

2021-09-01 15:38:30 - [MESSAGE][PASSED] - Browser is opened with url: ''

2021-09-01 15:38:30 - [TEST_STEP][PASSED] - navigateToUrl("http://10.85.139.12/appointment-microsite/"): Navigate to 'http://10.85.139.12/appointment-microsite/' successfully

2021-09-01 15:38:32 - [MESSAGE][PASSED] - Navigate to 'http://10.85.139.12/appointment-microsite/' successfully

2021-09-01 15:38:32 - [TEST_STEP][PASSED] - maximizeWindow(): Current window maximized

2021-09-01 15:38:32 - [MESSAGE][PASSED] - Current window maximized

2021-09-01 15:38:32 - [TEST_STEP][PASSED] - waitForPageLoad(120, STOP_ON_FAILURE): Wait for page load successfully

2021-09-01 15:38:33 - [MESSAGE][PASSED] - Wait for page load successfully

2021-09-01 15:38:33 - [TEST_STEP][PASSED] - delay(1): Delayed 1 second(s)

2021-09-01 15:38:34 - [MESSAGE][PASSED] - Delayed 1 second(s)

2021-09-01 15:38:34 - [TEST_STEP][PASSED] - click(findTestObject("Pre-regist OPD/Page_Buat Janji Dengan Dr. dr. John C. P. B_f26caf/Page_Cari Jadwal  Buat Janji dengan Dokter _791af4/input_Nama Dokter")): Object: 'Object Repository/Pre-regist OPD/Page_Buat Janji Dengan Dr. dr. John C. P. B_f26caf/Page_Cari Jadwal  Buat Janji dengan Dokter _791af4/input_Nama Dokter' is clicked on

2021-09-01 15:38:34 - [MESSAGE][PASSED] - Object: 'Object Repository/Pre-regist OPD/Page_Buat Janji Dengan Dr. dr. John C. P. B_f26caf/Page_Cari Jadwal  Buat Janji dengan Dokter _791af4/input_Nama Dokter' is clicked on

2021-09-01 15:38:34 - [TEST_STEP][PASSED] - setText(findTestObject("Pre-regist OPD/Page_Buat Janji Dengan Dr. dr. John C. P. B_f26caf/Page_Cari Jadwal  Buat Janji dengan Dokter _791af4/input_Nama Dokter"), NamaDokter): Text 'john c. p. butar' is set on object 'Object Repository/Pre-regist OPD/Page_Buat Janji Dengan Dr. dr. John C. P. B_f26caf/Page_Cari Jadwal  Buat Janji dengan Dokter _791af4/input_Nama Dokter'

2021-09-01 15:38:35 - [MESSAGE][PASSED] - Text 'john c. p. butar' is set on object 'Object Repository/Pre-regist OPD/Page_Buat Janji Dengan Dr. dr. John C. P. B_f26caf/Page_Cari Jadwal  Buat Janji dengan Dokter _791af4/input_Nama Dokter'

2021-09-01 15:38:35 - [TEST_STEP][PASSED] - delay(2): Delayed 2 second(s)

2021-09-01 15:38:37 - [MESSAGE][PASSED] - Delayed 2 second(s)

2021-09-01 15:38:37 - [TEST_STEP][PASSED] - click(findTestObject("Pre-regist OPD/Page_Buat Janji Dengan Dr. dr. John C. P. B_f26caf/Page_Cari Jadwal  Buat Janji dengan Dokter _791af4/klik nama dokter")): Object: 'Object Repository/Pre-regist OPD/Page_Buat Janji Dengan Dr. dr. John C. P. B_f26caf/Page_Cari Jadwal  Buat Janji dengan Dokter _791af4/klik nama dokter' is clicked on

2021-09-01 15:38:38 - [MESSAGE][PASSED] - Object: 'Object Repository/Pre-regist OPD/Page_Buat Janji Dengan Dr. dr. John C. P. B_f26caf/Page_Cari Jadwal  Buat Janji dengan Dokter _791af4/klik nama dokter' is clicked on

2021-09-01 15:38:38 - [TEST_STEP][PASSED] - delay(2): Delayed 2 second(s)

2021-09-01 15:38:40 - [MESSAGE][PASSED] - Delayed 2 second(s)

2021-09-01 15:38:40 - [TEST_STEP][PASSED] - click(findTestObject("Pre-regist OPD/Page_Buat Janji Dengan Dr. dr. John C. P. B_f26caf/Page_Cari Jadwal  Buat Janji dengan Dokter _791af4/button_Cari")): Object: 'Object Repository/Pre-regist OPD/Page_Buat Janji Dengan Dr. dr. John C. P. B_f26caf/Page_Cari Jadwal  Buat Janji dengan Dokter _791af4/button_Cari' is clicked on

2021-09-01 15:38:40 - [MESSAGE][PASSED] - Object: 'Object Repository/Pre-regist OPD/Page_Buat Janji Dengan Dr. dr. John C. P. B_f26caf/Page_Cari Jadwal  Buat Janji dengan Dokter _791af4/button_Cari' is clicked on

2021-09-01 15:38:40 - [TEST_STEP][PASSED] - waitForElementVisible(findTestObject("Pre-regist OPD/Page_Buat Janji Dengan Dr. dr. John C. P. B_f26caf/Page_Cari Jadwal Praktek Dr. dr. John C. P._b32dd8/button_Buat Janji Temu"), 120): Object 'Object Repository/Pre-regist OPD/Page_Buat Janji Dengan Dr. dr. John C. P. B_f26caf/Page_Cari Jadwal Praktek Dr. dr. John C. P._b32dd8/button_Buat Janji Temu' is visible

2021-09-01 15:38:41 - [MESSAGE][PASSED] - Object 'Object Repository/Pre-regist OPD/Page_Buat Janji Dengan Dr. dr. John C. P. B_f26caf/Page_Cari Jadwal Praktek Dr. dr. John C. P._b32dd8/button_Buat Janji Temu' is visible

2021-09-01 15:38:41 - [TEST_STEP][PASSED] - click(findTestObject("Pre-regist OPD/Page_Buat Janji Dengan Dr. dr. John C. P. B_f26caf/Page_Cari Jadwal Praktek Dr. dr. John C. P._b32dd8/button_Buat Janji Temu")): Object: 'Object Repository/Pre-regist OPD/Page_Buat Janji Dengan Dr. dr. John C. P. B_f26caf/Page_Cari Jadwal Praktek Dr. dr. John C. P._b32dd8/button_Buat Janji Temu' is clicked on

2021-09-01 15:38:41 - [MESSAGE][PASSED] - Object: 'Object Repository/Pre-regist OPD/Page_Buat Janji Dengan Dr. dr. John C. P. B_f26caf/Page_Cari Jadwal Praktek Dr. dr. John C. P._b32dd8/button_Buat Janji Temu' is clicked on

2021-09-01 15:38:41 - [TEST_STEP][PASSED] - delay(1): Delayed 1 second(s)

2021-09-01 15:38:42 - [MESSAGE][PASSED] - Delayed 1 second(s)

2021-09-01 15:38:42 - [TEST_STEP][PASSED] - waitForElementVisible(findTestObject("Pre-regist OPD/Page_Buat Janji Dengan Dr. dr. John C. P. B_f26caf/pilih tanggal"), 30): Object 'Object Repository/Pre-regist OPD/Page_Buat Janji Dengan Dr. dr. John C. P. B_f26caf/pilih tanggal' is visible

2021-09-01 15:38:43 - [MESSAGE][PASSED] - Object 'Object Repository/Pre-regist OPD/Page_Buat Janji Dengan Dr. dr. John C. P. B_f26caf/pilih tanggal' is visible

2021-09-01 15:38:43 - [TEST_STEP][PASSED] - scrollToElement(findTestObject("Pre-regist OPD/Page_Buat Janji Dengan Dr. dr. John C. P. B_f26caf/pilih tanggal"), 30): Scroll to object 'Object Repository/Pre-regist OPD/Page_Buat Janji Dengan Dr. dr. John C. P. B_f26caf/pilih tanggal' successfully

2021-09-01 15:38:43 - [MESSAGE][PASSED] - Scroll to object 'Object Repository/Pre-regist OPD/Page_Buat Janji Dengan Dr. dr. John C. P. B_f26caf/pilih tanggal' successfully

2021-09-01 15:38:43 - [TEST_STEP][PASSED] - if (TanggalJanji != "0"): Delayed 1 second(s)

2021-09-01 15:38:43 - [TEST_STEP][PASSED] - if (TanggalJanji == "1"): null

2021-09-01 15:38:43 - [TEST_STEP][PASSED] - else if (TanggalJanji == "2"): Delayed 1 second(s)

2021-09-01 15:38:43 - [TEST_STEP][PASSED] - click(findTestObject("Pre-regist OPD/Page_Buat Janji Dengan Dr. dr. John C. P. B_f26caf/Tanggal/button_2")): Object: 'Object Repository/Pre-regist OPD/Page_Buat Janji Dengan Dr. dr. John C. P. B_f26caf/Tanggal/button_2' is clicked on

2021-09-01 15:38:43 - [MESSAGE][PASSED] - Object: 'Object Repository/Pre-regist OPD/Page_Buat Janji Dengan Dr. dr. John C. P. B_f26caf/Tanggal/button_2' is clicked on

2021-09-01 15:38:43 - [TEST_STEP][PASSED] - delay(1): Delayed 1 second(s)

2021-09-01 15:38:45 - [MESSAGE][PASSED] - Delayed 1 second(s)

2021-09-01 15:38:45 - [TEST_STEP][PASSED] - delay(1): Delayed 1 second(s)

2021-09-01 15:38:46 - [MESSAGE][PASSED] - Delayed 1 second(s)

2021-09-01 15:38:46 - [TEST_STEP][PASSED] - click(findTestObject("Pre-regist OPD/Page_Buat Janji Dengan Dr. dr. John C. P. B_f26caf/pilih jam")): Object: 'Object Repository/Pre-regist OPD/Page_Buat Janji Dengan Dr. dr. John C. P. B_f26caf/pilih jam' is clicked on

2021-09-01 15:38:46 - [MESSAGE][PASSED] - Object: 'Object Repository/Pre-regist OPD/Page_Buat Janji Dengan Dr. dr. John C. P. B_f26caf/pilih jam' is clicked on

2021-09-01 15:38:46 - [TEST_STEP][PASSED] - click(findTestObject("Object Repository/Pre-regist OPD/Page_Buat Janji Dengan Dr. dr. John C. P. B_f26caf/button_Lanjut")): Object: 'Object Repository/Pre-regist OPD/Page_Buat Janji Dengan Dr. dr. John C. P. B_f26caf/button_Lanjut' is clicked on

2021-09-01 15:38:47 - [MESSAGE][PASSED] - Object: 'Object Repository/Pre-regist OPD/Page_Buat Janji Dengan Dr. dr. John C. P. B_f26caf/button_Lanjut' is clicked on

2021-09-01 15:38:47 - [TEST_STEP][PASSED] - delay(1): Delayed 1 second(s)

2021-09-01 15:38:48 - [MESSAGE][PASSED] - Delayed 1 second(s)

2021-09-01 15:38:48 - [TEST_STEP][PASSED] - if (Reservasi == "Orang lain"): Delayed 3 second(s)

2021-09-01 15:38:48 - [TEST_STEP][PASSED] - delay(1): Delayed 1 second(s)

2021-09-01 15:38:49 - [MESSAGE][PASSED] - Delayed 1 second(s)

2021-09-01 15:38:49 - [TEST_STEP][PASSED] - setText(findTestObject("Pre-regist OPD/Page_Buat Janji Dengan Dr. dr. John C. P. B_f26caf/input_nama lengkap"), NamaLengkap): Text 'data test orang lain empat' is set on object 'Object Repository/Pre-regist OPD/Page_Buat Janji Dengan Dr. dr. John C. P. B_f26caf/input_nama lengkap'

2021-09-01 15:38:49 - [MESSAGE][PASSED] - Text 'data test orang lain empat' is set on object 'Object Repository/Pre-regist OPD/Page_Buat Janji Dengan Dr. dr. John C. P. B_f26caf/input_nama lengkap'

2021-09-01 15:38:49 - [TEST_STEP][PASSED] - click(findTestObject("Object Repository/Pre-regist OPD/Page_Buat Janji Dengan Dr. dr. John C. P. B_f26caf/input__date")): Object: 'Object Repository/Pre-regist OPD/Page_Buat Janji Dengan Dr. dr. John C. P. B_f26caf/input__date' is clicked on

2021-09-01 15:38:50 - [MESSAGE][PASSED] - Object: 'Object Repository/Pre-regist OPD/Page_Buat Janji Dengan Dr. dr. John C. P. B_f26caf/input__date' is clicked on

2021-09-01 15:38:50 - [TEST_STEP][PASSED] - setText(findTestObject("Pre-regist OPD/Page_Buat Janji Dengan Dr. dr. John C. P. B_f26caf/input tanggal lahir"), TanggalLahir): Text '1' is set on object 'Object Repository/Pre-regist OPD/Page_Buat Janji Dengan Dr. dr. John C. P. B_f26caf/input tanggal lahir'

2021-09-01 15:38:51 - [MESSAGE][PASSED] - Text '1' is set on object 'Object Repository/Pre-regist OPD/Page_Buat Janji Dengan Dr. dr. John C. P. B_f26caf/input tanggal lahir'

2021-09-01 15:38:51 - [TEST_STEP][PASSED] - click(findTestObject("Pre-regist OPD/Page_Buat Janji Dengan Dr. dr. John C. P. B_f26caf/klik tanggal lahir")): Object: 'Object Repository/Pre-regist OPD/Page_Buat Janji Dengan Dr. dr. John C. P. B_f26caf/klik tanggal lahir' is clicked on

2021-09-01 15:38:51 - [MESSAGE][PASSED] - Object: 'Object Repository/Pre-regist OPD/Page_Buat Janji Dengan Dr. dr. John C. P. B_f26caf/klik tanggal lahir' is clicked on

2021-09-01 15:38:51 - [TEST_STEP][PASSED] - click(findTestObject("Object Repository/Pre-regist OPD/Page_Buat Janji Dengan Dr. dr. John C. P. B_f26caf/input__month")): Object: 'Object Repository/Pre-regist OPD/Page_Buat Janji Dengan Dr. dr. John C. P. B_f26caf/input__month' is clicked on

2021-09-01 15:38:52 - [MESSAGE][PASSED] - Object: 'Object Repository/Pre-regist OPD/Page_Buat Janji Dengan Dr. dr. John C. P. B_f26caf/input__month' is clicked on

2021-09-01 15:38:52 - [TEST_STEP][PASSED] - setText(findTestObject("Pre-regist OPD/Page_Buat Janji Dengan Dr. dr. John C. P. B_f26caf/input bulan lahir"), BulanLahir): Text 'Januari' is set on object 'Object Repository/Pre-regist OPD/Page_Buat Janji Dengan Dr. dr. John C. P. B_f26caf/input bulan lahir'

2021-09-01 15:38:52 - [MESSAGE][PASSED] - Text 'Januari' is set on object 'Object Repository/Pre-regist OPD/Page_Buat Janji Dengan Dr. dr. John C. P. B_f26caf/input bulan lahir'

2021-09-01 15:38:52 - [TEST_STEP][PASSED] - click(findTestObject("Pre-regist OPD/Page_Buat Janji Dengan Dr. dr. John C. P. B_f26caf/pilih bulan lahir")): Object: 'Object Repository/Pre-regist OPD/Page_Buat Janji Dengan Dr. dr. John C. P. B_f26caf/pilih bulan lahir' is clicked on

2021-09-01 15:38:53 - [MESSAGE][PASSED] - Object: 'Object Repository/Pre-regist OPD/Page_Buat Janji Dengan Dr. dr. John C. P. B_f26caf/pilih bulan lahir' is clicked on

2021-09-01 15:38:53 - [TEST_STEP][PASSED] - click(findTestObject("Object Repository/Pre-regist OPD/Page_Buat Janji Dengan Dr. dr. John C. P. B_f26caf/input__year")): Object: 'Object Repository/Pre-regist OPD/Page_Buat Janji Dengan Dr. dr. John C. P. B_f26caf/input__year' is clicked on

2021-09-01 15:38:53 - [MESSAGE][PASSED] - Object: 'Object Repository/Pre-regist OPD/Page_Buat Janji Dengan Dr. dr. John C. P. B_f26caf/input__year' is clicked on

2021-09-01 15:38:53 - [TEST_STEP][PASSED] - setText(findTestObject("Pre-regist OPD/Page_Buat Janji Dengan Dr. dr. John C. P. B_f26caf/input_tahun lahir"), TahunLahir): Text '1991' is set on object 'Object Repository/Pre-regist OPD/Page_Buat Janji Dengan Dr. dr. John C. P. B_f26caf/input_tahun lahir'

2021-09-01 15:38:54 - [MESSAGE][PASSED] - Text '1991' is set on object 'Object Repository/Pre-regist OPD/Page_Buat Janji Dengan Dr. dr. John C. P. B_f26caf/input_tahun lahir'

2021-09-01 15:38:54 - [TEST_STEP][PASSED] - click(findTestObject("Pre-regist OPD/Page_Buat Janji Dengan Dr. dr. John C. P. B_f26caf/pilih tahun lahir")): Object: 'Object Repository/Pre-regist OPD/Page_Buat Janji Dengan Dr. dr. John C. P. B_f26caf/pilih tahun lahir' is clicked on

2021-09-01 15:38:54 - [MESSAGE][PASSED] - Object: 'Object Repository/Pre-regist OPD/Page_Buat Janji Dengan Dr. dr. John C. P. B_f26caf/pilih tahun lahir' is clicked on

2021-09-01 15:38:54 - [TEST_STEP][PASSED] - setText(findTestObject("Object Repository/Pre-regist OPD/Page_Buat Janji Dengan Dr. dr. John C. P. B_f26caf/input__email"), Email): Text 'rawiyarta@gmail.com' is set on object 'Object Repository/Pre-regist OPD/Page_Buat Janji Dengan Dr. dr. John C. P. B_f26caf/input__email'

2021-09-01 15:38:55 - [MESSAGE][PASSED] - Text 'rawiyarta@gmail.com' is set on object 'Object Repository/Pre-regist OPD/Page_Buat Janji Dengan Dr. dr. John C. P. B_f26caf/input__email'

2021-09-01 15:38:55 - [TEST_STEP][PASSED] - setText(findTestObject("Object Repository/Pre-regist OPD/Page_Buat Janji Dengan Dr. dr. John C. P. B_f26caf/input_land Islands_telephone"), NoHP): Text '8125051512' is set on object 'Object Repository/Pre-regist OPD/Page_Buat Janji Dengan Dr. dr. John C. P. B_f26caf/input_land Islands_telephone'

2021-09-01 15:38:56 - [MESSAGE][PASSED] - Text '8125051512' is set on object 'Object Repository/Pre-regist OPD/Page_Buat Janji Dengan Dr. dr. John C. P. B_f26caf/input_land Islands_telephone'

2021-09-01 15:38:56 - [TEST_STEP][PASSED] - click(findTestObject("Object Repository/Pre-regist OPD/Page_Buat Janji Dengan Dr. dr. John C. P. B_f26caf/button_Lanjut_1")): Object: 'Object Repository/Pre-regist OPD/Page_Buat Janji Dengan Dr. dr. John C. P. B_f26caf/button_Lanjut_1' is clicked on

2021-09-01 15:38:56 - [MESSAGE][PASSED] - Object: 'Object Repository/Pre-regist OPD/Page_Buat Janji Dengan Dr. dr. John C. P. B_f26caf/button_Lanjut_1' is clicked on

2021-09-01 15:38:56 - [TEST_STEP][PASSED] - click(findTestObject("Pre-regist OPD/Page_Buat Janji Dengan Dr. dr. John C. P. B_f26caf/saya menyatakan")): Object: 'Object Repository/Pre-regist OPD/Page_Buat Janji Dengan Dr. dr. John C. P. B_f26caf/saya menyatakan' is clicked on

2021-09-01 15:38:57 - [MESSAGE][PASSED] - Object: 'Object Repository/Pre-regist OPD/Page_Buat Janji Dengan Dr. dr. John C. P. B_f26caf/saya menyatakan' is clicked on

2021-09-01 15:38:57 - [TEST_STEP][PASSED] - click(findTestObject("Object Repository/Pre-regist OPD/Page_Buat Janji Dengan Dr. dr. John C. P. B_f26caf/button_Konfirmasi")): Object: 'Object Repository/Pre-regist OPD/Page_Buat Janji Dengan Dr. dr. John C. P. B_f26caf/button_Konfirmasi' is clicked on

2021-09-01 15:38:58 - [MESSAGE][PASSED] - Object: 'Object Repository/Pre-regist OPD/Page_Buat Janji Dengan Dr. dr. John C. P. B_f26caf/button_Konfirmasi' is clicked on

2021-09-01 15:38:58 - [TEST_STEP][PASSED] - waitForElementNotVisible(findTestObject("Pre-regist OPD/Page_Buat Janji Dengan Dr. dr. John C. P. B_f26caf/modal/modal popup"), 5): Web element with id: 'Object Repository/Pre-regist OPD/Page_Buat Janji Dengan Dr. dr. John C. P. B_f26caf/modal/modal popup' located by '//div[@id='modal']/div/div[2]' not found

2021-09-01 15:39:04 - [MESSAGE][INFO] - Unable to find the element located by 'By.xpath: //div[@id='modal']/div/div[2]'. Please recheck the objects properties to make sure the desired element is located. 

2021-09-01 15:39:04 - [MESSAGE][WARNING] - [SELF-HEALING] Failed to find element with id 'Object Repository/Pre-regist OPD/Page_Buat Janji Dengan Dr. dr. John C. P. B_f26caf/modal/modal popup'. Try using Self-healing.

2021-09-01 15:39:04 - [MESSAGE][INFO] - [SELF-HEALING] Failed Locator: '//div[@id='modal']/div/div[2]'.

2021-09-01 15:39:04 - [MESSAGE][INFO] - [SELF-HEALING] Failed Locator: '(.//*[normalize-space(text()) and normalize-space(.)='Konfirmasi Data'])[1]/following::div[1]'.

2021-09-01 15:39:05 - [MESSAGE][INFO] - [SELF-HEALING] Failed Locator: '(.//*[normalize-space(text()) and normalize-space(.)='Lanjut'])[1]/following::div[5]'.

2021-09-01 15:39:05 - [MESSAGE][INFO] - [SELF-HEALING] Failed Locator: '//div[2]/div[2]/div/div/div[2]/div/div[2]'.

2021-09-01 15:39:06 - [MESSAGE][INFO] - Unable to find the element located by 'By.xpath: //*[(text() = 'Harap untuk periksa dan verifikasi informasi berikut :Nama:wefewTanggal Lahir:01 Januari 1994Nomor HP:04354353453Email:email@email.comJenis Kelamin:Laki-lakiTipe Kartu Identitas:KTPNo. Kartu Identitas:4234324324324324Unggah Kartu Identitas:Nama Dokter:dr. Agus Endrawanto, SpB, M.KesRumah Sakit:Tanggal:Selasa, 31 Agustus 2021, 12:30 - 13:00Saya menyatakan bahwa semua data diatas sudah benar Kembali  Konfirmasi  Konfirmasi & isi form pasien baru ' or . = 'Harap untuk periksa dan verifikasi informasi berikut :Nama:wefewTanggal Lahir:01 Januari 1994Nomor HP:04354353453Email:email@email.comJenis Kelamin:Laki-lakiTipe Kartu Identitas:KTPNo. Kartu Identitas:4234324324324324Unggah Kartu Identitas:Nama Dokter:dr. Agus Endrawanto, SpB, M.KesRumah Sakit:Tanggal:Selasa, 31 Agustus 2021, 12:30 - 13:00Saya menyatakan bahwa semua data diatas sudah benar Kembali  Konfirmasi  Konfirmasi & isi form pasien baru ')]'. Please recheck the objects properties to make sure the desired element is located. 

2021-09-01 15:39:07 - [MESSAGE][INFO] - Unable to find the element located by 'By.cssSelector: div.r-modal-form.r-ptb-16'. Please recheck the objects properties to make sure the desired element is located. 

2021-09-01 15:39:07 - [MESSAGE][WARNING] - Web element with id: 'Object Repository/Pre-regist OPD/Page_Buat Janji Dengan Dr. dr. John C. P. B_f26caf/modal/modal popup' located by '//div[@id='modal']/div/div[2]' not found

2021-09-01 15:39:07 - [TEST_STEP][PASSED] - scrollToPosition(0, 999999): Browser is scrolled to position x = 0, y = 999999

2021-09-01 15:39:07 - [MESSAGE][PASSED] - Browser is scrolled to position x = 0, y = 999999

2021-09-01 15:39:07 - [TEST_STEP][PASSED] - CekEmailSMS = getText(findTestObject("Pre-regist OPD/Page_Buat Janji Dengan Dr. dr. John C. P. B_f26caf/cek email-sms")): Text of object 'Object Repository/Pre-regist OPD/Page_Buat Janji Dengan Dr. dr. John C. P. B_f26caf/cek email-sms' is: 'Kami akan menghubungi Anda melalui Email/SMS'

2021-09-01 15:39:08 - [MESSAGE][PASSED] - Text of object 'Object Repository/Pre-regist OPD/Page_Buat Janji Dengan Dr. dr. John C. P. B_f26caf/cek email-sms' is: 'Kami akan menghubungi Anda melalui Email/SMS'

2021-09-01 15:39:08 - [TEST_STEP][PASSED] - println("Silahkan : " + CekEmailSMS): null

2021-09-01 15:39:08 - [TEST_STEP][PASSED] - callTestCase(findTestCase("Pre-regis OPD/Call Center OPD"), ["Username":Username, "Password":Password, "NamaRSCC":NamaRSCC, "TanggalCC":TanggalCC, "NamaLengkap":NamaLengkap, "NamaDokter":NamaDokter, ... ], STOP_ON_FAILURE): Call Test Case 'Test Cases/Pre-regis OPD/Call Center OPD' successfully

2021-09-01 15:39:08 - [TEST_CASE][PASSED] - Test Cases/Pre-regis OPD/Call Center OPD: Test Cases/Pre-regis OPD/Call Center OPD

2021-09-01 15:39:08 - [TEST_STEP][NOT_RUN] - openBrowser(""): NOT_RUN: openBrowser("")

2021-09-01 15:39:08 - [MESSAGE][NOT_RUN] - NOT_RUN: openBrowser("")

2021-09-01 15:39:08 - [TEST_STEP][PASSED] - navigateToUrl("http://10.85.139.13:4304/appointment-list"): Navigate to 'http://10.85.139.13:4304/appointment-list' successfully

2021-09-01 15:39:10 - [MESSAGE][PASSED] - Navigate to 'http://10.85.139.13:4304/appointment-list' successfully

2021-09-01 15:39:10 - [TEST_STEP][NOT_RUN] - maximizeWindow(): NOT_RUN: maximizeWindow()

2021-09-01 15:39:10 - [MESSAGE][NOT_RUN] - NOT_RUN: maximizeWindow()

2021-09-01 15:39:10 - [TEST_STEP][PASSED] - waitForPageLoad(120, STOP_ON_FAILURE): Wait for page load successfully

2021-09-01 15:39:10 - [MESSAGE][PASSED] - Wait for page load successfully

2021-09-01 15:39:10 - [TEST_STEP][PASSED] - setText(findTestObject("Object Repository/Pre-regist OPD/FO/input_Username_username FO OPD"), Username): Text 'albert.aswindra' is set on object 'Object Repository/Pre-regist OPD/FO/input_Username_username FO OPD'

2021-09-01 15:39:32 - [MESSAGE][PASSED] - Text 'albert.aswindra' is set on object 'Object Repository/Pre-regist OPD/FO/input_Username_username FO OPD'

2021-09-01 15:39:32 - [TEST_STEP][PASSED] - delay(1): Delayed 1 second(s)

2021-09-01 15:39:33 - [MESSAGE][PASSED] - Delayed 1 second(s)

2021-09-01 15:39:33 - [TEST_STEP][PASSED] - setText(findTestObject("Object Repository/Pre-regist OPD/FO/input_Password_password FO OPD"), Password): Text 'al12345678' is set on object 'Object Repository/Pre-regist OPD/FO/input_Password_password FO OPD'

2021-09-01 15:39:34 - [MESSAGE][PASSED] - Text 'al12345678' is set on object 'Object Repository/Pre-regist OPD/FO/input_Password_password FO OPD'

2021-09-01 15:39:34 - [TEST_STEP][PASSED] - delay(1): Delayed 1 second(s)

2021-09-01 15:39:35 - [MESSAGE][PASSED] - Delayed 1 second(s)

2021-09-01 15:39:35 - [TEST_STEP][PASSED] - click(findTestObject("Object Repository/Pre-regist OPD/CC/button_Sign InCC")): Object: 'Object Repository/Pre-regist OPD/CC/button_Sign InCC' is clicked on

2021-09-01 15:39:35 - [MESSAGE][PASSED] - Object: 'Object Repository/Pre-regist OPD/CC/button_Sign InCC' is clicked on

2021-09-01 15:39:35 - [TEST_STEP][PASSED] - delay(2): Delayed 2 second(s)

2021-09-01 15:39:37 - [MESSAGE][PASSED] - Delayed 2 second(s)

2021-09-01 15:39:37 - [TEST_STEP][PASSED] - waitForElementVisible(findTestObject("Object Repository/Pre-regist OPD/CC/input_Hospital_ng-untouched ng-pristine ng-valid"), 120): Object 'Object Repository/Pre-regist OPD/CC/input_Hospital_ng-untouched ng-pristine ng-valid' is visible

2021-09-01 15:39:37 - [MESSAGE][PASSED] - Object 'Object Repository/Pre-regist OPD/CC/input_Hospital_ng-untouched ng-pristine ng-valid' is visible

2021-09-01 15:39:38 - [TEST_STEP][NOT_RUN] - click(findTestObject("Object Repository/Pre-regist OPD/CC/button_Appointment List")): NOT_RUN: click(findTestObject("Object Repository/Pre-regist OPD/CC/button_Appointment List"))

2021-09-01 15:39:38 - [MESSAGE][NOT_RUN] - NOT_RUN: click(findTestObject("Object Repository/Pre-regist OPD/CC/button_Appointment List"))

2021-09-01 15:39:38 - [TEST_STEP][NOT_RUN] - delay(2): NOT_RUN: delay(2)

2021-09-01 15:39:38 - [MESSAGE][NOT_RUN] - NOT_RUN: delay(2)

2021-09-01 15:39:38 - [TEST_STEP][NOT_RUN] - click(findTestObject("Object Repository/Pre-regist OPD/CC/input_Hospital_ng-untouched ng-pristine ng-valid")): NOT_RUN: click(findTestObject("Object Repository/Pre-regist OPD/CC/input_Hospital_ng-untouched ng-pristine ng-valid"))

2021-09-01 15:39:38 - [MESSAGE][NOT_RUN] - NOT_RUN: click(findTestObject("Object Repository/Pre-regist OPD/CC/input_Hospital_ng-untouched ng-pristine ng-valid"))

2021-09-01 15:39:38 - [TEST_STEP][NOT_RUN] - setText(findTestObject("Object Repository/Pre-regist OPD/CC/input_Hospital_ng-untouched ng-pristine ng-valid"), NamaRSCC): NOT_RUN: setText(findTestObject("Object Repository/Pre-regist OPD/CC/input_Hospital_ng-untouched ng-pristine ng-valid"), NamaRSCC)

2021-09-01 15:39:38 - [MESSAGE][NOT_RUN] - NOT_RUN: setText(findTestObject("Object Repository/Pre-regist OPD/CC/input_Hospital_ng-untouched ng-pristine ng-valid"), NamaRSCC)

2021-09-01 15:39:38 - [TEST_STEP][NOT_RUN] - click(findTestObject("Object Repository/Pre-regist OPD/CC/pilih RS")): NOT_RUN: click(findTestObject("Object Repository/Pre-regist OPD/CC/pilih RS"))

2021-09-01 15:39:38 - [MESSAGE][NOT_RUN] - NOT_RUN: click(findTestObject("Object Repository/Pre-regist OPD/CC/pilih RS"))

2021-09-01 15:39:38 - [TEST_STEP][NOT_RUN] - click(findTestObject("Object Repository/Pre-regist OPD/CC/hapus tanggal appointment list")): NOT_RUN: click(findTestObject("Object Repository/Pre-regist OPD/CC/hapus tanggal appointment list"))

2021-09-01 15:39:38 - [MESSAGE][NOT_RUN] - NOT_RUN: click(findTestObject("Object Repository/Pre-regist OPD/CC/hapus tanggal appointment list"))

2021-09-01 15:39:38 - [TEST_STEP][NOT_RUN] - setText(findTestObject("Object Repository/Pre-regist OPD/CC/input_Appointment date_selection ng-untouch_b13c69"), TanggalCC): NOT_RUN: setText(findTestObject("Object Repository/Pre-regist OPD/CC/input_Appointment date_selection ng-untouch_b13c69"), TanggalCC)

2021-09-01 15:39:38 - [MESSAGE][NOT_RUN] - NOT_RUN: setText(findTestObject("Object Repository/Pre-regist OPD/CC/input_Appointment date_selection ng-untouch_b13c69"), TanggalCC)

2021-09-01 15:39:38 - [TEST_STEP][NOT_RUN] - setText(findTestObject("Object Repository/Pre-regist OPD/CC/input_Action_filter-by-name-appointment-list"), NamaLengkap): NOT_RUN: setText(findTestObject("Object Repository/Pre-regist OPD/CC/input_Action_filter-by-name-appointment-list"), NamaLengkap)

2021-09-01 15:39:38 - [MESSAGE][NOT_RUN] - NOT_RUN: setText(findTestObject("Object Repository/Pre-regist OPD/CC/input_Action_filter-by-name-appointment-list"), NamaLengkap)

2021-09-01 15:39:38 - [TEST_STEP][NOT_RUN] - click(findTestObject("Object Repository/Pre-regist OPD/CC/td konfirmasi")): NOT_RUN: click(findTestObject("Object Repository/Pre-regist OPD/CC/td konfirmasi"))

2021-09-01 15:39:38 - [MESSAGE][NOT_RUN] - NOT_RUN: click(findTestObject("Object Repository/Pre-regist OPD/CC/td konfirmasi"))

2021-09-01 15:39:38 - [TEST_STEP][NOT_RUN] - delay(15): NOT_RUN: delay(15)

2021-09-01 15:39:38 - [MESSAGE][NOT_RUN] - NOT_RUN: delay(15)

2021-09-01 15:39:38 - [TEST_STEP][PASSED] - if (Reservasi == "Orang lain" || Reservasi == "Diri Sendiri" && PernahBerobat == "Pernah"): Delayed 1 second(s)

2021-09-01 15:39:38 - [TEST_STEP][PASSED] - click(findTestObject("Object Repository/Pre-regist OPD/CC/div_Appointment Verification")): Object: 'Object Repository/Pre-regist OPD/CC/div_Appointment Verification' is clicked on

2021-09-01 15:39:38 - [MESSAGE][PASSED] - Object: 'Object Repository/Pre-regist OPD/CC/div_Appointment Verification' is clicked on

2021-09-01 15:39:38 - [TEST_STEP][PASSED] - delay(1): Delayed 1 second(s)

2021-09-01 15:39:39 - [MESSAGE][PASSED] - Delayed 1 second(s)

2021-09-01 15:39:39 - [TEST_STEP][PASSED] - click(findTestObject("Object Repository/Pre-regist OPD/CC/input_Hospital_ng-untouched ng-pristine ng-valid")): Object: 'Object Repository/Pre-regist OPD/CC/input_Hospital_ng-untouched ng-pristine ng-valid' is clicked on

2021-09-01 15:39:39 - [MESSAGE][PASSED] - Object: 'Object Repository/Pre-regist OPD/CC/input_Hospital_ng-untouched ng-pristine ng-valid' is clicked on

2021-09-01 15:39:39 - [TEST_STEP][PASSED] - setText(findTestObject("Object Repository/Pre-regist OPD/CC/input_Hospital_ng-untouched ng-pristine ng-valid"), NamaRSCC): Text 'Siloam Hospitals Lippo Village' is set on object 'Object Repository/Pre-regist OPD/CC/input_Hospital_ng-untouched ng-pristine ng-valid'

2021-09-01 15:39:40 - [MESSAGE][PASSED] - Text 'Siloam Hospitals Lippo Village' is set on object 'Object Repository/Pre-regist OPD/CC/input_Hospital_ng-untouched ng-pristine ng-valid'

2021-09-01 15:39:40 - [TEST_STEP][PASSED] - click(findTestObject("Object Repository/Pre-regist OPD/CC/pilih RS")): Object: 'Object Repository/Pre-regist OPD/CC/pilih RS' is clicked on

2021-09-01 15:39:41 - [MESSAGE][PASSED] - Object: 'Object Repository/Pre-regist OPD/CC/pilih RS' is clicked on

2021-09-01 15:39:41 - [TEST_STEP][PASSED] - click(findTestObject("Object Repository/Pre-regist OPD/CC/hapus tanggal appointment list")): Object: 'Object Repository/Pre-regist OPD/CC/hapus tanggal appointment list' is clicked on

2021-09-01 15:39:42 - [MESSAGE][PASSED] - Object: 'Object Repository/Pre-regist OPD/CC/hapus tanggal appointment list' is clicked on

2021-09-01 15:39:42 - [TEST_STEP][PASSED] - setText(findTestObject("Object Repository/Pre-regist OPD/CC/input_Appointment date_selection ng-untouch_b13c69"), TanggalCC): Text '01/09/2021 - 30/09/2021' is set on object 'Object Repository/Pre-regist OPD/CC/input_Appointment date_selection ng-untouch_b13c69'

2021-09-01 15:39:42 - [MESSAGE][PASSED] - Text '01/09/2021 - 30/09/2021' is set on object 'Object Repository/Pre-regist OPD/CC/input_Appointment date_selection ng-untouch_b13c69'

2021-09-01 15:39:42 - [TEST_STEP][PASSED] - delay(2): Delayed 2 second(s)

2021-09-01 15:39:44 - [MESSAGE][PASSED] - Delayed 2 second(s)

2021-09-01 15:39:44 - [TEST_STEP][PASSED] - click(findTestObject("Object Repository/Pre-regist OPD/CC/input nama pasien")): Object: 'Object Repository/Pre-regist OPD/CC/input nama pasien' is clicked on

2021-09-01 15:39:45 - [MESSAGE][PASSED] - Object: 'Object Repository/Pre-regist OPD/CC/input nama pasien' is clicked on

2021-09-01 15:39:45 - [TEST_STEP][PASSED] - setText(findTestObject("Object Repository/Pre-regist OPD/CC/input nama pasien"), NamaLengkap): Text 'data test orang lain empat' is set on object 'Object Repository/Pre-regist OPD/CC/input nama pasien'

2021-09-01 15:39:46 - [MESSAGE][PASSED] - Text 'data test orang lain empat' is set on object 'Object Repository/Pre-regist OPD/CC/input nama pasien'

2021-09-01 15:39:46 - [TEST_STEP][PASSED] - click(findTestObject("Object Repository/Pre-regist OPD/CC/input_Verify_ng-untouched ng-pristine ng-valid")): Object: 'Object Repository/Pre-regist OPD/CC/input_Verify_ng-untouched ng-pristine ng-valid' is clicked on

2021-09-01 15:39:47 - [MESSAGE][PASSED] - Object: 'Object Repository/Pre-regist OPD/CC/input_Verify_ng-untouched ng-pristine ng-valid' is clicked on

2021-09-01 15:39:47 - [TEST_STEP][PASSED] - setText(findTestObject("Object Repository/Pre-regist OPD/CC/input_Verify_ng-untouched ng-pristine ng-valid"), NamaDokter): Text 'john c. p. butar' is set on object 'Object Repository/Pre-regist OPD/CC/input_Verify_ng-untouched ng-pristine ng-valid'

2021-09-01 15:39:51 - [MESSAGE][PASSED] - Text 'john c. p. butar' is set on object 'Object Repository/Pre-regist OPD/CC/input_Verify_ng-untouched ng-pristine ng-valid'

2021-09-01 15:39:51 - [TEST_STEP][PASSED] - click(findTestObject("Object Repository/Pre-regist OPD/CC/i_close hapus dokter")): Object: 'Object Repository/Pre-regist OPD/CC/i_close hapus dokter' is clicked on

2021-09-01 15:39:53 - [MESSAGE][PASSED] - Object: 'Object Repository/Pre-regist OPD/CC/i_close hapus dokter' is clicked on

2021-09-01 15:39:53 - [TEST_STEP][PASSED] - delay(2): Delayed 2 second(s)

2021-09-01 15:39:55 - [MESSAGE][PASSED] - Delayed 2 second(s)

2021-09-01 15:39:55 - [TEST_STEP][PASSED] - click(findTestObject("Object Repository/Pre-regist OPD/CC/th konfirmasi av")): Object: 'Object Repository/Pre-regist OPD/CC/th konfirmasi av' is clicked on

2021-09-01 15:39:55 - [MESSAGE][PASSED] - Object: 'Object Repository/Pre-regist OPD/CC/th konfirmasi av' is clicked on

2021-09-01 15:39:55 - [TEST_STEP][PASSED] - delay(5): Delayed 5 second(s)

2021-09-01 15:40:00 - [MESSAGE][PASSED] - Delayed 5 second(s)

2021-09-01 15:40:00 - [TEST_STEP][PASSED] - click(findTestObject("Object Repository/Pre-regist OPD/CC/button_Check verify")): Object: 'Object Repository/Pre-regist OPD/CC/button_Check verify' is clicked on

2021-09-01 15:40:01 - [MESSAGE][PASSED] - Object: 'Object Repository/Pre-regist OPD/CC/button_Check verify' is clicked on

2021-09-01 15:40:01 - [TEST_STEP][PASSED] - waitForElementVisible(findTestObject("Pre-regist OPD/CC/app-modal-patient-verification_Search Patie_9e0d5a"), 120): Object 'Object Repository/Pre-regist OPD/CC/app-modal-patient-verification_Search Patie_9e0d5a' is visible

2021-09-01 15:40:02 - [MESSAGE][PASSED] - Object 'Object Repository/Pre-regist OPD/CC/app-modal-patient-verification_Search Patie_9e0d5a' is visible

2021-09-01 15:40:02 - [TEST_STEP][PASSED] - click(findTestObject("Object Repository/Pre-regist OPD/CC/div_Create")): Object: 'Object Repository/Pre-regist OPD/CC/div_Create' is clicked on

2021-09-01 15:40:02 - [MESSAGE][PASSED] - Object: 'Object Repository/Pre-regist OPD/CC/div_Create' is clicked on

2021-09-01 15:40:02 - [TEST_STEP][PASSED] - delay(1): Delayed 1 second(s)

2021-09-01 15:40:03 - [MESSAGE][PASSED] - Delayed 1 second(s)

2021-09-01 15:40:03 - [TEST_STEP][PASSED] - click(findTestObject("Object Repository/Pre-regist OPD/CC/button_Confirm")): Object: 'Object Repository/Pre-regist OPD/CC/button_Confirm' is clicked on

2021-09-01 15:40:03 - [MESSAGE][PASSED] - Object: 'Object Repository/Pre-regist OPD/CC/button_Confirm' is clicked on

2021-09-01 15:40:03 - [TEST_STEP][PASSED] - delay(1): Delayed 1 second(s)

2021-09-01 15:40:05 - [MESSAGE][PASSED] - Delayed 1 second(s)

2021-09-01 15:40:05 - [MESSAGE][PASSED] - Call Test Case 'Test Cases/Pre-regis OPD/Call Center OPD' successfully

2021-09-01 15:40:05 - [TEST_STEP][PASSED] - delay(3): Delayed 3 second(s)

2021-09-01 15:40:08 - [MESSAGE][PASSED] - Delayed 3 second(s)]]></system-out>
         <system-err><![CDATA[]]></system-err>
      </testcase>
      <system-out><![CDATA[2021-09-01 15:38:27 - [TEST_SUITE][PASSED] - Pre-regist OPD: Test Cases/Pre-regis OPD/appointment microsite]]></system-out>
      <system-err><![CDATA[]]></system-err>
   </testsuite>
</testsuites>
