<?xml version="1.0" encoding="UTF-8"?>
<testsuites name="Pre-regist OPD" time="28.516" tests="1" failures="0" errors="0">
   <testsuite name="Pre-regist OPD" tests="1" failures="0" errors="0" time="28.516" skipped="0" timestamp="2021-08-31 13:50:52" hostname="rezaa - LAPTOP-L0M8DJBN.local" id="Test Suites/Run Pre-regist OPD/Pre-regist OPD">
      <properties>
         <property name="deviceName" value=""/>
         <property name="devicePlatform" value=""/>
         <property name="logFolder" value="D:\\MySiloam\\Reports\\20210831_135036\\Run Pre-regist OPD\\Pre-regist OPD\\20210831_135036"/>
         <property name="logFiles" value="D:\\MySiloam\\Reports\\20210831_135036\\Run Pre-regist OPD\\Pre-regist OPD\\20210831_135036\\execution0.log"/>
         <property name="attachments" value=""/>
         <property name="hostName" value="rezaa - LAPTOP-L0M8DJBN.local"/>
         <property name="os" value="Windows 10 64bit"/>
         <property name="katalonVersion" value="8.1.0.208"/>
         <property name="browser" value="Chrome 92.0.4515.159"/>
         <property name="hostAddress" value="192.168.1.8"/>
         <property name="sessionId" value="66e6708b9f50961cea7f1a6efd70fdd4"/>
         <property name="seleniumVersion" value="3.141.59"/>
         <property name="proxyInformation" value="ProxyInformation { proxyOption=NO_PROXY, proxyServerType=HTTP, username=, password=********, proxyServerAddress=, proxyServerPort=0, executionList=&quot;&quot;, isApplyToDesiredCapabilities=true }"/>
         <property name="platform" value="Windows 10"/>
      </properties>
      <testcase name="Test Cases/Pre-regis OPD/appointment microsite" time="27.199" classname="Test Cases/Pre-regis OPD/appointment microsite" status="PASSED">
         <system-out><![CDATA[2021-08-31 13:50:53 - [TEST_CASE][PASSED] - Test Cases/Pre-regis OPD/appointment microsite: Test Cases/Pre-regis OPD/appointment microsite

2021-08-31 13:50:53 - [TEST_STEP][PASSED] - openBrowser(""): Browser is opened with url: ''

2021-08-31 13:50:53 - [MESSAGE][INFO] - Starting 'Chrome' driver

2021-08-31 13:50:53 - [MESSAGE][INFO] - Action delay is set to 0 milliseconds

2021-08-31 13:50:55 - [MESSAGE][PASSED] - Browser is opened with url: ''

2021-08-31 13:50:55 - [TEST_STEP][PASSED] - navigateToUrl("http://10.85.139.12/appointment-microsite/"): Navigate to 'http://10.85.139.12/appointment-microsite/' successfully

2021-08-31 13:50:57 - [MESSAGE][PASSED] - Navigate to 'http://10.85.139.12/appointment-microsite/' successfully

2021-08-31 13:50:57 - [TEST_STEP][PASSED] - maximizeWindow(): Current window maximized

2021-08-31 13:50:57 - [MESSAGE][PASSED] - Current window maximized

2021-08-31 13:50:57 - [TEST_STEP][PASSED] - waitForElementVisible(findTestObject("Pre-regist OPD/Page_Cari Jadwal  Buat Janji dengan Dokter _791af4/button_Cari"), 120): Object 'Object Repository/Pre-regist OPD/Page_Cari Jadwal  Buat Janji dengan Dokter _791af4/button_Cari' is visible

2021-08-31 13:50:57 - [MESSAGE][PASSED] - Object 'Object Repository/Pre-regist OPD/Page_Cari Jadwal  Buat Janji dengan Dokter _791af4/button_Cari' is visible

2021-08-31 13:50:57 - [TEST_STEP][PASSED] - delay(1): Delayed 1 second(s)

2021-08-31 13:50:58 - [MESSAGE][PASSED] - Delayed 1 second(s)

2021-08-31 13:50:58 - [TEST_STEP][PASSED] - click(findTestObject("Object Repository/Pre-regist OPD/Page_Cari Jadwal  Buat Janji dengan Dokter _791af4/input_Nama Dokter")): Object: 'Object Repository/Pre-regist OPD/Page_Cari Jadwal  Buat Janji dengan Dokter _791af4/input_Nama Dokter' is clicked on

2021-08-31 13:50:59 - [MESSAGE][PASSED] - Object: 'Object Repository/Pre-regist OPD/Page_Cari Jadwal  Buat Janji dengan Dokter _791af4/input_Nama Dokter' is clicked on

2021-08-31 13:50:59 - [TEST_STEP][PASSED] - setText(findTestObject("Object Repository/Pre-regist OPD/Page_Cari Jadwal  Buat Janji dengan Dokter _791af4/input_Nama Dokter"), NamaDokter): Text 'A.A Bagus Indra' is set on object 'Object Repository/Pre-regist OPD/Page_Cari Jadwal  Buat Janji dengan Dokter _791af4/input_Nama Dokter'

2021-08-31 13:51:00 - [MESSAGE][PASSED] - Text 'A.A Bagus Indra' is set on object 'Object Repository/Pre-regist OPD/Page_Cari Jadwal  Buat Janji dengan Dokter _791af4/input_Nama Dokter'

2021-08-31 13:51:00 - [TEST_STEP][PASSED] - delay(2): Delayed 2 second(s)

2021-08-31 13:51:02 - [MESSAGE][PASSED] - Delayed 2 second(s)

2021-08-31 13:51:02 - [TEST_STEP][PASSED] - click(findTestObject("Pre-regist OPD/Page_Cari Jadwal  Buat Janji dengan Dokter _791af4/klik nama dokter")): Object: 'Object Repository/Pre-regist OPD/Page_Cari Jadwal  Buat Janji dengan Dokter _791af4/klik nama dokter' is clicked on

2021-08-31 13:51:02 - [MESSAGE][PASSED] - Object: 'Object Repository/Pre-regist OPD/Page_Cari Jadwal  Buat Janji dengan Dokter _791af4/klik nama dokter' is clicked on

2021-08-31 13:51:02 - [TEST_STEP][PASSED] - delay(2): Delayed 2 second(s)

2021-08-31 13:51:04 - [MESSAGE][PASSED] - Delayed 2 second(s)

2021-08-31 13:51:04 - [TEST_STEP][PASSED] - click(findTestObject("Object Repository/Pre-regist OPD/Page_Cari Jadwal  Buat Janji dengan Dokter _791af4/button_Cari")): Object: 'Object Repository/Pre-regist OPD/Page_Cari Jadwal  Buat Janji dengan Dokter _791af4/button_Cari' is clicked on

2021-08-31 13:51:04 - [MESSAGE][PASSED] - Object: 'Object Repository/Pre-regist OPD/Page_Cari Jadwal  Buat Janji dengan Dokter _791af4/button_Cari' is clicked on

2021-08-31 13:51:04 - [TEST_STEP][PASSED] - waitForElementVisible(findTestObject("Pre-regist OPD/Page_Cari Jadwal Praktek Dr. dr. John C. P._b32dd8/button_Buat Janji Temu"), 120): Object 'Object Repository/Pre-regist OPD/Page_Cari Jadwal Praktek Dr. dr. John C. P._b32dd8/button_Buat Janji Temu' is visible

2021-08-31 13:51:05 - [MESSAGE][PASSED] - Object 'Object Repository/Pre-regist OPD/Page_Cari Jadwal Praktek Dr. dr. John C. P._b32dd8/button_Buat Janji Temu' is visible

2021-08-31 13:51:05 - [TEST_STEP][PASSED] - click(findTestObject("Object Repository/Pre-regist OPD/Page_Cari Jadwal Praktek Dr. dr. John C. P._b32dd8/button_Buat Janji Temu")): Object: 'Object Repository/Pre-regist OPD/Page_Cari Jadwal Praktek Dr. dr. John C. P._b32dd8/button_Buat Janji Temu' is clicked on

2021-08-31 13:51:05 - [MESSAGE][PASSED] - Object: 'Object Repository/Pre-regist OPD/Page_Cari Jadwal Praktek Dr. dr. John C. P._b32dd8/button_Buat Janji Temu' is clicked on

2021-08-31 13:51:05 - [TEST_STEP][PASSED] - delay(1): Delayed 1 second(s)

2021-08-31 13:51:06 - [MESSAGE][PASSED] - Delayed 1 second(s)

2021-08-31 13:51:06 - [TEST_STEP][PASSED] - waitForElementVisible(findTestObject("Pre-regist OPD/Page_Buat Janji Dengan Dr. dr. John C. P. B_f26caf/pilih tanggal"), 30): Object 'Object Repository/Pre-regist OPD/Page_Buat Janji Dengan Dr. dr. John C. P. B_f26caf/pilih tanggal' is visible

2021-08-31 13:51:07 - [MESSAGE][PASSED] - Object 'Object Repository/Pre-regist OPD/Page_Buat Janji Dengan Dr. dr. John C. P. B_f26caf/pilih tanggal' is visible

2021-08-31 13:51:07 - [TEST_STEP][PASSED] - scrollToElement(findTestObject("Pre-regist OPD/Page_Buat Janji Dengan Dr. dr. John C. P. B_f26caf/pilih tanggal"), 30): Scroll to object 'Object Repository/Pre-regist OPD/Page_Buat Janji Dengan Dr. dr. John C. P. B_f26caf/pilih tanggal' successfully

2021-08-31 13:51:07 - [MESSAGE][PASSED] - Scroll to object 'Object Repository/Pre-regist OPD/Page_Buat Janji Dengan Dr. dr. John C. P. B_f26caf/pilih tanggal' successfully

2021-08-31 13:51:07 - [TEST_STEP][NOT_RUN] - if (TanggalJanji != "0"): NOT_RUN: if (TanggalJanji != "0")

2021-08-31 13:51:07 - [MESSAGE][NOT_RUN] - NOT_RUN: if (TanggalJanji != "0")

2021-08-31 13:51:07 - [TEST_STEP][PASSED] - click(findTestObject("Object Repository/Pre-regist OPD/Page_Buat Janji Dengan Dr. dr. John C. P. B_f26caf/span_31")): Object: 'Object Repository/Pre-regist OPD/Page_Buat Janji Dengan Dr. dr. John C. P. B_f26caf/span_31' is clicked on

2021-08-31 13:51:07 - [MESSAGE][PASSED] - Object: 'Object Repository/Pre-regist OPD/Page_Buat Janji Dengan Dr. dr. John C. P. B_f26caf/span_31' is clicked on

2021-08-31 13:51:07 - [TEST_STEP][PASSED] - delay(1): Delayed 1 second(s)

2021-08-31 13:51:08 - [MESSAGE][PASSED] - Delayed 1 second(s)

2021-08-31 13:51:08 - [TEST_STEP][PASSED] - click(findTestObject("Pre-regist OPD/Page_Buat Janji Dengan Dr. dr. John C. P. B_f26caf/pilih jam")): Object: 'Object Repository/Pre-regist OPD/Page_Buat Janji Dengan Dr. dr. John C. P. B_f26caf/pilih jam' is clicked on

2021-08-31 13:51:09 - [MESSAGE][PASSED] - Object: 'Object Repository/Pre-regist OPD/Page_Buat Janji Dengan Dr. dr. John C. P. B_f26caf/pilih jam' is clicked on

2021-08-31 13:51:09 - [TEST_STEP][PASSED] - click(findTestObject("Object Repository/Pre-regist OPD/Page_Buat Janji Dengan Dr. dr. John C. P. B_f26caf/button_Lanjut")): Object: 'Object Repository/Pre-regist OPD/Page_Buat Janji Dengan Dr. dr. John C. P. B_f26caf/button_Lanjut' is clicked on

2021-08-31 13:51:09 - [MESSAGE][PASSED] - Object: 'Object Repository/Pre-regist OPD/Page_Buat Janji Dengan Dr. dr. John C. P. B_f26caf/button_Lanjut' is clicked on

2021-08-31 13:51:09 - [TEST_STEP][PASSED] - delay(1): Delayed 1 second(s)

2021-08-31 13:51:10 - [MESSAGE][PASSED] - Delayed 1 second(s)

2021-08-31 13:51:10 - [TEST_STEP][PASSED] - if (Reservasi == "Orang lain"): Object: 'Object Repository/Pre-regist OPD/Page_Buat Janji Dengan Dr. dr. John C. P. B_f26caf/button_Konfirmasi' is clicked on

2021-08-31 13:51:10 - [TEST_STEP][NOT_RUN] - scrollToElement(findTestObject("Pre-regist OPD/Page_Buat Janji Dengan Dr. dr. John C. P. B_f26caf/input_nama lengkap"), 30): NOT_RUN: scrollToElement(findTestObject("Pre-regist OPD/Page_Buat Janji Dengan Dr. dr. John C. P. B_f26caf/input_nama lengkap"), 30)

2021-08-31 13:51:10 - [MESSAGE][NOT_RUN] - NOT_RUN: scrollToElement(findTestObject("Pre-regist OPD/Page_Buat Janji Dengan Dr. dr. John C. P. B_f26caf/input_nama lengkap"), 30)

2021-08-31 13:51:10 - [TEST_STEP][PASSED] - delay(1): Delayed 1 second(s)

2021-08-31 13:51:11 - [MESSAGE][PASSED] - Delayed 1 second(s)

2021-08-31 13:51:11 - [TEST_STEP][PASSED] - setText(findTestObject("Pre-regist OPD/Page_Buat Janji Dengan Dr. dr. John C. P. B_f26caf/input_nama lengkap"), NamaLengkap): Text 'data test diri sendiri' is set on object 'Object Repository/Pre-regist OPD/Page_Buat Janji Dengan Dr. dr. John C. P. B_f26caf/input_nama lengkap'

2021-08-31 13:51:12 - [MESSAGE][PASSED] - Text 'data test diri sendiri' is set on object 'Object Repository/Pre-regist OPD/Page_Buat Janji Dengan Dr. dr. John C. P. B_f26caf/input_nama lengkap'

2021-08-31 13:51:12 - [TEST_STEP][PASSED] - click(findTestObject("Object Repository/Pre-regist OPD/Page_Buat Janji Dengan Dr. dr. John C. P. B_f26caf/input__date")): Object: 'Object Repository/Pre-regist OPD/Page_Buat Janji Dengan Dr. dr. John C. P. B_f26caf/input__date' is clicked on

2021-08-31 13:51:13 - [MESSAGE][PASSED] - Object: 'Object Repository/Pre-regist OPD/Page_Buat Janji Dengan Dr. dr. John C. P. B_f26caf/input__date' is clicked on

2021-08-31 13:51:13 - [TEST_STEP][PASSED] - setText(findTestObject("Pre-regist OPD/Page_Buat Janji Dengan Dr. dr. John C. P. B_f26caf/input tanggal lahir"), TanggalLahir): Text '1' is set on object 'Object Repository/Pre-regist OPD/Page_Buat Janji Dengan Dr. dr. John C. P. B_f26caf/input tanggal lahir'

2021-08-31 13:51:13 - [MESSAGE][PASSED] - Text '1' is set on object 'Object Repository/Pre-regist OPD/Page_Buat Janji Dengan Dr. dr. John C. P. B_f26caf/input tanggal lahir'

2021-08-31 13:51:13 - [TEST_STEP][PASSED] - click(findTestObject("Pre-regist OPD/Page_Buat Janji Dengan Dr. dr. John C. P. B_f26caf/klik tanggal lahir")): Object: 'Object Repository/Pre-regist OPD/Page_Buat Janji Dengan Dr. dr. John C. P. B_f26caf/klik tanggal lahir' is clicked on

2021-08-31 13:51:14 - [MESSAGE][PASSED] - Object: 'Object Repository/Pre-regist OPD/Page_Buat Janji Dengan Dr. dr. John C. P. B_f26caf/klik tanggal lahir' is clicked on

2021-08-31 13:51:14 - [TEST_STEP][PASSED] - click(findTestObject("Object Repository/Pre-regist OPD/Page_Buat Janji Dengan Dr. dr. John C. P. B_f26caf/input__month")): Object: 'Object Repository/Pre-regist OPD/Page_Buat Janji Dengan Dr. dr. John C. P. B_f26caf/input__month' is clicked on

2021-08-31 13:51:14 - [MESSAGE][PASSED] - Object: 'Object Repository/Pre-regist OPD/Page_Buat Janji Dengan Dr. dr. John C. P. B_f26caf/input__month' is clicked on

2021-08-31 13:51:14 - [TEST_STEP][PASSED] - setText(findTestObject("Pre-regist OPD/Page_Buat Janji Dengan Dr. dr. John C. P. B_f26caf/input bulan lahir"), BulanLahir): Text 'Januari' is set on object 'Object Repository/Pre-regist OPD/Page_Buat Janji Dengan Dr. dr. John C. P. B_f26caf/input bulan lahir'

2021-08-31 13:51:15 - [MESSAGE][PASSED] - Text 'Januari' is set on object 'Object Repository/Pre-regist OPD/Page_Buat Janji Dengan Dr. dr. John C. P. B_f26caf/input bulan lahir'

2021-08-31 13:51:15 - [TEST_STEP][PASSED] - click(findTestObject("Pre-regist OPD/Page_Buat Janji Dengan Dr. dr. John C. P. B_f26caf/pilih bulan lahir")): Object: 'Object Repository/Pre-regist OPD/Page_Buat Janji Dengan Dr. dr. John C. P. B_f26caf/pilih bulan lahir' is clicked on

2021-08-31 13:51:15 - [MESSAGE][PASSED] - Object: 'Object Repository/Pre-regist OPD/Page_Buat Janji Dengan Dr. dr. John C. P. B_f26caf/pilih bulan lahir' is clicked on

2021-08-31 13:51:15 - [TEST_STEP][PASSED] - click(findTestObject("Object Repository/Pre-regist OPD/Page_Buat Janji Dengan Dr. dr. John C. P. B_f26caf/input__year")): Object: 'Object Repository/Pre-regist OPD/Page_Buat Janji Dengan Dr. dr. John C. P. B_f26caf/input__year' is clicked on

2021-08-31 13:51:16 - [MESSAGE][PASSED] - Object: 'Object Repository/Pre-regist OPD/Page_Buat Janji Dengan Dr. dr. John C. P. B_f26caf/input__year' is clicked on

2021-08-31 13:51:16 - [TEST_STEP][PASSED] - setText(findTestObject("Pre-regist OPD/Page_Buat Janji Dengan Dr. dr. John C. P. B_f26caf/input_tahun lahir"), TahunLahir): Text '1991' is set on object 'Object Repository/Pre-regist OPD/Page_Buat Janji Dengan Dr. dr. John C. P. B_f26caf/input_tahun lahir'

2021-08-31 13:51:16 - [MESSAGE][PASSED] - Text '1991' is set on object 'Object Repository/Pre-regist OPD/Page_Buat Janji Dengan Dr. dr. John C. P. B_f26caf/input_tahun lahir'

2021-08-31 13:51:16 - [TEST_STEP][PASSED] - click(findTestObject("Pre-regist OPD/Page_Buat Janji Dengan Dr. dr. John C. P. B_f26caf/pilih tahun lahir")): Object: 'Object Repository/Pre-regist OPD/Page_Buat Janji Dengan Dr. dr. John C. P. B_f26caf/pilih tahun lahir' is clicked on

2021-08-31 13:51:17 - [MESSAGE][PASSED] - Object: 'Object Repository/Pre-regist OPD/Page_Buat Janji Dengan Dr. dr. John C. P. B_f26caf/pilih tahun lahir' is clicked on

2021-08-31 13:51:17 - [TEST_STEP][PASSED] - setText(findTestObject("Object Repository/Pre-regist OPD/Page_Buat Janji Dengan Dr. dr. John C. P. B_f26caf/input__email"), Email): Text 'Robot@testing.com' is set on object 'Object Repository/Pre-regist OPD/Page_Buat Janji Dengan Dr. dr. John C. P. B_f26caf/input__email'

2021-08-31 13:51:18 - [MESSAGE][PASSED] - Text 'Robot@testing.com' is set on object 'Object Repository/Pre-regist OPD/Page_Buat Janji Dengan Dr. dr. John C. P. B_f26caf/input__email'

2021-08-31 13:51:18 - [TEST_STEP][PASSED] - setText(findTestObject("Object Repository/Pre-regist OPD/Page_Buat Janji Dengan Dr. dr. John C. P. B_f26caf/input_land Islands_telephone"), NoHP): Text '64564564564' is set on object 'Object Repository/Pre-regist OPD/Page_Buat Janji Dengan Dr. dr. John C. P. B_f26caf/input_land Islands_telephone'

2021-08-31 13:51:18 - [MESSAGE][PASSED] - Text '64564564564' is set on object 'Object Repository/Pre-regist OPD/Page_Buat Janji Dengan Dr. dr. John C. P. B_f26caf/input_land Islands_telephone'

2021-08-31 13:51:18 - [TEST_STEP][PASSED] - click(findTestObject("Object Repository/Pre-regist OPD/Page_Buat Janji Dengan Dr. dr. John C. P. B_f26caf/button_Lanjut_1")): Object: 'Object Repository/Pre-regist OPD/Page_Buat Janji Dengan Dr. dr. John C. P. B_f26caf/button_Lanjut_1' is clicked on

2021-08-31 13:51:19 - [MESSAGE][PASSED] - Object: 'Object Repository/Pre-regist OPD/Page_Buat Janji Dengan Dr. dr. John C. P. B_f26caf/button_Lanjut_1' is clicked on

2021-08-31 13:51:19 - [TEST_STEP][PASSED] - click(findTestObject("Pre-regist OPD/Page_Buat Janji Dengan Dr. dr. John C. P. B_f26caf/saya menyatakan")): Object: 'Object Repository/Pre-regist OPD/Page_Buat Janji Dengan Dr. dr. John C. P. B_f26caf/saya menyatakan' is clicked on

2021-08-31 13:51:19 - [MESSAGE][PASSED] - Object: 'Object Repository/Pre-regist OPD/Page_Buat Janji Dengan Dr. dr. John C. P. B_f26caf/saya menyatakan' is clicked on

2021-08-31 13:51:19 - [TEST_STEP][PASSED] - click(findTestObject("Object Repository/Pre-regist OPD/Page_Buat Janji Dengan Dr. dr. John C. P. B_f26caf/button_Konfirmasi")): Object: 'Object Repository/Pre-regist OPD/Page_Buat Janji Dengan Dr. dr. John C. P. B_f26caf/button_Konfirmasi' is clicked on

2021-08-31 13:51:20 - [MESSAGE][PASSED] - Object: 'Object Repository/Pre-regist OPD/Page_Buat Janji Dengan Dr. dr. John C. P. B_f26caf/button_Konfirmasi' is clicked on]]></system-out>
         <system-err><![CDATA[]]></system-err>
      </testcase>
      <system-out><![CDATA[2021-08-31 13:50:52 - [TEST_SUITE][PASSED] - Pre-regist OPD: Test Cases/Pre-regis OPD/appointment microsite]]></system-out>
      <system-err><![CDATA[]]></system-err>
   </testsuite>
</testsuites>
