<?xml version="1.0" encoding="UTF-8"?>
<testsuites name="Pre-regist COVID" time="165.59" tests="1" failures="0" errors="0">
   <testsuite name="Pre-regist COVID" tests="1" failures="0" errors="0" time="165.59" skipped="0" timestamp="2021-08-30 12:50:10" hostname="rezaa - LAPTOP-L0M8DJBN.local" id="Test Suites/Pre-regist COVID">
      <properties>
         <property name="deviceName" value=""/>
         <property name="devicePlatform" value=""/>
         <property name="logFolder" value="D:\\MySiloam\\Reports\\20210830_124957\\Pre-regist COVID\\20210830_124957"/>
         <property name="logFiles" value="D:\\MySiloam\\Reports\\20210830_124957\\Pre-regist COVID\\20210830_124957\\execution0.log"/>
         <property name="attachments" value=""/>
         <property name="hostName" value="rezaa - LAPTOP-L0M8DJBN.local"/>
         <property name="os" value="Windows 10 64bit"/>
         <property name="katalonVersion" value="8.1.0.208"/>
         <property name="browser" value="Chrome 92.0.4515.159"/>
         <property name="hostAddress" value="192.168.1.8"/>
         <property name="sessionId" value="dee8606a673163d7eed81ca95fb51a82"/>
         <property name="seleniumVersion" value="3.141.59"/>
         <property name="proxyInformation" value="ProxyInformation { proxyOption=NO_PROXY, proxyServerType=HTTP, username=, password=********, proxyServerAddress=, proxyServerPort=0, executionList=&quot;&quot;, isApplyToDesiredCapabilities=true }"/>
         <property name="platform" value="Windows 10"/>
      </properties>
      <testcase name="Test Cases/Pre-regist Covid/Linktree - FO" time="164.191" classname="Test Cases/Pre-regist Covid/Linktree - FO" status="PASSED">
         <system-out><![CDATA[2021-08-30 12:50:11 - [TEST_CASE][PASSED] - Test Cases/Pre-regist Covid/Linktree - FO: Test Cases/Pre-regist Covid/Linktree - FO

2021-08-30 12:50:12 - [TEST_STEP][PASSED] - callTestCase(findTestCase("Pre-regist Covid/TestCase/1. linktree - (Pilih Paket, Data Diri)"), ["NamaRS":NamaRS, "NamaSID":NamaSID, "NoHP":NoHP, "Email":Email, "TanggalKunjungan":TanggalKunjungan, "WaktuKunjungan":WaktuKunjungan, ... ], STOP_ON_FAILURE): Call Test Case 'Test Cases/Pre-regist Covid/TestCase/1. linktree - (Pilih Paket, Data Diri)' successfully

2021-08-30 12:50:12 - [TEST_CASE][PASSED] - Test Cases/Pre-regist Covid/TestCase/1. linktree - (Pilih Paket, Data Diri): Test Cases/Pre-regist Covid/TestCase/1. linktree - (Pilih Paket, Data Diri)

2021-08-30 12:50:13 - [TEST_STEP][PASSED] - openBrowser(""): Browser is opened with url: ''

2021-08-30 12:50:13 - [MESSAGE][INFO] - Starting 'Chrome' driver

2021-08-30 12:50:13 - [MESSAGE][INFO] - Action delay is set to 0 milliseconds

2021-08-30 12:50:14 - [MESSAGE][PASSED] - Browser is opened with url: ''

2021-08-30 12:50:14 - [TEST_STEP][PASSED] - navigateToUrl("https://mysiloam-api-staging.siloamhospitals.com/linktree/"): Navigate to 'https://mysiloam-api-staging.siloamhospitals.com/linktree/' successfully

2021-08-30 12:50:15 - [MESSAGE][PASSED] - Navigate to 'https://mysiloam-api-staging.siloamhospitals.com/linktree/' successfully

2021-08-30 12:50:15 - [TEST_STEP][PASSED] - waitForElementVisible(findTestObject("Pre-regist Covid/linktree/Page_Siloam Hospitals Registration Form/div_Select"), 120): Object 'Object Repository/Pre-regist Covid/linktree/Page_Siloam Hospitals Registration Form/div_Select' is visible

2021-08-30 12:50:16 - [MESSAGE][PASSED] - Object 'Object Repository/Pre-regist Covid/linktree/Page_Siloam Hospitals Registration Form/div_Select' is visible

2021-08-30 12:50:16 - [TEST_STEP][PASSED] - maximizeWindow(): Current window maximized

2021-08-30 12:50:16 - [MESSAGE][PASSED] - Current window maximized

2021-08-30 12:50:16 - [TEST_STEP][PASSED] - delay(2): Delayed 2 second(s)

2021-08-30 12:50:18 - [MESSAGE][PASSED] - Delayed 2 second(s)

2021-08-30 12:50:18 - [TEST_STEP][PASSED] - click(findTestObject("Pre-regist Covid/linktree/Page_Siloam Hospitals Registration Form/div_Select")): Object: 'Object Repository/Pre-regist Covid/linktree/Page_Siloam Hospitals Registration Form/div_Select' is clicked on

2021-08-30 12:50:19 - [MESSAGE][PASSED] - Object: 'Object Repository/Pre-regist Covid/linktree/Page_Siloam Hospitals Registration Form/div_Select' is clicked on

2021-08-30 12:50:19 - [TEST_STEP][PASSED] - delay(2): Delayed 2 second(s)

2021-08-30 12:50:21 - [MESSAGE][PASSED] - Delayed 2 second(s)

2021-08-30 12:50:21 - [TEST_STEP][PASSED] - setText(findTestObject("Pre-regist Covid/linktree/Page_Siloam Hospitals Registration Form/input_Select_react-select-2-input"), NamaRS): Text 'SILOAM HOSPITALS LIPPO VILLAGE' is set on object 'Object Repository/Pre-regist Covid/linktree/Page_Siloam Hospitals Registration Form/input_Select_react-select-2-input'

2021-08-30 12:50:21 - [MESSAGE][PASSED] - Text 'SILOAM HOSPITALS LIPPO VILLAGE' is set on object 'Object Repository/Pre-regist Covid/linktree/Page_Siloam Hospitals Registration Form/input_Select_react-select-2-input'

2021-08-30 12:50:21 - [TEST_STEP][PASSED] - delay(2): Delayed 2 second(s)

2021-08-30 12:50:23 - [MESSAGE][PASSED] - Delayed 2 second(s)

2021-08-30 12:50:23 - [TEST_STEP][PASSED] - click(findTestObject("Pre-regist Covid/linktree/Page_Siloam Hospitals Registration Form/Pilih RS")): Object: 'Object Repository/Pre-regist Covid/linktree/Page_Siloam Hospitals Registration Form/Pilih RS' is clicked on

2021-08-30 12:50:24 - [MESSAGE][PASSED] - Object: 'Object Repository/Pre-regist Covid/linktree/Page_Siloam Hospitals Registration Form/Pilih RS' is clicked on

2021-08-30 12:50:24 - [TEST_STEP][PASSED] - delay(2): Delayed 2 second(s)

2021-08-30 12:50:26 - [MESSAGE][PASSED] - Delayed 2 second(s)

2021-08-30 12:50:26 - [TEST_STEP][PASSED] - if (Kendaraan == "nonDT"): Delayed 1 second(s)

2021-08-30 12:50:26 - [TEST_STEP][PASSED] - click(findTestObject("Pre-regist Covid/linktree/Page_Siloam Hospitals Registration Form/Pilih NonDT")): Object: 'Object Repository/Pre-regist Covid/linktree/Page_Siloam Hospitals Registration Form/Pilih NonDT' is clicked on

2021-08-30 12:50:26 - [MESSAGE][PASSED] - Object: 'Object Repository/Pre-regist Covid/linktree/Page_Siloam Hospitals Registration Form/Pilih NonDT' is clicked on

2021-08-30 12:50:26 - [TEST_STEP][PASSED] - delay(1): Delayed 1 second(s)

2021-08-30 12:50:27 - [MESSAGE][PASSED] - Delayed 1 second(s)

2021-08-30 12:50:27 - [TEST_STEP][PASSED] - waitForElementVisible(findTestObject("Pre-regist Covid/linktree/Page_Siloam Hospitals Registration Form/Rapid Test Serology"), 30): Object 'Object Repository/Pre-regist Covid/linktree/Page_Siloam Hospitals Registration Form/Rapid Test Serology' is visible

2021-08-30 12:50:28 - [MESSAGE][PASSED] - Object 'Object Repository/Pre-regist Covid/linktree/Page_Siloam Hospitals Registration Form/Rapid Test Serology' is visible

2021-08-30 12:50:28 - [TEST_STEP][PASSED] - click(findTestObject("Pre-regist Covid/linktree/Page_Siloam Hospitals Registration Form/Rapid Test Serology")): Object: 'Object Repository/Pre-regist Covid/linktree/Page_Siloam Hospitals Registration Form/Rapid Test Serology' is clicked on

2021-08-30 12:50:28 - [MESSAGE][PASSED] - Object: 'Object Repository/Pre-regist Covid/linktree/Page_Siloam Hospitals Registration Form/Rapid Test Serology' is clicked on

2021-08-30 12:50:28 - [TEST_STEP][PASSED] - delay(2): Delayed 2 second(s)

2021-08-30 12:50:30 - [MESSAGE][PASSED] - Delayed 2 second(s)

2021-08-30 12:50:30 - [TEST_STEP][PASSED] - click(findTestObject("Pre-regist Covid/linktree/Page_Siloam Hospitals Registration Form/button_Pilih")): Object: 'Object Repository/Pre-regist Covid/linktree/Page_Siloam Hospitals Registration Form/button_Pilih' is clicked on

2021-08-30 12:50:30 - [MESSAGE][PASSED] - Object: 'Object Repository/Pre-regist Covid/linktree/Page_Siloam Hospitals Registration Form/button_Pilih' is clicked on

2021-08-30 12:50:30 - [TEST_STEP][PASSED] - waitForElementVisible(findTestObject("Pre-regist Covid/linktree/Page_Siloam Hospitals Registration Form/Nama Lengkap(Sesuai ID)_name"), 30): Object 'Object Repository/Pre-regist Covid/linktree/Page_Siloam Hospitals Registration Form/Nama Lengkap(Sesuai ID)_name' is visible

2021-08-30 12:50:33 - [MESSAGE][PASSED] - Object 'Object Repository/Pre-regist Covid/linktree/Page_Siloam Hospitals Registration Form/Nama Lengkap(Sesuai ID)_name' is visible

2021-08-30 12:50:33 - [TEST_STEP][PASSED] - setText(findTestObject("Pre-regist Covid/linktree/Page_Siloam Hospitals Registration Form/Nama Lengkap(Sesuai ID)_name"), NamaSID): Text 'Nama SID' is set on object 'Object Repository/Pre-regist Covid/linktree/Page_Siloam Hospitals Registration Form/Nama Lengkap(Sesuai ID)_name'

2021-08-30 12:50:34 - [MESSAGE][PASSED] - Text 'Nama SID' is set on object 'Object Repository/Pre-regist Covid/linktree/Page_Siloam Hospitals Registration Form/Nama Lengkap(Sesuai ID)_name'

2021-08-30 12:50:34 - [TEST_STEP][PASSED] - delay(1): Delayed 1 second(s)

2021-08-30 12:50:35 - [MESSAGE][PASSED] - Delayed 1 second(s)

2021-08-30 12:50:35 - [TEST_STEP][PASSED] - scrollToElement(findTestObject("Pre-regist Covid/linktree/Page_Siloam Hospitals Registration Form/input_Tanggal Kunjungan_appointment_date"), 30): Scroll to object 'Object Repository/Pre-regist Covid/linktree/Page_Siloam Hospitals Registration Form/input_Tanggal Kunjungan_appointment_date' successfully

2021-08-30 12:50:35 - [MESSAGE][PASSED] - Scroll to object 'Object Repository/Pre-regist Covid/linktree/Page_Siloam Hospitals Registration Form/input_Tanggal Kunjungan_appointment_date' successfully

2021-08-30 12:50:35 - [TEST_STEP][PASSED] - delay(2): Delayed 2 second(s)

2021-08-30 12:50:37 - [MESSAGE][PASSED] - Delayed 2 second(s)

2021-08-30 12:50:37 - [TEST_STEP][PASSED] - click(findTestObject("Pre-regist Covid/linktree/Page_Siloam Hospitals Registration Form/input_Nomor Handphone_form-control")): Object: 'Object Repository/Pre-regist Covid/linktree/Page_Siloam Hospitals Registration Form/input_Nomor Handphone_form-control' is clicked on

2021-08-30 12:50:38 - [MESSAGE][PASSED] - Object: 'Object Repository/Pre-regist Covid/linktree/Page_Siloam Hospitals Registration Form/input_Nomor Handphone_form-control' is clicked on

2021-08-30 12:50:38 - [TEST_STEP][PASSED] - setText(findTestObject("Pre-regist Covid/linktree/Page_Siloam Hospitals Registration Form/input_Nomor Handphone_form-control"), NoHP): Text '3268236726' is set on object 'Object Repository/Pre-regist Covid/linktree/Page_Siloam Hospitals Registration Form/input_Nomor Handphone_form-control'

2021-08-30 12:50:39 - [MESSAGE][PASSED] - Text '3268236726' is set on object 'Object Repository/Pre-regist Covid/linktree/Page_Siloam Hospitals Registration Form/input_Nomor Handphone_form-control'

2021-08-30 12:50:39 - [TEST_STEP][PASSED] - click(findTestObject("Pre-regist Covid/linktree/Page_Siloam Hospitals Registration Form/input_Alamat Email_email")): Object: 'Object Repository/Pre-regist Covid/linktree/Page_Siloam Hospitals Registration Form/input_Alamat Email_email' is clicked on

2021-08-30 12:50:39 - [MESSAGE][PASSED] - Object: 'Object Repository/Pre-regist Covid/linktree/Page_Siloam Hospitals Registration Form/input_Alamat Email_email' is clicked on

2021-08-30 12:50:39 - [TEST_STEP][PASSED] - setText(findTestObject("Pre-regist Covid/linktree/Page_Siloam Hospitals Registration Form/input_Alamat Email_email"), Email): Text 'robot@testing.com' is set on object 'Object Repository/Pre-regist Covid/linktree/Page_Siloam Hospitals Registration Form/input_Alamat Email_email'

2021-08-30 12:50:40 - [MESSAGE][PASSED] - Text 'robot@testing.com' is set on object 'Object Repository/Pre-regist Covid/linktree/Page_Siloam Hospitals Registration Form/input_Alamat Email_email'

2021-08-30 12:50:40 - [TEST_STEP][PASSED] - delay(1): Delayed 1 second(s)

2021-08-30 12:50:41 - [MESSAGE][PASSED] - Delayed 1 second(s)

2021-08-30 12:50:41 - [TEST_STEP][PASSED] - click(findTestObject("Pre-regist Covid/linktree/Page_Siloam Hospitals Registration Form/input_Tanggal Kunjungan_appointment_date")): Object: 'Object Repository/Pre-regist Covid/linktree/Page_Siloam Hospitals Registration Form/input_Tanggal Kunjungan_appointment_date' is clicked on

2021-08-30 12:50:41 - [MESSAGE][PASSED] - Object: 'Object Repository/Pre-regist Covid/linktree/Page_Siloam Hospitals Registration Form/input_Tanggal Kunjungan_appointment_date' is clicked on

2021-08-30 12:50:41 - [TEST_STEP][PASSED] - if (TanggalKunjungan != "0"): Delayed 1 second(s)

2021-08-30 12:50:41 - [TEST_STEP][PASSED] - if (TanggalKunjungan == "1"): null

2021-08-30 12:50:41 - [TEST_STEP][PASSED] - else if (TanggalKunjungan == "2"): null

2021-08-30 12:50:41 - [TEST_STEP][PASSED] - else if (TanggalKunjungan == "3"): null

2021-08-30 12:50:41 - [TEST_STEP][PASSED] - else if (TanggalKunjungan == "4"): null

2021-08-30 12:50:41 - [TEST_STEP][PASSED] - else if (TanggalKunjungan == "5"): null

2021-08-30 12:50:41 - [TEST_STEP][PASSED] - else if (TanggalKunjungan == "6"): null

2021-08-30 12:50:41 - [TEST_STEP][PASSED] - else if (TanggalKunjungan == "7"): null

2021-08-30 12:50:41 - [TEST_STEP][PASSED] - else if (TanggalKunjungan == "8"): null

2021-08-30 12:50:41 - [TEST_STEP][PASSED] - else if (TanggalKunjungan == "9"): null

2021-08-30 12:50:41 - [TEST_STEP][PASSED] - else if (TanggalKunjungan == "10"): null

2021-08-30 12:50:41 - [TEST_STEP][PASSED] - else if (TanggalKunjungan == "11"): null

2021-08-30 12:50:41 - [TEST_STEP][PASSED] - else if (TanggalKunjungan == "12"): null

2021-08-30 12:50:41 - [TEST_STEP][PASSED] - else if (TanggalKunjungan == "13"): null

2021-08-30 12:50:41 - [TEST_STEP][PASSED] - else if (TanggalKunjungan == "14"): null

2021-08-30 12:50:41 - [TEST_STEP][PASSED] - else if (TanggalKunjungan == "15"): null

2021-08-30 12:50:41 - [TEST_STEP][PASSED] - else if (TanggalKunjungan == "16"): null

2021-08-30 12:50:41 - [TEST_STEP][PASSED] - else if (TanggalKunjungan == "17"): null

2021-08-30 12:50:41 - [TEST_STEP][PASSED] - else if (TanggalKunjungan == "18"): null

2021-08-30 12:50:41 - [TEST_STEP][PASSED] - else if (TanggalKunjungan == "19"): null

2021-08-30 12:50:41 - [TEST_STEP][PASSED] - else if (TanggalKunjungan == "20"): null

2021-08-30 12:50:41 - [TEST_STEP][PASSED] - else if (TanggalKunjungan == "21"): null

2021-08-30 12:50:41 - [TEST_STEP][PASSED] - else if (TanggalKunjungan == "22"): null

2021-08-30 12:50:41 - [TEST_STEP][PASSED] - else if (TanggalKunjungan == "23"): null

2021-08-30 12:50:41 - [TEST_STEP][PASSED] - else if (TanggalKunjungan == "24"): null

2021-08-30 12:50:41 - [TEST_STEP][PASSED] - else if (TanggalKunjungan == "25"): null

2021-08-30 12:50:41 - [TEST_STEP][PASSED] - else if (TanggalKunjungan == "26"): null

2021-08-30 12:50:41 - [TEST_STEP][PASSED] - else if (TanggalKunjungan == "27"): null

2021-08-30 12:50:41 - [TEST_STEP][PASSED] - else if (TanggalKunjungan == "28"): null

2021-08-30 12:50:41 - [TEST_STEP][PASSED] - else if (TanggalKunjungan == "29"): null

2021-08-30 12:50:41 - [TEST_STEP][PASSED] - else if (TanggalKunjungan == "30"): Delayed 1 second(s)

2021-08-30 12:50:41 - [TEST_STEP][PASSED] - click(findTestObject("Pre-regist Covid/linktree/Page_Siloam Hospitals Registration Form/Tanggal Agustus 2021/Tanggal 30")): Object: 'Object Repository/Pre-regist Covid/linktree/Page_Siloam Hospitals Registration Form/Tanggal Agustus 2021/Tanggal 30' is clicked on

2021-08-30 12:50:42 - [MESSAGE][PASSED] - Object: 'Object Repository/Pre-regist Covid/linktree/Page_Siloam Hospitals Registration Form/Tanggal Agustus 2021/Tanggal 30' is clicked on

2021-08-30 12:50:42 - [TEST_STEP][PASSED] - delay(1): Delayed 1 second(s)

2021-08-30 12:50:43 - [MESSAGE][PASSED] - Delayed 1 second(s)

2021-08-30 12:50:43 - [TEST_STEP][PASSED] - delay(1): Delayed 1 second(s)

2021-08-30 12:50:44 - [MESSAGE][PASSED] - Delayed 1 second(s)

2021-08-30 12:50:44 - [TEST_STEP][PASSED] - click(findTestObject("Pre-regist Covid/linktree/Page_Siloam Hospitals Registration Form/span_OK")): Object: 'Object Repository/Pre-regist Covid/linktree/Page_Siloam Hospitals Registration Form/span_OK' is clicked on

2021-08-30 12:50:44 - [MESSAGE][PASSED] - Object: 'Object Repository/Pre-regist Covid/linktree/Page_Siloam Hospitals Registration Form/span_OK' is clicked on

2021-08-30 12:50:44 - [TEST_STEP][PASSED] - delay(1): Delayed 1 second(s)

2021-08-30 12:50:45 - [MESSAGE][PASSED] - Delayed 1 second(s)

2021-08-30 12:50:45 - [TEST_STEP][PASSED] - click(findTestObject("Pre-regist Covid/linktree/Page_Siloam Hospitals Registration Form/WaktuKunjungan")): Object: 'Object Repository/Pre-regist Covid/linktree/Page_Siloam Hospitals Registration Form/WaktuKunjungan' is clicked on

2021-08-30 12:50:46 - [MESSAGE][PASSED] - Object: 'Object Repository/Pre-regist Covid/linktree/Page_Siloam Hospitals Registration Form/WaktuKunjungan' is clicked on

2021-08-30 12:50:46 - [TEST_STEP][PASSED] - click(findTestObject("Pre-regist Covid/linktree/Page_Siloam Hospitals Registration Form/sementara")): Object: 'Object Repository/Pre-regist Covid/linktree/Page_Siloam Hospitals Registration Form/sementara' is clicked on

2021-08-30 12:50:46 - [MESSAGE][PASSED] - Object: 'Object Repository/Pre-regist Covid/linktree/Page_Siloam Hospitals Registration Form/sementara' is clicked on

2021-08-30 12:50:46 - [TEST_STEP][PASSED] - delay(1): Delayed 1 second(s)

2021-08-30 12:50:47 - [MESSAGE][PASSED] - Delayed 1 second(s)

2021-08-30 12:50:47 - [TEST_STEP][PASSED] - if (CaraPembayaran == "Jaminan"): null

2021-08-30 12:50:47 - [TEST_STEP][PASSED] - if (PernahBerobat == "Tidak"): Delayed 1 second(s)

2021-08-30 12:50:47 - [TEST_STEP][PASSED] - click(findTestObject("Pre-regist Covid/linktree/Page_Siloam Hospitals Registration Form/TidakpernahBerobat")): Object: 'Object Repository/Pre-regist Covid/linktree/Page_Siloam Hospitals Registration Form/TidakpernahBerobat' is clicked on

2021-08-30 12:50:48 - [MESSAGE][PASSED] - Object: 'Object Repository/Pre-regist Covid/linktree/Page_Siloam Hospitals Registration Form/TidakpernahBerobat' is clicked on

2021-08-30 12:50:48 - [TEST_STEP][PASSED] - delay(1): Delayed 1 second(s)

2021-08-30 12:50:49 - [MESSAGE][PASSED] - Delayed 1 second(s)

2021-08-30 12:50:49 - [TEST_STEP][PASSED] - click(findTestObject("Pre-regist Covid/linktree/Page_Siloam Hospitals Registration Form/span_Data pasien sama dengan data pemesan")): Object: 'Object Repository/Pre-regist Covid/linktree/Page_Siloam Hospitals Registration Form/span_Data pasien sama dengan data pemesan' is clicked on

2021-08-30 12:50:49 - [MESSAGE][PASSED] - Object: 'Object Repository/Pre-regist Covid/linktree/Page_Siloam Hospitals Registration Form/span_Data pasien sama dengan data pemesan' is clicked on

2021-08-30 12:50:49 - [TEST_STEP][PASSED] - delay(2): Delayed 2 second(s)

2021-08-30 12:50:51 - [MESSAGE][PASSED] - Delayed 2 second(s)

2021-08-30 12:50:51 - [TEST_STEP][PASSED] - delay(1): Delayed 1 second(s)

2021-08-30 12:50:52 - [MESSAGE][PASSED] - Delayed 1 second(s)

2021-08-30 12:50:52 - [TEST_STEP][PASSED] - scrollToElement(findTestObject("Pre-regist Covid/linktree/Page_Siloam Hospitals Registration Form/input_Nomor Kartu Identitas_identity_number"), 30): Scroll to object 'Object Repository/Pre-regist Covid/linktree/Page_Siloam Hospitals Registration Form/input_Nomor Kartu Identitas_identity_number' successfully

2021-08-30 12:50:53 - [MESSAGE][PASSED] - Scroll to object 'Object Repository/Pre-regist Covid/linktree/Page_Siloam Hospitals Registration Form/input_Nomor Kartu Identitas_identity_number' successfully

2021-08-30 12:50:53 - [TEST_STEP][PASSED] - delay(1): Delayed 1 second(s)

2021-08-30 12:50:54 - [MESSAGE][PASSED] - Delayed 1 second(s)

2021-08-30 12:50:54 - [TEST_STEP][PASSED] - click(findTestObject("Pre-regist Covid/linktree/Page_Siloam Hospitals Registration Form/Kartu identitas")): Object: 'Object Repository/Pre-regist Covid/linktree/Page_Siloam Hospitals Registration Form/Kartu identitas' is clicked on

2021-08-30 12:50:54 - [MESSAGE][PASSED] - Object: 'Object Repository/Pre-regist Covid/linktree/Page_Siloam Hospitals Registration Form/Kartu identitas' is clicked on

2021-08-30 12:50:54 - [TEST_STEP][PASSED] - if (Identitas == "KTP"): Text '4763284724783240' is set on object 'Object Repository/Pre-regist Covid/linktree/Page_Siloam Hospitals Registration Form/input_Nomor Kartu Identitas_identity_number'

2021-08-30 12:50:54 - [TEST_STEP][PASSED] - click(findTestObject("Pre-regist Covid/linktree/Page_Siloam Hospitals Registration Form/identitas_KTP")): Object: 'Object Repository/Pre-regist Covid/linktree/Page_Siloam Hospitals Registration Form/identitas_KTP' is clicked on

2021-08-30 12:50:54 - [MESSAGE][PASSED] - Object: 'Object Repository/Pre-regist Covid/linktree/Page_Siloam Hospitals Registration Form/identitas_KTP' is clicked on

2021-08-30 12:50:54 - [TEST_STEP][PASSED] - setText(findTestObject("Pre-regist Covid/linktree/Page_Siloam Hospitals Registration Form/input_Nomor Kartu Identitas_identity_number"), NoIdentitas): Text '4763284724783240' is set on object 'Object Repository/Pre-regist Covid/linktree/Page_Siloam Hospitals Registration Form/input_Nomor Kartu Identitas_identity_number'

2021-08-30 12:50:56 - [MESSAGE][PASSED] - Text '4763284724783240' is set on object 'Object Repository/Pre-regist Covid/linktree/Page_Siloam Hospitals Registration Form/input_Nomor Kartu Identitas_identity_number'

2021-08-30 12:50:56 - [TEST_STEP][PASSED] - delay(2): Delayed 2 second(s)

2021-08-30 12:50:58 - [MESSAGE][PASSED] - Delayed 2 second(s)

2021-08-30 12:50:58 - [TEST_STEP][PASSED] - uploadFile(findTestObject("Pre-regist Covid/linktree/Page_Siloam Hospitals Registration Form/upload foto katru identitas"), "D:\MySiloam\Upload foto\download.jpg"): File 'D:\MySiloam\Upload foto\download.jpg' sent to object: 'Object Repository/Pre-regist Covid/linktree/Page_Siloam Hospitals Registration Form/upload foto katru identitas'

2021-08-30 12:50:59 - [MESSAGE][PASSED] - File 'D:\MySiloam\Upload foto\download.jpg' sent to object: 'Object Repository/Pre-regist Covid/linktree/Page_Siloam Hospitals Registration Form/upload foto katru identitas'

2021-08-30 12:50:59 - [TEST_STEP][PASSED] - delay(2): Delayed 2 second(s)

2021-08-30 12:51:01 - [MESSAGE][PASSED] - Delayed 2 second(s)

2021-08-30 12:51:01 - [TEST_STEP][PASSED] - if (PernahBerobat == "Tidak"): Object: 'Object Repository/Pre-regist Covid/linktree/Page_Siloam Hospitals Registration Form/button_Lanjut data diri' is clicked on

2021-08-30 12:51:01 - [TEST_STEP][PASSED] - click(findTestObject("Pre-regist Covid/linktree/Page_Siloam Hospitals Registration Form/Jenis kelamin")): Object: 'Object Repository/Pre-regist Covid/linktree/Page_Siloam Hospitals Registration Form/Jenis kelamin' is clicked on

2021-08-30 12:51:01 - [MESSAGE][PASSED] - Object: 'Object Repository/Pre-regist Covid/linktree/Page_Siloam Hospitals Registration Form/Jenis kelamin' is clicked on

2021-08-30 12:51:01 - [TEST_STEP][PASSED] - if (JenisKelamin == "Pria"): Delayed 1 second(s)

2021-08-30 12:51:01 - [TEST_STEP][PASSED] - click(findTestObject("Pre-regist Covid/linktree/Page_Siloam Hospitals Registration Form/Pria")): Object: 'Object Repository/Pre-regist Covid/linktree/Page_Siloam Hospitals Registration Form/Pria' is clicked on

2021-08-30 12:51:02 - [MESSAGE][PASSED] - Object: 'Object Repository/Pre-regist Covid/linktree/Page_Siloam Hospitals Registration Form/Pria' is clicked on

2021-08-30 12:51:02 - [TEST_STEP][PASSED] - delay(1): Delayed 1 second(s)

2021-08-30 12:51:03 - [MESSAGE][PASSED] - Delayed 1 second(s)

2021-08-30 12:51:03 - [TEST_STEP][PASSED] - click(findTestObject("Pre-regist Covid/linktree/Page_Siloam Hospitals Registration Form/input_Tanggal Lahir")): Object: 'Object Repository/Pre-regist Covid/linktree/Page_Siloam Hospitals Registration Form/input_Tanggal Lahir' is clicked on

2021-08-30 12:51:03 - [MESSAGE][PASSED] - Object: 'Object Repository/Pre-regist Covid/linktree/Page_Siloam Hospitals Registration Form/input_Tanggal Lahir' is clicked on

2021-08-30 12:51:03 - [TEST_STEP][PASSED] - setText(findTestObject("Pre-regist Covid/linktree/Page_Siloam Hospitals Registration Form/input_Tanggal Lahir"), TanggalLahir): Text '11111991' is set on object 'Object Repository/Pre-regist Covid/linktree/Page_Siloam Hospitals Registration Form/input_Tanggal Lahir'

2021-08-30 12:51:04 - [MESSAGE][PASSED] - Text '11111991' is set on object 'Object Repository/Pre-regist Covid/linktree/Page_Siloam Hospitals Registration Form/input_Tanggal Lahir'

2021-08-30 12:51:04 - [TEST_STEP][PASSED] - delay(1): Delayed 1 second(s)

2021-08-30 12:51:05 - [MESSAGE][PASSED] - Delayed 1 second(s)

2021-08-30 12:51:05 - [TEST_STEP][PASSED] - click(findTestObject("Pre-regist Covid/linktree/Page_Siloam Hospitals Registration Form/status")): Object: 'Object Repository/Pre-regist Covid/linktree/Page_Siloam Hospitals Registration Form/status' is clicked on

2021-08-30 12:51:05 - [MESSAGE][PASSED] - Object: 'Object Repository/Pre-regist Covid/linktree/Page_Siloam Hospitals Registration Form/status' is clicked on

2021-08-30 12:51:05 - [TEST_STEP][PASSED] - if (Status == "Lajang"): Delayed 1 second(s)

2021-08-30 12:51:05 - [TEST_STEP][PASSED] - click(findTestObject("Pre-regist Covid/linktree/Page_Siloam Hospitals Registration Form/Statuskwn/LAJANG")): Object: 'Object Repository/Pre-regist Covid/linktree/Page_Siloam Hospitals Registration Form/Statuskwn/LAJANG' is clicked on

2021-08-30 12:51:06 - [MESSAGE][PASSED] - Object: 'Object Repository/Pre-regist Covid/linktree/Page_Siloam Hospitals Registration Form/Statuskwn/LAJANG' is clicked on

2021-08-30 12:51:06 - [TEST_STEP][PASSED] - delay(1): Delayed 1 second(s)

2021-08-30 12:51:07 - [MESSAGE][PASSED] - Delayed 1 second(s)

2021-08-30 12:51:07 - [TEST_STEP][PASSED] - delay(2): Delayed 2 second(s)

2021-08-30 12:51:09 - [MESSAGE][PASSED] - Delayed 2 second(s)

2021-08-30 12:51:09 - [TEST_STEP][PASSED] - click(findTestObject("Pre-regist Covid/linktree/Page_Siloam Hospitals Registration Form/agama")): Object: 'Object Repository/Pre-regist Covid/linktree/Page_Siloam Hospitals Registration Form/agama' is clicked on

2021-08-30 12:51:09 - [MESSAGE][PASSED] - Object: 'Object Repository/Pre-regist Covid/linktree/Page_Siloam Hospitals Registration Form/agama' is clicked on

2021-08-30 12:51:09 - [TEST_STEP][PASSED] - if (Agama == "Budha"): null

2021-08-30 12:51:09 - [TEST_STEP][PASSED] - else if (Agama == "Hindu"): null

2021-08-30 12:51:09 - [TEST_STEP][PASSED] - else if (Agama == "Islam"): Delayed 1 second(s)

2021-08-30 12:51:09 - [TEST_STEP][PASSED] - click(findTestObject("Pre-regist Covid/linktree/Page_Siloam Hospitals Registration Form/AgamaFR/li_ISLAM")): Object: 'Object Repository/Pre-regist Covid/linktree/Page_Siloam Hospitals Registration Form/AgamaFR/li_ISLAM' is clicked on

2021-08-30 12:51:10 - [MESSAGE][PASSED] - Object: 'Object Repository/Pre-regist Covid/linktree/Page_Siloam Hospitals Registration Form/AgamaFR/li_ISLAM' is clicked on

2021-08-30 12:51:10 - [TEST_STEP][PASSED] - delay(1): Delayed 1 second(s)

2021-08-30 12:51:11 - [MESSAGE][PASSED] - Delayed 1 second(s)

2021-08-30 12:51:11 - [TEST_STEP][PASSED] - setText(findTestObject("Pre-regist Covid/linktree/Page_Siloam Hospitals Registration Form/textarea_alamat"), Alamat): Text 'Jl.jalan aja terserah' is set on object 'Object Repository/Pre-regist Covid/linktree/Page_Siloam Hospitals Registration Form/textarea_alamat'

2021-08-30 12:51:12 - [MESSAGE][PASSED] - Text 'Jl.jalan aja terserah' is set on object 'Object Repository/Pre-regist Covid/linktree/Page_Siloam Hospitals Registration Form/textarea_alamat'

2021-08-30 12:51:12 - [TEST_STEP][PASSED] - delay(1): Delayed 1 second(s)

2021-08-30 12:51:13 - [MESSAGE][PASSED] - Delayed 1 second(s)

2021-08-30 12:51:13 - [TEST_STEP][PASSED] - click(findTestObject("Pre-regist Covid/linktree/Page_Siloam Hospitals Registration Form/klik kota")): Object: 'Object Repository/Pre-regist Covid/linktree/Page_Siloam Hospitals Registration Form/klik kota' is clicked on

2021-08-30 12:51:14 - [MESSAGE][PASSED] - Object: 'Object Repository/Pre-regist Covid/linktree/Page_Siloam Hospitals Registration Form/klik kota' is clicked on

2021-08-30 12:51:14 - [TEST_STEP][PASSED] - setText(findTestObject("Pre-regist Covid/linktree/Page_Siloam Hospitals Registration Form/input kota"), Kota): Text 'JAKARTA BARAT, KOTA ADMINISTRASI' is set on object 'Object Repository/Pre-regist Covid/linktree/Page_Siloam Hospitals Registration Form/input kota'

2021-08-30 12:51:15 - [MESSAGE][PASSED] - Text 'JAKARTA BARAT, KOTA ADMINISTRASI' is set on object 'Object Repository/Pre-regist Covid/linktree/Page_Siloam Hospitals Registration Form/input kota'

2021-08-30 12:51:15 - [TEST_STEP][PASSED] - click(findTestObject("Pre-regist Covid/linktree/Page_Siloam Hospitals Registration Form/pilih Kota")): Object: 'Object Repository/Pre-regist Covid/linktree/Page_Siloam Hospitals Registration Form/pilih Kota' is clicked on

2021-08-30 12:51:15 - [MESSAGE][PASSED] - Object: 'Object Repository/Pre-regist Covid/linktree/Page_Siloam Hospitals Registration Form/pilih Kota' is clicked on

2021-08-30 12:51:15 - [TEST_STEP][PASSED] - delay(1): Delayed 1 second(s)

2021-08-30 12:51:16 - [MESSAGE][PASSED] - Delayed 1 second(s)

2021-08-30 12:51:16 - [TEST_STEP][PASSED] - click(findTestObject("Pre-regist Covid/linktree/Page_Siloam Hospitals Registration Form/klik kecamatan")): Object: 'Object Repository/Pre-regist Covid/linktree/Page_Siloam Hospitals Registration Form/klik kecamatan' is clicked on

2021-08-30 12:51:16 - [MESSAGE][PASSED] - Object: 'Object Repository/Pre-regist Covid/linktree/Page_Siloam Hospitals Registration Form/klik kecamatan' is clicked on

2021-08-30 12:51:16 - [TEST_STEP][PASSED] - setText(findTestObject("Pre-regist Covid/linktree/Page_Siloam Hospitals Registration Form/input_Kecamatan"), Kecamatan, STOP_ON_FAILURE): Text 'KEBON JERUK' is set on object 'Object Repository/Pre-regist Covid/linktree/Page_Siloam Hospitals Registration Form/input_Kecamatan'

2021-08-30 12:51:17 - [MESSAGE][PASSED] - Text 'KEBON JERUK' is set on object 'Object Repository/Pre-regist Covid/linktree/Page_Siloam Hospitals Registration Form/input_Kecamatan'

2021-08-30 12:51:17 - [TEST_STEP][PASSED] - click(findTestObject("Pre-regist Covid/linktree/Page_Siloam Hospitals Registration Form/pilih kecamatan")): Object: 'Object Repository/Pre-regist Covid/linktree/Page_Siloam Hospitals Registration Form/pilih kecamatan' is clicked on

2021-08-30 12:51:18 - [MESSAGE][PASSED] - Object: 'Object Repository/Pre-regist Covid/linktree/Page_Siloam Hospitals Registration Form/pilih kecamatan' is clicked on

2021-08-30 12:51:18 - [TEST_STEP][PASSED] - delay(1): Delayed 1 second(s)

2021-08-30 12:51:19 - [MESSAGE][PASSED] - Delayed 1 second(s)

2021-08-30 12:51:19 - [TEST_STEP][PASSED] - click(findTestObject("Pre-regist Covid/linktree/Page_Siloam Hospitals Registration Form/klik kelurahan")): Object: 'Object Repository/Pre-regist Covid/linktree/Page_Siloam Hospitals Registration Form/klik kelurahan' is clicked on

2021-08-30 12:51:19 - [MESSAGE][PASSED] - Object: 'Object Repository/Pre-regist Covid/linktree/Page_Siloam Hospitals Registration Form/klik kelurahan' is clicked on

2021-08-30 12:51:19 - [TEST_STEP][PASSED] - setText(findTestObject("Pre-regist Covid/linktree/Page_Siloam Hospitals Registration Form/input_Kelurahan_sub"), Kelurahan): Text 'KELAPA DUA' is set on object 'Object Repository/Pre-regist Covid/linktree/Page_Siloam Hospitals Registration Form/input_Kelurahan_sub'

2021-08-30 12:51:20 - [MESSAGE][PASSED] - Text 'KELAPA DUA' is set on object 'Object Repository/Pre-regist Covid/linktree/Page_Siloam Hospitals Registration Form/input_Kelurahan_sub'

2021-08-30 12:51:20 - [TEST_STEP][PASSED] - click(findTestObject("Pre-regist Covid/linktree/Page_Siloam Hospitals Registration Form/pilih kelurahan")): Object: 'Object Repository/Pre-regist Covid/linktree/Page_Siloam Hospitals Registration Form/pilih kelurahan' is clicked on

2021-08-30 12:51:20 - [MESSAGE][PASSED] - Object: 'Object Repository/Pre-regist Covid/linktree/Page_Siloam Hospitals Registration Form/pilih kelurahan' is clicked on

2021-08-30 12:51:20 - [TEST_STEP][PASSED] - delay(1): Delayed 1 second(s)

2021-08-30 12:51:21 - [MESSAGE][PASSED] - Delayed 1 second(s)

2021-08-30 12:51:21 - [TEST_STEP][PASSED] - setText(findTestObject("Pre-regist Covid/linktree/Page_Siloam Hospitals Registration Form/input_Nama Keluarga_emergency"), KeluargaDarurat): Text 'nama darurat' is set on object 'Object Repository/Pre-regist Covid/linktree/Page_Siloam Hospitals Registration Form/input_Nama Keluarga_emergency'

2021-08-30 12:51:22 - [MESSAGE][PASSED] - Text 'nama darurat' is set on object 'Object Repository/Pre-regist Covid/linktree/Page_Siloam Hospitals Registration Form/input_Nama Keluarga_emergency'

2021-08-30 12:51:22 - [TEST_STEP][PASSED] - delay(1): Delayed 1 second(s)

2021-08-30 12:51:23 - [MESSAGE][PASSED] - Delayed 1 second(s)

2021-08-30 12:51:23 - [TEST_STEP][PASSED] - setText(findTestObject("Pre-regist Covid/linktree/Page_Siloam Hospitals Registration Form/input_Nama Keluarga_form-control"), NoDarurat): Text '8763268236723' is set on object 'Object Repository/Pre-regist Covid/linktree/Page_Siloam Hospitals Registration Form/input_Nama Keluarga_form-control'

2021-08-30 12:51:25 - [MESSAGE][PASSED] - Text '8763268236723' is set on object 'Object Repository/Pre-regist Covid/linktree/Page_Siloam Hospitals Registration Form/input_Nama Keluarga_form-control'

2021-08-30 12:51:25 - [TEST_STEP][PASSED] - delay(1): Delayed 1 second(s)

2021-08-30 12:51:26 - [MESSAGE][PASSED] - Delayed 1 second(s)

2021-08-30 12:51:26 - [TEST_STEP][PASSED] - click(findTestObject("Pre-regist Covid/linktree/Page_Siloam Hospitals Registration Form/input_Nama Keluarga_agreeToTerms")): Object: 'Object Repository/Pre-regist Covid/linktree/Page_Siloam Hospitals Registration Form/input_Nama Keluarga_agreeToTerms' is clicked on

2021-08-30 12:51:26 - [MESSAGE][PASSED] - Object: 'Object Repository/Pre-regist Covid/linktree/Page_Siloam Hospitals Registration Form/input_Nama Keluarga_agreeToTerms' is clicked on

2021-08-30 12:51:26 - [TEST_STEP][PASSED] - scrollToPosition(9999999, 9999999): Browser is scrolled to position x = 9999999, y = 9999999

2021-08-30 12:51:26 - [MESSAGE][PASSED] - Browser is scrolled to position x = 9999999, y = 9999999

2021-08-30 12:51:26 - [TEST_STEP][PASSED] - delay(1): Delayed 1 second(s)

2021-08-30 12:51:27 - [MESSAGE][PASSED] - Delayed 1 second(s)

2021-08-30 12:51:27 - [TEST_STEP][PASSED] - click(findTestObject("Pre-regist Covid/linktree/Page_Siloam Hospitals Registration Form/button_Lanjut data diri")): Object: 'Object Repository/Pre-regist Covid/linktree/Page_Siloam Hospitals Registration Form/button_Lanjut data diri' is clicked on

2021-08-30 12:51:27 - [MESSAGE][PASSED] - Object: 'Object Repository/Pre-regist Covid/linktree/Page_Siloam Hospitals Registration Form/button_Lanjut data diri' is clicked on

2021-08-30 12:51:27 - [TEST_STEP][NOT_RUN] - delay(2): NOT_RUN: delay(2)

2021-08-30 12:51:27 - [MESSAGE][NOT_RUN] - NOT_RUN: delay(2)

2021-08-30 12:51:27 - [TEST_STEP][NOT_RUN] - waitForElementVisible(findTestObject("Pre-regist Covid/linktree/Page_Siloam Hospitals Registration Form/tujuan pemeriksaan"), 30): NOT_RUN: waitForElementVisible(findTestObject("Pre-regist Covid/linktree/Page_Siloam Hospitals Registration Form/tujuan pemeriksaan"), 30)

2021-08-30 12:51:27 - [MESSAGE][NOT_RUN] - NOT_RUN: waitForElementVisible(findTestObject("Pre-regist Covid/linktree/Page_Siloam Hospitals Registration Form/tujuan pemeriksaan"), 30)

2021-08-30 12:51:27 - [TEST_STEP][NOT_RUN] - delay(1): NOT_RUN: delay(1)

2021-08-30 12:51:27 - [MESSAGE][NOT_RUN] - NOT_RUN: delay(1)

2021-08-30 12:51:27 - [TEST_STEP][NOT_RUN] - scrollToElement(findTestObject("Pre-regist Covid/linktree/Page_Siloam Hospitals Registration Form/tujuan pemeriksaan"), 20): NOT_RUN: scrollToElement(findTestObject("Pre-regist Covid/linktree/Page_Siloam Hospitals Registration Form/tujuan pemeriksaan"), 20)

2021-08-30 12:51:27 - [MESSAGE][NOT_RUN] - NOT_RUN: scrollToElement(findTestObject("Pre-regist Covid/linktree/Page_Siloam Hospitals Registration Form/tujuan pemeriksaan"), 20)

2021-08-30 12:51:27 - [TEST_STEP][NOT_RUN] - if (TujuanPemeriksaan == "Rencana tindakan"): NOT_RUN: if (TujuanPemeriksaan == "Rencana tindakan")

2021-08-30 12:51:27 - [MESSAGE][NOT_RUN] - NOT_RUN: if (TujuanPemeriksaan == "Rencana tindakan")

2021-08-30 12:51:27 - [TEST_STEP][NOT_RUN] - delay(1): NOT_RUN: delay(1)

2021-08-30 12:51:27 - [MESSAGE][NOT_RUN] - NOT_RUN: delay(1)

2021-08-30 12:51:27 - [TEST_STEP][NOT_RUN] - scrollToElement(findTestObject("Pre-regist Covid/linktree/Page_Siloam Hospitals Registration Form/input_Pekerjaan_occupation"), 30): NOT_RUN: scrollToElement(findTestObject("Pre-regist Covid/linktree/Page_Siloam Hospitals Registration Form/input_Pekerjaan_occupation"), 30)

2021-08-30 12:51:27 - [MESSAGE][NOT_RUN] - NOT_RUN: scrollToElement(findTestObject("Pre-regist Covid/linktree/Page_Siloam Hospitals Registration Form/input_Pekerjaan_occupation"), 30)

2021-08-30 12:51:27 - [TEST_STEP][NOT_RUN] - waitForElementVisible(findTestObject("Pre-regist Covid/linktree/Page_Siloam Hospitals Registration Form/input_Pekerjaan_occupation"), 30): NOT_RUN: waitForElementVisible(findTestObject("Pre-regist Covid/linktree/Page_Siloam Hospitals Registration Form/input_Pekerjaan_occupation"), 30)

2021-08-30 12:51:27 - [MESSAGE][NOT_RUN] - NOT_RUN: waitForElementVisible(findTestObject("Pre-regist Covid/linktree/Page_Siloam Hospitals Registration Form/input_Pekerjaan_occupation"), 30)

2021-08-30 12:51:27 - [TEST_STEP][NOT_RUN] - setText(findTestObject("Pre-regist Covid/linktree/Page_Siloam Hospitals Registration Form/input_Pekerjaan_occupation"), Pekerjaan): NOT_RUN: setText(findTestObject("Pre-regist Covid/linktree/Page_Siloam Hospitals Registration Form/input_Pekerjaan_occupation"), Pekerjaan)

2021-08-30 12:51:27 - [MESSAGE][NOT_RUN] - NOT_RUN: setText(findTestObject("Pre-regist Covid/linktree/Page_Siloam Hospitals Registration Form/input_Pekerjaan_occupation"), Pekerjaan)

2021-08-30 12:51:27 - [TEST_STEP][NOT_RUN] - setText(findTestObject("Pre-regist Covid/linktree/Page_Siloam Hospitals Registration Form/input_Nama Orang Tua_parent_name"), Namaortu): NOT_RUN: setText(findTestObject("Pre-regist Covid/linktree/Page_Siloam Hospitals Registration Form/input_Nama Orang Tua_parent_name"), Namaortu)

2021-08-30 12:51:27 - [MESSAGE][NOT_RUN] - NOT_RUN: setText(findTestObject("Pre-regist Covid/linktree/Page_Siloam Hospitals Registration Form/input_Nama Orang Tua_parent_name"), Namaortu)

2021-08-30 12:51:27 - [TEST_STEP][NOT_RUN] - delay(1): NOT_RUN: delay(1)

2021-08-30 12:51:27 - [MESSAGE][NOT_RUN] - NOT_RUN: delay(1)

2021-08-30 12:51:27 - [TEST_STEP][NOT_RUN] - if (PernahBerobat == "Pernah"): NOT_RUN: if (PernahBerobat == "Pernah")

2021-08-30 12:51:27 - [MESSAGE][NOT_RUN] - NOT_RUN: if (PernahBerobat == "Pernah")

2021-08-30 12:51:27 - [TEST_STEP][NOT_RUN] - click(findTestObject("Pre-regist Covid/linktree/Page_Siloam Hospitals Registration Form/Klik provinsi")): NOT_RUN: click(findTestObject("Pre-regist Covid/linktree/Page_Siloam Hospitals Registration Form/Klik provinsi"))

2021-08-30 12:51:27 - [MESSAGE][NOT_RUN] - NOT_RUN: click(findTestObject("Pre-regist Covid/linktree/Page_Siloam Hospitals Registration Form/Klik provinsi"))

2021-08-30 12:51:27 - [TEST_STEP][NOT_RUN] - setText(findTestObject("Pre-regist Covid/linktree/Page_Siloam Hospitals Registration Form/input_Provinsi_state_id"), Provinsi): NOT_RUN: setText(findTestObject("Pre-regist Covid/linktree/Page_Siloam Hospitals Registration Form/input_Provinsi_state_id"), Provinsi)

2021-08-30 12:51:27 - [MESSAGE][NOT_RUN] - NOT_RUN: setText(findTestObject("Pre-regist Covid/linktree/Page_Siloam Hospitals Registration Form/input_Provinsi_state_id"), Provinsi)

2021-08-30 12:51:27 - [TEST_STEP][NOT_RUN] - click(findTestObject("Pre-regist Covid/linktree/Page_Siloam Hospitals Registration Form/Pilih provinsi")): NOT_RUN: click(findTestObject("Pre-regist Covid/linktree/Page_Siloam Hospitals Registration Form/Pilih provinsi"))

2021-08-30 12:51:27 - [MESSAGE][NOT_RUN] - NOT_RUN: click(findTestObject("Pre-regist Covid/linktree/Page_Siloam Hospitals Registration Form/Pilih provinsi"))

2021-08-30 12:51:27 - [TEST_STEP][NOT_RUN] - delay(1): NOT_RUN: delay(1)

2021-08-30 12:51:27 - [MESSAGE][NOT_RUN] - NOT_RUN: delay(1)

2021-08-30 12:51:27 - [TEST_STEP][NOT_RUN] - setText(findTestObject("Pre-regist Covid/linktree/Page_Siloam Hospitals Registration Form/input_RT_rt_number"), RT): NOT_RUN: setText(findTestObject("Pre-regist Covid/linktree/Page_Siloam Hospitals Registration Form/input_RT_rt_number"), RT)

2021-08-30 12:51:27 - [MESSAGE][NOT_RUN] - NOT_RUN: setText(findTestObject("Pre-regist Covid/linktree/Page_Siloam Hospitals Registration Form/input_RT_rt_number"), RT)

2021-08-30 12:51:27 - [TEST_STEP][NOT_RUN] - setText(findTestObject("Pre-regist Covid/linktree/Page_Siloam Hospitals Registration Form/input_RW_rw_number"), RW): NOT_RUN: setText(findTestObject("Pre-regist Covid/linktree/Page_Siloam Hospitals Registration Form/input_RW_rw_number"), RW)

2021-08-30 12:51:27 - [MESSAGE][NOT_RUN] - NOT_RUN: setText(findTestObject("Pre-regist Covid/linktree/Page_Siloam Hospitals Registration Form/input_RW_rw_number"), RW)

2021-08-30 12:51:27 - [TEST_STEP][NOT_RUN] - click(findTestObject("Pre-regist Covid/linktree/Page_Siloam Hospitals Registration Form/Pertanyaan pemeriksaan/Pertanyaan 1 Tidak")): NOT_RUN: click(findTestObject("Pre-regist Covid/linktree/Page_Siloam Hospitals Registration Form/Pertanyaan pemeriksaan/Pertanyaan 1 Tidak"))

2021-08-30 12:51:27 - [MESSAGE][NOT_RUN] - NOT_RUN: click(findTestObject("Pre-regist Covid/linktree/Page_Siloam Hospitals Registration Form/Pertanyaan pemeriksaan/Pertanyaan 1 Tidak"))

2021-08-30 12:51:27 - [TEST_STEP][NOT_RUN] - click(findTestObject("Pre-regist Covid/linktree/Page_Siloam Hospitals Registration Form/Pertanyaan pemeriksaan/Pertanyaan 2 Tidak")): NOT_RUN: click(findTestObject("Pre-regist Covid/linktree/Page_Siloam Hospitals Registration Form/Pertanyaan pemeriksaan/Pertanyaan 2 Tidak"))

2021-08-30 12:51:27 - [MESSAGE][NOT_RUN] - NOT_RUN: click(findTestObject("Pre-regist Covid/linktree/Page_Siloam Hospitals Registration Form/Pertanyaan pemeriksaan/Pertanyaan 2 Tidak"))

2021-08-30 12:51:27 - [TEST_STEP][NOT_RUN] - click(findTestObject("Pre-regist Covid/linktree/Page_Siloam Hospitals Registration Form/Pertanyaan pemeriksaan/Pertanyaan 3 Tidak")): NOT_RUN: click(findTestObject("Pre-regist Covid/linktree/Page_Siloam Hospitals Registration Form/Pertanyaan pemeriksaan/Pertanyaan 3 Tidak"))

2021-08-30 12:51:27 - [MESSAGE][NOT_RUN] - NOT_RUN: click(findTestObject("Pre-regist Covid/linktree/Page_Siloam Hospitals Registration Form/Pertanyaan pemeriksaan/Pertanyaan 3 Tidak"))

2021-08-30 12:51:27 - [TEST_STEP][NOT_RUN] - click(findTestObject("Pre-regist Covid/linktree/Page_Siloam Hospitals Registration Form/Pertanyaan pemeriksaan/Pertanyaan 4 Tidak")): NOT_RUN: click(findTestObject("Pre-regist Covid/linktree/Page_Siloam Hospitals Registration Form/Pertanyaan pemeriksaan/Pertanyaan 4 Tidak"))

2021-08-30 12:51:27 - [MESSAGE][NOT_RUN] - NOT_RUN: click(findTestObject("Pre-regist Covid/linktree/Page_Siloam Hospitals Registration Form/Pertanyaan pemeriksaan/Pertanyaan 4 Tidak"))

2021-08-30 12:51:27 - [TEST_STEP][NOT_RUN] - scrollToPosition(9999999, 9999999): NOT_RUN: scrollToPosition(9999999, 9999999)

2021-08-30 12:51:27 - [MESSAGE][NOT_RUN] - NOT_RUN: scrollToPosition(9999999, 9999999)

2021-08-30 12:51:27 - [TEST_STEP][NOT_RUN] - delay(2): NOT_RUN: delay(2)

2021-08-30 12:51:27 - [MESSAGE][NOT_RUN] - NOT_RUN: delay(2)

2021-08-30 12:51:27 - [TEST_STEP][NOT_RUN] - click(findTestObject("Pre-regist Covid/linktree/Page_Siloam Hospitals Registration Form/button_lanjut PE form")): NOT_RUN: click(findTestObject("Pre-regist Covid/linktree/Page_Siloam Hospitals Registration Form/button_lanjut PE form"))

2021-08-30 12:51:27 - [MESSAGE][NOT_RUN] - NOT_RUN: click(findTestObject("Pre-regist Covid/linktree/Page_Siloam Hospitals Registration Form/button_lanjut PE form"))

2021-08-30 12:51:27 - [TEST_STEP][NOT_RUN] - delay(1): NOT_RUN: delay(1)

2021-08-30 12:51:27 - [MESSAGE][NOT_RUN] - NOT_RUN: delay(1)

2021-08-30 12:51:27 - [TEST_STEP][NOT_RUN] - waitForElementVisible(findTestObject("Pre-regist Covid/linktree/Page_Siloam Hospitals Registration Form/header pembayaran"), 120): NOT_RUN: waitForElementVisible(findTestObject("Pre-regist Covid/linktree/Page_Siloam Hospitals Registration Form/header pembayaran"), 120)

2021-08-30 12:51:27 - [MESSAGE][NOT_RUN] - NOT_RUN: waitForElementVisible(findTestObject("Pre-regist Covid/linktree/Page_Siloam Hospitals Registration Form/header pembayaran"), 120)

2021-08-30 12:51:27 - [TEST_STEP][NOT_RUN] - scrollToPosition(9999999, 9999999): NOT_RUN: scrollToPosition(9999999, 9999999)

2021-08-30 12:51:27 - [MESSAGE][NOT_RUN] - NOT_RUN: scrollToPosition(9999999, 9999999)

2021-08-30 12:51:27 - [TEST_STEP][NOT_RUN] - click(findTestObject("Pre-regist Covid/linktree/Page_Siloam Hospitals Registration Form/isAgree")): NOT_RUN: click(findTestObject("Pre-regist Covid/linktree/Page_Siloam Hospitals Registration Form/isAgree"))

2021-08-30 12:51:27 - [MESSAGE][NOT_RUN] - NOT_RUN: click(findTestObject("Pre-regist Covid/linktree/Page_Siloam Hospitals Registration Form/isAgree"))

2021-08-30 12:51:27 - [TEST_STEP][NOT_RUN] - click(findTestObject("Pre-regist Covid/linktree/Page_Siloam Hospitals Registration Form/isConsent")): NOT_RUN: click(findTestObject("Pre-regist Covid/linktree/Page_Siloam Hospitals Registration Form/isConsent"))

2021-08-30 12:51:27 - [MESSAGE][NOT_RUN] - NOT_RUN: click(findTestObject("Pre-regist Covid/linktree/Page_Siloam Hospitals Registration Form/isConsent"))

2021-08-30 12:51:27 - [TEST_STEP][NOT_RUN] - delay(1): NOT_RUN: delay(1)

2021-08-30 12:51:27 - [MESSAGE][NOT_RUN] - NOT_RUN: delay(1)

2021-08-30 12:51:27 - [TEST_STEP][NOT_RUN] - click(findTestObject("Pre-regist Covid/linktree/Page_Siloam Hospitals Registration Form/button_Kirim")): NOT_RUN: click(findTestObject("Pre-regist Covid/linktree/Page_Siloam Hospitals Registration Form/button_Kirim"))

2021-08-30 12:51:27 - [MESSAGE][NOT_RUN] - NOT_RUN: click(findTestObject("Pre-regist Covid/linktree/Page_Siloam Hospitals Registration Form/button_Kirim"))

2021-08-30 12:51:27 - [TEST_STEP][NOT_RUN] - waitForElementVisible(findTestObject("Pre-regist Covid/linktree/Page_Siloam Hospitals Registration Form/terima kasih"), 120): NOT_RUN: waitForElementVisible(findTestObject("Pre-regist Covid/linktree/Page_Siloam Hospitals Registration Form/terima kasih"), 120)

2021-08-30 12:51:27 - [MESSAGE][NOT_RUN] - NOT_RUN: waitForElementVisible(findTestObject("Pre-regist Covid/linktree/Page_Siloam Hospitals Registration Form/terima kasih"), 120)

2021-08-30 12:51:27 - [TEST_STEP][NOT_RUN] - delay(3): NOT_RUN: delay(3)

2021-08-30 12:51:27 - [MESSAGE][NOT_RUN] - NOT_RUN: delay(3)

2021-08-30 12:51:27 - [TEST_STEP][NOT_RUN] - KodeBooking = getText(findTestObject("Pre-regist Covid/linktree/Page_Siloam Hospitals Registration Form/kode booking")): NOT_RUN: KodeBooking = getText(findTestObject("Pre-regist Covid/linktree/Page_Siloam Hospitals Registration Form/kode booking"))

2021-08-30 12:51:27 - [MESSAGE][NOT_RUN] - NOT_RUN: KodeBooking = getText(findTestObject("Pre-regist Covid/linktree/Page_Siloam Hospitals Registration Form/kode booking"))

2021-08-30 12:51:27 - [TEST_STEP][NOT_RUN] - println("Kode Booking : " + KodeBooking): NOT_RUN: println("Kode Booking : " + KodeBooking)

2021-08-30 12:51:27 - [MESSAGE][NOT_RUN] - NOT_RUN: println("Kode Booking : " + KodeBooking)

2021-08-30 12:51:27 - [TEST_STEP][NOT_RUN] - delay(5): NOT_RUN: delay(5)

2021-08-30 12:51:27 - [MESSAGE][NOT_RUN] - NOT_RUN: delay(5)

2021-08-30 12:51:27 - [TEST_STEP][NOT_RUN] - navigateToUrl("http://10.85.139.100:5678/pre-registration"): NOT_RUN: navigateToUrl("http://10.85.139.100:5678/pre-registration")

2021-08-30 12:51:27 - [MESSAGE][NOT_RUN] - NOT_RUN: navigateToUrl("http://10.85.139.100:5678/pre-registration")

2021-08-30 12:51:27 - [TEST_STEP][NOT_RUN] - waitForElementVisible(findTestObject("Pre-regist Covid/Front Office OPD/Button login FO"), 30): NOT_RUN: waitForElementVisible(findTestObject("Pre-regist Covid/Front Office OPD/Button login FO"), 30)

2021-08-30 12:51:27 - [MESSAGE][NOT_RUN] - NOT_RUN: waitForElementVisible(findTestObject("Pre-regist Covid/Front Office OPD/Button login FO"), 30)

2021-08-30 12:51:27 - [TEST_STEP][NOT_RUN] - delay(2): NOT_RUN: delay(2)

2021-08-30 12:51:27 - [MESSAGE][NOT_RUN] - NOT_RUN: delay(2)

2021-08-30 12:51:27 - [TEST_STEP][NOT_RUN] - setText(findTestObject("Pre-regist Covid/Front Office OPD/input username FO"), Username): NOT_RUN: setText(findTestObject("Pre-regist Covid/Front Office OPD/input username FO"), Username)

2021-08-30 12:51:27 - [MESSAGE][NOT_RUN] - NOT_RUN: setText(findTestObject("Pre-regist Covid/Front Office OPD/input username FO"), Username)

2021-08-30 12:51:27 - [TEST_STEP][NOT_RUN] - setText(findTestObject("Pre-regist Covid/Front Office OPD/input password FO"), Password): NOT_RUN: setText(findTestObject("Pre-regist Covid/Front Office OPD/input password FO"), Password)

2021-08-30 12:51:27 - [MESSAGE][NOT_RUN] - NOT_RUN: setText(findTestObject("Pre-regist Covid/Front Office OPD/input password FO"), Password)

2021-08-30 12:51:27 - [TEST_STEP][NOT_RUN] - click(findTestObject("Pre-regist Covid/Front Office OPD/Button login FO")): NOT_RUN: click(findTestObject("Pre-regist Covid/Front Office OPD/Button login FO"))

2021-08-30 12:51:27 - [MESSAGE][NOT_RUN] - NOT_RUN: click(findTestObject("Pre-regist Covid/Front Office OPD/Button login FO"))

2021-08-30 12:51:27 - [TEST_STEP][NOT_RUN] - delay(2): NOT_RUN: delay(2)

2021-08-30 12:51:27 - [MESSAGE][NOT_RUN] - NOT_RUN: delay(2)

2021-08-30 12:51:27 - [TEST_STEP][NOT_RUN] - waitForPageLoad(30, STOP_ON_FAILURE): NOT_RUN: waitForPageLoad(30, STOP_ON_FAILURE)

2021-08-30 12:51:27 - [MESSAGE][NOT_RUN] - NOT_RUN: waitForPageLoad(30, STOP_ON_FAILURE)

2021-08-30 12:51:27 - [TEST_STEP][NOT_RUN] - waitForElementVisible(findTestObject("Pre-regist Covid/Front Office OPD/delete tanggal"), 120): NOT_RUN: waitForElementVisible(findTestObject("Pre-regist Covid/Front Office OPD/delete tanggal"), 120)

2021-08-30 12:51:27 - [MESSAGE][NOT_RUN] - NOT_RUN: waitForElementVisible(findTestObject("Pre-regist Covid/Front Office OPD/delete tanggal"), 120)

2021-08-30 12:51:27 - [TEST_STEP][NOT_RUN] - click(findTestObject("Pre-regist Covid/Front Office OPD/delete tanggal"), STOP_ON_FAILURE): NOT_RUN: click(findTestObject("Pre-regist Covid/Front Office OPD/delete tanggal"), STOP_ON_FAILURE)

2021-08-30 12:51:27 - [MESSAGE][NOT_RUN] - NOT_RUN: click(findTestObject("Pre-regist Covid/Front Office OPD/delete tanggal"), STOP_ON_FAILURE)

2021-08-30 12:51:27 - [TEST_STEP][NOT_RUN] - delay(1): NOT_RUN: delay(1)

2021-08-30 12:51:27 - [MESSAGE][NOT_RUN] - NOT_RUN: delay(1)

2021-08-30 12:51:27 - [TEST_STEP][NOT_RUN] - setText(findTestObject("Pre-regist Covid/Front Office OPD/input tanggak"), TanggalFO): NOT_RUN: setText(findTestObject("Pre-regist Covid/Front Office OPD/input tanggak"), TanggalFO)

2021-08-30 12:51:27 - [MESSAGE][NOT_RUN] - NOT_RUN: setText(findTestObject("Pre-regist Covid/Front Office OPD/input tanggak"), TanggalFO)

2021-08-30 12:51:27 - [TEST_STEP][NOT_RUN] - delay(2): NOT_RUN: delay(2)

2021-08-30 12:51:27 - [MESSAGE][NOT_RUN] - NOT_RUN: delay(2)

2021-08-30 12:51:27 - [TEST_STEP][NOT_RUN] - setText(findTestObject("Pre-regist Covid/Front Office OPD/input kode booking"), KodeBooking): NOT_RUN: setText(findTestObject("Pre-regist Covid/Front Office OPD/input kode booking"), KodeBooking)

2021-08-30 12:51:27 - [MESSAGE][NOT_RUN] - NOT_RUN: setText(findTestObject("Pre-regist Covid/Front Office OPD/input kode booking"), KodeBooking)

2021-08-30 12:51:27 - [TEST_STEP][NOT_RUN] - delay(1): NOT_RUN: delay(1)

2021-08-30 12:51:27 - [MESSAGE][NOT_RUN] - NOT_RUN: delay(1)

2021-08-30 12:51:27 - [TEST_STEP][NOT_RUN] - click(findTestObject("Pre-regist Covid/linktree/Page_Siloam Hospitals Registration Form/confrim kode booking")): NOT_RUN: click(findTestObject("Pre-regist Covid/linktree/Page_Siloam Hospitals Registration Form/confrim kode booking"))

2021-08-30 12:51:27 - [MESSAGE][NOT_RUN] - NOT_RUN: click(findTestObject("Pre-regist Covid/linktree/Page_Siloam Hospitals Registration Form/confrim kode booking"))

2021-08-30 12:51:27 - [TEST_STEP][NOT_RUN] - delay(5): NOT_RUN: delay(5)

2021-08-30 12:51:27 - [MESSAGE][NOT_RUN] - NOT_RUN: delay(5)

2021-08-30 12:51:27 - [MESSAGE][PASSED] - Call Test Case 'Test Cases/Pre-regist Covid/TestCase/1. linktree - (Pilih Paket, Data Diri)' successfully

2021-08-30 12:51:27 - [TEST_STEP][PASSED] - delay(2): Delayed 2 second(s)

2021-08-30 12:51:29 - [MESSAGE][PASSED] - Delayed 2 second(s)

2021-08-30 12:51:29 - [TEST_STEP][PASSED] - callTestCase(findTestCase("Pre-regist Covid/TestCase/2. linktree - (PE Form, pembayaran)"), ["PernahBerobat":PernahBerobat, "TujuanPemeriksaan":TujuanPemeriksaan, "Pekerjaan":Pekerjaan, "Namaortu":Namaortu, "Provinsi":Provinsi, ... ], STOP_ON_FAILURE): Call Test Case 'Test Cases/Pre-regist Covid/TestCase/2. linktree - (PE Form, pembayaran)' successfully

2021-08-30 12:51:29 - [TEST_CASE][PASSED] - Test Cases/Pre-regist Covid/TestCase/2. linktree - (PE Form, pembayaran): Test Cases/Pre-regist Covid/TestCase/2. linktree - (PE Form, pembayaran)

2021-08-30 12:51:30 - [TEST_STEP][PASSED] - delay(2): Delayed 2 second(s)

2021-08-30 12:51:32 - [MESSAGE][PASSED] - Delayed 2 second(s)

2021-08-30 12:51:32 - [TEST_STEP][PASSED] - waitForElementVisible(findTestObject("Pre-regist Covid/linktree/Page_Siloam Hospitals Registration Form/tujuan pemeriksaan"), 30): Object 'Object Repository/Pre-regist Covid/linktree/Page_Siloam Hospitals Registration Form/tujuan pemeriksaan' is visible

2021-08-30 12:51:32 - [MESSAGE][PASSED] - Object 'Object Repository/Pre-regist Covid/linktree/Page_Siloam Hospitals Registration Form/tujuan pemeriksaan' is visible

2021-08-30 12:51:32 - [TEST_STEP][PASSED] - delay(1): Delayed 1 second(s)

2021-08-30 12:51:33 - [MESSAGE][PASSED] - Delayed 1 second(s)

2021-08-30 12:51:33 - [TEST_STEP][PASSED] - scrollToElement(findTestObject("Pre-regist Covid/linktree/Page_Siloam Hospitals Registration Form/tujuan pemeriksaan"), 20): Scroll to object 'Object Repository/Pre-regist Covid/linktree/Page_Siloam Hospitals Registration Form/tujuan pemeriksaan' successfully

2021-08-30 12:51:34 - [MESSAGE][PASSED] - Scroll to object 'Object Repository/Pre-regist Covid/linktree/Page_Siloam Hospitals Registration Form/tujuan pemeriksaan' successfully

2021-08-30 12:51:34 - [TEST_STEP][PASSED] - if (TujuanPemeriksaan == "Rencana tindakan"): null

2021-08-30 12:51:34 - [TEST_STEP][PASSED] - else if (TujuanPemeriksaan == "Rencana bepergian"): null

2021-08-30 12:51:34 - [TEST_STEP][PASSED] - else if (TujuanPemeriksaan == "Follow up post covid"): null

2021-08-30 12:51:34 - [TEST_STEP][PASSED] - else: Delayed 1 second(s)

2021-08-30 12:51:34 - [TEST_STEP][PASSED] - click(findTestObject("Pre-regist Covid/linktree/Page_Siloam Hospitals Registration Form/tujuan pemeriksaan")): Object: 'Object Repository/Pre-regist Covid/linktree/Page_Siloam Hospitals Registration Form/tujuan pemeriksaan' is clicked on

2021-08-30 12:51:34 - [MESSAGE][PASSED] - Object: 'Object Repository/Pre-regist Covid/linktree/Page_Siloam Hospitals Registration Form/tujuan pemeriksaan' is clicked on

2021-08-30 12:51:34 - [TEST_STEP][PASSED] - delay(2): Delayed 2 second(s)

2021-08-30 12:51:36 - [MESSAGE][PASSED] - Delayed 2 second(s)

2021-08-30 12:51:36 - [TEST_STEP][PASSED] - click(findTestObject("Pre-regist Covid/linktree/Page_Siloam Hospitals Registration Form/Tujuanpemeriksaan/li_Pemeriksaan Rutin  Atas Permintaan Sendiri")): Object: 'Object Repository/Pre-regist Covid/linktree/Page_Siloam Hospitals Registration Form/Tujuanpemeriksaan/li_Pemeriksaan Rutin  Atas Permintaan Sendiri' is clicked on

2021-08-30 12:51:36 - [MESSAGE][PASSED] - Object: 'Object Repository/Pre-regist Covid/linktree/Page_Siloam Hospitals Registration Form/Tujuanpemeriksaan/li_Pemeriksaan Rutin  Atas Permintaan Sendiri' is clicked on

2021-08-30 12:51:36 - [TEST_STEP][PASSED] - delay(1): Delayed 1 second(s)

2021-08-30 12:51:37 - [MESSAGE][PASSED] - Delayed 1 second(s)

2021-08-30 12:51:37 - [TEST_STEP][PASSED] - delay(1): Delayed 1 second(s)

2021-08-30 12:51:38 - [MESSAGE][PASSED] - Delayed 1 second(s)

2021-08-30 12:51:38 - [TEST_STEP][PASSED] - scrollToElement(findTestObject("Pre-regist Covid/linktree/Page_Siloam Hospitals Registration Form/input_Pekerjaan_occupation"), 30): Scroll to object 'Object Repository/Pre-regist Covid/linktree/Page_Siloam Hospitals Registration Form/input_Pekerjaan_occupation' successfully

2021-08-30 12:51:39 - [MESSAGE][PASSED] - Scroll to object 'Object Repository/Pre-regist Covid/linktree/Page_Siloam Hospitals Registration Form/input_Pekerjaan_occupation' successfully

2021-08-30 12:51:39 - [TEST_STEP][PASSED] - waitForElementVisible(findTestObject("Pre-regist Covid/linktree/Page_Siloam Hospitals Registration Form/input_Pekerjaan_occupation"), 30): Object 'Object Repository/Pre-regist Covid/linktree/Page_Siloam Hospitals Registration Form/input_Pekerjaan_occupation' is visible

2021-08-30 12:51:39 - [MESSAGE][PASSED] - Object 'Object Repository/Pre-regist Covid/linktree/Page_Siloam Hospitals Registration Form/input_Pekerjaan_occupation' is visible

2021-08-30 12:51:39 - [TEST_STEP][PASSED] - if (PernahBerobat == "Pernah"): null

2021-08-30 12:51:39 - [TEST_STEP][PASSED] - setText(findTestObject("Pre-regist Covid/linktree/Page_Siloam Hospitals Registration Form/input_Pekerjaan_occupation"), Pekerjaan): Text 'isi pekerjaan' is set on object 'Object Repository/Pre-regist Covid/linktree/Page_Siloam Hospitals Registration Form/input_Pekerjaan_occupation'

2021-08-30 12:51:40 - [MESSAGE][PASSED] - Text 'isi pekerjaan' is set on object 'Object Repository/Pre-regist Covid/linktree/Page_Siloam Hospitals Registration Form/input_Pekerjaan_occupation'

2021-08-30 12:51:40 - [TEST_STEP][PASSED] - setText(findTestObject("Pre-regist Covid/linktree/Page_Siloam Hospitals Registration Form/input_Nama Orang Tua_parent_name"), Namaortu): Text 'ujang' is set on object 'Object Repository/Pre-regist Covid/linktree/Page_Siloam Hospitals Registration Form/input_Nama Orang Tua_parent_name'

2021-08-30 12:51:41 - [MESSAGE][PASSED] - Text 'ujang' is set on object 'Object Repository/Pre-regist Covid/linktree/Page_Siloam Hospitals Registration Form/input_Nama Orang Tua_parent_name'

2021-08-30 12:51:41 - [TEST_STEP][PASSED] - delay(1): Delayed 1 second(s)

2021-08-30 12:51:42 - [MESSAGE][PASSED] - Delayed 1 second(s)

2021-08-30 12:51:42 - [TEST_STEP][PASSED] - if (PernahBerobat == "Pernah"): null

2021-08-30 12:51:42 - [TEST_STEP][PASSED] - else: Text '1' is set on object 'Object Repository/Pre-regist Covid/linktree/Page_Siloam Hospitals Registration Form/input_RW_rw_number'

2021-08-30 12:51:42 - [TEST_STEP][PASSED] - click(findTestObject("Pre-regist Covid/linktree/Page_Siloam Hospitals Registration Form/Klik provinsi")): Object: 'Object Repository/Pre-regist Covid/linktree/Page_Siloam Hospitals Registration Form/Klik provinsi' is clicked on

2021-08-30 12:51:42 - [MESSAGE][PASSED] - Object: 'Object Repository/Pre-regist Covid/linktree/Page_Siloam Hospitals Registration Form/Klik provinsi' is clicked on

2021-08-30 12:51:42 - [TEST_STEP][PASSED] - setText(findTestObject("Pre-regist Covid/linktree/Page_Siloam Hospitals Registration Form/input_Provinsi_state_id"), Provinsi): Text 'JAKARTA' is set on object 'Object Repository/Pre-regist Covid/linktree/Page_Siloam Hospitals Registration Form/input_Provinsi_state_id'

2021-08-30 12:51:43 - [MESSAGE][PASSED] - Text 'JAKARTA' is set on object 'Object Repository/Pre-regist Covid/linktree/Page_Siloam Hospitals Registration Form/input_Provinsi_state_id'

2021-08-30 12:51:43 - [TEST_STEP][PASSED] - click(findTestObject("Pre-regist Covid/linktree/Page_Siloam Hospitals Registration Form/Pilih provinsi")): Object: 'Object Repository/Pre-regist Covid/linktree/Page_Siloam Hospitals Registration Form/Pilih provinsi' is clicked on

2021-08-30 12:51:44 - [MESSAGE][PASSED] - Object: 'Object Repository/Pre-regist Covid/linktree/Page_Siloam Hospitals Registration Form/Pilih provinsi' is clicked on

2021-08-30 12:51:44 - [TEST_STEP][PASSED] - delay(1): Delayed 1 second(s)

2021-08-30 12:51:45 - [MESSAGE][PASSED] - Delayed 1 second(s)

2021-08-30 12:51:45 - [TEST_STEP][PASSED] - setText(findTestObject("Pre-regist Covid/linktree/Page_Siloam Hospitals Registration Form/input_RT_rt_number"), RT): Text '1' is set on object 'Object Repository/Pre-regist Covid/linktree/Page_Siloam Hospitals Registration Form/input_RT_rt_number'

2021-08-30 12:51:45 - [MESSAGE][PASSED] - Text '1' is set on object 'Object Repository/Pre-regist Covid/linktree/Page_Siloam Hospitals Registration Form/input_RT_rt_number'

2021-08-30 12:51:45 - [TEST_STEP][PASSED] - setText(findTestObject("Pre-regist Covid/linktree/Page_Siloam Hospitals Registration Form/input_RW_rw_number"), RW): Text '1' is set on object 'Object Repository/Pre-regist Covid/linktree/Page_Siloam Hospitals Registration Form/input_RW_rw_number'

2021-08-30 12:51:46 - [MESSAGE][PASSED] - Text '1' is set on object 'Object Repository/Pre-regist Covid/linktree/Page_Siloam Hospitals Registration Form/input_RW_rw_number'

2021-08-30 12:51:46 - [TEST_STEP][PASSED] - click(findTestObject("Pre-regist Covid/linktree/Page_Siloam Hospitals Registration Form/Pertanyaan pemeriksaan/Pertanyaan 1 Tidak")): Object: 'Object Repository/Pre-regist Covid/linktree/Page_Siloam Hospitals Registration Form/Pertanyaan pemeriksaan/Pertanyaan 1 Tidak' is clicked on

2021-08-30 12:51:47 - [MESSAGE][PASSED] - Object: 'Object Repository/Pre-regist Covid/linktree/Page_Siloam Hospitals Registration Form/Pertanyaan pemeriksaan/Pertanyaan 1 Tidak' is clicked on

2021-08-30 12:51:47 - [TEST_STEP][PASSED] - click(findTestObject("Pre-regist Covid/linktree/Page_Siloam Hospitals Registration Form/Pertanyaan pemeriksaan/Pertanyaan 2 Tidak")): Object: 'Object Repository/Pre-regist Covid/linktree/Page_Siloam Hospitals Registration Form/Pertanyaan pemeriksaan/Pertanyaan 2 Tidak' is clicked on

2021-08-30 12:51:47 - [MESSAGE][PASSED] - Object: 'Object Repository/Pre-regist Covid/linktree/Page_Siloam Hospitals Registration Form/Pertanyaan pemeriksaan/Pertanyaan 2 Tidak' is clicked on

2021-08-30 12:51:47 - [TEST_STEP][PASSED] - click(findTestObject("Pre-regist Covid/linktree/Page_Siloam Hospitals Registration Form/Pertanyaan pemeriksaan/Pertanyaan 3 Tidak")): Object: 'Object Repository/Pre-regist Covid/linktree/Page_Siloam Hospitals Registration Form/Pertanyaan pemeriksaan/Pertanyaan 3 Tidak' is clicked on

2021-08-30 12:51:47 - [MESSAGE][PASSED] - Object: 'Object Repository/Pre-regist Covid/linktree/Page_Siloam Hospitals Registration Form/Pertanyaan pemeriksaan/Pertanyaan 3 Tidak' is clicked on

2021-08-30 12:51:47 - [TEST_STEP][PASSED] - click(findTestObject("Pre-regist Covid/linktree/Page_Siloam Hospitals Registration Form/Pertanyaan pemeriksaan/Pertanyaan 4 Tidak")): Object: 'Object Repository/Pre-regist Covid/linktree/Page_Siloam Hospitals Registration Form/Pertanyaan pemeriksaan/Pertanyaan 4 Tidak' is clicked on

2021-08-30 12:51:48 - [MESSAGE][PASSED] - Object: 'Object Repository/Pre-regist Covid/linktree/Page_Siloam Hospitals Registration Form/Pertanyaan pemeriksaan/Pertanyaan 4 Tidak' is clicked on

2021-08-30 12:51:48 - [TEST_STEP][PASSED] - scrollToPosition(9999999, 9999999): Browser is scrolled to position x = 9999999, y = 9999999

2021-08-30 12:51:48 - [MESSAGE][PASSED] - Browser is scrolled to position x = 9999999, y = 9999999

2021-08-30 12:51:48 - [TEST_STEP][PASSED] - delay(2): Delayed 2 second(s)

2021-08-30 12:51:50 - [MESSAGE][PASSED] - Delayed 2 second(s)

2021-08-30 12:51:50 - [TEST_STEP][PASSED] - click(findTestObject("Pre-regist Covid/linktree/Page_Siloam Hospitals Registration Form/button_lanjut PE form")): Object: 'Object Repository/Pre-regist Covid/linktree/Page_Siloam Hospitals Registration Form/button_lanjut PE form' is clicked on

2021-08-30 12:51:50 - [MESSAGE][PASSED] - Object: 'Object Repository/Pre-regist Covid/linktree/Page_Siloam Hospitals Registration Form/button_lanjut PE form' is clicked on

2021-08-30 12:51:50 - [TEST_STEP][PASSED] - delay(1): Delayed 1 second(s)

2021-08-30 12:51:51 - [MESSAGE][PASSED] - Delayed 1 second(s)

2021-08-30 12:51:51 - [TEST_STEP][PASSED] - waitForElementVisible(findTestObject("Pre-regist Covid/linktree/Page_Siloam Hospitals Registration Form/header pembayaran"), 120): Object 'Object Repository/Pre-regist Covid/linktree/Page_Siloam Hospitals Registration Form/header pembayaran' is visible

2021-08-30 12:51:51 - [MESSAGE][PASSED] - Object 'Object Repository/Pre-regist Covid/linktree/Page_Siloam Hospitals Registration Form/header pembayaran' is visible

2021-08-30 12:51:51 - [TEST_STEP][PASSED] - scrollToPosition(9999999, 9999999): Browser is scrolled to position x = 9999999, y = 9999999

2021-08-30 12:51:51 - [MESSAGE][PASSED] - Browser is scrolled to position x = 9999999, y = 9999999

2021-08-30 12:51:51 - [TEST_STEP][PASSED] - click(findTestObject("Pre-regist Covid/linktree/Page_Siloam Hospitals Registration Form/isAgree")): Object: 'Object Repository/Pre-regist Covid/linktree/Page_Siloam Hospitals Registration Form/isAgree' is clicked on

2021-08-30 12:51:52 - [MESSAGE][PASSED] - Object: 'Object Repository/Pre-regist Covid/linktree/Page_Siloam Hospitals Registration Form/isAgree' is clicked on

2021-08-30 12:51:52 - [TEST_STEP][PASSED] - click(findTestObject("Pre-regist Covid/linktree/Page_Siloam Hospitals Registration Form/isConsent")): Object: 'Object Repository/Pre-regist Covid/linktree/Page_Siloam Hospitals Registration Form/isConsent' is clicked on

2021-08-30 12:51:52 - [MESSAGE][PASSED] - Object: 'Object Repository/Pre-regist Covid/linktree/Page_Siloam Hospitals Registration Form/isConsent' is clicked on

2021-08-30 12:51:52 - [TEST_STEP][PASSED] - delay(1): Delayed 1 second(s)

2021-08-30 12:51:53 - [MESSAGE][PASSED] - Delayed 1 second(s)

2021-08-30 12:51:53 - [TEST_STEP][PASSED] - if (CaraPembayaran == "Pribadi"): Object: 'Object Repository/Pre-regist Covid/linktree/Page_Siloam Hospitals Registration Form/selesaikan pembayaran' is clicked on

2021-08-30 12:51:53 - [TEST_STEP][PASSED] - click(findTestObject("Pre-regist Covid/linktree/Page_Siloam Hospitals Registration Form/button bayar")): Object: 'Object Repository/Pre-regist Covid/linktree/Page_Siloam Hospitals Registration Form/button bayar' is clicked on

2021-08-30 12:51:54 - [MESSAGE][PASSED] - Object: 'Object Repository/Pre-regist Covid/linktree/Page_Siloam Hospitals Registration Form/button bayar' is clicked on

2021-08-30 12:51:54 - [TEST_STEP][PASSED] - delay(1): Delayed 1 second(s)

2021-08-30 12:51:55 - [MESSAGE][PASSED] - Delayed 1 second(s)

2021-08-30 12:51:55 - [TEST_STEP][PASSED] - waitForElementVisible(findTestObject("Pre-regist Covid/linktree/Page_Siloam Hospitals Registration Form/order id"), 30): Object 'Object Repository/Pre-regist Covid/linktree/Page_Siloam Hospitals Registration Form/order id' is visible

2021-08-30 12:51:58 - [MESSAGE][PASSED] - Object 'Object Repository/Pre-regist Covid/linktree/Page_Siloam Hospitals Registration Form/order id' is visible

2021-08-30 12:51:58 - [TEST_STEP][PASSED] - OrderID = getText(findTestObject("Pre-regist Covid/linktree/Page_Siloam Hospitals Registration Form/order id")): Text of object 'Object Repository/Pre-regist Covid/linktree/Page_Siloam Hospitals Registration Form/order id' is: 'Online-E4D1E5-210830'

2021-08-30 12:51:58 - [MESSAGE][PASSED] - Text of object 'Object Repository/Pre-regist Covid/linktree/Page_Siloam Hospitals Registration Form/order id' is: 'Online-E4D1E5-210830'

2021-08-30 12:51:58 - [TEST_STEP][PASSED] - println("No Order Id : " + OrderID): null

2021-08-30 12:51:58 - [TEST_STEP][PASSED] - if (PembayaranVIA == "ATM"): Object: 'Object Repository/Pre-regist Covid/linktree/Page_Siloam Hospitals Registration Form/selesaikan pembayaran' is clicked on

2021-08-30 12:51:58 - [TEST_STEP][PASSED] - click(findTestObject("Pre-regist Covid/linktree/Page_Siloam Hospitals Registration Form/pilih via atm")): Object: 'Object Repository/Pre-regist Covid/linktree/Page_Siloam Hospitals Registration Form/pilih via atm' is clicked on

2021-08-30 12:51:59 - [MESSAGE][PASSED] - Object: 'Object Repository/Pre-regist Covid/linktree/Page_Siloam Hospitals Registration Form/pilih via atm' is clicked on

2021-08-30 12:51:59 - [TEST_STEP][PASSED] - delay(1): Delayed 1 second(s)

2021-08-30 12:52:00 - [MESSAGE][PASSED] - Delayed 1 second(s)

2021-08-30 12:52:00 - [TEST_STEP][PASSED] - if (ATM == "Mandiri"): Delayed 1 second(s)

2021-08-30 12:52:00 - [TEST_STEP][PASSED] - click(findTestObject("Pre-regist Covid/linktree/Page_Siloam Hospitals Registration Form/ATM mandiri")): Object: 'Object Repository/Pre-regist Covid/linktree/Page_Siloam Hospitals Registration Form/ATM mandiri' is clicked on

2021-08-30 12:52:00 - [MESSAGE][PASSED] - Object: 'Object Repository/Pre-regist Covid/linktree/Page_Siloam Hospitals Registration Form/ATM mandiri' is clicked on

2021-08-30 12:52:00 - [TEST_STEP][PASSED] - delay(1): Delayed 1 second(s)

2021-08-30 12:52:01 - [MESSAGE][PASSED] - Delayed 1 second(s)

2021-08-30 12:52:01 - [TEST_STEP][PASSED] - scrollToPosition(0, 9999999): Browser is scrolled to position x = 0, y = 9999999

2021-08-30 12:52:01 - [MESSAGE][PASSED] - Browser is scrolled to position x = 0, y = 9999999

2021-08-30 12:52:01 - [TEST_STEP][PASSED] - delay(1): Delayed 1 second(s)

2021-08-30 12:52:02 - [MESSAGE][PASSED] - Delayed 1 second(s)

2021-08-30 12:52:02 - [TEST_STEP][PASSED] - click(findTestObject("Pre-regist Covid/linktree/Page_Siloam Hospitals Registration Form/lihat no rekening")): Object: 'Object Repository/Pre-regist Covid/linktree/Page_Siloam Hospitals Registration Form/lihat no rekening' is clicked on

2021-08-30 12:52:02 - [MESSAGE][PASSED] - Object: 'Object Repository/Pre-regist Covid/linktree/Page_Siloam Hospitals Registration Form/lihat no rekening' is clicked on

2021-08-30 12:52:02 - [TEST_STEP][PASSED] - delay(1): Delayed 1 second(s)

2021-08-30 12:52:03 - [MESSAGE][PASSED] - Delayed 1 second(s)

2021-08-30 12:52:03 - [TEST_STEP][PASSED] - scrollToPosition(0, 9999999): Browser is scrolled to position x = 0, y = 9999999

2021-08-30 12:52:03 - [MESSAGE][PASSED] - Browser is scrolled to position x = 0, y = 9999999

2021-08-30 12:52:03 - [TEST_STEP][PASSED] - click(findTestObject("Pre-regist Covid/linktree/Page_Siloam Hospitals Registration Form/selesaikan pembayaran")): Object: 'Object Repository/Pre-regist Covid/linktree/Page_Siloam Hospitals Registration Form/selesaikan pembayaran' is clicked on

2021-08-30 12:52:04 - [MESSAGE][PASSED] - Object: 'Object Repository/Pre-regist Covid/linktree/Page_Siloam Hospitals Registration Form/selesaikan pembayaran' is clicked on

2021-08-30 12:52:04 - [TEST_STEP][PASSED] - waitForElementVisible(findTestObject("Pre-regist Covid/linktree/Page_Siloam Hospitals Registration Form/terima kasih"), 120): Object 'Object Repository/Pre-regist Covid/linktree/Page_Siloam Hospitals Registration Form/terima kasih' is visible

2021-08-30 12:52:05 - [MESSAGE][PASSED] - Object 'Object Repository/Pre-regist Covid/linktree/Page_Siloam Hospitals Registration Form/terima kasih' is visible

2021-08-30 12:52:05 - [TEST_STEP][PASSED] - delay(3): Delayed 3 second(s)

2021-08-30 12:52:08 - [MESSAGE][PASSED] - Delayed 3 second(s)

2021-08-30 12:52:08 - [TEST_STEP][PASSED] - KodeBooking = getText(findTestObject("Pre-regist Covid/linktree/Page_Siloam Hospitals Registration Form/kode booking")): Text of object 'Object Repository/Pre-regist Covid/linktree/Page_Siloam Hospitals Registration Form/kode booking' is: 'E4D1E5'

2021-08-30 12:52:08 - [MESSAGE][PASSED] - Text of object 'Object Repository/Pre-regist Covid/linktree/Page_Siloam Hospitals Registration Form/kode booking' is: 'E4D1E5'

2021-08-30 12:52:08 - [TEST_STEP][PASSED] - println("Kode Booking : " + KodeBooking): null

2021-08-30 12:52:08 - [TEST_STEP][PASSED] - delay(5): Delayed 5 second(s)

2021-08-30 12:52:13 - [MESSAGE][PASSED] - Delayed 5 second(s)

2021-08-30 12:52:13 - [TEST_STEP][PASSED] - navigateToUrl("http://10.85.139.100:5678/pre-registration"): Navigate to 'http://10.85.139.100:5678/pre-registration' successfully

2021-08-30 12:52:15 - [MESSAGE][PASSED] - Navigate to 'http://10.85.139.100:5678/pre-registration' successfully

2021-08-30 12:52:15 - [TEST_STEP][PASSED] - waitForElementVisible(findTestObject("Pre-regist Covid/Front Office OPD/Button login FO"), 30): Object 'Object Repository/Pre-regist Covid/Front Office OPD/Button login FO' is visible

2021-08-30 12:52:36 - [MESSAGE][PASSED] - Object 'Object Repository/Pre-regist Covid/Front Office OPD/Button login FO' is visible

2021-08-30 12:52:36 - [TEST_STEP][PASSED] - delay(2): Delayed 2 second(s)

2021-08-30 12:52:38 - [MESSAGE][PASSED] - Delayed 2 second(s)

2021-08-30 12:52:38 - [TEST_STEP][PASSED] - setText(findTestObject("Pre-regist Covid/Front Office OPD/input username FO"), Username): Text 'albert.aswindra' is set on object 'Object Repository/Pre-regist Covid/Front Office OPD/input username FO'

2021-08-30 12:52:38 - [MESSAGE][PASSED] - Text 'albert.aswindra' is set on object 'Object Repository/Pre-regist Covid/Front Office OPD/input username FO'

2021-08-30 12:52:38 - [TEST_STEP][PASSED] - setText(findTestObject("Pre-regist Covid/Front Office OPD/input password FO"), Password): Text 'al12345678' is set on object 'Object Repository/Pre-regist Covid/Front Office OPD/input password FO'

2021-08-30 12:52:39 - [MESSAGE][PASSED] - Text 'al12345678' is set on object 'Object Repository/Pre-regist Covid/Front Office OPD/input password FO'

2021-08-30 12:52:39 - [TEST_STEP][PASSED] - click(findTestObject("Pre-regist Covid/Front Office OPD/Button login FO")): Object: 'Object Repository/Pre-regist Covid/Front Office OPD/Button login FO' is clicked on

2021-08-30 12:52:40 - [MESSAGE][PASSED] - Object: 'Object Repository/Pre-regist Covid/Front Office OPD/Button login FO' is clicked on

2021-08-30 12:52:40 - [TEST_STEP][PASSED] - delay(2): Delayed 2 second(s)

2021-08-30 12:52:42 - [MESSAGE][PASSED] - Delayed 2 second(s)

2021-08-30 12:52:42 - [TEST_STEP][PASSED] - waitForPageLoad(30, STOP_ON_FAILURE): Wait for page load successfully

2021-08-30 12:52:42 - [MESSAGE][PASSED] - Wait for page load successfully

2021-08-30 12:52:42 - [TEST_STEP][PASSED] - waitForElementVisible(findTestObject("Pre-regist Covid/Front Office OPD/delete tanggal"), 120): Object 'Object Repository/Pre-regist Covid/Front Office OPD/delete tanggal' is visible

2021-08-30 12:52:42 - [MESSAGE][PASSED] - Object 'Object Repository/Pre-regist Covid/Front Office OPD/delete tanggal' is visible

2021-08-30 12:52:42 - [TEST_STEP][PASSED] - click(findTestObject("Pre-regist Covid/Front Office OPD/delete tanggal"), STOP_ON_FAILURE): Object: 'Object Repository/Pre-regist Covid/Front Office OPD/delete tanggal' is clicked on

2021-08-30 12:52:42 - [MESSAGE][PASSED] - Object: 'Object Repository/Pre-regist Covid/Front Office OPD/delete tanggal' is clicked on

2021-08-30 12:52:42 - [TEST_STEP][PASSED] - delay(1): Delayed 1 second(s)

2021-08-30 12:52:43 - [MESSAGE][PASSED] - Delayed 1 second(s)

2021-08-30 12:52:43 - [TEST_STEP][PASSED] - setText(findTestObject("Pre-regist Covid/Front Office OPD/input tanggak"), TanggalFO): Text '30/08/2021' is set on object 'Object Repository/Pre-regist Covid/Front Office OPD/input tanggak'

2021-08-30 12:52:44 - [MESSAGE][PASSED] - Text '30/08/2021' is set on object 'Object Repository/Pre-regist Covid/Front Office OPD/input tanggak'

2021-08-30 12:52:44 - [TEST_STEP][PASSED] - delay(2): Delayed 2 second(s)

2021-08-30 12:52:46 - [MESSAGE][PASSED] - Delayed 2 second(s)

2021-08-30 12:52:46 - [TEST_STEP][PASSED] - setText(findTestObject("Pre-regist Covid/Front Office OPD/input kode booking"), KodeBooking): Text 'E4D1E5' is set on object 'Object Repository/Pre-regist Covid/Front Office OPD/input kode booking'

2021-08-30 12:52:47 - [MESSAGE][PASSED] - Text 'E4D1E5' is set on object 'Object Repository/Pre-regist Covid/Front Office OPD/input kode booking'

2021-08-30 12:52:47 - [TEST_STEP][PASSED] - delay(1): Delayed 1 second(s)

2021-08-30 12:52:48 - [MESSAGE][PASSED] - Delayed 1 second(s)

2021-08-30 12:52:48 - [TEST_STEP][PASSED] - click(findTestObject("Pre-regist Covid/linktree/Page_Siloam Hospitals Registration Form/confrim kode booking")): Object: 'Object Repository/Pre-regist Covid/linktree/Page_Siloam Hospitals Registration Form/confrim kode booking' is clicked on

2021-08-30 12:52:48 - [MESSAGE][PASSED] - Object: 'Object Repository/Pre-regist Covid/linktree/Page_Siloam Hospitals Registration Form/confrim kode booking' is clicked on

2021-08-30 12:52:48 - [TEST_STEP][PASSED] - delay(5): Delayed 5 second(s)

2021-08-30 12:52:53 - [MESSAGE][PASSED] - Delayed 5 second(s)

2021-08-30 12:52:53 - [MESSAGE][PASSED] - Call Test Case 'Test Cases/Pre-regist Covid/TestCase/2. linktree - (PE Form, pembayaran)' successfully

2021-08-30 12:52:53 - [TEST_STEP][PASSED] - delay(2): Delayed 2 second(s)

2021-08-30 12:52:55 - [MESSAGE][PASSED] - Delayed 2 second(s)]]></system-out>
         <system-err><![CDATA[]]></system-err>
      </testcase>
      <system-out><![CDATA[2021-08-30 12:50:10 - [TEST_SUITE][PASSED] - Pre-regist COVID: Test Cases/Pre-regist Covid/Linktree - FO]]></system-out>
      <system-err><![CDATA[]]></system-err>
   </testsuite>
</testsuites>
