<?xml version="1.0" encoding="UTF-8"?>
<testsuites name="Pre-regist OPD" time="86.332" tests="1" failures="0" errors="0">
   <testsuite name="Pre-regist OPD" tests="1" failures="0" errors="0" time="86.332" skipped="0" timestamp="2021-08-31 10:48:10" hostname="rezaa - LAPTOP-L0M8DJBN.local" id="Test Suites/Run Pre-regist OPD/Pre-regist OPD">
      <properties>
         <property name="deviceName" value=""/>
         <property name="devicePlatform" value=""/>
         <property name="logFolder" value="D:\\MySiloam\\Reports\\20210831_104757\\Run Pre-regist OPD\\Pre-regist OPD\\20210831_104757"/>
         <property name="logFiles" value="D:\\MySiloam\\Reports\\20210831_104757\\Run Pre-regist OPD\\Pre-regist OPD\\20210831_104757\\execution0.log"/>
         <property name="attachments" value=""/>
         <property name="hostName" value="rezaa - LAPTOP-L0M8DJBN.local"/>
         <property name="os" value="Windows 10 64bit"/>
         <property name="katalonVersion" value="8.1.0.208"/>
         <property name="browser" value="Chrome 92.0.4515.159"/>
         <property name="hostAddress" value="192.168.1.8"/>
         <property name="sessionId" value="9f1649323464e5c2109f47445fcb5765"/>
         <property name="seleniumVersion" value="3.141.59"/>
         <property name="proxyInformation" value="ProxyInformation { proxyOption=NO_PROXY, proxyServerType=HTTP, username=, password=********, proxyServerAddress=, proxyServerPort=0, executionList=&quot;&quot;, isApplyToDesiredCapabilities=true }"/>
         <property name="platform" value="Windows 10"/>
      </properties>
      <testcase name="Test Cases/Pre-regis OPD/appointment microsite" time="84.928" classname="Test Cases/Pre-regis OPD/appointment microsite" status="PASSED">
         <system-out><![CDATA[2021-08-31 10:48:11 - [TEST_CASE][PASSED] - Test Cases/Pre-regis OPD/appointment microsite: Test Cases/Pre-regis OPD/appointment microsite

2021-08-31 10:48:11 - [TEST_STEP][PASSED] - openBrowser(""): Browser is opened with url: ''

2021-08-31 10:48:11 - [MESSAGE][INFO] - Starting 'Chrome' driver

2021-08-31 10:48:11 - [MESSAGE][INFO] - Action delay is set to 0 milliseconds

2021-08-31 10:48:13 - [MESSAGE][PASSED] - Browser is opened with url: ''

2021-08-31 10:48:13 - [TEST_STEP][PASSED] - navigateToUrl("http://10.85.139.12/appointment-microsite/"): Navigate to 'http://10.85.139.12/appointment-microsite/' successfully

2021-08-31 10:48:15 - [MESSAGE][PASSED] - Navigate to 'http://10.85.139.12/appointment-microsite/' successfully

2021-08-31 10:48:15 - [TEST_STEP][PASSED] - maximizeWindow(): Current window maximized

2021-08-31 10:48:15 - [MESSAGE][PASSED] - Current window maximized

2021-08-31 10:48:15 - [TEST_STEP][PASSED] - waitForElementVisible(findTestObject("Pre-regist OPD/Page_Cari Jadwal  Buat Janji dengan Dokter _791af4/button_Cari"), 120): Object 'Object Repository/Pre-regist OPD/Page_Cari Jadwal  Buat Janji dengan Dokter _791af4/button_Cari' is visible

2021-08-31 10:48:16 - [MESSAGE][PASSED] - Object 'Object Repository/Pre-regist OPD/Page_Cari Jadwal  Buat Janji dengan Dokter _791af4/button_Cari' is visible

2021-08-31 10:48:16 - [TEST_STEP][PASSED] - delay(1): Delayed 1 second(s)

2021-08-31 10:48:17 - [MESSAGE][PASSED] - Delayed 1 second(s)

2021-08-31 10:48:17 - [TEST_STEP][PASSED] - click(findTestObject("Object Repository/Pre-regist OPD/Page_Cari Jadwal  Buat Janji dengan Dokter _791af4/input_Nama Dokter")): Object: 'Object Repository/Pre-regist OPD/Page_Cari Jadwal  Buat Janji dengan Dokter _791af4/input_Nama Dokter' is clicked on

2021-08-31 10:48:17 - [MESSAGE][PASSED] - Object: 'Object Repository/Pre-regist OPD/Page_Cari Jadwal  Buat Janji dengan Dokter _791af4/input_Nama Dokter' is clicked on

2021-08-31 10:48:17 - [TEST_STEP][PASSED] - setText(findTestObject("Object Repository/Pre-regist OPD/Page_Cari Jadwal  Buat Janji dengan Dokter _791af4/input_Nama Dokter"), NamaDokter): Text 'john c. p. butar' is set on object 'Object Repository/Pre-regist OPD/Page_Cari Jadwal  Buat Janji dengan Dokter _791af4/input_Nama Dokter'

2021-08-31 10:48:18 - [MESSAGE][PASSED] - Text 'john c. p. butar' is set on object 'Object Repository/Pre-regist OPD/Page_Cari Jadwal  Buat Janji dengan Dokter _791af4/input_Nama Dokter'

2021-08-31 10:48:18 - [TEST_STEP][PASSED] - delay(2): Delayed 2 second(s)

2021-08-31 10:48:20 - [MESSAGE][PASSED] - Delayed 2 second(s)

2021-08-31 10:48:20 - [TEST_STEP][PASSED] - click(findTestObject("Pre-regist OPD/Page_Cari Jadwal  Buat Janji dengan Dokter _791af4/klik nama dokter")): Object: 'Object Repository/Pre-regist OPD/Page_Cari Jadwal  Buat Janji dengan Dokter _791af4/klik nama dokter' is clicked on

2021-08-31 10:48:20 - [MESSAGE][PASSED] - Object: 'Object Repository/Pre-regist OPD/Page_Cari Jadwal  Buat Janji dengan Dokter _791af4/klik nama dokter' is clicked on

2021-08-31 10:48:20 - [TEST_STEP][PASSED] - delay(2): Delayed 2 second(s)

2021-08-31 10:48:22 - [MESSAGE][PASSED] - Delayed 2 second(s)

2021-08-31 10:48:22 - [TEST_STEP][PASSED] - click(findTestObject("Object Repository/Pre-regist OPD/Page_Cari Jadwal  Buat Janji dengan Dokter _791af4/button_Cari")): Object: 'Object Repository/Pre-regist OPD/Page_Cari Jadwal  Buat Janji dengan Dokter _791af4/button_Cari' is clicked on

2021-08-31 10:48:22 - [MESSAGE][PASSED] - Object: 'Object Repository/Pre-regist OPD/Page_Cari Jadwal  Buat Janji dengan Dokter _791af4/button_Cari' is clicked on

2021-08-31 10:48:22 - [TEST_STEP][PASSED] - waitForElementVisible(findTestObject("Pre-regist OPD/Page_Cari Jadwal Praktek Dr. dr. John C. P._b32dd8/button_Buat Janji Temu"), 120): Object 'Object Repository/Pre-regist OPD/Page_Cari Jadwal Praktek Dr. dr. John C. P._b32dd8/button_Buat Janji Temu' is visible

2021-08-31 10:48:23 - [MESSAGE][PASSED] - Object 'Object Repository/Pre-regist OPD/Page_Cari Jadwal Praktek Dr. dr. John C. P._b32dd8/button_Buat Janji Temu' is visible

2021-08-31 10:48:23 - [TEST_STEP][PASSED] - click(findTestObject("Object Repository/Pre-regist OPD/Page_Cari Jadwal Praktek Dr. dr. John C. P._b32dd8/button_Buat Janji Temu")): Object: 'Object Repository/Pre-regist OPD/Page_Cari Jadwal Praktek Dr. dr. John C. P._b32dd8/button_Buat Janji Temu' is clicked on

2021-08-31 10:48:24 - [MESSAGE][PASSED] - Object: 'Object Repository/Pre-regist OPD/Page_Cari Jadwal Praktek Dr. dr. John C. P._b32dd8/button_Buat Janji Temu' is clicked on

2021-08-31 10:48:24 - [TEST_STEP][PASSED] - delay(1): Delayed 1 second(s)

2021-08-31 10:48:25 - [MESSAGE][PASSED] - Delayed 1 second(s)

2021-08-31 10:48:25 - [TEST_STEP][PASSED] - waitForElementVisible(findTestObject("Pre-regist OPD/Page_Buat Janji Dengan Dr. dr. John C. P. B_f26caf/pilih tanggal"), 30): Object 'Object Repository/Pre-regist OPD/Page_Buat Janji Dengan Dr. dr. John C. P. B_f26caf/pilih tanggal' is visible

2021-08-31 10:48:25 - [MESSAGE][PASSED] - Object 'Object Repository/Pre-regist OPD/Page_Buat Janji Dengan Dr. dr. John C. P. B_f26caf/pilih tanggal' is visible

2021-08-31 10:48:25 - [TEST_STEP][PASSED] - scrollToElement(findTestObject("Pre-regist OPD/Page_Buat Janji Dengan Dr. dr. John C. P. B_f26caf/pilih tanggal"), 30): Scroll to object 'Object Repository/Pre-regist OPD/Page_Buat Janji Dengan Dr. dr. John C. P. B_f26caf/pilih tanggal' successfully

2021-08-31 10:48:25 - [MESSAGE][PASSED] - Scroll to object 'Object Repository/Pre-regist OPD/Page_Buat Janji Dengan Dr. dr. John C. P. B_f26caf/pilih tanggal' successfully

2021-08-31 10:48:25 - [TEST_STEP][NOT_RUN] - if (TanggalJanji != "0"): NOT_RUN: if (TanggalJanji != "0")

2021-08-31 10:48:25 - [MESSAGE][NOT_RUN] - NOT_RUN: if (TanggalJanji != "0")

2021-08-31 10:48:25 - [TEST_STEP][PASSED] - click(findTestObject("Object Repository/Pre-regist OPD/Page_Buat Janji Dengan Dr. dr. John C. P. B_f26caf/span_31")): Object: 'Object Repository/Pre-regist OPD/Page_Buat Janji Dengan Dr. dr. John C. P. B_f26caf/span_31' is clicked on

2021-08-31 10:48:26 - [MESSAGE][PASSED] - Object: 'Object Repository/Pre-regist OPD/Page_Buat Janji Dengan Dr. dr. John C. P. B_f26caf/span_31' is clicked on

2021-08-31 10:48:26 - [TEST_STEP][PASSED] - delay(1): Delayed 1 second(s)

2021-08-31 10:48:27 - [MESSAGE][PASSED] - Delayed 1 second(s)

2021-08-31 10:48:27 - [TEST_STEP][PASSED] - click(findTestObject("Pre-regist OPD/Page_Buat Janji Dengan Dr. dr. John C. P. B_f26caf/pilih jam")): Object: 'Object Repository/Pre-regist OPD/Page_Buat Janji Dengan Dr. dr. John C. P. B_f26caf/pilih jam' is clicked on

2021-08-31 10:48:27 - [MESSAGE][PASSED] - Object: 'Object Repository/Pre-regist OPD/Page_Buat Janji Dengan Dr. dr. John C. P. B_f26caf/pilih jam' is clicked on

2021-08-31 10:48:27 - [TEST_STEP][PASSED] - click(findTestObject("Object Repository/Pre-regist OPD/Page_Buat Janji Dengan Dr. dr. John C. P. B_f26caf/button_Lanjut")): Object: 'Object Repository/Pre-regist OPD/Page_Buat Janji Dengan Dr. dr. John C. P. B_f26caf/button_Lanjut' is clicked on

2021-08-31 10:48:28 - [MESSAGE][PASSED] - Object: 'Object Repository/Pre-regist OPD/Page_Buat Janji Dengan Dr. dr. John C. P. B_f26caf/button_Lanjut' is clicked on

2021-08-31 10:48:28 - [TEST_STEP][PASSED] - delay(1): Delayed 1 second(s)

2021-08-31 10:48:29 - [MESSAGE][PASSED] - Delayed 1 second(s)

2021-08-31 10:48:29 - [TEST_STEP][PASSED] - if (Reservasi == "Orang lain"): null

2021-08-31 10:48:29 - [TEST_STEP][PASSED] - else if (Reservasi == "Diri Sendiri"): Delayed 5 second(s)

2021-08-31 10:48:29 - [TEST_STEP][PASSED] - delay(1): Delayed 1 second(s)

2021-08-31 10:48:30 - [MESSAGE][PASSED] - Delayed 1 second(s)

2021-08-31 10:48:30 - [TEST_STEP][PASSED] - click(findTestObject("Pre-regist OPD/Page_Buat Janji Dengan Dr. dr. John C. P. B_f26caf/reservasi diri sendiri")): Object: 'Object Repository/Pre-regist OPD/Page_Buat Janji Dengan Dr. dr. John C. P. B_f26caf/reservasi diri sendiri' is clicked on

2021-08-31 10:48:30 - [MESSAGE][PASSED] - Object: 'Object Repository/Pre-regist OPD/Page_Buat Janji Dengan Dr. dr. John C. P. B_f26caf/reservasi diri sendiri' is clicked on

2021-08-31 10:48:30 - [TEST_STEP][PASSED] - delay(1): Delayed 1 second(s)

2021-08-31 10:48:31 - [MESSAGE][PASSED] - Delayed 1 second(s)

2021-08-31 10:48:31 - [TEST_STEP][PASSED] - if (PernahBerobat == "Pernah"): null

2021-08-31 10:48:31 - [TEST_STEP][PASSED] - click(findTestObject("Pre-regist OPD/identitas/klik kartu identitas")): Object: 'Object Repository/Pre-regist OPD/identitas/klik kartu identitas' is clicked on

2021-08-31 10:48:32 - [MESSAGE][PASSED] - Object: 'Object Repository/Pre-regist OPD/identitas/klik kartu identitas' is clicked on

2021-08-31 10:48:32 - [TEST_STEP][PASSED] - delay(1): Delayed 1 second(s)

2021-08-31 10:48:33 - [MESSAGE][PASSED] - Delayed 1 second(s)

2021-08-31 10:48:33 - [TEST_STEP][PASSED] - if (Identitas == "KTP"): Delayed 1 second(s)

2021-08-31 10:48:33 - [TEST_STEP][PASSED] - click(findTestObject("Pre-regist OPD/identitas/KTP")): Object: 'Object Repository/Pre-regist OPD/identitas/KTP' is clicked on

2021-08-31 10:48:33 - [MESSAGE][PASSED] - Object: 'Object Repository/Pre-regist OPD/identitas/KTP' is clicked on

2021-08-31 10:48:33 - [TEST_STEP][PASSED] - delay(1): Delayed 1 second(s)

2021-08-31 10:48:34 - [MESSAGE][PASSED] - Delayed 1 second(s)

2021-08-31 10:48:34 - [TEST_STEP][PASSED] - setText(findTestObject("Pre-regist OPD/identitas/input__identitas"), NoIdentitas): Text '4324324324324230' is set on object 'Object Repository/Pre-regist OPD/identitas/input__identitas'

2021-08-31 10:48:35 - [MESSAGE][PASSED] - Text '4324324324324230' is set on object 'Object Repository/Pre-regist OPD/identitas/input__identitas'

2021-08-31 10:48:35 - [TEST_STEP][PASSED] - delay(1): Delayed 1 second(s)

2021-08-31 10:48:36 - [MESSAGE][PASSED] - Delayed 1 second(s)

2021-08-31 10:48:36 - [TEST_STEP][PASSED] - uploadFile(findTestObject("Pre-regist OPD/identitas/button_unggah kartu identitas"), "D:\MySiloam\Upload foto\download.jpg"): File 'D:\MySiloam\Upload foto\download.jpg' sent to object: 'Object Repository/Pre-regist OPD/identitas/button_unggah kartu identitas'

2021-08-31 10:48:36 - [MESSAGE][PASSED] - File 'D:\MySiloam\Upload foto\download.jpg' sent to object: 'Object Repository/Pre-regist OPD/identitas/button_unggah kartu identitas'

2021-08-31 10:48:36 - [TEST_STEP][PASSED] - delay(1): Delayed 1 second(s)

2021-08-31 10:48:37 - [MESSAGE][PASSED] - Delayed 1 second(s)

2021-08-31 10:48:37 - [TEST_STEP][PASSED] - scrollToElement(findTestObject("Pre-regist OPD/identitas/button_unggah kartu identitas"), 30): Scroll to object 'Object Repository/Pre-regist OPD/identitas/button_unggah kartu identitas' successfully

2021-08-31 10:48:38 - [MESSAGE][PASSED] - Scroll to object 'Object Repository/Pre-regist OPD/identitas/button_unggah kartu identitas' successfully

2021-08-31 10:48:38 - [TEST_STEP][PASSED] - setText(findTestObject("Pre-regist OPD/Page_Buat Janji Dengan Dr. dr. John C. P. B_f26caf/input_nama lengkap"), NamaLengkap): Text 'test data' is set on object 'Object Repository/Pre-regist OPD/Page_Buat Janji Dengan Dr. dr. John C. P. B_f26caf/input_nama lengkap'

2021-08-31 10:48:38 - [MESSAGE][PASSED] - Text 'test data' is set on object 'Object Repository/Pre-regist OPD/Page_Buat Janji Dengan Dr. dr. John C. P. B_f26caf/input_nama lengkap'

2021-08-31 10:48:38 - [TEST_STEP][PASSED] - delay(1): Delayed 1 second(s)

2021-08-31 10:48:39 - [MESSAGE][PASSED] - Delayed 1 second(s)

2021-08-31 10:48:39 - [TEST_STEP][PASSED] - click(findTestObject("Pre-regist OPD/Page_Buat Janji Dengan Dr. dr. John C. P. B_f26caf/pilih jenis kelamin")): Object: 'Object Repository/Pre-regist OPD/Page_Buat Janji Dengan Dr. dr. John C. P. B_f26caf/pilih jenis kelamin' is clicked on

2021-08-31 10:48:40 - [MESSAGE][PASSED] - Object: 'Object Repository/Pre-regist OPD/Page_Buat Janji Dengan Dr. dr. John C. P. B_f26caf/pilih jenis kelamin' is clicked on

2021-08-31 10:48:40 - [TEST_STEP][PASSED] - if (JenisKelamin == "Pria"): Delayed 1 second(s)

2021-08-31 10:48:40 - [TEST_STEP][PASSED] - click(findTestObject("Pre-regist OPD/Page_Buat Janji Dengan Dr. dr. John C. P. B_f26caf/pria")): Object: 'Object Repository/Pre-regist OPD/Page_Buat Janji Dengan Dr. dr. John C. P. B_f26caf/pria' is clicked on

2021-08-31 10:48:40 - [MESSAGE][PASSED] - Object: 'Object Repository/Pre-regist OPD/Page_Buat Janji Dengan Dr. dr. John C. P. B_f26caf/pria' is clicked on

2021-08-31 10:48:40 - [TEST_STEP][PASSED] - delay(1): Delayed 1 second(s)

2021-08-31 10:48:41 - [MESSAGE][PASSED] - Delayed 1 second(s)

2021-08-31 10:48:41 - [TEST_STEP][PASSED] - click(findTestObject("Object Repository/Pre-regist OPD/Page_Buat Janji Dengan Dr. dr. John C. P. B_f26caf/input__date")): Object: 'Object Repository/Pre-regist OPD/Page_Buat Janji Dengan Dr. dr. John C. P. B_f26caf/input__date' is clicked on

2021-08-31 10:48:41 - [MESSAGE][PASSED] - Object: 'Object Repository/Pre-regist OPD/Page_Buat Janji Dengan Dr. dr. John C. P. B_f26caf/input__date' is clicked on

2021-08-31 10:48:41 - [TEST_STEP][PASSED] - setText(findTestObject("Pre-regist OPD/Page_Buat Janji Dengan Dr. dr. John C. P. B_f26caf/input tanggal pernah"), TanggalLahir): Text '1' is set on object 'Object Repository/Pre-regist OPD/Page_Buat Janji Dengan Dr. dr. John C. P. B_f26caf/input tanggal pernah'

2021-08-31 10:48:42 - [MESSAGE][PASSED] - Text '1' is set on object 'Object Repository/Pre-regist OPD/Page_Buat Janji Dengan Dr. dr. John C. P. B_f26caf/input tanggal pernah'

2021-08-31 10:48:42 - [TEST_STEP][PASSED] - click(findTestObject("Pre-regist OPD/Page_Buat Janji Dengan Dr. dr. John C. P. B_f26caf/klik tanggal sendiri-tidak")): Object: 'Object Repository/Pre-regist OPD/Page_Buat Janji Dengan Dr. dr. John C. P. B_f26caf/klik tanggal sendiri-tidak' is clicked on

2021-08-31 10:48:43 - [MESSAGE][PASSED] - Object: 'Object Repository/Pre-regist OPD/Page_Buat Janji Dengan Dr. dr. John C. P. B_f26caf/klik tanggal sendiri-tidak' is clicked on

2021-08-31 10:48:43 - [TEST_STEP][PASSED] - click(findTestObject("Object Repository/Pre-regist OPD/Page_Buat Janji Dengan Dr. dr. John C. P. B_f26caf/input__month")): Object: 'Object Repository/Pre-regist OPD/Page_Buat Janji Dengan Dr. dr. John C. P. B_f26caf/input__month' is clicked on

2021-08-31 10:48:43 - [MESSAGE][PASSED] - Object: 'Object Repository/Pre-regist OPD/Page_Buat Janji Dengan Dr. dr. John C. P. B_f26caf/input__month' is clicked on

2021-08-31 10:48:43 - [TEST_STEP][PASSED] - setText(findTestObject("Pre-regist OPD/Page_Buat Janji Dengan Dr. dr. John C. P. B_f26caf/input bulan lahir"), BulanLahir): Text 'Januari' is set on object 'Object Repository/Pre-regist OPD/Page_Buat Janji Dengan Dr. dr. John C. P. B_f26caf/input bulan lahir'

2021-08-31 10:48:44 - [MESSAGE][PASSED] - Text 'Januari' is set on object 'Object Repository/Pre-regist OPD/Page_Buat Janji Dengan Dr. dr. John C. P. B_f26caf/input bulan lahir'

2021-08-31 10:48:44 - [TEST_STEP][PASSED] - click(findTestObject("Pre-regist OPD/Page_Buat Janji Dengan Dr. dr. John C. P. B_f26caf/pilih bulan sendiri-tidak")): Object: 'Object Repository/Pre-regist OPD/Page_Buat Janji Dengan Dr. dr. John C. P. B_f26caf/pilih bulan sendiri-tidak' is clicked on

2021-08-31 10:48:44 - [MESSAGE][PASSED] - Object: 'Object Repository/Pre-regist OPD/Page_Buat Janji Dengan Dr. dr. John C. P. B_f26caf/pilih bulan sendiri-tidak' is clicked on

2021-08-31 10:48:44 - [TEST_STEP][PASSED] - click(findTestObject("Object Repository/Pre-regist OPD/Page_Buat Janji Dengan Dr. dr. John C. P. B_f26caf/input__year")): Object: 'Object Repository/Pre-regist OPD/Page_Buat Janji Dengan Dr. dr. John C. P. B_f26caf/input__year' is clicked on

2021-08-31 10:48:44 - [MESSAGE][PASSED] - Object: 'Object Repository/Pre-regist OPD/Page_Buat Janji Dengan Dr. dr. John C. P. B_f26caf/input__year' is clicked on

2021-08-31 10:48:44 - [TEST_STEP][PASSED] - setText(findTestObject("Pre-regist OPD/Page_Buat Janji Dengan Dr. dr. John C. P. B_f26caf/input_tahun lahir"), TahunLahir): Text '1991' is set on object 'Object Repository/Pre-regist OPD/Page_Buat Janji Dengan Dr. dr. John C. P. B_f26caf/input_tahun lahir'

2021-08-31 10:48:45 - [MESSAGE][PASSED] - Text '1991' is set on object 'Object Repository/Pre-regist OPD/Page_Buat Janji Dengan Dr. dr. John C. P. B_f26caf/input_tahun lahir'

2021-08-31 10:48:45 - [TEST_STEP][PASSED] - click(findTestObject("Pre-regist OPD/Page_Buat Janji Dengan Dr. dr. John C. P. B_f26caf/pilih tahun sendiri-tidak")): Object: 'Object Repository/Pre-regist OPD/Page_Buat Janji Dengan Dr. dr. John C. P. B_f26caf/pilih tahun sendiri-tidak' is clicked on

2021-08-31 10:48:46 - [MESSAGE][PASSED] - Object: 'Object Repository/Pre-regist OPD/Page_Buat Janji Dengan Dr. dr. John C. P. B_f26caf/pilih tahun sendiri-tidak' is clicked on

2021-08-31 10:48:46 - [TEST_STEP][PASSED] - setText(findTestObject("Object Repository/Pre-regist OPD/Page_Buat Janji Dengan Dr. dr. John C. P. B_f26caf/input__email"), Email): Text 'Robot@testing.com' is set on object 'Object Repository/Pre-regist OPD/Page_Buat Janji Dengan Dr. dr. John C. P. B_f26caf/input__email'

2021-08-31 10:48:46 - [MESSAGE][PASSED] - Text 'Robot@testing.com' is set on object 'Object Repository/Pre-regist OPD/Page_Buat Janji Dengan Dr. dr. John C. P. B_f26caf/input__email'

2021-08-31 10:48:46 - [TEST_STEP][PASSED] - delay(1): Delayed 1 second(s)

2021-08-31 10:48:47 - [MESSAGE][PASSED] - Delayed 1 second(s)

2021-08-31 10:48:47 - [TEST_STEP][PASSED] - setText(findTestObject("Object Repository/Pre-regist OPD/Page_Buat Janji Dengan Dr. dr. John C. P. B_f26caf/input_land Islands_telephone"), NoHP): Text '64564564564' is set on object 'Object Repository/Pre-regist OPD/Page_Buat Janji Dengan Dr. dr. John C. P. B_f26caf/input_land Islands_telephone'

2021-08-31 10:48:48 - [MESSAGE][PASSED] - Text '64564564564' is set on object 'Object Repository/Pre-regist OPD/Page_Buat Janji Dengan Dr. dr. John C. P. B_f26caf/input_land Islands_telephone'

2021-08-31 10:48:48 - [TEST_STEP][PASSED] - delay(1): Delayed 1 second(s)

2021-08-31 10:48:49 - [MESSAGE][PASSED] - Delayed 1 second(s)

2021-08-31 10:48:49 - [TEST_STEP][PASSED] - click(findTestObject("Pre-regist OPD/Page_Buat Janji Dengan Dr. dr. John C. P. B_f26caf/button_Lanjut dirisendiri")): Object: 'Object Repository/Pre-regist OPD/Page_Buat Janji Dengan Dr. dr. John C. P. B_f26caf/button_Lanjut dirisendiri' is clicked on

2021-08-31 10:48:50 - [MESSAGE][PASSED] - Object: 'Object Repository/Pre-regist OPD/Page_Buat Janji Dengan Dr. dr. John C. P. B_f26caf/button_Lanjut dirisendiri' is clicked on

2021-08-31 10:48:50 - [TEST_STEP][PASSED] - waitForElementVisible(findTestObject("Pre-regist OPD/modal/modal popup"), 30): Object 'Object Repository/Pre-regist OPD/modal/modal popup' is visible

2021-08-31 10:48:50 - [MESSAGE][PASSED] - Object 'Object Repository/Pre-regist OPD/modal/modal popup' is visible

2021-08-31 10:48:50 - [TEST_STEP][PASSED] - scrollToElement(findTestObject("Pre-regist OPD/modal/saya menyatakan dirisendiri-tidak pernah"), 30): Scroll to object 'Object Repository/Pre-regist OPD/modal/saya menyatakan dirisendiri-tidak pernah' successfully

2021-08-31 10:48:50 - [MESSAGE][PASSED] - Scroll to object 'Object Repository/Pre-regist OPD/modal/saya menyatakan dirisendiri-tidak pernah' successfully

2021-08-31 10:48:50 - [TEST_STEP][PASSED] - delay(1): Delayed 1 second(s)

2021-08-31 10:48:51 - [MESSAGE][PASSED] - Delayed 1 second(s)

2021-08-31 10:48:51 - [TEST_STEP][PASSED] - click(findTestObject("Pre-regist OPD/modal/saya menyatakan dirisendiri-tidak pernah")): Object: 'Object Repository/Pre-regist OPD/modal/saya menyatakan dirisendiri-tidak pernah' is clicked on

2021-08-31 10:48:52 - [MESSAGE][PASSED] - Object: 'Object Repository/Pre-regist OPD/modal/saya menyatakan dirisendiri-tidak pernah' is clicked on

2021-08-31 10:48:52 - [TEST_STEP][PASSED] - delay(1): Delayed 1 second(s)

2021-08-31 10:48:53 - [MESSAGE][PASSED] - Delayed 1 second(s)

2021-08-31 10:48:53 - [TEST_STEP][PASSED] - if (KonfirmasiData == "Konfirmasi"): Delayed 3 second(s)

2021-08-31 10:48:53 - [TEST_STEP][PASSED] - click(findTestObject("Pre-regist OPD/modal/button_Konfirmasi")): Object: 'Object Repository/Pre-regist OPD/modal/button_Konfirmasi' is clicked on

2021-08-31 10:48:53 - [MESSAGE][PASSED] - Object: 'Object Repository/Pre-regist OPD/modal/button_Konfirmasi' is clicked on

2021-08-31 10:48:53 - [TEST_STEP][PASSED] - delay(3): Delayed 3 second(s)

2021-08-31 10:48:56 - [MESSAGE][PASSED] - Delayed 3 second(s)

2021-08-31 10:48:56 - [TEST_STEP][PASSED] - navigateToUrl("http://10.85.139.13:1252/pre-registration"): Navigate to 'http://10.85.139.13:1252/pre-registration' successfully

2021-08-31 10:48:59 - [MESSAGE][PASSED] - Navigate to 'http://10.85.139.13:1252/pre-registration' successfully

2021-08-31 10:48:59 - [TEST_STEP][PASSED] - waitForElementVisible(findTestObject("Pre-regist OPD/FO/button_Sign In FO OPD"), 30): Object 'Object Repository/Pre-regist OPD/FO/button_Sign In FO OPD' is visible

2021-08-31 10:49:20 - [MESSAGE][PASSED] - Object 'Object Repository/Pre-regist OPD/FO/button_Sign In FO OPD' is visible

2021-08-31 10:49:20 - [TEST_STEP][PASSED] - setText(findTestObject("Pre-regist OPD/FO/input_Username_username FO OPD"), Username): Text 'albert.aswindra' is set on object 'Object Repository/Pre-regist OPD/FO/input_Username_username FO OPD'

2021-08-31 10:49:21 - [MESSAGE][PASSED] - Text 'albert.aswindra' is set on object 'Object Repository/Pre-regist OPD/FO/input_Username_username FO OPD'

2021-08-31 10:49:21 - [TEST_STEP][PASSED] - delay(1): Delayed 1 second(s)

2021-08-31 10:49:22 - [MESSAGE][PASSED] - Delayed 1 second(s)

2021-08-31 10:49:22 - [TEST_STEP][PASSED] - setText(findTestObject("Pre-regist OPD/FO/input_Password_password FO OPD"), Password): Text 'al12345678' is set on object 'Object Repository/Pre-regist OPD/FO/input_Password_password FO OPD'

2021-08-31 10:49:23 - [MESSAGE][PASSED] - Text 'al12345678' is set on object 'Object Repository/Pre-regist OPD/FO/input_Password_password FO OPD'

2021-08-31 10:49:23 - [TEST_STEP][PASSED] - delay(1): Delayed 1 second(s)

2021-08-31 10:49:24 - [MESSAGE][PASSED] - Delayed 1 second(s)

2021-08-31 10:49:24 - [TEST_STEP][PASSED] - click(findTestObject("Pre-regist OPD/FO/button_Sign In FO OPD")): Object: 'Object Repository/Pre-regist OPD/FO/button_Sign In FO OPD' is clicked on

2021-08-31 10:49:24 - [MESSAGE][PASSED] - Object: 'Object Repository/Pre-regist OPD/FO/button_Sign In FO OPD' is clicked on

2021-08-31 10:49:24 - [TEST_STEP][PASSED] - waitForElementVisible(findTestObject("Pre-regist OPD/FO/input name FO"), 120): Object 'Object Repository/Pre-regist OPD/FO/input name FO' is visible

2021-08-31 10:49:25 - [MESSAGE][PASSED] - Object 'Object Repository/Pre-regist OPD/FO/input name FO' is visible

2021-08-31 10:49:25 - [TEST_STEP][PASSED] - click(findTestObject("Pre-regist OPD/FO/delete tanggal FO")): Object: 'Object Repository/Pre-regist OPD/FO/delete tanggal FO' is clicked on

2021-08-31 10:49:26 - [MESSAGE][PASSED] - Object: 'Object Repository/Pre-regist OPD/FO/delete tanggal FO' is clicked on

2021-08-31 10:49:26 - [TEST_STEP][PASSED] - delay(1): Delayed 1 second(s)

2021-08-31 10:49:27 - [MESSAGE][PASSED] - Delayed 1 second(s)

2021-08-31 10:49:27 - [TEST_STEP][PASSED] - setText(findTestObject("Pre-regist OPD/FO/input tanggal FO"), TanggalFO): Text '31/08/2021 - 31/08/2021' is set on object 'Object Repository/Pre-regist OPD/FO/input tanggal FO'

2021-08-31 10:49:27 - [MESSAGE][PASSED] - Text '31/08/2021 - 31/08/2021' is set on object 'Object Repository/Pre-regist OPD/FO/input tanggal FO'

2021-08-31 10:49:27 - [TEST_STEP][PASSED] - delay(1): Delayed 1 second(s)

2021-08-31 10:49:28 - [MESSAGE][PASSED] - Delayed 1 second(s)

2021-08-31 10:49:28 - [TEST_STEP][PASSED] - setText(findTestObject("Pre-regist OPD/FO/input name FO"), NamaLengkap): Text 'test data' is set on object 'Object Repository/Pre-regist OPD/FO/input name FO'

2021-08-31 10:49:29 - [MESSAGE][PASSED] - Text 'test data' is set on object 'Object Repository/Pre-regist OPD/FO/input name FO'

2021-08-31 10:49:29 - [TEST_STEP][PASSED] - delay(1): Delayed 1 second(s)

2021-08-31 10:49:30 - [MESSAGE][PASSED] - Delayed 1 second(s)

2021-08-31 10:49:30 - [TEST_STEP][PASSED] - click(findTestObject("Pre-regist OPD/FO/klik update FO")): Object: 'Object Repository/Pre-regist OPD/FO/klik update FO' is clicked on

2021-08-31 10:49:31 - [MESSAGE][PASSED] - Object: 'Object Repository/Pre-regist OPD/FO/klik update FO' is clicked on

2021-08-31 10:49:31 - [TEST_STEP][PASSED] - delay(5): Delayed 5 second(s)

2021-08-31 10:49:36 - [MESSAGE][PASSED] - Delayed 5 second(s)]]></system-out>
         <system-err><![CDATA[]]></system-err>
      </testcase>
      <system-out><![CDATA[2021-08-31 10:48:10 - [TEST_SUITE][PASSED] - Pre-regist OPD: Test Cases/Pre-regis OPD/appointment microsite]]></system-out>
      <system-err><![CDATA[]]></system-err>
   </testsuite>
</testsuites>
