<?xml version="1.0" encoding="UTF-8"?>
<testsuites name="Pre-regist OPD" time="66.022" tests="1" failures="0" errors="0">
   <testsuite name="Pre-regist OPD" tests="1" failures="0" errors="0" time="66.022" skipped="0" timestamp="2021-09-02 09:16:20" hostname="rezaa - LAPTOP-L0M8DJBN.local" id="Test Suites/Run Pre-regist OPD/Pre-regist OPD">
      <properties>
         <property name="deviceName" value=""/>
         <property name="devicePlatform" value=""/>
         <property name="logFolder" value="D:\\MySiloam\\Reports\\20210902_091607\\Run Pre-regist OPD\\Pre-regist OPD\\20210902_091607"/>
         <property name="logFiles" value="D:\\MySiloam\\Reports\\20210902_091607\\Run Pre-regist OPD\\Pre-regist OPD\\20210902_091607\\execution0.log"/>
         <property name="attachments" value=""/>
         <property name="hostName" value="rezaa - LAPTOP-L0M8DJBN.local"/>
         <property name="os" value="Windows 10 64bit"/>
         <property name="katalonVersion" value="8.1.0.208"/>
         <property name="browser" value="Chrome 92.0.4515.159"/>
         <property name="hostAddress" value="192.168.1.8"/>
         <property name="sessionId" value="9145cc52ead5c398c9bf5440932326a1"/>
         <property name="seleniumVersion" value="3.141.59"/>
         <property name="proxyInformation" value="ProxyInformation { proxyOption=NO_PROXY, proxyServerType=HTTP, username=, password=********, proxyServerAddress=, proxyServerPort=0, executionList=&quot;&quot;, isApplyToDesiredCapabilities=true }"/>
         <property name="platform" value="Windows 10"/>
      </properties>
      <testcase name="Test Cases/Pre-regis OPD/FO/FO - patient data" time="64.644" classname="Test Cases/Pre-regis OPD/FO/FO - patient data" status="PASSED">
         <system-out><![CDATA[2021-09-02 09:16:21 - [TEST_CASE][PASSED] - Test Cases/Pre-regis OPD/FO/FO - patient data: Test Cases/Pre-regis OPD/FO/FO - patient data

2021-09-02 09:16:21 - [TEST_STEP][PASSED] - openBrowser(""): Browser is opened with url: ''

2021-09-02 09:16:21 - [MESSAGE][INFO] - Starting 'Chrome' driver

2021-09-02 09:16:21 - [MESSAGE][INFO] - Action delay is set to 0 milliseconds

2021-09-02 09:16:23 - [MESSAGE][PASSED] - Browser is opened with url: ''

2021-09-02 09:16:23 - [TEST_STEP][PASSED] - navigateToUrl("http://10.85.139.13:1252/pre-registration"): Navigate to 'http://10.85.139.13:1252/pre-registration' successfully

2021-09-02 09:16:25 - [MESSAGE][PASSED] - Navigate to 'http://10.85.139.13:1252/pre-registration' successfully

2021-09-02 09:16:25 - [TEST_STEP][PASSED] - maximizeWindow(): Current window maximized

2021-09-02 09:16:25 - [MESSAGE][PASSED] - Current window maximized

2021-09-02 09:16:25 - [TEST_STEP][PASSED] - waitForElementVisible(findTestObject("Pre-regist OPD/FO/button_Sign In FO OPD"), 5): Object 'Object Repository/Pre-regist OPD/FO/button_Sign In FO OPD' is visible

2021-09-02 09:16:46 - [MESSAGE][PASSED] - Object 'Object Repository/Pre-regist OPD/FO/button_Sign In FO OPD' is visible

2021-09-02 09:16:46 - [TEST_STEP][PASSED] - setText(findTestObject("Pre-regist OPD/FO/input_Username_username FO OPD"), Username): Text 'albert.aswindra' is set on object 'Object Repository/Pre-regist OPD/FO/input_Username_username FO OPD'

2021-09-02 09:16:47 - [MESSAGE][PASSED] - Text 'albert.aswindra' is set on object 'Object Repository/Pre-regist OPD/FO/input_Username_username FO OPD'

2021-09-02 09:16:47 - [TEST_STEP][PASSED] - delay(1): Delayed 1 second(s)

2021-09-02 09:16:48 - [MESSAGE][PASSED] - Delayed 1 second(s)

2021-09-02 09:16:48 - [TEST_STEP][PASSED] - setText(findTestObject("Pre-regist OPD/FO/input_Password_password FO OPD"), Password): Text 'al12345678' is set on object 'Object Repository/Pre-regist OPD/FO/input_Password_password FO OPD'

2021-09-02 09:16:49 - [MESSAGE][PASSED] - Text 'al12345678' is set on object 'Object Repository/Pre-regist OPD/FO/input_Password_password FO OPD'

2021-09-02 09:16:49 - [TEST_STEP][PASSED] - delay(1): Delayed 1 second(s)

2021-09-02 09:16:50 - [MESSAGE][PASSED] - Delayed 1 second(s)

2021-09-02 09:16:50 - [TEST_STEP][PASSED] - click(findTestObject("Pre-regist OPD/FO/button_Sign In FO OPD")): Object: 'Object Repository/Pre-regist OPD/FO/button_Sign In FO OPD' is clicked on

2021-09-02 09:16:50 - [MESSAGE][PASSED] - Object: 'Object Repository/Pre-regist OPD/FO/button_Sign In FO OPD' is clicked on

2021-09-02 09:16:50 - [TEST_STEP][PASSED] - waitForElementVisible(findTestObject("Pre-regist OPD/FO/input name FO"), 120): Object 'Object Repository/Pre-regist OPD/FO/input name FO' is visible

2021-09-02 09:16:51 - [MESSAGE][PASSED] - Object 'Object Repository/Pre-regist OPD/FO/input name FO' is visible

2021-09-02 09:16:51 - [TEST_STEP][NOT_RUN] - click(findTestObject("Pre-regist OPD/FO/delete tanggal FO")): NOT_RUN: click(findTestObject("Pre-regist OPD/FO/delete tanggal FO"))

2021-09-02 09:16:51 - [MESSAGE][NOT_RUN] - NOT_RUN: click(findTestObject("Pre-regist OPD/FO/delete tanggal FO"))

2021-09-02 09:16:51 - [TEST_STEP][NOT_RUN] - delay(1): NOT_RUN: delay(1)

2021-09-02 09:16:51 - [MESSAGE][NOT_RUN] - NOT_RUN: delay(1)

2021-09-02 09:16:51 - [TEST_STEP][NOT_RUN] - setText(findTestObject("Pre-regist OPD/FO/input tanggal FO"), TanggalFO): NOT_RUN: setText(findTestObject("Pre-regist OPD/FO/input tanggal FO"), TanggalFO)

2021-09-02 09:16:51 - [MESSAGE][NOT_RUN] - NOT_RUN: setText(findTestObject("Pre-regist OPD/FO/input tanggal FO"), TanggalFO)

2021-09-02 09:16:51 - [TEST_STEP][NOT_RUN] - delay(1): NOT_RUN: delay(1)

2021-09-02 09:16:51 - [MESSAGE][NOT_RUN] - NOT_RUN: delay(1)

2021-09-02 09:16:51 - [TEST_STEP][NOT_RUN] - setText(findTestObject("Pre-regist OPD/FO/input name FO"), NamaLengkap): NOT_RUN: setText(findTestObject("Pre-regist OPD/FO/input name FO"), NamaLengkap)

2021-09-02 09:16:51 - [MESSAGE][NOT_RUN] - NOT_RUN: setText(findTestObject("Pre-regist OPD/FO/input name FO"), NamaLengkap)

2021-09-02 09:16:51 - [TEST_STEP][NOT_RUN] - delay(1): NOT_RUN: delay(1)

2021-09-02 09:16:51 - [MESSAGE][NOT_RUN] - NOT_RUN: delay(1)

2021-09-02 09:16:51 - [TEST_STEP][NOT_RUN] - click(findTestObject("Pre-regist OPD/FO/klik update FO")): NOT_RUN: click(findTestObject("Pre-regist OPD/FO/klik update FO"))

2021-09-02 09:16:51 - [MESSAGE][NOT_RUN] - NOT_RUN: click(findTestObject("Pre-regist OPD/FO/klik update FO"))

2021-09-02 09:16:51 - [TEST_STEP][PASSED] - delay(1): Delayed 1 second(s)

2021-09-02 09:16:52 - [MESSAGE][PASSED] - Delayed 1 second(s)

2021-09-02 09:16:52 - [TEST_STEP][PASSED] - click(findTestObject("Object Repository/Pre-regist OPD/FO/div_Patient Data")): Object: 'Object Repository/Pre-regist OPD/FO/div_Patient Data' is clicked on

2021-09-02 09:16:56 - [MESSAGE][PASSED] - Object: 'Object Repository/Pre-regist OPD/FO/div_Patient Data' is clicked on

2021-09-02 09:16:56 - [TEST_STEP][PASSED] - waitForElementVisible(findTestObject("Pre-regist OPD/FO/input_nama pasien"), 30): Object 'Object Repository/Pre-regist OPD/FO/input_nama pasien' is visible

2021-09-02 09:16:57 - [MESSAGE][PASSED] - Object 'Object Repository/Pre-regist OPD/FO/input_nama pasien' is visible

2021-09-02 09:16:57 - [TEST_STEP][PASSED] - setText(findTestObject("Object Repository/Pre-regist OPD/FO/input_nama pasien"), NamaLengkap): Text 'data test diri sendiri tujuh' is set on object 'Object Repository/Pre-regist OPD/FO/input_nama pasien'

2021-09-02 09:16:58 - [MESSAGE][PASSED] - Text 'data test diri sendiri tujuh' is set on object 'Object Repository/Pre-regist OPD/FO/input_nama pasien'

2021-09-02 09:16:58 - [TEST_STEP][PASSED] - setText(findTestObject("Object Repository/Pre-regist OPD/FO/input_tanggal lahir"), TglLahirFO): Text '11111991' is set on object 'Object Repository/Pre-regist OPD/FO/input_tanggal lahir'

2021-09-02 09:16:59 - [MESSAGE][PASSED] - Text '11111991' is set on object 'Object Repository/Pre-regist OPD/FO/input_tanggal lahir'

2021-09-02 09:16:59 - [TEST_STEP][PASSED] - click(findTestObject("Object Repository/Pre-regist OPD/FO/search")): Object: 'Object Repository/Pre-regist OPD/FO/search' is clicked on

2021-09-02 09:16:59 - [MESSAGE][PASSED] - Object: 'Object Repository/Pre-regist OPD/FO/search' is clicked on

2021-09-02 09:16:59 - [TEST_STEP][PASSED] - click(findTestObject("Object Repository/Pre-regist OPD/FO/button_bikin pasien baru")): Object: 'Object Repository/Pre-regist OPD/FO/button_bikin pasien baru' is clicked on

2021-09-02 09:17:00 - [MESSAGE][PASSED] - Object: 'Object Repository/Pre-regist OPD/FO/button_bikin pasien baru' is clicked on

2021-09-02 09:17:00 - [TEST_STEP][PASSED] - setText(findTestObject("Object Repository/Pre-regist OPD/FO/input_nama pasangan"), NamaPasanganFO): Text 'pasangan' is set on object 'Object Repository/Pre-regist OPD/FO/input_nama pasangan'

2021-09-02 09:17:00 - [MESSAGE][PASSED] - Text 'pasangan' is set on object 'Object Repository/Pre-regist OPD/FO/input_nama pasangan'

2021-09-02 09:17:00 - [TEST_STEP][PASSED] - setText(findTestObject("Object Repository/Pre-regist OPD/FO/input_nama ayah"), NamaAyahFO): Text 'ayah' is set on object 'Object Repository/Pre-regist OPD/FO/input_nama ayah'

2021-09-02 09:17:01 - [MESSAGE][PASSED] - Text 'ayah' is set on object 'Object Repository/Pre-regist OPD/FO/input_nama ayah'

2021-09-02 09:17:01 - [TEST_STEP][PASSED] - setText(findTestObject("Object Repository/Pre-regist OPD/FO/input_nama ibu"), NamaIbuFO): Text 'ibu' is set on object 'Object Repository/Pre-regist OPD/FO/input_nama ibu'

2021-09-02 09:17:02 - [MESSAGE][PASSED] - Text 'ibu' is set on object 'Object Repository/Pre-regist OPD/FO/input_nama ibu'

2021-09-02 09:17:02 - [TEST_STEP][PASSED] - delay(1): Delayed 1 second(s)

2021-09-02 09:17:03 - [MESSAGE][PASSED] - Delayed 1 second(s)

2021-09-02 09:17:03 - [TEST_STEP][PASSED] - selectOptionByValue(findTestObject("Object Repository/Pre-regist OPD/FO/select_title"), TittleFO, true): All options with value '11: Object' are selected in object 'Object Repository/Pre-regist OPD/FO/select_title'  using regular expression

2021-09-02 09:17:05 - [MESSAGE][PASSED] - All options with value '11: Object' are selected in object 'Object Repository/Pre-regist OPD/FO/select_title'  using regular expression

2021-09-02 09:17:05 - [TEST_STEP][PASSED] - selectOptionByValue(findTestObject("Object Repository/Pre-regist OPD/FO/select_status"), StatusFO, true): All options with value '3: Object' are selected in object 'Object Repository/Pre-regist OPD/FO/select_status'  using regular expression

2021-09-02 09:17:06 - [MESSAGE][PASSED] - All options with value '3: Object' are selected in object 'Object Repository/Pre-regist OPD/FO/select_status'  using regular expression

2021-09-02 09:17:06 - [TEST_STEP][PASSED] - selectOptionByValue(findTestObject("Object Repository/Pre-regist OPD/FO/select_jenis kelamin"), JenisKelaminFO, true): All options with value '1: Object' are selected in object 'Object Repository/Pre-regist OPD/FO/select_jenis kelamin'  using regular expression

2021-09-02 09:17:07 - [MESSAGE][PASSED] - All options with value '1: Object' are selected in object 'Object Repository/Pre-regist OPD/FO/select_jenis kelamin'  using regular expression

2021-09-02 09:17:07 - [TEST_STEP][PASSED] - setText(findTestObject("Object Repository/Pre-regist OPD/FO/input_tempat lahir"), TmptLahirKotaFO): Text 'JAKARTA BARAT, KOTA ADMINISTRASI' is set on object 'Object Repository/Pre-regist OPD/FO/input_tempat lahir'

2021-09-02 09:17:08 - [MESSAGE][PASSED] - Text 'JAKARTA BARAT, KOTA ADMINISTRASI' is set on object 'Object Repository/Pre-regist OPD/FO/input_tempat lahir'

2021-09-02 09:17:08 - [TEST_STEP][PASSED] - selectOptionByValue(findTestObject("Object Repository/Pre-regist OPD/FO/select_golongan darah"), GolDarahFO, true): All options with value '5: Object' are selected in object 'Object Repository/Pre-regist OPD/FO/select_golongan darah'  using regular expression

2021-09-02 09:17:09 - [MESSAGE][PASSED] - All options with value '5: Object' are selected in object 'Object Repository/Pre-regist OPD/FO/select_golongan darah'  using regular expression

2021-09-02 09:17:09 - [TEST_STEP][PASSED] - selectOptionByValue(findTestObject("Object Repository/Pre-regist OPD/FO/select_agama"), GolDarahFO, true): All options with value '5: Object' are selected in object 'Object Repository/Pre-regist OPD/FO/select_agama'  using regular expression

2021-09-02 09:17:11 - [MESSAGE][PASSED] - All options with value '5: Object' are selected in object 'Object Repository/Pre-regist OPD/FO/select_agama'  using regular expression

2021-09-02 09:17:11 - [TEST_STEP][PASSED] - setText(findTestObject("Object Repository/Pre-regist OPD/FO/isi note"), NoteFO): Text 'ntntntntnt' is set on object 'Object Repository/Pre-regist OPD/FO/isi note'

2021-09-02 09:17:11 - [MESSAGE][PASSED] - Text 'ntntntntnt' is set on object 'Object Repository/Pre-regist OPD/FO/isi note'

2021-09-02 09:17:11 - [TEST_STEP][PASSED] - setText(findTestObject("Object Repository/Pre-regist OPD/FO/alamat"), AlamatFO): Text 'jl.alamat FO' is set on object 'Object Repository/Pre-regist OPD/FO/alamat'

2021-09-02 09:17:12 - [MESSAGE][PASSED] - Text 'jl.alamat FO' is set on object 'Object Repository/Pre-regist OPD/FO/alamat'

2021-09-02 09:17:12 - [TEST_STEP][PASSED] - setText(findTestObject("Object Repository/Pre-regist OPD/FO/input_kota"), TmptLahirKotaFO): Text 'JAKARTA BARAT, KOTA ADMINISTRASI' is set on object 'Object Repository/Pre-regist OPD/FO/input_kota'

2021-09-02 09:17:13 - [MESSAGE][PASSED] - Text 'JAKARTA BARAT, KOTA ADMINISTRASI' is set on object 'Object Repository/Pre-regist OPD/FO/input_kota'

2021-09-02 09:17:13 - [TEST_STEP][PASSED] - setText(findTestObject("Object Repository/Pre-regist OPD/FO/input_no hp 1"), NoHP1FO): Text '111111111' is set on object 'Object Repository/Pre-regist OPD/FO/input_no hp 1'

2021-09-02 09:17:14 - [MESSAGE][PASSED] - Text '111111111' is set on object 'Object Repository/Pre-regist OPD/FO/input_no hp 1'

2021-09-02 09:17:14 - [TEST_STEP][PASSED] - setText(findTestObject("Object Repository/Pre-regist OPD/FO/input no hp 2"), NoHP2FO): Text '111111112' is set on object 'Object Repository/Pre-regist OPD/FO/input no hp 2'

2021-09-02 09:17:15 - [MESSAGE][PASSED] - Text '111111112' is set on object 'Object Repository/Pre-regist OPD/FO/input no hp 2'

2021-09-02 09:17:15 - [TEST_STEP][PASSED] - setText(findTestObject("Object Repository/Pre-regist OPD/FO/input_Email"), Email): Text 'rawiyarta@gmail.com' is set on object 'Object Repository/Pre-regist OPD/FO/input_Email'

2021-09-02 09:17:16 - [MESSAGE][PASSED] - Text 'rawiyarta@gmail.com' is set on object 'Object Repository/Pre-regist OPD/FO/input_Email'

2021-09-02 09:17:16 - [TEST_STEP][PASSED] - setText(findTestObject("Object Repository/Pre-regist OPD/FO/input_alergi"), AlergiFO): Text 'alergi' is set on object 'Object Repository/Pre-regist OPD/FO/input_alergi'

2021-09-02 09:17:17 - [MESSAGE][PASSED] - Text 'alergi' is set on object 'Object Repository/Pre-regist OPD/FO/input_alergi'

2021-09-02 09:17:17 - [TEST_STEP][PASSED] - setText(findTestObject("Object Repository/Pre-regist OPD/FO/input_kodepos"), KodeposFO): Text '11111' is set on object 'Object Repository/Pre-regist OPD/FO/input_kodepos'

2021-09-02 09:17:17 - [MESSAGE][PASSED] - Text '11111' is set on object 'Object Repository/Pre-regist OPD/FO/input_kodepos'

2021-09-02 09:17:17 - [TEST_STEP][PASSED] - selectOptionByValue(findTestObject("Object Repository/Pre-regist OPD/FO/select_ identitas"), IdentitasFO, true): All options with value '2: Object' are selected in object 'Object Repository/Pre-regist OPD/FO/select_ identitas'  using regular expression

2021-09-02 09:17:19 - [MESSAGE][PASSED] - All options with value '2: Object' are selected in object 'Object Repository/Pre-regist OPD/FO/select_ identitas'  using regular expression

2021-09-02 09:17:19 - [TEST_STEP][PASSED] - setText(findTestObject("Object Repository/Pre-regist OPD/FO/input_no identitas"), NoIdentitasFO): Text '4223423432423432' is set on object 'Object Repository/Pre-regist OPD/FO/input_no identitas'

2021-09-02 09:17:19 - [MESSAGE][PASSED] - Text '4223423432423432' is set on object 'Object Repository/Pre-regist OPD/FO/input_no identitas'

2021-09-02 09:17:19 - [TEST_STEP][PASSED] - click(findTestObject("Object Repository/Pre-regist OPD/FO/tab Permanent Address")): Object: 'Object Repository/Pre-regist OPD/FO/tab Permanent Address' is clicked on

2021-09-02 09:17:20 - [MESSAGE][PASSED] - Object: 'Object Repository/Pre-regist OPD/FO/tab Permanent Address' is clicked on

2021-09-02 09:17:20 - [TEST_STEP][PASSED] - setText(findTestObject("Object Repository/Pre-regist OPD/FO/alamat permanen"), AlamatPermanenFO): Text 'alamat permanen' is set on object 'Object Repository/Pre-regist OPD/FO/alamat permanen'

2021-09-02 09:17:21 - [MESSAGE][PASSED] - Text 'alamat permanen' is set on object 'Object Repository/Pre-regist OPD/FO/alamat permanen'

2021-09-02 09:17:21 - [TEST_STEP][PASSED] - setText(findTestObject("Object Repository/Pre-regist OPD/FO/kota permanen"), TmptLahirKotaFO): Text 'JAKARTA BARAT, KOTA ADMINISTRASI' is set on object 'Object Repository/Pre-regist OPD/FO/kota permanen'

2021-09-02 09:17:22 - [MESSAGE][PASSED] - Text 'JAKARTA BARAT, KOTA ADMINISTRASI' is set on object 'Object Repository/Pre-regist OPD/FO/kota permanen'

2021-09-02 09:17:22 - [TEST_STEP][PASSED] - click(findTestObject("Object Repository/Pre-regist OPD/FO/tab_Emergency Contact Detail")): Object: 'Object Repository/Pre-regist OPD/FO/tab_Emergency Contact Detail' is clicked on

2021-09-02 09:17:22 - [MESSAGE][PASSED] - Object: 'Object Repository/Pre-regist OPD/FO/tab_Emergency Contact Detail' is clicked on

2021-09-02 09:17:22 - [TEST_STEP][PASSED] - setText(findTestObject("Object Repository/Pre-regist OPD/FO/nama darurat"), NamaDaruratFO): Text 'darurat nama' is set on object 'Object Repository/Pre-regist OPD/FO/nama darurat'

2021-09-02 09:17:23 - [MESSAGE][PASSED] - Text 'darurat nama' is set on object 'Object Repository/Pre-regist OPD/FO/nama darurat'

2021-09-02 09:17:23 - [TEST_STEP][PASSED] - setText(findTestObject("Object Repository/Pre-regist OPD/FO/no hp 1"), NoHP1FO): Text '111111111' is set on object 'Object Repository/Pre-regist OPD/FO/no hp 1'

2021-09-02 09:17:24 - [MESSAGE][PASSED] - Text '111111111' is set on object 'Object Repository/Pre-regist OPD/FO/no hp 1'

2021-09-02 09:17:24 - [TEST_STEP][PASSED] - setText(findTestObject("Object Repository/Pre-regist OPD/FO/no hp 2"), NoHP2FO): Text '111111112' is set on object 'Object Repository/Pre-regist OPD/FO/no hp 2'

2021-09-02 09:17:25 - [MESSAGE][PASSED] - Text '111111112' is set on object 'Object Repository/Pre-regist OPD/FO/no hp 2'

2021-09-02 09:17:25 - [TEST_STEP][PASSED] - click(findTestObject("Object Repository/Pre-regist OPD/FO/button_Save")): Object: 'Object Repository/Pre-regist OPD/FO/button_Save' is clicked on

2021-09-02 09:17:25 - [MESSAGE][PASSED] - Object: 'Object Repository/Pre-regist OPD/FO/button_Save' is clicked on]]></system-out>
         <system-err><![CDATA[]]></system-err>
      </testcase>
      <system-out><![CDATA[2021-09-02 09:16:20 - [TEST_SUITE][PASSED] - Pre-regist OPD: Test Cases/Pre-regis OPD/FO/FO - patient data]]></system-out>
      <system-err><![CDATA[]]></system-err>
   </testsuite>
</testsuites>
