<?xml version="1.0" encoding="UTF-8"?>
<testsuites name="Pre-regist COVID" time="150.772" tests="1" failures="0" errors="0">
   <testsuite name="Pre-regist COVID" tests="1" failures="0" errors="0" time="150.772" skipped="0" timestamp="2021-09-06 13:27:40" hostname="rezaa - LAPTOP-L0M8DJBN.local" id="Test Suites/Run Pre-regist covid/Pre-regist COVID">
      <properties>
         <property name="deviceName" value=""/>
         <property name="devicePlatform" value=""/>
         <property name="logFolder" value="D:\\MySiloam\\Reports\\20210906_132724\\Run Pre-regist covid\\Pre-regist COVID\\20210906_132724"/>
         <property name="logFiles" value="D:\\MySiloam\\Reports\\20210906_132724\\Run Pre-regist covid\\Pre-regist COVID\\20210906_132724\\execution0.log"/>
         <property name="attachments" value=""/>
         <property name="hostName" value="rezaa - LAPTOP-L0M8DJBN.local"/>
         <property name="os" value="Windows 10 64bit"/>
         <property name="katalonVersion" value="8.1.0.208"/>
         <property name="browser" value="Chrome 92.0.4515.159"/>
         <property name="hostAddress" value="192.168.1.8"/>
         <property name="sessionId" value="6307f08aa655f2937f9d3fa68732b65b"/>
         <property name="seleniumVersion" value="3.141.59"/>
         <property name="proxyInformation" value="ProxyInformation { proxyOption=NO_PROXY, proxyServerType=HTTP, username=, password=********, proxyServerAddress=, proxyServerPort=0, executionList=&quot;&quot;, isApplyToDesiredCapabilities=true }"/>
         <property name="platform" value="Windows 10"/>
      </properties>
      <testcase name="Test Cases/Pre-regist Covid/Linktree - FO" time="149.188" classname="Test Cases/Pre-regist Covid/Linktree - FO" status="PASSED">
         <system-out><![CDATA[2021-09-06 13:27:41 - [TEST_CASE][PASSED] - Test Cases/Pre-regist Covid/Linktree - FO: Test Cases/Pre-regist Covid/Linktree - FO

2021-09-06 13:27:41 - [TEST_STEP][PASSED] - callTestCase(findTestCase("Pre-regist Covid/TestCase/1. linktree - (Pilih Paket, Data Diri)"), ["NamaRS":NamaRS, "NamaSID":NamaSID, "NoHP":NoHP, "Email":Email, "TanggalKunjungan":TanggalKunjungan, "WaktuKunjungan":WaktuKunjungan, ... ], STOP_ON_FAILURE): Call Test Case 'Test Cases/Pre-regist Covid/TestCase/1. linktree - (Pilih Paket, Data Diri)' successfully

2021-09-06 13:27:42 - [TEST_CASE][PASSED] - Test Cases/Pre-regist Covid/TestCase/1. linktree - (Pilih Paket, Data Diri): Test Cases/Pre-regist Covid/TestCase/1. linktree - (Pilih Paket, Data Diri)

2021-09-06 13:27:42 - [TEST_STEP][PASSED] - openBrowser(""): Browser is opened with url: ''

2021-09-06 13:27:42 - [MESSAGE][INFO] - Starting 'Chrome' driver

2021-09-06 13:27:43 - [MESSAGE][INFO] - Action delay is set to 0 milliseconds

2021-09-06 13:27:45 - [MESSAGE][PASSED] - Browser is opened with url: ''

2021-09-06 13:27:45 - [TEST_STEP][PASSED] - navigateToUrl("https://mysiloam-api-staging.siloamhospitals.com/linktree/"): Navigate to 'https://mysiloam-api-staging.siloamhospitals.com/linktree/' successfully

2021-09-06 13:27:45 - [MESSAGE][PASSED] - Navigate to 'https://mysiloam-api-staging.siloamhospitals.com/linktree/' successfully

2021-09-06 13:27:45 - [TEST_STEP][PASSED] - waitForElementVisible(findTestObject("Pre-regist Covid/linktree/Page_Siloam Hospitals Registration Form/div_Select"), 120): Object 'Object Repository/Pre-regist Covid/linktree/Page_Siloam Hospitals Registration Form/div_Select' is visible

2021-09-06 13:27:46 - [MESSAGE][PASSED] - Object 'Object Repository/Pre-regist Covid/linktree/Page_Siloam Hospitals Registration Form/div_Select' is visible

2021-09-06 13:27:46 - [TEST_STEP][PASSED] - maximizeWindow(): Current window maximized

2021-09-06 13:27:46 - [MESSAGE][PASSED] - Current window maximized

2021-09-06 13:27:46 - [TEST_STEP][PASSED] - delay(2): Delayed 2 second(s)

2021-09-06 13:27:48 - [MESSAGE][PASSED] - Delayed 2 second(s)

2021-09-06 13:27:48 - [TEST_STEP][PASSED] - click(findTestObject("Pre-regist Covid/linktree/Page_Siloam Hospitals Registration Form/div_Select")): Object: 'Object Repository/Pre-regist Covid/linktree/Page_Siloam Hospitals Registration Form/div_Select' is clicked on

2021-09-06 13:27:49 - [MESSAGE][PASSED] - Object: 'Object Repository/Pre-regist Covid/linktree/Page_Siloam Hospitals Registration Form/div_Select' is clicked on

2021-09-06 13:27:49 - [TEST_STEP][PASSED] - delay(2): Delayed 2 second(s)

2021-09-06 13:27:51 - [MESSAGE][PASSED] - Delayed 2 second(s)

2021-09-06 13:27:51 - [TEST_STEP][PASSED] - setText(findTestObject("Pre-regist Covid/linktree/Page_Siloam Hospitals Registration Form/input_Select_react-select-2-input"), NamaRS): Text 'SILOAM HOSPITALS LIPPO VILLAGE' is set on object 'Object Repository/Pre-regist Covid/linktree/Page_Siloam Hospitals Registration Form/input_Select_react-select-2-input'

2021-09-06 13:27:52 - [MESSAGE][PASSED] - Text 'SILOAM HOSPITALS LIPPO VILLAGE' is set on object 'Object Repository/Pre-regist Covid/linktree/Page_Siloam Hospitals Registration Form/input_Select_react-select-2-input'

2021-09-06 13:27:52 - [TEST_STEP][PASSED] - delay(2): Delayed 2 second(s)

2021-09-06 13:27:54 - [MESSAGE][PASSED] - Delayed 2 second(s)

2021-09-06 13:27:54 - [TEST_STEP][PASSED] - click(findTestObject("Pre-regist Covid/linktree/Page_Siloam Hospitals Registration Form/Pilih RS")): Object: 'Object Repository/Pre-regist Covid/linktree/Page_Siloam Hospitals Registration Form/Pilih RS' is clicked on

2021-09-06 13:27:54 - [MESSAGE][PASSED] - Object: 'Object Repository/Pre-regist Covid/linktree/Page_Siloam Hospitals Registration Form/Pilih RS' is clicked on

2021-09-06 13:27:54 - [TEST_STEP][PASSED] - delay(2): Delayed 2 second(s)

2021-09-06 13:27:56 - [MESSAGE][PASSED] - Delayed 2 second(s)

2021-09-06 13:27:56 - [TEST_STEP][PASSED] - if (Kendaraan == "nonDT"): Delayed 1 second(s)

2021-09-06 13:27:56 - [TEST_STEP][PASSED] - click(findTestObject("Pre-regist Covid/linktree/Page_Siloam Hospitals Registration Form/Pilih NonDT")): Object: 'Object Repository/Pre-regist Covid/linktree/Page_Siloam Hospitals Registration Form/Pilih NonDT' is clicked on

2021-09-06 13:27:56 - [MESSAGE][PASSED] - Object: 'Object Repository/Pre-regist Covid/linktree/Page_Siloam Hospitals Registration Form/Pilih NonDT' is clicked on

2021-09-06 13:27:56 - [TEST_STEP][PASSED] - delay(1): Delayed 1 second(s)

2021-09-06 13:27:57 - [MESSAGE][PASSED] - Delayed 1 second(s)

2021-09-06 13:27:57 - [TEST_STEP][PASSED] - waitForElementVisible(findTestObject("Pre-regist Covid/linktree/Page_Siloam Hospitals Registration Form/Rapid Test Serology"), 30): Object 'Object Repository/Pre-regist Covid/linktree/Page_Siloam Hospitals Registration Form/Rapid Test Serology' is visible

2021-09-06 13:27:58 - [MESSAGE][PASSED] - Object 'Object Repository/Pre-regist Covid/linktree/Page_Siloam Hospitals Registration Form/Rapid Test Serology' is visible

2021-09-06 13:27:58 - [TEST_STEP][PASSED] - click(findTestObject("Pre-regist Covid/linktree/Page_Siloam Hospitals Registration Form/Rapid Test Serology")): Object: 'Object Repository/Pre-regist Covid/linktree/Page_Siloam Hospitals Registration Form/Rapid Test Serology' is clicked on

2021-09-06 13:27:58 - [MESSAGE][PASSED] - Object: 'Object Repository/Pre-regist Covid/linktree/Page_Siloam Hospitals Registration Form/Rapid Test Serology' is clicked on

2021-09-06 13:27:58 - [TEST_STEP][PASSED] - delay(2): Delayed 2 second(s)

2021-09-06 13:28:00 - [MESSAGE][PASSED] - Delayed 2 second(s)

2021-09-06 13:28:00 - [TEST_STEP][PASSED] - click(findTestObject("Pre-regist Covid/linktree/Page_Siloam Hospitals Registration Form/button_Pilih")): Object: 'Object Repository/Pre-regist Covid/linktree/Page_Siloam Hospitals Registration Form/button_Pilih' is clicked on

2021-09-06 13:28:01 - [MESSAGE][PASSED] - Object: 'Object Repository/Pre-regist Covid/linktree/Page_Siloam Hospitals Registration Form/button_Pilih' is clicked on

2021-09-06 13:28:01 - [TEST_STEP][PASSED] - waitForElementVisible(findTestObject("Pre-regist Covid/linktree/Page_Siloam Hospitals Registration Form/Nama Lengkap(Sesuai ID)_name"), 30): Object 'Object Repository/Pre-regist Covid/linktree/Page_Siloam Hospitals Registration Form/Nama Lengkap(Sesuai ID)_name' is visible

2021-09-06 13:28:04 - [MESSAGE][PASSED] - Object 'Object Repository/Pre-regist Covid/linktree/Page_Siloam Hospitals Registration Form/Nama Lengkap(Sesuai ID)_name' is visible

2021-09-06 13:28:04 - [TEST_STEP][PASSED] - setText(findTestObject("Pre-regist Covid/linktree/Page_Siloam Hospitals Registration Form/Nama Lengkap(Sesuai ID)_name"), NamaSID): Text 'Test data jaminanTidak' is set on object 'Object Repository/Pre-regist Covid/linktree/Page_Siloam Hospitals Registration Form/Nama Lengkap(Sesuai ID)_name'

2021-09-06 13:28:05 - [MESSAGE][PASSED] - Text 'Test data jaminanTidak' is set on object 'Object Repository/Pre-regist Covid/linktree/Page_Siloam Hospitals Registration Form/Nama Lengkap(Sesuai ID)_name'

2021-09-06 13:28:05 - [TEST_STEP][PASSED] - delay(1): Delayed 1 second(s)

2021-09-06 13:28:06 - [MESSAGE][PASSED] - Delayed 1 second(s)

2021-09-06 13:28:06 - [TEST_STEP][PASSED] - scrollToElement(findTestObject("Pre-regist Covid/linktree/Page_Siloam Hospitals Registration Form/input_Tanggal Kunjungan_appointment_date"), 30): Scroll to object 'Object Repository/Pre-regist Covid/linktree/Page_Siloam Hospitals Registration Form/input_Tanggal Kunjungan_appointment_date' successfully

2021-09-06 13:28:06 - [MESSAGE][PASSED] - Scroll to object 'Object Repository/Pre-regist Covid/linktree/Page_Siloam Hospitals Registration Form/input_Tanggal Kunjungan_appointment_date' successfully

2021-09-06 13:28:06 - [TEST_STEP][PASSED] - delay(2): Delayed 2 second(s)

2021-09-06 13:28:08 - [MESSAGE][PASSED] - Delayed 2 second(s)

2021-09-06 13:28:08 - [TEST_STEP][PASSED] - click(findTestObject("Pre-regist Covid/linktree/Page_Siloam Hospitals Registration Form/input_Nomor Handphone_form-control")): Object: 'Object Repository/Pre-regist Covid/linktree/Page_Siloam Hospitals Registration Form/input_Nomor Handphone_form-control' is clicked on

2021-09-06 13:28:09 - [MESSAGE][PASSED] - Object: 'Object Repository/Pre-regist Covid/linktree/Page_Siloam Hospitals Registration Form/input_Nomor Handphone_form-control' is clicked on

2021-09-06 13:28:09 - [TEST_STEP][PASSED] - setText(findTestObject("Pre-regist Covid/linktree/Page_Siloam Hospitals Registration Form/input_Nomor Handphone_form-control"), NoHP): Text '3268236726' is set on object 'Object Repository/Pre-regist Covid/linktree/Page_Siloam Hospitals Registration Form/input_Nomor Handphone_form-control'

2021-09-06 13:28:10 - [MESSAGE][PASSED] - Text '3268236726' is set on object 'Object Repository/Pre-regist Covid/linktree/Page_Siloam Hospitals Registration Form/input_Nomor Handphone_form-control'

2021-09-06 13:28:10 - [TEST_STEP][PASSED] - click(findTestObject("Pre-regist Covid/linktree/Page_Siloam Hospitals Registration Form/input_Alamat Email_email")): Object: 'Object Repository/Pre-regist Covid/linktree/Page_Siloam Hospitals Registration Form/input_Alamat Email_email' is clicked on

2021-09-06 13:28:10 - [MESSAGE][PASSED] - Object: 'Object Repository/Pre-regist Covid/linktree/Page_Siloam Hospitals Registration Form/input_Alamat Email_email' is clicked on

2021-09-06 13:28:10 - [TEST_STEP][PASSED] - setText(findTestObject("Pre-regist Covid/linktree/Page_Siloam Hospitals Registration Form/input_Alamat Email_email"), Email): Text 'robot@testing.com' is set on object 'Object Repository/Pre-regist Covid/linktree/Page_Siloam Hospitals Registration Form/input_Alamat Email_email'

2021-09-06 13:28:11 - [MESSAGE][PASSED] - Text 'robot@testing.com' is set on object 'Object Repository/Pre-regist Covid/linktree/Page_Siloam Hospitals Registration Form/input_Alamat Email_email'

2021-09-06 13:28:11 - [TEST_STEP][PASSED] - delay(1): Delayed 1 second(s)

2021-09-06 13:28:12 - [MESSAGE][PASSED] - Delayed 1 second(s)

2021-09-06 13:28:12 - [TEST_STEP][PASSED] - click(findTestObject("Pre-regist Covid/linktree/Page_Siloam Hospitals Registration Form/input_Tanggal Kunjungan_appointment_date")): Object: 'Object Repository/Pre-regist Covid/linktree/Page_Siloam Hospitals Registration Form/input_Tanggal Kunjungan_appointment_date' is clicked on

2021-09-06 13:28:13 - [MESSAGE][PASSED] - Object: 'Object Repository/Pre-regist Covid/linktree/Page_Siloam Hospitals Registration Form/input_Tanggal Kunjungan_appointment_date' is clicked on

2021-09-06 13:28:13 - [TEST_STEP][PASSED] - if (TanggalKunjungan != "0"): Delayed 1 second(s)

2021-09-06 13:28:13 - [TEST_STEP][PASSED] - if (TanggalKunjungan == "1"): null

2021-09-06 13:28:13 - [TEST_STEP][PASSED] - else if (TanggalKunjungan == "2"): null

2021-09-06 13:28:13 - [TEST_STEP][PASSED] - else if (TanggalKunjungan == "3"): null

2021-09-06 13:28:13 - [TEST_STEP][PASSED] - else if (TanggalKunjungan == "4"): null

2021-09-06 13:28:13 - [TEST_STEP][PASSED] - else if (TanggalKunjungan == "5"): null

2021-09-06 13:28:13 - [TEST_STEP][PASSED] - else if (TanggalKunjungan == "6"): null

2021-09-06 13:28:13 - [TEST_STEP][PASSED] - else if (TanggalKunjungan == "7"): Delayed 1 second(s)

2021-09-06 13:28:13 - [TEST_STEP][PASSED] - click(findTestObject("Pre-regist Covid/linktree/Page_Siloam Hospitals Registration Form/Tanggal September/button_7")): Object: 'Object Repository/Pre-regist Covid/linktree/Page_Siloam Hospitals Registration Form/Tanggal September/button_7' is clicked on

2021-09-06 13:28:13 - [MESSAGE][PASSED] - Object: 'Object Repository/Pre-regist Covid/linktree/Page_Siloam Hospitals Registration Form/Tanggal September/button_7' is clicked on

2021-09-06 13:28:13 - [TEST_STEP][PASSED] - delay(1): Delayed 1 second(s)

2021-09-06 13:28:14 - [MESSAGE][PASSED] - Delayed 1 second(s)

2021-09-06 13:28:14 - [TEST_STEP][PASSED] - delay(1): Delayed 1 second(s)

2021-09-06 13:28:15 - [MESSAGE][PASSED] - Delayed 1 second(s)

2021-09-06 13:28:15 - [TEST_STEP][PASSED] - click(findTestObject("Pre-regist Covid/linktree/Page_Siloam Hospitals Registration Form/span_OK")): Object: 'Object Repository/Pre-regist Covid/linktree/Page_Siloam Hospitals Registration Form/span_OK' is clicked on

2021-09-06 13:28:16 - [MESSAGE][PASSED] - Object: 'Object Repository/Pre-regist Covid/linktree/Page_Siloam Hospitals Registration Form/span_OK' is clicked on

2021-09-06 13:28:16 - [TEST_STEP][PASSED] - delay(1): Delayed 1 second(s)

2021-09-06 13:28:17 - [MESSAGE][PASSED] - Delayed 1 second(s)

2021-09-06 13:28:17 - [TEST_STEP][PASSED] - click(findTestObject("Pre-regist Covid/linktree/Page_Siloam Hospitals Registration Form/WaktuKunjungan")): Object: 'Object Repository/Pre-regist Covid/linktree/Page_Siloam Hospitals Registration Form/WaktuKunjungan' is clicked on

2021-09-06 13:28:17 - [MESSAGE][PASSED] - Object: 'Object Repository/Pre-regist Covid/linktree/Page_Siloam Hospitals Registration Form/WaktuKunjungan' is clicked on

2021-09-06 13:28:17 - [TEST_STEP][PASSED] - click(findTestObject("Pre-regist Covid/linktree/Page_Siloam Hospitals Registration Form/sementara")): Object: 'Object Repository/Pre-regist Covid/linktree/Page_Siloam Hospitals Registration Form/sementara' is clicked on

2021-09-06 13:28:17 - [MESSAGE][PASSED] - Object: 'Object Repository/Pre-regist Covid/linktree/Page_Siloam Hospitals Registration Form/sementara' is clicked on

2021-09-06 13:28:17 - [TEST_STEP][PASSED] - delay(1): Delayed 1 second(s)

2021-09-06 13:28:18 - [MESSAGE][PASSED] - Delayed 1 second(s)

2021-09-06 13:28:18 - [TEST_STEP][PASSED] - if (CaraPembayaran == "Jaminan"): Delayed 2 second(s)

2021-09-06 13:28:18 - [TEST_STEP][PASSED] - click(findTestObject("Pre-regist Covid/linktree/Page_Siloam Hospitals Registration Form/Cara Pembayaran")): Object: 'Object Repository/Pre-regist Covid/linktree/Page_Siloam Hospitals Registration Form/Cara Pembayaran' is clicked on

2021-09-06 13:28:19 - [MESSAGE][PASSED] - Object: 'Object Repository/Pre-regist Covid/linktree/Page_Siloam Hospitals Registration Form/Cara Pembayaran' is clicked on

2021-09-06 13:28:19 - [TEST_STEP][PASSED] - click(findTestObject("Pre-regist Covid/linktree/Page_Siloam Hospitals Registration Form/Jaminan")): Object: 'Object Repository/Pre-regist Covid/linktree/Page_Siloam Hospitals Registration Form/Jaminan' is clicked on

2021-09-06 13:28:19 - [MESSAGE][PASSED] - Object: 'Object Repository/Pre-regist Covid/linktree/Page_Siloam Hospitals Registration Form/Jaminan' is clicked on

2021-09-06 13:28:19 - [TEST_STEP][PASSED] - delay(1): Delayed 1 second(s)

2021-09-06 13:28:20 - [MESSAGE][PASSED] - Delayed 1 second(s)

2021-09-06 13:28:20 - [TEST_STEP][PASSED] - click(findTestObject("Pre-regist Covid/linktree/Page_Siloam Hospitals Registration Form/input_Nama PenjaminPerusahaan_payer")): Object: 'Object Repository/Pre-regist Covid/linktree/Page_Siloam Hospitals Registration Form/input_Nama PenjaminPerusahaan_payer' is clicked on

2021-09-06 13:28:21 - [MESSAGE][PASSED] - Object: 'Object Repository/Pre-regist Covid/linktree/Page_Siloam Hospitals Registration Form/input_Nama PenjaminPerusahaan_payer' is clicked on

2021-09-06 13:28:21 - [TEST_STEP][PASSED] - setText(findTestObject("Pre-regist Covid/linktree/Page_Siloam Hospitals Registration Form/input_Nama PenjaminPerusahaan_payer"), NamaPenjamin): Text 'penjamin' is set on object 'Object Repository/Pre-regist Covid/linktree/Page_Siloam Hospitals Registration Form/input_Nama PenjaminPerusahaan_payer'

2021-09-06 13:28:22 - [MESSAGE][PASSED] - Text 'penjamin' is set on object 'Object Repository/Pre-regist Covid/linktree/Page_Siloam Hospitals Registration Form/input_Nama PenjaminPerusahaan_payer'

2021-09-06 13:28:22 - [TEST_STEP][PASSED] - delay(2): Delayed 2 second(s)

2021-09-06 13:28:24 - [MESSAGE][PASSED] - Delayed 2 second(s)

2021-09-06 13:28:24 - [TEST_STEP][PASSED] - uploadFile(findTestObject("Pre-regist Covid/linktree/Page_Siloam Hospitals Registration Form/Upload surat jaminan"), "D:\MySiloam\Upload foto\download.jpg"): File 'D:\MySiloam\Upload foto\download.jpg' sent to object: 'Object Repository/Pre-regist Covid/linktree/Page_Siloam Hospitals Registration Form/Upload surat jaminan'

2021-09-06 13:28:24 - [MESSAGE][PASSED] - File 'D:\MySiloam\Upload foto\download.jpg' sent to object: 'Object Repository/Pre-regist Covid/linktree/Page_Siloam Hospitals Registration Form/Upload surat jaminan'

2021-09-06 13:28:24 - [TEST_STEP][PASSED] - delay(2): Delayed 2 second(s)

2021-09-06 13:28:26 - [MESSAGE][PASSED] - Delayed 2 second(s)

2021-09-06 13:28:26 - [TEST_STEP][PASSED] - if (PernahBerobat == "Tidak"): Delayed 1 second(s)

2021-09-06 13:28:26 - [TEST_STEP][PASSED] - click(findTestObject("Pre-regist Covid/linktree/Page_Siloam Hospitals Registration Form/TidakpernahBerobat")): Object: 'Object Repository/Pre-regist Covid/linktree/Page_Siloam Hospitals Registration Form/TidakpernahBerobat' is clicked on

2021-09-06 13:28:27 - [MESSAGE][PASSED] - Object: 'Object Repository/Pre-regist Covid/linktree/Page_Siloam Hospitals Registration Form/TidakpernahBerobat' is clicked on

2021-09-06 13:28:27 - [TEST_STEP][PASSED] - delay(1): Delayed 1 second(s)

2021-09-06 13:28:28 - [MESSAGE][PASSED] - Delayed 1 second(s)

2021-09-06 13:28:28 - [TEST_STEP][PASSED] - click(findTestObject("Pre-regist Covid/linktree/Page_Siloam Hospitals Registration Form/span_Data pasien sama dengan data pemesan")): Object: 'Object Repository/Pre-regist Covid/linktree/Page_Siloam Hospitals Registration Form/span_Data pasien sama dengan data pemesan' is clicked on

2021-09-06 13:28:28 - [MESSAGE][PASSED] - Object: 'Object Repository/Pre-regist Covid/linktree/Page_Siloam Hospitals Registration Form/span_Data pasien sama dengan data pemesan' is clicked on

2021-09-06 13:28:28 - [TEST_STEP][PASSED] - delay(2): Delayed 2 second(s)

2021-09-06 13:28:30 - [MESSAGE][PASSED] - Delayed 2 second(s)

2021-09-06 13:28:30 - [TEST_STEP][PASSED] - delay(1): Delayed 1 second(s)

2021-09-06 13:28:31 - [MESSAGE][PASSED] - Delayed 1 second(s)

2021-09-06 13:28:31 - [TEST_STEP][PASSED] - scrollToElement(findTestObject("Pre-regist Covid/linktree/Page_Siloam Hospitals Registration Form/input_Nomor Kartu Identitas_identity_number"), 30): Scroll to object 'Object Repository/Pre-regist Covid/linktree/Page_Siloam Hospitals Registration Form/input_Nomor Kartu Identitas_identity_number' successfully

2021-09-06 13:28:31 - [MESSAGE][PASSED] - Scroll to object 'Object Repository/Pre-regist Covid/linktree/Page_Siloam Hospitals Registration Form/input_Nomor Kartu Identitas_identity_number' successfully

2021-09-06 13:28:31 - [TEST_STEP][PASSED] - delay(1): Delayed 1 second(s)

2021-09-06 13:28:32 - [MESSAGE][PASSED] - Delayed 1 second(s)

2021-09-06 13:28:32 - [TEST_STEP][PASSED] - click(findTestObject("Pre-regist Covid/linktree/Page_Siloam Hospitals Registration Form/Kartu identitas")): Object: 'Object Repository/Pre-regist Covid/linktree/Page_Siloam Hospitals Registration Form/Kartu identitas' is clicked on

2021-09-06 13:28:33 - [MESSAGE][PASSED] - Object: 'Object Repository/Pre-regist Covid/linktree/Page_Siloam Hospitals Registration Form/Kartu identitas' is clicked on

2021-09-06 13:28:33 - [TEST_STEP][PASSED] - if (Identitas == "KTP"): Text '4763284724783240' is set on object 'Object Repository/Pre-regist Covid/linktree/Page_Siloam Hospitals Registration Form/input_Nomor Kartu Identitas_identity_number'

2021-09-06 13:28:33 - [TEST_STEP][PASSED] - click(findTestObject("Pre-regist Covid/linktree/Page_Siloam Hospitals Registration Form/identitas_KTP")): Object: 'Object Repository/Pre-regist Covid/linktree/Page_Siloam Hospitals Registration Form/identitas_KTP' is clicked on

2021-09-06 13:28:33 - [MESSAGE][PASSED] - Object: 'Object Repository/Pre-regist Covid/linktree/Page_Siloam Hospitals Registration Form/identitas_KTP' is clicked on

2021-09-06 13:28:33 - [TEST_STEP][PASSED] - setText(findTestObject("Pre-regist Covid/linktree/Page_Siloam Hospitals Registration Form/input_Nomor Kartu Identitas_identity_number"), NoIdentitas): Text '4763284724783240' is set on object 'Object Repository/Pre-regist Covid/linktree/Page_Siloam Hospitals Registration Form/input_Nomor Kartu Identitas_identity_number'

2021-09-06 13:28:35 - [MESSAGE][PASSED] - Text '4763284724783240' is set on object 'Object Repository/Pre-regist Covid/linktree/Page_Siloam Hospitals Registration Form/input_Nomor Kartu Identitas_identity_number'

2021-09-06 13:28:35 - [TEST_STEP][PASSED] - delay(2): Delayed 2 second(s)

2021-09-06 13:28:37 - [MESSAGE][PASSED] - Delayed 2 second(s)

2021-09-06 13:28:37 - [TEST_STEP][PASSED] - uploadFile(findTestObject("Pre-regist Covid/linktree/Page_Siloam Hospitals Registration Form/upload foto katru identitas"), "D:\MySiloam\Upload foto\download.jpg"): File 'D:\MySiloam\Upload foto\download.jpg' sent to object: 'Object Repository/Pre-regist Covid/linktree/Page_Siloam Hospitals Registration Form/upload foto katru identitas'

2021-09-06 13:28:37 - [MESSAGE][PASSED] - File 'D:\MySiloam\Upload foto\download.jpg' sent to object: 'Object Repository/Pre-regist Covid/linktree/Page_Siloam Hospitals Registration Form/upload foto katru identitas'

2021-09-06 13:28:37 - [TEST_STEP][PASSED] - delay(2): Delayed 2 second(s)

2021-09-06 13:28:39 - [MESSAGE][PASSED] - Delayed 2 second(s)

2021-09-06 13:28:39 - [TEST_STEP][PASSED] - if (PernahBerobat == "Tidak"): Object: 'Object Repository/Pre-regist Covid/linktree/Page_Siloam Hospitals Registration Form/button_Lanjut data diri' is clicked on

2021-09-06 13:28:39 - [TEST_STEP][PASSED] - click(findTestObject("Pre-regist Covid/linktree/Page_Siloam Hospitals Registration Form/Jenis kelamin")): Object: 'Object Repository/Pre-regist Covid/linktree/Page_Siloam Hospitals Registration Form/Jenis kelamin' is clicked on

2021-09-06 13:28:40 - [MESSAGE][PASSED] - Object: 'Object Repository/Pre-regist Covid/linktree/Page_Siloam Hospitals Registration Form/Jenis kelamin' is clicked on

2021-09-06 13:28:40 - [TEST_STEP][PASSED] - if (JenisKelamin == "Pria"): Delayed 1 second(s)

2021-09-06 13:28:40 - [TEST_STEP][PASSED] - click(findTestObject("Pre-regist Covid/linktree/Page_Siloam Hospitals Registration Form/Pria")): Object: 'Object Repository/Pre-regist Covid/linktree/Page_Siloam Hospitals Registration Form/Pria' is clicked on

2021-09-06 13:28:40 - [MESSAGE][PASSED] - Object: 'Object Repository/Pre-regist Covid/linktree/Page_Siloam Hospitals Registration Form/Pria' is clicked on

2021-09-06 13:28:40 - [TEST_STEP][PASSED] - delay(1): Delayed 1 second(s)

2021-09-06 13:28:41 - [MESSAGE][PASSED] - Delayed 1 second(s)

2021-09-06 13:28:41 - [TEST_STEP][PASSED] - click(findTestObject("Pre-regist Covid/linktree/Page_Siloam Hospitals Registration Form/input_Tanggal Lahir")): Object: 'Object Repository/Pre-regist Covid/linktree/Page_Siloam Hospitals Registration Form/input_Tanggal Lahir' is clicked on

2021-09-06 13:28:42 - [MESSAGE][PASSED] - Object: 'Object Repository/Pre-regist Covid/linktree/Page_Siloam Hospitals Registration Form/input_Tanggal Lahir' is clicked on

2021-09-06 13:28:42 - [TEST_STEP][PASSED] - setText(findTestObject("Pre-regist Covid/linktree/Page_Siloam Hospitals Registration Form/input_Tanggal Lahir"), TanggalLahir): Text '11111991' is set on object 'Object Repository/Pre-regist Covid/linktree/Page_Siloam Hospitals Registration Form/input_Tanggal Lahir'

2021-09-06 13:28:43 - [MESSAGE][PASSED] - Text '11111991' is set on object 'Object Repository/Pre-regist Covid/linktree/Page_Siloam Hospitals Registration Form/input_Tanggal Lahir'

2021-09-06 13:28:43 - [TEST_STEP][PASSED] - delay(1): Delayed 1 second(s)

2021-09-06 13:28:44 - [MESSAGE][PASSED] - Delayed 1 second(s)

2021-09-06 13:28:44 - [TEST_STEP][PASSED] - click(findTestObject("Pre-regist Covid/linktree/Page_Siloam Hospitals Registration Form/status")): Object: 'Object Repository/Pre-regist Covid/linktree/Page_Siloam Hospitals Registration Form/status' is clicked on

2021-09-06 13:28:44 - [MESSAGE][PASSED] - Object: 'Object Repository/Pre-regist Covid/linktree/Page_Siloam Hospitals Registration Form/status' is clicked on

2021-09-06 13:28:44 - [TEST_STEP][PASSED] - if (Status == "Lajang"): Delayed 1 second(s)

2021-09-06 13:28:44 - [TEST_STEP][PASSED] - click(findTestObject("Pre-regist Covid/linktree/Page_Siloam Hospitals Registration Form/Statuskwn/LAJANG")): Object: 'Object Repository/Pre-regist Covid/linktree/Page_Siloam Hospitals Registration Form/Statuskwn/LAJANG' is clicked on

2021-09-06 13:28:45 - [MESSAGE][PASSED] - Object: 'Object Repository/Pre-regist Covid/linktree/Page_Siloam Hospitals Registration Form/Statuskwn/LAJANG' is clicked on

2021-09-06 13:28:45 - [TEST_STEP][PASSED] - delay(1): Delayed 1 second(s)

2021-09-06 13:28:46 - [MESSAGE][PASSED] - Delayed 1 second(s)

2021-09-06 13:28:46 - [TEST_STEP][PASSED] - delay(2): Delayed 2 second(s)

2021-09-06 13:28:48 - [MESSAGE][PASSED] - Delayed 2 second(s)

2021-09-06 13:28:48 - [TEST_STEP][PASSED] - click(findTestObject("Pre-regist Covid/linktree/Page_Siloam Hospitals Registration Form/agama")): Object: 'Object Repository/Pre-regist Covid/linktree/Page_Siloam Hospitals Registration Form/agama' is clicked on

2021-09-06 13:28:48 - [MESSAGE][PASSED] - Object: 'Object Repository/Pre-regist Covid/linktree/Page_Siloam Hospitals Registration Form/agama' is clicked on

2021-09-06 13:28:48 - [TEST_STEP][PASSED] - if (Agama == "Budha"): null

2021-09-06 13:28:48 - [TEST_STEP][PASSED] - else if (Agama == "Hindu"): null

2021-09-06 13:28:48 - [TEST_STEP][PASSED] - else if (Agama == "Islam"): Delayed 1 second(s)

2021-09-06 13:28:48 - [TEST_STEP][PASSED] - click(findTestObject("Pre-regist Covid/linktree/Page_Siloam Hospitals Registration Form/AgamaFR/li_ISLAM")): Object: 'Object Repository/Pre-regist Covid/linktree/Page_Siloam Hospitals Registration Form/AgamaFR/li_ISLAM' is clicked on

2021-09-06 13:28:49 - [MESSAGE][PASSED] - Object: 'Object Repository/Pre-regist Covid/linktree/Page_Siloam Hospitals Registration Form/AgamaFR/li_ISLAM' is clicked on

2021-09-06 13:28:49 - [TEST_STEP][PASSED] - delay(1): Delayed 1 second(s)

2021-09-06 13:28:50 - [MESSAGE][PASSED] - Delayed 1 second(s)

2021-09-06 13:28:50 - [TEST_STEP][PASSED] - setText(findTestObject("Pre-regist Covid/linktree/Page_Siloam Hospitals Registration Form/textarea_alamat"), Alamat): Text 'Jl.jalan aja terserah' is set on object 'Object Repository/Pre-regist Covid/linktree/Page_Siloam Hospitals Registration Form/textarea_alamat'

2021-09-06 13:28:51 - [MESSAGE][PASSED] - Text 'Jl.jalan aja terserah' is set on object 'Object Repository/Pre-regist Covid/linktree/Page_Siloam Hospitals Registration Form/textarea_alamat'

2021-09-06 13:28:51 - [TEST_STEP][PASSED] - delay(1): Delayed 1 second(s)

2021-09-06 13:28:52 - [MESSAGE][PASSED] - Delayed 1 second(s)

2021-09-06 13:28:52 - [TEST_STEP][PASSED] - click(findTestObject("Pre-regist Covid/linktree/Page_Siloam Hospitals Registration Form/klik kota")): Object: 'Object Repository/Pre-regist Covid/linktree/Page_Siloam Hospitals Registration Form/klik kota' is clicked on

2021-09-06 13:28:53 - [MESSAGE][PASSED] - Object: 'Object Repository/Pre-regist Covid/linktree/Page_Siloam Hospitals Registration Form/klik kota' is clicked on

2021-09-06 13:28:53 - [TEST_STEP][PASSED] - setText(findTestObject("Pre-regist Covid/linktree/Page_Siloam Hospitals Registration Form/input kota"), Kota): Text 'JAKARTA BARAT, KOTA ADMINISTRASI' is set on object 'Object Repository/Pre-regist Covid/linktree/Page_Siloam Hospitals Registration Form/input kota'

2021-09-06 13:28:54 - [MESSAGE][PASSED] - Text 'JAKARTA BARAT, KOTA ADMINISTRASI' is set on object 'Object Repository/Pre-regist Covid/linktree/Page_Siloam Hospitals Registration Form/input kota'

2021-09-06 13:28:54 - [TEST_STEP][PASSED] - click(findTestObject("Pre-regist Covid/linktree/Page_Siloam Hospitals Registration Form/pilih Kota")): Object: 'Object Repository/Pre-regist Covid/linktree/Page_Siloam Hospitals Registration Form/pilih Kota' is clicked on

2021-09-06 13:28:54 - [MESSAGE][PASSED] - Object: 'Object Repository/Pre-regist Covid/linktree/Page_Siloam Hospitals Registration Form/pilih Kota' is clicked on

2021-09-06 13:28:54 - [TEST_STEP][PASSED] - delay(1): Delayed 1 second(s)

2021-09-06 13:28:55 - [MESSAGE][PASSED] - Delayed 1 second(s)

2021-09-06 13:28:55 - [TEST_STEP][PASSED] - click(findTestObject("Pre-regist Covid/linktree/Page_Siloam Hospitals Registration Form/klik kecamatan")): Object: 'Object Repository/Pre-regist Covid/linktree/Page_Siloam Hospitals Registration Form/klik kecamatan' is clicked on

2021-09-06 13:28:55 - [MESSAGE][PASSED] - Object: 'Object Repository/Pre-regist Covid/linktree/Page_Siloam Hospitals Registration Form/klik kecamatan' is clicked on

2021-09-06 13:28:55 - [TEST_STEP][PASSED] - setText(findTestObject("Pre-regist Covid/linktree/Page_Siloam Hospitals Registration Form/input_Kecamatan"), Kecamatan, STOP_ON_FAILURE): Text 'KEBON JERUK' is set on object 'Object Repository/Pre-regist Covid/linktree/Page_Siloam Hospitals Registration Form/input_Kecamatan'

2021-09-06 13:28:56 - [MESSAGE][PASSED] - Text 'KEBON JERUK' is set on object 'Object Repository/Pre-regist Covid/linktree/Page_Siloam Hospitals Registration Form/input_Kecamatan'

2021-09-06 13:28:56 - [TEST_STEP][PASSED] - click(findTestObject("Pre-regist Covid/linktree/Page_Siloam Hospitals Registration Form/pilih kecamatan")): Object: 'Object Repository/Pre-regist Covid/linktree/Page_Siloam Hospitals Registration Form/pilih kecamatan' is clicked on

2021-09-06 13:28:57 - [MESSAGE][PASSED] - Object: 'Object Repository/Pre-regist Covid/linktree/Page_Siloam Hospitals Registration Form/pilih kecamatan' is clicked on

2021-09-06 13:28:57 - [TEST_STEP][PASSED] - delay(1): Delayed 1 second(s)

2021-09-06 13:28:58 - [MESSAGE][PASSED] - Delayed 1 second(s)

2021-09-06 13:28:58 - [TEST_STEP][PASSED] - click(findTestObject("Pre-regist Covid/linktree/Page_Siloam Hospitals Registration Form/klik kelurahan")): Object: 'Object Repository/Pre-regist Covid/linktree/Page_Siloam Hospitals Registration Form/klik kelurahan' is clicked on

2021-09-06 13:28:58 - [MESSAGE][PASSED] - Object: 'Object Repository/Pre-regist Covid/linktree/Page_Siloam Hospitals Registration Form/klik kelurahan' is clicked on

2021-09-06 13:28:58 - [TEST_STEP][PASSED] - setText(findTestObject("Pre-regist Covid/linktree/Page_Siloam Hospitals Registration Form/input_Kelurahan_sub"), Kelurahan): Text 'KELAPA DUA' is set on object 'Object Repository/Pre-regist Covid/linktree/Page_Siloam Hospitals Registration Form/input_Kelurahan_sub'

2021-09-06 13:28:59 - [MESSAGE][PASSED] - Text 'KELAPA DUA' is set on object 'Object Repository/Pre-regist Covid/linktree/Page_Siloam Hospitals Registration Form/input_Kelurahan_sub'

2021-09-06 13:28:59 - [TEST_STEP][PASSED] - click(findTestObject("Pre-regist Covid/linktree/Page_Siloam Hospitals Registration Form/pilih kelurahan")): Object: 'Object Repository/Pre-regist Covid/linktree/Page_Siloam Hospitals Registration Form/pilih kelurahan' is clicked on

2021-09-06 13:28:59 - [MESSAGE][PASSED] - Object: 'Object Repository/Pre-regist Covid/linktree/Page_Siloam Hospitals Registration Form/pilih kelurahan' is clicked on

2021-09-06 13:28:59 - [TEST_STEP][PASSED] - delay(1): Delayed 1 second(s)

2021-09-06 13:29:00 - [MESSAGE][PASSED] - Delayed 1 second(s)

2021-09-06 13:29:00 - [TEST_STEP][PASSED] - setText(findTestObject("Pre-regist Covid/linktree/Page_Siloam Hospitals Registration Form/input_Nama Keluarga_emergency"), KeluargaDarurat): Text 'nama darurat' is set on object 'Object Repository/Pre-regist Covid/linktree/Page_Siloam Hospitals Registration Form/input_Nama Keluarga_emergency'

2021-09-06 13:29:02 - [MESSAGE][PASSED] - Text 'nama darurat' is set on object 'Object Repository/Pre-regist Covid/linktree/Page_Siloam Hospitals Registration Form/input_Nama Keluarga_emergency'

2021-09-06 13:29:02 - [TEST_STEP][PASSED] - delay(1): Delayed 1 second(s)

2021-09-06 13:29:03 - [MESSAGE][PASSED] - Delayed 1 second(s)

2021-09-06 13:29:03 - [TEST_STEP][PASSED] - setText(findTestObject("Pre-regist Covid/linktree/Page_Siloam Hospitals Registration Form/input_Nama Keluarga_form-control"), NoDarurat): Text '8763268236723' is set on object 'Object Repository/Pre-regist Covid/linktree/Page_Siloam Hospitals Registration Form/input_Nama Keluarga_form-control'

2021-09-06 13:29:04 - [MESSAGE][PASSED] - Text '8763268236723' is set on object 'Object Repository/Pre-regist Covid/linktree/Page_Siloam Hospitals Registration Form/input_Nama Keluarga_form-control'

2021-09-06 13:29:04 - [TEST_STEP][PASSED] - delay(1): Delayed 1 second(s)

2021-09-06 13:29:05 - [MESSAGE][PASSED] - Delayed 1 second(s)

2021-09-06 13:29:05 - [TEST_STEP][PASSED] - click(findTestObject("Pre-regist Covid/linktree/Page_Siloam Hospitals Registration Form/input_Nama Keluarga_agreeToTerms")): Object: 'Object Repository/Pre-regist Covid/linktree/Page_Siloam Hospitals Registration Form/input_Nama Keluarga_agreeToTerms' is clicked on

2021-09-06 13:29:05 - [MESSAGE][PASSED] - Object: 'Object Repository/Pre-regist Covid/linktree/Page_Siloam Hospitals Registration Form/input_Nama Keluarga_agreeToTerms' is clicked on

2021-09-06 13:29:05 - [TEST_STEP][PASSED] - scrollToPosition(9999999, 9999999): Browser is scrolled to position x = 9999999, y = 9999999

2021-09-06 13:29:05 - [MESSAGE][PASSED] - Browser is scrolled to position x = 9999999, y = 9999999

2021-09-06 13:29:05 - [TEST_STEP][PASSED] - delay(1): Delayed 1 second(s)

2021-09-06 13:29:06 - [MESSAGE][PASSED] - Delayed 1 second(s)

2021-09-06 13:29:06 - [TEST_STEP][PASSED] - click(findTestObject("Pre-regist Covid/linktree/Page_Siloam Hospitals Registration Form/button_Lanjut data diri")): Object: 'Object Repository/Pre-regist Covid/linktree/Page_Siloam Hospitals Registration Form/button_Lanjut data diri' is clicked on

2021-09-06 13:29:07 - [MESSAGE][PASSED] - Object: 'Object Repository/Pre-regist Covid/linktree/Page_Siloam Hospitals Registration Form/button_Lanjut data diri' is clicked on

2021-09-06 13:29:07 - [TEST_STEP][NOT_RUN] - delay(2): NOT_RUN: delay(2)

2021-09-06 13:29:07 - [MESSAGE][NOT_RUN] - NOT_RUN: delay(2)

2021-09-06 13:29:07 - [TEST_STEP][NOT_RUN] - waitForElementVisible(findTestObject("Pre-regist Covid/linktree/Page_Siloam Hospitals Registration Form/tujuan pemeriksaan"), 30): NOT_RUN: waitForElementVisible(findTestObject("Pre-regist Covid/linktree/Page_Siloam Hospitals Registration Form/tujuan pemeriksaan"), 30)

2021-09-06 13:29:07 - [MESSAGE][NOT_RUN] - NOT_RUN: waitForElementVisible(findTestObject("Pre-regist Covid/linktree/Page_Siloam Hospitals Registration Form/tujuan pemeriksaan"), 30)

2021-09-06 13:29:07 - [TEST_STEP][NOT_RUN] - delay(1): NOT_RUN: delay(1)

2021-09-06 13:29:07 - [MESSAGE][NOT_RUN] - NOT_RUN: delay(1)

2021-09-06 13:29:07 - [TEST_STEP][NOT_RUN] - scrollToElement(findTestObject("Pre-regist Covid/linktree/Page_Siloam Hospitals Registration Form/tujuan pemeriksaan"), 20): NOT_RUN: scrollToElement(findTestObject("Pre-regist Covid/linktree/Page_Siloam Hospitals Registration Form/tujuan pemeriksaan"), 20)

2021-09-06 13:29:07 - [MESSAGE][NOT_RUN] - NOT_RUN: scrollToElement(findTestObject("Pre-regist Covid/linktree/Page_Siloam Hospitals Registration Form/tujuan pemeriksaan"), 20)

2021-09-06 13:29:07 - [TEST_STEP][NOT_RUN] - if (TujuanPemeriksaan == "Rencana tindakan"): NOT_RUN: if (TujuanPemeriksaan == "Rencana tindakan")

2021-09-06 13:29:07 - [MESSAGE][NOT_RUN] - NOT_RUN: if (TujuanPemeriksaan == "Rencana tindakan")

2021-09-06 13:29:07 - [TEST_STEP][NOT_RUN] - delay(1): NOT_RUN: delay(1)

2021-09-06 13:29:07 - [MESSAGE][NOT_RUN] - NOT_RUN: delay(1)

2021-09-06 13:29:07 - [TEST_STEP][NOT_RUN] - scrollToElement(findTestObject("Pre-regist Covid/linktree/Page_Siloam Hospitals Registration Form/input_Pekerjaan_occupation"), 30): NOT_RUN: scrollToElement(findTestObject("Pre-regist Covid/linktree/Page_Siloam Hospitals Registration Form/input_Pekerjaan_occupation"), 30)

2021-09-06 13:29:07 - [MESSAGE][NOT_RUN] - NOT_RUN: scrollToElement(findTestObject("Pre-regist Covid/linktree/Page_Siloam Hospitals Registration Form/input_Pekerjaan_occupation"), 30)

2021-09-06 13:29:07 - [TEST_STEP][NOT_RUN] - waitForElementVisible(findTestObject("Pre-regist Covid/linktree/Page_Siloam Hospitals Registration Form/input_Pekerjaan_occupation"), 30): NOT_RUN: waitForElementVisible(findTestObject("Pre-regist Covid/linktree/Page_Siloam Hospitals Registration Form/input_Pekerjaan_occupation"), 30)

2021-09-06 13:29:07 - [MESSAGE][NOT_RUN] - NOT_RUN: waitForElementVisible(findTestObject("Pre-regist Covid/linktree/Page_Siloam Hospitals Registration Form/input_Pekerjaan_occupation"), 30)

2021-09-06 13:29:07 - [TEST_STEP][NOT_RUN] - setText(findTestObject("Pre-regist Covid/linktree/Page_Siloam Hospitals Registration Form/input_Pekerjaan_occupation"), Pekerjaan): NOT_RUN: setText(findTestObject("Pre-regist Covid/linktree/Page_Siloam Hospitals Registration Form/input_Pekerjaan_occupation"), Pekerjaan)

2021-09-06 13:29:07 - [MESSAGE][NOT_RUN] - NOT_RUN: setText(findTestObject("Pre-regist Covid/linktree/Page_Siloam Hospitals Registration Form/input_Pekerjaan_occupation"), Pekerjaan)

2021-09-06 13:29:07 - [TEST_STEP][NOT_RUN] - setText(findTestObject("Pre-regist Covid/linktree/Page_Siloam Hospitals Registration Form/input_Nama Orang Tua_parent_name"), Namaortu): NOT_RUN: setText(findTestObject("Pre-regist Covid/linktree/Page_Siloam Hospitals Registration Form/input_Nama Orang Tua_parent_name"), Namaortu)

2021-09-06 13:29:07 - [MESSAGE][NOT_RUN] - NOT_RUN: setText(findTestObject("Pre-regist Covid/linktree/Page_Siloam Hospitals Registration Form/input_Nama Orang Tua_parent_name"), Namaortu)

2021-09-06 13:29:07 - [TEST_STEP][NOT_RUN] - delay(1): NOT_RUN: delay(1)

2021-09-06 13:29:07 - [MESSAGE][NOT_RUN] - NOT_RUN: delay(1)

2021-09-06 13:29:07 - [TEST_STEP][NOT_RUN] - if (PernahBerobat == "Pernah"): NOT_RUN: if (PernahBerobat == "Pernah")

2021-09-06 13:29:07 - [MESSAGE][NOT_RUN] - NOT_RUN: if (PernahBerobat == "Pernah")

2021-09-06 13:29:07 - [TEST_STEP][NOT_RUN] - click(findTestObject("Pre-regist Covid/linktree/Page_Siloam Hospitals Registration Form/Klik provinsi")): NOT_RUN: click(findTestObject("Pre-regist Covid/linktree/Page_Siloam Hospitals Registration Form/Klik provinsi"))

2021-09-06 13:29:07 - [MESSAGE][NOT_RUN] - NOT_RUN: click(findTestObject("Pre-regist Covid/linktree/Page_Siloam Hospitals Registration Form/Klik provinsi"))

2021-09-06 13:29:07 - [TEST_STEP][NOT_RUN] - setText(findTestObject("Pre-regist Covid/linktree/Page_Siloam Hospitals Registration Form/input_Provinsi_state_id"), Provinsi): NOT_RUN: setText(findTestObject("Pre-regist Covid/linktree/Page_Siloam Hospitals Registration Form/input_Provinsi_state_id"), Provinsi)

2021-09-06 13:29:07 - [MESSAGE][NOT_RUN] - NOT_RUN: setText(findTestObject("Pre-regist Covid/linktree/Page_Siloam Hospitals Registration Form/input_Provinsi_state_id"), Provinsi)

2021-09-06 13:29:07 - [TEST_STEP][NOT_RUN] - click(findTestObject("Pre-regist Covid/linktree/Page_Siloam Hospitals Registration Form/Pilih provinsi")): NOT_RUN: click(findTestObject("Pre-regist Covid/linktree/Page_Siloam Hospitals Registration Form/Pilih provinsi"))

2021-09-06 13:29:07 - [MESSAGE][NOT_RUN] - NOT_RUN: click(findTestObject("Pre-regist Covid/linktree/Page_Siloam Hospitals Registration Form/Pilih provinsi"))

2021-09-06 13:29:07 - [TEST_STEP][NOT_RUN] - delay(1): NOT_RUN: delay(1)

2021-09-06 13:29:07 - [MESSAGE][NOT_RUN] - NOT_RUN: delay(1)

2021-09-06 13:29:07 - [TEST_STEP][NOT_RUN] - setText(findTestObject("Pre-regist Covid/linktree/Page_Siloam Hospitals Registration Form/input_RT_rt_number"), RT): NOT_RUN: setText(findTestObject("Pre-regist Covid/linktree/Page_Siloam Hospitals Registration Form/input_RT_rt_number"), RT)

2021-09-06 13:29:07 - [MESSAGE][NOT_RUN] - NOT_RUN: setText(findTestObject("Pre-regist Covid/linktree/Page_Siloam Hospitals Registration Form/input_RT_rt_number"), RT)

2021-09-06 13:29:07 - [TEST_STEP][NOT_RUN] - setText(findTestObject("Pre-regist Covid/linktree/Page_Siloam Hospitals Registration Form/input_RW_rw_number"), RW): NOT_RUN: setText(findTestObject("Pre-regist Covid/linktree/Page_Siloam Hospitals Registration Form/input_RW_rw_number"), RW)

2021-09-06 13:29:07 - [MESSAGE][NOT_RUN] - NOT_RUN: setText(findTestObject("Pre-regist Covid/linktree/Page_Siloam Hospitals Registration Form/input_RW_rw_number"), RW)

2021-09-06 13:29:07 - [TEST_STEP][NOT_RUN] - click(findTestObject("Pre-regist Covid/linktree/Page_Siloam Hospitals Registration Form/Pertanyaan pemeriksaan/Pertanyaan 1 Tidak")): NOT_RUN: click(findTestObject("Pre-regist Covid/linktree/Page_Siloam Hospitals Registration Form/Pertanyaan pemeriksaan/Pertanyaan 1 Tidak"))

2021-09-06 13:29:07 - [MESSAGE][NOT_RUN] - NOT_RUN: click(findTestObject("Pre-regist Covid/linktree/Page_Siloam Hospitals Registration Form/Pertanyaan pemeriksaan/Pertanyaan 1 Tidak"))

2021-09-06 13:29:07 - [TEST_STEP][NOT_RUN] - click(findTestObject("Pre-regist Covid/linktree/Page_Siloam Hospitals Registration Form/Pertanyaan pemeriksaan/Pertanyaan 2 Tidak")): NOT_RUN: click(findTestObject("Pre-regist Covid/linktree/Page_Siloam Hospitals Registration Form/Pertanyaan pemeriksaan/Pertanyaan 2 Tidak"))

2021-09-06 13:29:07 - [MESSAGE][NOT_RUN] - NOT_RUN: click(findTestObject("Pre-regist Covid/linktree/Page_Siloam Hospitals Registration Form/Pertanyaan pemeriksaan/Pertanyaan 2 Tidak"))

2021-09-06 13:29:07 - [TEST_STEP][NOT_RUN] - click(findTestObject("Pre-regist Covid/linktree/Page_Siloam Hospitals Registration Form/Pertanyaan pemeriksaan/Pertanyaan 3 Tidak")): NOT_RUN: click(findTestObject("Pre-regist Covid/linktree/Page_Siloam Hospitals Registration Form/Pertanyaan pemeriksaan/Pertanyaan 3 Tidak"))

2021-09-06 13:29:07 - [MESSAGE][NOT_RUN] - NOT_RUN: click(findTestObject("Pre-regist Covid/linktree/Page_Siloam Hospitals Registration Form/Pertanyaan pemeriksaan/Pertanyaan 3 Tidak"))

2021-09-06 13:29:07 - [TEST_STEP][NOT_RUN] - click(findTestObject("Pre-regist Covid/linktree/Page_Siloam Hospitals Registration Form/Pertanyaan pemeriksaan/Pertanyaan 4 Tidak")): NOT_RUN: click(findTestObject("Pre-regist Covid/linktree/Page_Siloam Hospitals Registration Form/Pertanyaan pemeriksaan/Pertanyaan 4 Tidak"))

2021-09-06 13:29:07 - [MESSAGE][NOT_RUN] - NOT_RUN: click(findTestObject("Pre-regist Covid/linktree/Page_Siloam Hospitals Registration Form/Pertanyaan pemeriksaan/Pertanyaan 4 Tidak"))

2021-09-06 13:29:07 - [TEST_STEP][NOT_RUN] - scrollToPosition(9999999, 9999999): NOT_RUN: scrollToPosition(9999999, 9999999)

2021-09-06 13:29:07 - [MESSAGE][NOT_RUN] - NOT_RUN: scrollToPosition(9999999, 9999999)

2021-09-06 13:29:07 - [TEST_STEP][NOT_RUN] - delay(2): NOT_RUN: delay(2)

2021-09-06 13:29:07 - [MESSAGE][NOT_RUN] - NOT_RUN: delay(2)

2021-09-06 13:29:07 - [TEST_STEP][NOT_RUN] - click(findTestObject("Pre-regist Covid/linktree/Page_Siloam Hospitals Registration Form/button_lanjut PE form")): NOT_RUN: click(findTestObject("Pre-regist Covid/linktree/Page_Siloam Hospitals Registration Form/button_lanjut PE form"))

2021-09-06 13:29:07 - [MESSAGE][NOT_RUN] - NOT_RUN: click(findTestObject("Pre-regist Covid/linktree/Page_Siloam Hospitals Registration Form/button_lanjut PE form"))

2021-09-06 13:29:07 - [TEST_STEP][NOT_RUN] - delay(1): NOT_RUN: delay(1)

2021-09-06 13:29:07 - [MESSAGE][NOT_RUN] - NOT_RUN: delay(1)

2021-09-06 13:29:07 - [TEST_STEP][NOT_RUN] - waitForElementVisible(findTestObject("Pre-regist Covid/linktree/Page_Siloam Hospitals Registration Form/header pembayaran"), 120): NOT_RUN: waitForElementVisible(findTestObject("Pre-regist Covid/linktree/Page_Siloam Hospitals Registration Form/header pembayaran"), 120)

2021-09-06 13:29:07 - [MESSAGE][NOT_RUN] - NOT_RUN: waitForElementVisible(findTestObject("Pre-regist Covid/linktree/Page_Siloam Hospitals Registration Form/header pembayaran"), 120)

2021-09-06 13:29:07 - [TEST_STEP][NOT_RUN] - scrollToPosition(9999999, 9999999): NOT_RUN: scrollToPosition(9999999, 9999999)

2021-09-06 13:29:07 - [MESSAGE][NOT_RUN] - NOT_RUN: scrollToPosition(9999999, 9999999)

2021-09-06 13:29:07 - [TEST_STEP][NOT_RUN] - click(findTestObject("Pre-regist Covid/linktree/Page_Siloam Hospitals Registration Form/isAgree")): NOT_RUN: click(findTestObject("Pre-regist Covid/linktree/Page_Siloam Hospitals Registration Form/isAgree"))

2021-09-06 13:29:07 - [MESSAGE][NOT_RUN] - NOT_RUN: click(findTestObject("Pre-regist Covid/linktree/Page_Siloam Hospitals Registration Form/isAgree"))

2021-09-06 13:29:07 - [TEST_STEP][NOT_RUN] - click(findTestObject("Pre-regist Covid/linktree/Page_Siloam Hospitals Registration Form/isConsent")): NOT_RUN: click(findTestObject("Pre-regist Covid/linktree/Page_Siloam Hospitals Registration Form/isConsent"))

2021-09-06 13:29:07 - [MESSAGE][NOT_RUN] - NOT_RUN: click(findTestObject("Pre-regist Covid/linktree/Page_Siloam Hospitals Registration Form/isConsent"))

2021-09-06 13:29:07 - [TEST_STEP][NOT_RUN] - delay(1): NOT_RUN: delay(1)

2021-09-06 13:29:07 - [MESSAGE][NOT_RUN] - NOT_RUN: delay(1)

2021-09-06 13:29:07 - [TEST_STEP][NOT_RUN] - click(findTestObject("Pre-regist Covid/linktree/Page_Siloam Hospitals Registration Form/button_Kirim")): NOT_RUN: click(findTestObject("Pre-regist Covid/linktree/Page_Siloam Hospitals Registration Form/button_Kirim"))

2021-09-06 13:29:07 - [MESSAGE][NOT_RUN] - NOT_RUN: click(findTestObject("Pre-regist Covid/linktree/Page_Siloam Hospitals Registration Form/button_Kirim"))

2021-09-06 13:29:07 - [TEST_STEP][NOT_RUN] - waitForElementVisible(findTestObject("Pre-regist Covid/linktree/Page_Siloam Hospitals Registration Form/terima kasih"), 120): NOT_RUN: waitForElementVisible(findTestObject("Pre-regist Covid/linktree/Page_Siloam Hospitals Registration Form/terima kasih"), 120)

2021-09-06 13:29:07 - [MESSAGE][NOT_RUN] - NOT_RUN: waitForElementVisible(findTestObject("Pre-regist Covid/linktree/Page_Siloam Hospitals Registration Form/terima kasih"), 120)

2021-09-06 13:29:07 - [TEST_STEP][NOT_RUN] - delay(3): NOT_RUN: delay(3)

2021-09-06 13:29:07 - [MESSAGE][NOT_RUN] - NOT_RUN: delay(3)

2021-09-06 13:29:07 - [TEST_STEP][NOT_RUN] - KodeBooking = getText(findTestObject("Pre-regist Covid/linktree/Page_Siloam Hospitals Registration Form/kode booking")): NOT_RUN: KodeBooking = getText(findTestObject("Pre-regist Covid/linktree/Page_Siloam Hospitals Registration Form/kode booking"))

2021-09-06 13:29:07 - [MESSAGE][NOT_RUN] - NOT_RUN: KodeBooking = getText(findTestObject("Pre-regist Covid/linktree/Page_Siloam Hospitals Registration Form/kode booking"))

2021-09-06 13:29:07 - [TEST_STEP][NOT_RUN] - println("Kode Booking : " + KodeBooking): NOT_RUN: println("Kode Booking : " + KodeBooking)

2021-09-06 13:29:07 - [MESSAGE][NOT_RUN] - NOT_RUN: println("Kode Booking : " + KodeBooking)

2021-09-06 13:29:07 - [TEST_STEP][NOT_RUN] - delay(5): NOT_RUN: delay(5)

2021-09-06 13:29:07 - [MESSAGE][NOT_RUN] - NOT_RUN: delay(5)

2021-09-06 13:29:07 - [TEST_STEP][NOT_RUN] - navigateToUrl("http://10.85.139.100:5678/pre-registration"): NOT_RUN: navigateToUrl("http://10.85.139.100:5678/pre-registration")

2021-09-06 13:29:07 - [MESSAGE][NOT_RUN] - NOT_RUN: navigateToUrl("http://10.85.139.100:5678/pre-registration")

2021-09-06 13:29:07 - [TEST_STEP][NOT_RUN] - waitForElementVisible(findTestObject("Pre-regist Covid/Front Office OPD/Button login FO"), 30): NOT_RUN: waitForElementVisible(findTestObject("Pre-regist Covid/Front Office OPD/Button login FO"), 30)

2021-09-06 13:29:07 - [MESSAGE][NOT_RUN] - NOT_RUN: waitForElementVisible(findTestObject("Pre-regist Covid/Front Office OPD/Button login FO"), 30)

2021-09-06 13:29:07 - [TEST_STEP][NOT_RUN] - delay(2): NOT_RUN: delay(2)

2021-09-06 13:29:07 - [MESSAGE][NOT_RUN] - NOT_RUN: delay(2)

2021-09-06 13:29:07 - [TEST_STEP][NOT_RUN] - setText(findTestObject("Pre-regist Covid/Front Office OPD/input username FO"), Username): NOT_RUN: setText(findTestObject("Pre-regist Covid/Front Office OPD/input username FO"), Username)

2021-09-06 13:29:07 - [MESSAGE][NOT_RUN] - NOT_RUN: setText(findTestObject("Pre-regist Covid/Front Office OPD/input username FO"), Username)

2021-09-06 13:29:07 - [TEST_STEP][NOT_RUN] - setText(findTestObject("Pre-regist Covid/Front Office OPD/input password FO"), Password): NOT_RUN: setText(findTestObject("Pre-regist Covid/Front Office OPD/input password FO"), Password)

2021-09-06 13:29:07 - [MESSAGE][NOT_RUN] - NOT_RUN: setText(findTestObject("Pre-regist Covid/Front Office OPD/input password FO"), Password)

2021-09-06 13:29:07 - [TEST_STEP][NOT_RUN] - click(findTestObject("Pre-regist Covid/Front Office OPD/Button login FO")): NOT_RUN: click(findTestObject("Pre-regist Covid/Front Office OPD/Button login FO"))

2021-09-06 13:29:07 - [MESSAGE][NOT_RUN] - NOT_RUN: click(findTestObject("Pre-regist Covid/Front Office OPD/Button login FO"))

2021-09-06 13:29:07 - [TEST_STEP][NOT_RUN] - delay(2): NOT_RUN: delay(2)

2021-09-06 13:29:07 - [MESSAGE][NOT_RUN] - NOT_RUN: delay(2)

2021-09-06 13:29:07 - [TEST_STEP][NOT_RUN] - waitForPageLoad(30, STOP_ON_FAILURE): NOT_RUN: waitForPageLoad(30, STOP_ON_FAILURE)

2021-09-06 13:29:07 - [MESSAGE][NOT_RUN] - NOT_RUN: waitForPageLoad(30, STOP_ON_FAILURE)

2021-09-06 13:29:07 - [TEST_STEP][NOT_RUN] - waitForElementVisible(findTestObject("Pre-regist Covid/Front Office OPD/delete tanggal"), 120): NOT_RUN: waitForElementVisible(findTestObject("Pre-regist Covid/Front Office OPD/delete tanggal"), 120)

2021-09-06 13:29:07 - [MESSAGE][NOT_RUN] - NOT_RUN: waitForElementVisible(findTestObject("Pre-regist Covid/Front Office OPD/delete tanggal"), 120)

2021-09-06 13:29:07 - [TEST_STEP][NOT_RUN] - click(findTestObject("Pre-regist Covid/Front Office OPD/delete tanggal"), STOP_ON_FAILURE): NOT_RUN: click(findTestObject("Pre-regist Covid/Front Office OPD/delete tanggal"), STOP_ON_FAILURE)

2021-09-06 13:29:07 - [MESSAGE][NOT_RUN] - NOT_RUN: click(findTestObject("Pre-regist Covid/Front Office OPD/delete tanggal"), STOP_ON_FAILURE)

2021-09-06 13:29:07 - [TEST_STEP][NOT_RUN] - delay(1): NOT_RUN: delay(1)

2021-09-06 13:29:07 - [MESSAGE][NOT_RUN] - NOT_RUN: delay(1)

2021-09-06 13:29:07 - [TEST_STEP][NOT_RUN] - setText(findTestObject("Pre-regist Covid/Front Office OPD/input tanggak"), TanggalFO): NOT_RUN: setText(findTestObject("Pre-regist Covid/Front Office OPD/input tanggak"), TanggalFO)

2021-09-06 13:29:07 - [MESSAGE][NOT_RUN] - NOT_RUN: setText(findTestObject("Pre-regist Covid/Front Office OPD/input tanggak"), TanggalFO)

2021-09-06 13:29:07 - [TEST_STEP][NOT_RUN] - delay(2): NOT_RUN: delay(2)

2021-09-06 13:29:07 - [MESSAGE][NOT_RUN] - NOT_RUN: delay(2)

2021-09-06 13:29:07 - [TEST_STEP][NOT_RUN] - setText(findTestObject("Pre-regist Covid/Front Office OPD/input kode booking"), KodeBooking): NOT_RUN: setText(findTestObject("Pre-regist Covid/Front Office OPD/input kode booking"), KodeBooking)

2021-09-06 13:29:07 - [MESSAGE][NOT_RUN] - NOT_RUN: setText(findTestObject("Pre-regist Covid/Front Office OPD/input kode booking"), KodeBooking)

2021-09-06 13:29:07 - [TEST_STEP][NOT_RUN] - delay(1): NOT_RUN: delay(1)

2021-09-06 13:29:07 - [MESSAGE][NOT_RUN] - NOT_RUN: delay(1)

2021-09-06 13:29:07 - [TEST_STEP][NOT_RUN] - click(findTestObject("Pre-regist Covid/linktree/Page_Siloam Hospitals Registration Form/confrim kode booking")): NOT_RUN: click(findTestObject("Pre-regist Covid/linktree/Page_Siloam Hospitals Registration Form/confrim kode booking"))

2021-09-06 13:29:07 - [MESSAGE][NOT_RUN] - NOT_RUN: click(findTestObject("Pre-regist Covid/linktree/Page_Siloam Hospitals Registration Form/confrim kode booking"))

2021-09-06 13:29:07 - [TEST_STEP][NOT_RUN] - delay(5): NOT_RUN: delay(5)

2021-09-06 13:29:07 - [MESSAGE][NOT_RUN] - NOT_RUN: delay(5)

2021-09-06 13:29:07 - [MESSAGE][PASSED] - Call Test Case 'Test Cases/Pre-regist Covid/TestCase/1. linktree - (Pilih Paket, Data Diri)' successfully

2021-09-06 13:29:07 - [TEST_STEP][PASSED] - delay(2): Delayed 2 second(s)

2021-09-06 13:29:09 - [MESSAGE][PASSED] - Delayed 2 second(s)

2021-09-06 13:29:09 - [TEST_STEP][PASSED] - callTestCase(findTestCase("Pre-regist Covid/TestCase/2. linktree - (PE Form, pembayaran)"), ["PernahBerobat":PernahBerobat, "TujuanPemeriksaan":TujuanPemeriksaan, "Pekerjaan":Pekerjaan, "Namaortu":Namaortu, "Provinsi":Provinsi, ... ], STOP_ON_FAILURE): Call Test Case 'Test Cases/Pre-regist Covid/TestCase/2. linktree - (PE Form, pembayaran)' successfully

2021-09-06 13:29:09 - [TEST_CASE][PASSED] - Test Cases/Pre-regist Covid/TestCase/2. linktree - (PE Form, pembayaran): Test Cases/Pre-regist Covid/TestCase/2. linktree - (PE Form, pembayaran)

2021-09-06 13:29:09 - [TEST_STEP][PASSED] - delay(2): Delayed 2 second(s)

2021-09-06 13:29:11 - [MESSAGE][PASSED] - Delayed 2 second(s)

2021-09-06 13:29:11 - [TEST_STEP][PASSED] - waitForElementVisible(findTestObject("Pre-regist Covid/linktree/Page_Siloam Hospitals Registration Form/tujuan pemeriksaan"), 30): Object 'Object Repository/Pre-regist Covid/linktree/Page_Siloam Hospitals Registration Form/tujuan pemeriksaan' is visible

2021-09-06 13:29:11 - [MESSAGE][PASSED] - Object 'Object Repository/Pre-regist Covid/linktree/Page_Siloam Hospitals Registration Form/tujuan pemeriksaan' is visible

2021-09-06 13:29:11 - [TEST_STEP][PASSED] - delay(1): Delayed 1 second(s)

2021-09-06 13:29:12 - [MESSAGE][PASSED] - Delayed 1 second(s)

2021-09-06 13:29:12 - [TEST_STEP][PASSED] - scrollToElement(findTestObject("Pre-regist Covid/linktree/Page_Siloam Hospitals Registration Form/tujuan pemeriksaan"), 20): Scroll to object 'Object Repository/Pre-regist Covid/linktree/Page_Siloam Hospitals Registration Form/tujuan pemeriksaan' successfully

2021-09-06 13:29:13 - [MESSAGE][PASSED] - Scroll to object 'Object Repository/Pre-regist Covid/linktree/Page_Siloam Hospitals Registration Form/tujuan pemeriksaan' successfully

2021-09-06 13:29:13 - [TEST_STEP][PASSED] - if (TujuanPemeriksaan == "Rencana tindakan"): null

2021-09-06 13:29:13 - [TEST_STEP][PASSED] - else if (TujuanPemeriksaan == "Rencana bepergian"): null

2021-09-06 13:29:13 - [TEST_STEP][PASSED] - else if (TujuanPemeriksaan == "Follow up post covid"): null

2021-09-06 13:29:13 - [TEST_STEP][PASSED] - else: Delayed 1 second(s)

2021-09-06 13:29:13 - [TEST_STEP][PASSED] - click(findTestObject("Pre-regist Covid/linktree/Page_Siloam Hospitals Registration Form/tujuan pemeriksaan")): Object: 'Object Repository/Pre-regist Covid/linktree/Page_Siloam Hospitals Registration Form/tujuan pemeriksaan' is clicked on

2021-09-06 13:29:13 - [MESSAGE][PASSED] - Object: 'Object Repository/Pre-regist Covid/linktree/Page_Siloam Hospitals Registration Form/tujuan pemeriksaan' is clicked on

2021-09-06 13:29:13 - [TEST_STEP][PASSED] - delay(2): Delayed 2 second(s)

2021-09-06 13:29:15 - [MESSAGE][PASSED] - Delayed 2 second(s)

2021-09-06 13:29:15 - [TEST_STEP][PASSED] - click(findTestObject("Pre-regist Covid/linktree/Page_Siloam Hospitals Registration Form/Tujuanpemeriksaan/li_Pemeriksaan Rutin  Atas Permintaan Sendiri")): Object: 'Object Repository/Pre-regist Covid/linktree/Page_Siloam Hospitals Registration Form/Tujuanpemeriksaan/li_Pemeriksaan Rutin  Atas Permintaan Sendiri' is clicked on

2021-09-06 13:29:16 - [MESSAGE][PASSED] - Object: 'Object Repository/Pre-regist Covid/linktree/Page_Siloam Hospitals Registration Form/Tujuanpemeriksaan/li_Pemeriksaan Rutin  Atas Permintaan Sendiri' is clicked on

2021-09-06 13:29:16 - [TEST_STEP][PASSED] - delay(1): Delayed 1 second(s)

2021-09-06 13:29:17 - [MESSAGE][PASSED] - Delayed 1 second(s)

2021-09-06 13:29:17 - [TEST_STEP][PASSED] - delay(1): Delayed 1 second(s)

2021-09-06 13:29:18 - [MESSAGE][PASSED] - Delayed 1 second(s)

2021-09-06 13:29:18 - [TEST_STEP][PASSED] - scrollToElement(findTestObject("Pre-regist Covid/linktree/Page_Siloam Hospitals Registration Form/input_Pekerjaan_occupation"), 30): Scroll to object 'Object Repository/Pre-regist Covid/linktree/Page_Siloam Hospitals Registration Form/input_Pekerjaan_occupation' successfully

2021-09-06 13:29:18 - [MESSAGE][PASSED] - Scroll to object 'Object Repository/Pre-regist Covid/linktree/Page_Siloam Hospitals Registration Form/input_Pekerjaan_occupation' successfully

2021-09-06 13:29:18 - [TEST_STEP][PASSED] - waitForElementVisible(findTestObject("Pre-regist Covid/linktree/Page_Siloam Hospitals Registration Form/input_Pekerjaan_occupation"), 30): Object 'Object Repository/Pre-regist Covid/linktree/Page_Siloam Hospitals Registration Form/input_Pekerjaan_occupation' is visible

2021-09-06 13:29:18 - [MESSAGE][PASSED] - Object 'Object Repository/Pre-regist Covid/linktree/Page_Siloam Hospitals Registration Form/input_Pekerjaan_occupation' is visible

2021-09-06 13:29:18 - [TEST_STEP][PASSED] - if (PernahBerobat == "Pernah"): null

2021-09-06 13:29:18 - [TEST_STEP][PASSED] - setText(findTestObject("Pre-regist Covid/linktree/Page_Siloam Hospitals Registration Form/input_Pekerjaan_occupation"), Pekerjaan): Text 'isi pekerjaan' is set on object 'Object Repository/Pre-regist Covid/linktree/Page_Siloam Hospitals Registration Form/input_Pekerjaan_occupation'

2021-09-06 13:29:19 - [MESSAGE][PASSED] - Text 'isi pekerjaan' is set on object 'Object Repository/Pre-regist Covid/linktree/Page_Siloam Hospitals Registration Form/input_Pekerjaan_occupation'

2021-09-06 13:29:19 - [TEST_STEP][PASSED] - setText(findTestObject("Pre-regist Covid/linktree/Page_Siloam Hospitals Registration Form/input_Nama Orang Tua_parent_name"), Namaortu): Text 'ujang' is set on object 'Object Repository/Pre-regist Covid/linktree/Page_Siloam Hospitals Registration Form/input_Nama Orang Tua_parent_name'

2021-09-06 13:29:20 - [MESSAGE][PASSED] - Text 'ujang' is set on object 'Object Repository/Pre-regist Covid/linktree/Page_Siloam Hospitals Registration Form/input_Nama Orang Tua_parent_name'

2021-09-06 13:29:20 - [TEST_STEP][PASSED] - delay(1): Delayed 1 second(s)

2021-09-06 13:29:21 - [MESSAGE][PASSED] - Delayed 1 second(s)

2021-09-06 13:29:21 - [TEST_STEP][PASSED] - if (PernahBerobat == "Pernah"): null

2021-09-06 13:29:21 - [TEST_STEP][PASSED] - else: Text '1' is set on object 'Object Repository/Pre-regist Covid/linktree/Page_Siloam Hospitals Registration Form/input_RW_rw_number'

2021-09-06 13:29:21 - [TEST_STEP][PASSED] - click(findTestObject("Pre-regist Covid/linktree/Page_Siloam Hospitals Registration Form/Klik provinsi")): Object: 'Object Repository/Pre-regist Covid/linktree/Page_Siloam Hospitals Registration Form/Klik provinsi' is clicked on

2021-09-06 13:29:22 - [MESSAGE][PASSED] - Object: 'Object Repository/Pre-regist Covid/linktree/Page_Siloam Hospitals Registration Form/Klik provinsi' is clicked on

2021-09-06 13:29:22 - [TEST_STEP][PASSED] - setText(findTestObject("Pre-regist Covid/linktree/Page_Siloam Hospitals Registration Form/input_Provinsi_state_id"), Provinsi): Text 'JAKARTA' is set on object 'Object Repository/Pre-regist Covid/linktree/Page_Siloam Hospitals Registration Form/input_Provinsi_state_id'

2021-09-06 13:29:22 - [MESSAGE][PASSED] - Text 'JAKARTA' is set on object 'Object Repository/Pre-regist Covid/linktree/Page_Siloam Hospitals Registration Form/input_Provinsi_state_id'

2021-09-06 13:29:22 - [TEST_STEP][PASSED] - click(findTestObject("Pre-regist Covid/linktree/Page_Siloam Hospitals Registration Form/Pilih provinsi")): Object: 'Object Repository/Pre-regist Covid/linktree/Page_Siloam Hospitals Registration Form/Pilih provinsi' is clicked on

2021-09-06 13:29:23 - [MESSAGE][PASSED] - Object: 'Object Repository/Pre-regist Covid/linktree/Page_Siloam Hospitals Registration Form/Pilih provinsi' is clicked on

2021-09-06 13:29:23 - [TEST_STEP][PASSED] - delay(1): Delayed 1 second(s)

2021-09-06 13:29:24 - [MESSAGE][PASSED] - Delayed 1 second(s)

2021-09-06 13:29:24 - [TEST_STEP][PASSED] - setText(findTestObject("Pre-regist Covid/linktree/Page_Siloam Hospitals Registration Form/input_RT_rt_number"), RT): Text '1' is set on object 'Object Repository/Pre-regist Covid/linktree/Page_Siloam Hospitals Registration Form/input_RT_rt_number'

2021-09-06 13:29:25 - [MESSAGE][PASSED] - Text '1' is set on object 'Object Repository/Pre-regist Covid/linktree/Page_Siloam Hospitals Registration Form/input_RT_rt_number'

2021-09-06 13:29:25 - [TEST_STEP][PASSED] - setText(findTestObject("Pre-regist Covid/linktree/Page_Siloam Hospitals Registration Form/input_RW_rw_number"), RW): Text '1' is set on object 'Object Repository/Pre-regist Covid/linktree/Page_Siloam Hospitals Registration Form/input_RW_rw_number'

2021-09-06 13:29:25 - [MESSAGE][PASSED] - Text '1' is set on object 'Object Repository/Pre-regist Covid/linktree/Page_Siloam Hospitals Registration Form/input_RW_rw_number'

2021-09-06 13:29:25 - [TEST_STEP][PASSED] - click(findTestObject("Pre-regist Covid/linktree/Page_Siloam Hospitals Registration Form/Pertanyaan pemeriksaan/Pertanyaan 1 Tidak")): Object: 'Object Repository/Pre-regist Covid/linktree/Page_Siloam Hospitals Registration Form/Pertanyaan pemeriksaan/Pertanyaan 1 Tidak' is clicked on

2021-09-06 13:29:26 - [MESSAGE][PASSED] - Object: 'Object Repository/Pre-regist Covid/linktree/Page_Siloam Hospitals Registration Form/Pertanyaan pemeriksaan/Pertanyaan 1 Tidak' is clicked on

2021-09-06 13:29:26 - [TEST_STEP][PASSED] - click(findTestObject("Pre-regist Covid/linktree/Page_Siloam Hospitals Registration Form/Pertanyaan pemeriksaan/Pertanyaan 2 Tidak")): Object: 'Object Repository/Pre-regist Covid/linktree/Page_Siloam Hospitals Registration Form/Pertanyaan pemeriksaan/Pertanyaan 2 Tidak' is clicked on

2021-09-06 13:29:26 - [MESSAGE][PASSED] - Object: 'Object Repository/Pre-regist Covid/linktree/Page_Siloam Hospitals Registration Form/Pertanyaan pemeriksaan/Pertanyaan 2 Tidak' is clicked on

2021-09-06 13:29:26 - [TEST_STEP][PASSED] - click(findTestObject("Pre-regist Covid/linktree/Page_Siloam Hospitals Registration Form/Pertanyaan pemeriksaan/Pertanyaan 3 Tidak")): Object: 'Object Repository/Pre-regist Covid/linktree/Page_Siloam Hospitals Registration Form/Pertanyaan pemeriksaan/Pertanyaan 3 Tidak' is clicked on

2021-09-06 13:29:27 - [MESSAGE][PASSED] - Object: 'Object Repository/Pre-regist Covid/linktree/Page_Siloam Hospitals Registration Form/Pertanyaan pemeriksaan/Pertanyaan 3 Tidak' is clicked on

2021-09-06 13:29:27 - [TEST_STEP][PASSED] - click(findTestObject("Pre-regist Covid/linktree/Page_Siloam Hospitals Registration Form/Pertanyaan pemeriksaan/Pertanyaan 4 Tidak")): Object: 'Object Repository/Pre-regist Covid/linktree/Page_Siloam Hospitals Registration Form/Pertanyaan pemeriksaan/Pertanyaan 4 Tidak' is clicked on

2021-09-06 13:29:27 - [MESSAGE][PASSED] - Object: 'Object Repository/Pre-regist Covid/linktree/Page_Siloam Hospitals Registration Form/Pertanyaan pemeriksaan/Pertanyaan 4 Tidak' is clicked on

2021-09-06 13:29:27 - [TEST_STEP][PASSED] - scrollToPosition(9999999, 9999999): Browser is scrolled to position x = 9999999, y = 9999999

2021-09-06 13:29:27 - [MESSAGE][PASSED] - Browser is scrolled to position x = 9999999, y = 9999999

2021-09-06 13:29:27 - [TEST_STEP][PASSED] - delay(2): Delayed 2 second(s)

2021-09-06 13:29:29 - [MESSAGE][PASSED] - Delayed 2 second(s)

2021-09-06 13:29:29 - [TEST_STEP][PASSED] - click(findTestObject("Pre-regist Covid/linktree/Page_Siloam Hospitals Registration Form/button_lanjut PE form")): Object: 'Object Repository/Pre-regist Covid/linktree/Page_Siloam Hospitals Registration Form/button_lanjut PE form' is clicked on

2021-09-06 13:29:29 - [MESSAGE][PASSED] - Object: 'Object Repository/Pre-regist Covid/linktree/Page_Siloam Hospitals Registration Form/button_lanjut PE form' is clicked on

2021-09-06 13:29:29 - [TEST_STEP][PASSED] - delay(1): Delayed 1 second(s)

2021-09-06 13:29:30 - [MESSAGE][PASSED] - Delayed 1 second(s)

2021-09-06 13:29:30 - [TEST_STEP][PASSED] - waitForElementVisible(findTestObject("Pre-regist Covid/linktree/Page_Siloam Hospitals Registration Form/header pembayaran"), 120): Object 'Object Repository/Pre-regist Covid/linktree/Page_Siloam Hospitals Registration Form/header pembayaran' is visible

2021-09-06 13:29:31 - [MESSAGE][PASSED] - Object 'Object Repository/Pre-regist Covid/linktree/Page_Siloam Hospitals Registration Form/header pembayaran' is visible

2021-09-06 13:29:31 - [TEST_STEP][PASSED] - scrollToPosition(9999999, 9999999): Browser is scrolled to position x = 9999999, y = 9999999

2021-09-06 13:29:31 - [MESSAGE][PASSED] - Browser is scrolled to position x = 9999999, y = 9999999

2021-09-06 13:29:31 - [TEST_STEP][PASSED] - click(findTestObject("Pre-regist Covid/linktree/Page_Siloam Hospitals Registration Form/isAgree")): Object: 'Object Repository/Pre-regist Covid/linktree/Page_Siloam Hospitals Registration Form/isAgree' is clicked on

2021-09-06 13:29:31 - [MESSAGE][PASSED] - Object: 'Object Repository/Pre-regist Covid/linktree/Page_Siloam Hospitals Registration Form/isAgree' is clicked on

2021-09-06 13:29:31 - [TEST_STEP][PASSED] - click(findTestObject("Pre-regist Covid/linktree/Page_Siloam Hospitals Registration Form/isConsent")): Object: 'Object Repository/Pre-regist Covid/linktree/Page_Siloam Hospitals Registration Form/isConsent' is clicked on

2021-09-06 13:29:32 - [MESSAGE][PASSED] - Object: 'Object Repository/Pre-regist Covid/linktree/Page_Siloam Hospitals Registration Form/isConsent' is clicked on

2021-09-06 13:29:32 - [TEST_STEP][PASSED] - delay(1): Delayed 1 second(s)

2021-09-06 13:29:33 - [MESSAGE][PASSED] - Delayed 1 second(s)

2021-09-06 13:29:33 - [TEST_STEP][PASSED] - if (CaraPembayaran == "Pribadi"): null

2021-09-06 13:29:33 - [TEST_STEP][PASSED] - else: Object: 'Object Repository/Pre-regist Covid/linktree/Page_Siloam Hospitals Registration Form/button_Kirim' is clicked on

2021-09-06 13:29:33 - [TEST_STEP][PASSED] - click(findTestObject("Pre-regist Covid/linktree/Page_Siloam Hospitals Registration Form/button_Kirim")): Object: 'Object Repository/Pre-regist Covid/linktree/Page_Siloam Hospitals Registration Form/button_Kirim' is clicked on

2021-09-06 13:29:33 - [MESSAGE][PASSED] - Object: 'Object Repository/Pre-regist Covid/linktree/Page_Siloam Hospitals Registration Form/button_Kirim' is clicked on

2021-09-06 13:29:33 - [TEST_STEP][PASSED] - waitForElementVisible(findTestObject("Pre-regist Covid/linktree/Page_Siloam Hospitals Registration Form/terima kasih"), 120): Object 'Object Repository/Pre-regist Covid/linktree/Page_Siloam Hospitals Registration Form/terima kasih' is visible

2021-09-06 13:29:37 - [MESSAGE][PASSED] - Object 'Object Repository/Pre-regist Covid/linktree/Page_Siloam Hospitals Registration Form/terima kasih' is visible

2021-09-06 13:29:37 - [TEST_STEP][PASSED] - delay(3): Delayed 3 second(s)

2021-09-06 13:29:40 - [MESSAGE][PASSED] - Delayed 3 second(s)

2021-09-06 13:29:40 - [TEST_STEP][PASSED] - KodeBooking = getText(findTestObject("Pre-regist Covid/linktree/Page_Siloam Hospitals Registration Form/kode booking")): Text of object 'Object Repository/Pre-regist Covid/linktree/Page_Siloam Hospitals Registration Form/kode booking' is: '294C89'

2021-09-06 13:29:40 - [MESSAGE][PASSED] - Text of object 'Object Repository/Pre-regist Covid/linktree/Page_Siloam Hospitals Registration Form/kode booking' is: '294C89'

2021-09-06 13:29:40 - [TEST_STEP][PASSED] - println("Kode Booking : " + KodeBooking): null

2021-09-06 13:29:40 - [TEST_STEP][PASSED] - delay(5): Delayed 5 second(s)

2021-09-06 13:29:45 - [MESSAGE][PASSED] - Delayed 5 second(s)

2021-09-06 13:29:45 - [TEST_STEP][PASSED] - navigateToUrl("http://10.85.139.100:5678/pre-registration"): Navigate to 'http://10.85.139.100:5678/pre-registration' successfully

2021-09-06 13:29:47 - [MESSAGE][PASSED] - Navigate to 'http://10.85.139.100:5678/pre-registration' successfully

2021-09-06 13:29:47 - [TEST_STEP][PASSED] - waitForElementVisible(findTestObject("Pre-regist Covid/Front Office OPD/Button login FO"), 30): Object 'Object Repository/Pre-regist Covid/Front Office OPD/Button login FO' is visible

2021-09-06 13:29:50 - [MESSAGE][PASSED] - Object 'Object Repository/Pre-regist Covid/Front Office OPD/Button login FO' is visible

2021-09-06 13:29:50 - [TEST_STEP][PASSED] - delay(2): Delayed 2 second(s)

2021-09-06 13:29:52 - [MESSAGE][PASSED] - Delayed 2 second(s)

2021-09-06 13:29:52 - [TEST_STEP][PASSED] - setText(findTestObject("Pre-regist Covid/Front Office OPD/input username FO"), Username): Text 'albert.aswindra' is set on object 'Object Repository/Pre-regist Covid/Front Office OPD/input username FO'

2021-09-06 13:29:53 - [MESSAGE][PASSED] - Text 'albert.aswindra' is set on object 'Object Repository/Pre-regist Covid/Front Office OPD/input username FO'

2021-09-06 13:29:53 - [TEST_STEP][PASSED] - setText(findTestObject("Pre-regist Covid/Front Office OPD/input password FO"), Password): Text 'al12345678' is set on object 'Object Repository/Pre-regist Covid/Front Office OPD/input password FO'

2021-09-06 13:29:54 - [MESSAGE][PASSED] - Text 'al12345678' is set on object 'Object Repository/Pre-regist Covid/Front Office OPD/input password FO'

2021-09-06 13:29:54 - [TEST_STEP][PASSED] - click(findTestObject("Pre-regist Covid/Front Office OPD/Button login FO")): Object: 'Object Repository/Pre-regist Covid/Front Office OPD/Button login FO' is clicked on

2021-09-06 13:29:54 - [MESSAGE][PASSED] - Object: 'Object Repository/Pre-regist Covid/Front Office OPD/Button login FO' is clicked on

2021-09-06 13:29:54 - [TEST_STEP][PASSED] - delay(2): Delayed 2 second(s)

2021-09-06 13:29:56 - [MESSAGE][PASSED] - Delayed 2 second(s)

2021-09-06 13:29:56 - [TEST_STEP][PASSED] - waitForPageLoad(30, STOP_ON_FAILURE): Wait for page load successfully

2021-09-06 13:29:56 - [MESSAGE][PASSED] - Wait for page load successfully

2021-09-06 13:29:56 - [TEST_STEP][PASSED] - waitForElementVisible(findTestObject("Pre-regist Covid/Front Office OPD/delete tanggal"), 120): Object 'Object Repository/Pre-regist Covid/Front Office OPD/delete tanggal' is visible

2021-09-06 13:29:57 - [MESSAGE][PASSED] - Object 'Object Repository/Pre-regist Covid/Front Office OPD/delete tanggal' is visible

2021-09-06 13:29:57 - [TEST_STEP][PASSED] - click(findTestObject("Pre-regist Covid/Front Office OPD/delete tanggal"), STOP_ON_FAILURE): Object: 'Object Repository/Pre-regist Covid/Front Office OPD/delete tanggal' is clicked on

2021-09-06 13:29:57 - [MESSAGE][PASSED] - Object: 'Object Repository/Pre-regist Covid/Front Office OPD/delete tanggal' is clicked on

2021-09-06 13:29:57 - [TEST_STEP][PASSED] - delay(1): Delayed 1 second(s)

2021-09-06 13:29:58 - [MESSAGE][PASSED] - Delayed 1 second(s)

2021-09-06 13:29:58 - [TEST_STEP][PASSED] - setText(findTestObject("Pre-regist Covid/Front Office OPD/input tanggak"), TanggalFO): Text '07/09/2021' is set on object 'Object Repository/Pre-regist Covid/Front Office OPD/input tanggak'

2021-09-06 13:29:59 - [MESSAGE][PASSED] - Text '07/09/2021' is set on object 'Object Repository/Pre-regist Covid/Front Office OPD/input tanggak'

2021-09-06 13:29:59 - [TEST_STEP][PASSED] - delay(2): Delayed 2 second(s)

2021-09-06 13:30:01 - [MESSAGE][PASSED] - Delayed 2 second(s)

2021-09-06 13:30:01 - [TEST_STEP][PASSED] - setText(findTestObject("Pre-regist Covid/Front Office OPD/input kode booking"), KodeBooking): Text '294C89' is set on object 'Object Repository/Pre-regist Covid/Front Office OPD/input kode booking'

2021-09-06 13:30:01 - [MESSAGE][PASSED] - Text '294C89' is set on object 'Object Repository/Pre-regist Covid/Front Office OPD/input kode booking'

2021-09-06 13:30:01 - [TEST_STEP][PASSED] - delay(1): Delayed 1 second(s)

2021-09-06 13:30:02 - [MESSAGE][PASSED] - Delayed 1 second(s)

2021-09-06 13:30:02 - [TEST_STEP][PASSED] - click(findTestObject("Pre-regist Covid/linktree/Page_Siloam Hospitals Registration Form/confrim kode booking")): Object: 'Object Repository/Pre-regist Covid/linktree/Page_Siloam Hospitals Registration Form/confrim kode booking' is clicked on

2021-09-06 13:30:03 - [MESSAGE][PASSED] - Object: 'Object Repository/Pre-regist Covid/linktree/Page_Siloam Hospitals Registration Form/confrim kode booking' is clicked on

2021-09-06 13:30:03 - [TEST_STEP][PASSED] - delay(5): Delayed 5 second(s)

2021-09-06 13:30:08 - [MESSAGE][PASSED] - Delayed 5 second(s)

2021-09-06 13:30:08 - [MESSAGE][PASSED] - Call Test Case 'Test Cases/Pre-regist Covid/TestCase/2. linktree - (PE Form, pembayaran)' successfully

2021-09-06 13:30:08 - [TEST_STEP][PASSED] - delay(2): Delayed 2 second(s)

2021-09-06 13:30:10 - [MESSAGE][PASSED] - Delayed 2 second(s)]]></system-out>
         <system-err><![CDATA[]]></system-err>
      </testcase>
      <system-out><![CDATA[2021-09-06 13:27:40 - [TEST_SUITE][PASSED] - Pre-regist COVID: Test Cases/Pre-regist Covid/Linktree - FO]]></system-out>
      <system-err><![CDATA[]]></system-err>
   </testsuite>
</testsuites>
