<?xml version="1.0" encoding="UTF-8"?>
<testsuites name="Pre-regist" time="64.181" tests="1" failures="0" errors="0">
   <testsuite name="Pre-regist" tests="1" failures="0" errors="0" time="64.181" skipped="0" timestamp="2021-08-27 11:39:11" hostname="15997182 - N0101-7182-IQC.muf.co.id" id="Test Suites/Pre-regist">
      <properties>
         <property name="deviceName" value=""/>
         <property name="devicePlatform" value=""/>
         <property name="logFolder" value="D:\\MySiloam\\Reports\\20210827_113859\\Pre-regist\\20210827_113859"/>
         <property name="logFiles" value="D:\\MySiloam\\Reports\\20210827_113859\\Pre-regist\\20210827_113859\\execution0.log"/>
         <property name="attachments" value=""/>
         <property name="hostName" value="15997182 - N0101-7182-IQC.muf.co.id"/>
         <property name="os" value="Windows 10 64bit"/>
         <property name="katalonVersion" value="8.1.0.208"/>
         <property name="browser" value="Chrome 92.0.4515.159"/>
         <property name="hostAddress" value="10.1.189.60"/>
         <property name="sessionId" value="695dc2c265a63c44765c42e9eef8e0d7"/>
         <property name="seleniumVersion" value="3.141.59"/>
         <property name="proxyInformation" value="ProxyInformation { proxyOption=NO_PROXY, proxyServerType=HTTP, username=, password=********, proxyServerAddress=, proxyServerPort=0, executionList=&quot;&quot;, isApplyToDesiredCapabilities=true }"/>
         <property name="platform" value="Windows 10"/>
      </properties>
      <testcase name="Test Cases/Pre-regist Covid/linktree" time="62.201" classname="Test Cases/Pre-regist Covid/linktree" status="PASSED">
         <system-out><![CDATA[2021-08-27 11:39:11 - [TEST_CASE][PASSED] - Test Cases/Pre-regist Covid/linktree: Test Cases/Pre-regist Covid/linktree

2021-08-27 11:39:13 - [TEST_STEP][PASSED] - openBrowser(""): Browser is opened with url: ''

2021-08-27 11:39:13 - [MESSAGE][INFO] - Starting 'Chrome' driver

2021-08-27 11:39:13 - [MESSAGE][INFO] - Action delay is set to 0 milliseconds

2021-08-27 11:39:16 - [MESSAGE][PASSED] - Browser is opened with url: ''

2021-08-27 11:39:16 - [TEST_STEP][PASSED] - navigateToUrl("https://mysiloam-api-staging.siloamhospitals.com/linktree/"): Navigate to 'https://mysiloam-api-staging.siloamhospitals.com/linktree/' successfully

2021-08-27 11:39:16 - [MESSAGE][PASSED] - Navigate to 'https://mysiloam-api-staging.siloamhospitals.com/linktree/' successfully

2021-08-27 11:39:16 - [TEST_STEP][PASSED] - waitForElementVisible(findTestObject("Pre-regist Covid/linktree/Page_Siloam Hospitals Registration Form/div_Select"), 120): Object 'Object Repository/Pre-regist Covid/linktree/Page_Siloam Hospitals Registration Form/div_Select' is visible

2021-08-27 11:39:17 - [MESSAGE][PASSED] - Object 'Object Repository/Pre-regist Covid/linktree/Page_Siloam Hospitals Registration Form/div_Select' is visible

2021-08-27 11:39:17 - [TEST_STEP][PASSED] - maximizeWindow(): Current window maximized

2021-08-27 11:39:17 - [MESSAGE][PASSED] - Current window maximized

2021-08-27 11:39:17 - [TEST_STEP][PASSED] - delay(2): Delayed 2 second(s)

2021-08-27 11:39:20 - [MESSAGE][PASSED] - Delayed 2 second(s)

2021-08-27 11:39:20 - [TEST_STEP][PASSED] - click(findTestObject("Pre-regist Covid/linktree/Page_Siloam Hospitals Registration Form/div_Select")): Object: 'Object Repository/Pre-regist Covid/linktree/Page_Siloam Hospitals Registration Form/div_Select' is clicked on

2021-08-27 11:39:20 - [MESSAGE][PASSED] - Object: 'Object Repository/Pre-regist Covid/linktree/Page_Siloam Hospitals Registration Form/div_Select' is clicked on

2021-08-27 11:39:20 - [TEST_STEP][PASSED] - delay(2): Delayed 2 second(s)

2021-08-27 11:39:22 - [MESSAGE][PASSED] - Delayed 2 second(s)

2021-08-27 11:39:22 - [TEST_STEP][PASSED] - setText(findTestObject("Pre-regist Covid/linktree/Page_Siloam Hospitals Registration Form/input_Select_react-select-2-input"), NamaRS): Text 'SILOAM HOSPITALS LIPPO VILLAGE' is set on object 'Object Repository/Pre-regist Covid/linktree/Page_Siloam Hospitals Registration Form/input_Select_react-select-2-input'

2021-08-27 11:39:23 - [MESSAGE][PASSED] - Text 'SILOAM HOSPITALS LIPPO VILLAGE' is set on object 'Object Repository/Pre-regist Covid/linktree/Page_Siloam Hospitals Registration Form/input_Select_react-select-2-input'

2021-08-27 11:39:23 - [TEST_STEP][PASSED] - delay(2): Delayed 2 second(s)

2021-08-27 11:39:25 - [MESSAGE][PASSED] - Delayed 2 second(s)

2021-08-27 11:39:25 - [TEST_STEP][PASSED] - click(findTestObject("Pre-regist Covid/linktree/Page_Siloam Hospitals Registration Form/Pilih RS")): Object: 'Object Repository/Pre-regist Covid/linktree/Page_Siloam Hospitals Registration Form/Pilih RS' is clicked on

2021-08-27 11:39:25 - [MESSAGE][PASSED] - Object: 'Object Repository/Pre-regist Covid/linktree/Page_Siloam Hospitals Registration Form/Pilih RS' is clicked on

2021-08-27 11:39:25 - [TEST_STEP][PASSED] - delay(2): Delayed 2 second(s)

2021-08-27 11:39:27 - [MESSAGE][PASSED] - Delayed 2 second(s)

2021-08-27 11:39:27 - [TEST_STEP][PASSED] - click(findTestObject("Pre-regist Covid/linktree/Page_Siloam Hospitals Registration Form/Pilih NonDT")): Object: 'Object Repository/Pre-regist Covid/linktree/Page_Siloam Hospitals Registration Form/Pilih NonDT' is clicked on

2021-08-27 11:39:28 - [MESSAGE][PASSED] - Object: 'Object Repository/Pre-regist Covid/linktree/Page_Siloam Hospitals Registration Form/Pilih NonDT' is clicked on

2021-08-27 11:39:28 - [TEST_STEP][PASSED] - waitForElementVisible(findTestObject("Pre-regist Covid/linktree/Page_Siloam Hospitals Registration Form/Rapid Test Serology"), 30): Object 'Object Repository/Pre-regist Covid/linktree/Page_Siloam Hospitals Registration Form/Rapid Test Serology' is visible

2021-08-27 11:39:28 - [MESSAGE][PASSED] - Object 'Object Repository/Pre-regist Covid/linktree/Page_Siloam Hospitals Registration Form/Rapid Test Serology' is visible

2021-08-27 11:39:28 - [TEST_STEP][PASSED] - click(findTestObject("Pre-regist Covid/linktree/Page_Siloam Hospitals Registration Form/Rapid Test Serology")): Object: 'Object Repository/Pre-regist Covid/linktree/Page_Siloam Hospitals Registration Form/Rapid Test Serology' is clicked on

2021-08-27 11:39:29 - [MESSAGE][PASSED] - Object: 'Object Repository/Pre-regist Covid/linktree/Page_Siloam Hospitals Registration Form/Rapid Test Serology' is clicked on

2021-08-27 11:39:29 - [TEST_STEP][PASSED] - delay(2): Delayed 2 second(s)

2021-08-27 11:39:31 - [MESSAGE][PASSED] - Delayed 2 second(s)

2021-08-27 11:39:31 - [TEST_STEP][PASSED] - click(findTestObject("Pre-regist Covid/linktree/Page_Siloam Hospitals Registration Form/button_Pilih")): Object: 'Object Repository/Pre-regist Covid/linktree/Page_Siloam Hospitals Registration Form/button_Pilih' is clicked on

2021-08-27 11:39:31 - [MESSAGE][PASSED] - Object: 'Object Repository/Pre-regist Covid/linktree/Page_Siloam Hospitals Registration Form/button_Pilih' is clicked on

2021-08-27 11:39:31 - [TEST_STEP][PASSED] - waitForElementVisible(findTestObject("Pre-regist Covid/linktree/Page_Siloam Hospitals Registration Form/Nama Lengkap(Sesuai ID)_name"), 0): Object 'Object Repository/Pre-regist Covid/linktree/Page_Siloam Hospitals Registration Form/Nama Lengkap(Sesuai ID)_name' is visible

2021-08-27 11:39:31 - [MESSAGE][WARNING] - Timeout '0' is invalid. Using default page load timeout: '30'

2021-08-27 11:39:34 - [MESSAGE][PASSED] - Object 'Object Repository/Pre-regist Covid/linktree/Page_Siloam Hospitals Registration Form/Nama Lengkap(Sesuai ID)_name' is visible

2021-08-27 11:39:34 - [TEST_STEP][PASSED] - setText(findTestObject("Pre-regist Covid/linktree/Page_Siloam Hospitals Registration Form/Nama Lengkap(Sesuai ID)_name"), NamaSID): Text 'Nama SID' is set on object 'Object Repository/Pre-regist Covid/linktree/Page_Siloam Hospitals Registration Form/Nama Lengkap(Sesuai ID)_name'

2021-08-27 11:39:35 - [MESSAGE][PASSED] - Text 'Nama SID' is set on object 'Object Repository/Pre-regist Covid/linktree/Page_Siloam Hospitals Registration Form/Nama Lengkap(Sesuai ID)_name'

2021-08-27 11:39:35 - [TEST_STEP][PASSED] - delay(1): Delayed 1 second(s)

2021-08-27 11:39:36 - [MESSAGE][PASSED] - Delayed 1 second(s)

2021-08-27 11:39:36 - [TEST_STEP][PASSED] - scrollToElement(findTestObject("Pre-regist Covid/linktree/Page_Siloam Hospitals Registration Form/input_Tanggal Kunjungan_appointment_date"), 30): Scroll to object 'Object Repository/Pre-regist Covid/linktree/Page_Siloam Hospitals Registration Form/input_Tanggal Kunjungan_appointment_date' successfully

2021-08-27 11:39:36 - [MESSAGE][PASSED] - Scroll to object 'Object Repository/Pre-regist Covid/linktree/Page_Siloam Hospitals Registration Form/input_Tanggal Kunjungan_appointment_date' successfully

2021-08-27 11:39:36 - [TEST_STEP][PASSED] - delay(2): Delayed 2 second(s)

2021-08-27 11:39:38 - [MESSAGE][PASSED] - Delayed 2 second(s)

2021-08-27 11:39:38 - [TEST_STEP][PASSED] - click(findTestObject("Pre-regist Covid/linktree/Page_Siloam Hospitals Registration Form/input_Nomor Handphone_form-control")): Object: 'Object Repository/Pre-regist Covid/linktree/Page_Siloam Hospitals Registration Form/input_Nomor Handphone_form-control' is clicked on

2021-08-27 11:39:39 - [MESSAGE][PASSED] - Object: 'Object Repository/Pre-regist Covid/linktree/Page_Siloam Hospitals Registration Form/input_Nomor Handphone_form-control' is clicked on

2021-08-27 11:39:39 - [TEST_STEP][PASSED] - setText(findTestObject("Pre-regist Covid/linktree/Page_Siloam Hospitals Registration Form/input_Nomor Handphone_form-control"), NoHP): Text '3268236726' is set on object 'Object Repository/Pre-regist Covid/linktree/Page_Siloam Hospitals Registration Form/input_Nomor Handphone_form-control'

2021-08-27 11:39:40 - [MESSAGE][PASSED] - Text '3268236726' is set on object 'Object Repository/Pre-regist Covid/linktree/Page_Siloam Hospitals Registration Form/input_Nomor Handphone_form-control'

2021-08-27 11:39:40 - [TEST_STEP][PASSED] - click(findTestObject("Pre-regist Covid/linktree/Page_Siloam Hospitals Registration Form/input_Alamat Email_email")): Object: 'Object Repository/Pre-regist Covid/linktree/Page_Siloam Hospitals Registration Form/input_Alamat Email_email' is clicked on

2021-08-27 11:39:40 - [MESSAGE][PASSED] - Object: 'Object Repository/Pre-regist Covid/linktree/Page_Siloam Hospitals Registration Form/input_Alamat Email_email' is clicked on

2021-08-27 11:39:40 - [TEST_STEP][PASSED] - setText(findTestObject("Pre-regist Covid/linktree/Page_Siloam Hospitals Registration Form/input_Alamat Email_email"), Email): Text 'robot@testing.com' is set on object 'Object Repository/Pre-regist Covid/linktree/Page_Siloam Hospitals Registration Form/input_Alamat Email_email'

2021-08-27 11:39:41 - [MESSAGE][PASSED] - Text 'robot@testing.com' is set on object 'Object Repository/Pre-regist Covid/linktree/Page_Siloam Hospitals Registration Form/input_Alamat Email_email'

2021-08-27 11:39:41 - [TEST_STEP][PASSED] - delay(1): Delayed 1 second(s)

2021-08-27 11:39:42 - [MESSAGE][PASSED] - Delayed 1 second(s)

2021-08-27 11:39:42 - [TEST_STEP][PASSED] - click(findTestObject("Pre-regist Covid/linktree/Page_Siloam Hospitals Registration Form/input_Tanggal Kunjungan_appointment_date")): Object: 'Object Repository/Pre-regist Covid/linktree/Page_Siloam Hospitals Registration Form/input_Tanggal Kunjungan_appointment_date' is clicked on

2021-08-27 11:39:43 - [MESSAGE][PASSED] - Object: 'Object Repository/Pre-regist Covid/linktree/Page_Siloam Hospitals Registration Form/input_Tanggal Kunjungan_appointment_date' is clicked on

2021-08-27 11:39:43 - [TEST_STEP][PASSED] - if (TanggalKunjungan != 0): null

2021-08-27 11:39:43 - [TEST_STEP][PASSED] - if (TanggalKunjungan == 1): null

2021-08-27 11:39:43 - [TEST_STEP][PASSED] - click(findTestObject("Pre-regist Covid/linktree/Page_Siloam Hospitals Registration Form/span_OK")): Object: 'Object Repository/Pre-regist Covid/linktree/Page_Siloam Hospitals Registration Form/span_OK' is clicked on

2021-08-27 11:39:43 - [MESSAGE][PASSED] - Object: 'Object Repository/Pre-regist Covid/linktree/Page_Siloam Hospitals Registration Form/span_OK' is clicked on

2021-08-27 11:39:43 - [TEST_STEP][PASSED] - delay(1): Delayed 1 second(s)

2021-08-27 11:39:44 - [MESSAGE][PASSED] - Delayed 1 second(s)

2021-08-27 11:39:44 - [TEST_STEP][PASSED] - click(findTestObject("Pre-regist Covid/linktree/Page_Siloam Hospitals Registration Form/WaktuKunjungan")): Object: 'Object Repository/Pre-regist Covid/linktree/Page_Siloam Hospitals Registration Form/WaktuKunjungan' is clicked on

2021-08-27 11:39:45 - [MESSAGE][PASSED] - Object: 'Object Repository/Pre-regist Covid/linktree/Page_Siloam Hospitals Registration Form/WaktuKunjungan' is clicked on

2021-08-27 11:39:45 - [TEST_STEP][PASSED] - click(findTestObject("Pre-regist Covid/linktree/Page_Siloam Hospitals Registration Form/sementara")): Object: 'Object Repository/Pre-regist Covid/linktree/Page_Siloam Hospitals Registration Form/sementara' is clicked on

2021-08-27 11:39:45 - [MESSAGE][PASSED] - Object: 'Object Repository/Pre-regist Covid/linktree/Page_Siloam Hospitals Registration Form/sementara' is clicked on

2021-08-27 11:39:45 - [TEST_STEP][PASSED] - delay(1): Delayed 1 second(s)

2021-08-27 11:39:46 - [MESSAGE][PASSED] - Delayed 1 second(s)

2021-08-27 11:39:46 - [TEST_STEP][PASSED] - click(findTestObject("Pre-regist Covid/linktree/Page_Siloam Hospitals Registration Form/Cara Pembayaran")): Object: 'Object Repository/Pre-regist Covid/linktree/Page_Siloam Hospitals Registration Form/Cara Pembayaran' is clicked on

2021-08-27 11:39:47 - [MESSAGE][PASSED] - Object: 'Object Repository/Pre-regist Covid/linktree/Page_Siloam Hospitals Registration Form/Cara Pembayaran' is clicked on

2021-08-27 11:39:47 - [TEST_STEP][PASSED] - if (CaraPembayaran == "Jaminan"): Delayed 2 second(s)

2021-08-27 11:39:47 - [TEST_STEP][PASSED] - click(findTestObject("Pre-regist Covid/linktree/Page_Siloam Hospitals Registration Form/Jaminan")): Object: 'Object Repository/Pre-regist Covid/linktree/Page_Siloam Hospitals Registration Form/Jaminan' is clicked on

2021-08-27 11:39:47 - [MESSAGE][PASSED] - Object: 'Object Repository/Pre-regist Covid/linktree/Page_Siloam Hospitals Registration Form/Jaminan' is clicked on

2021-08-27 11:39:47 - [TEST_STEP][PASSED] - delay(1): Delayed 1 second(s)

2021-08-27 11:39:48 - [MESSAGE][PASSED] - Delayed 1 second(s)

2021-08-27 11:39:48 - [TEST_STEP][PASSED] - click(findTestObject("Pre-regist Covid/linktree/Page_Siloam Hospitals Registration Form/input_Nama PenjaminPerusahaan_payer")): Object: 'Object Repository/Pre-regist Covid/linktree/Page_Siloam Hospitals Registration Form/input_Nama PenjaminPerusahaan_payer' is clicked on

2021-08-27 11:39:49 - [MESSAGE][PASSED] - Object: 'Object Repository/Pre-regist Covid/linktree/Page_Siloam Hospitals Registration Form/input_Nama PenjaminPerusahaan_payer' is clicked on

2021-08-27 11:39:49 - [TEST_STEP][PASSED] - setText(findTestObject("Pre-regist Covid/linktree/Page_Siloam Hospitals Registration Form/input_Nama PenjaminPerusahaan_payer"), NamaPenjamin): Text 'penjamin' is set on object 'Object Repository/Pre-regist Covid/linktree/Page_Siloam Hospitals Registration Form/input_Nama PenjaminPerusahaan_payer'

2021-08-27 11:39:50 - [MESSAGE][PASSED] - Text 'penjamin' is set on object 'Object Repository/Pre-regist Covid/linktree/Page_Siloam Hospitals Registration Form/input_Nama PenjaminPerusahaan_payer'

2021-08-27 11:39:50 - [TEST_STEP][PASSED] - delay(2): Delayed 2 second(s)

2021-08-27 11:39:52 - [MESSAGE][PASSED] - Delayed 2 second(s)

2021-08-27 11:39:52 - [TEST_STEP][PASSED] - uploadFile(findTestObject("Pre-regist Covid/linktree/Page_Siloam Hospitals Registration Form/Upload surat jaminan"), "D:\MySiloam\Upload foto\download.jpg"): File 'D:\MySiloam\Upload foto\download.jpg' sent to object: 'Object Repository/Pre-regist Covid/linktree/Page_Siloam Hospitals Registration Form/Upload surat jaminan'

2021-08-27 11:39:52 - [MESSAGE][PASSED] - File 'D:\MySiloam\Upload foto\download.jpg' sent to object: 'Object Repository/Pre-regist Covid/linktree/Page_Siloam Hospitals Registration Form/Upload surat jaminan'

2021-08-27 11:39:52 - [TEST_STEP][PASSED] - delay(2): Delayed 2 second(s)

2021-08-27 11:39:54 - [MESSAGE][PASSED] - Delayed 2 second(s)

2021-08-27 11:39:54 - [TEST_STEP][PASSED] - if (PernahBerobat == "Tidak"): null

2021-08-27 11:39:54 - [TEST_STEP][PASSED] - else: Delayed 1 second(s)

2021-08-27 11:39:54 - [TEST_STEP][PASSED] - click(findTestObject("Pre-regist Covid/linktree/Page_Siloam Hospitals Registration Form/Pernahberobat")): Object: 'Object Repository/Pre-regist Covid/linktree/Page_Siloam Hospitals Registration Form/Pernahberobat' is clicked on

2021-08-27 11:39:55 - [MESSAGE][PASSED] - Object: 'Object Repository/Pre-regist Covid/linktree/Page_Siloam Hospitals Registration Form/Pernahberobat' is clicked on

2021-08-27 11:39:55 - [TEST_STEP][PASSED] - delay(1): Delayed 1 second(s)

2021-08-27 11:39:56 - [MESSAGE][PASSED] - Delayed 1 second(s)

2021-08-27 11:39:56 - [TEST_STEP][PASSED] - click(findTestObject("Pre-regist Covid/linktree/Page_Siloam Hospitals Registration Form/span_Data pasien sama dengan data pemesan")): Object: 'Object Repository/Pre-regist Covid/linktree/Page_Siloam Hospitals Registration Form/span_Data pasien sama dengan data pemesan' is clicked on

2021-08-27 11:39:56 - [MESSAGE][PASSED] - Object: 'Object Repository/Pre-regist Covid/linktree/Page_Siloam Hospitals Registration Form/span_Data pasien sama dengan data pemesan' is clicked on

2021-08-27 11:39:56 - [TEST_STEP][PASSED] - delay(2): Delayed 2 second(s)

2021-08-27 11:39:58 - [MESSAGE][PASSED] - Delayed 2 second(s)

2021-08-27 11:39:58 - [TEST_STEP][PASSED] - delay(1): Delayed 1 second(s)

2021-08-27 11:39:59 - [MESSAGE][PASSED] - Delayed 1 second(s)

2021-08-27 11:39:59 - [TEST_STEP][PASSED] - scrollToElement(findTestObject("Pre-regist Covid/linktree/Page_Siloam Hospitals Registration Form/input_Nomor Kartu Identitas_identity_number"), 30): Scroll to object 'Object Repository/Pre-regist Covid/linktree/Page_Siloam Hospitals Registration Form/input_Nomor Kartu Identitas_identity_number' successfully

2021-08-27 11:39:59 - [MESSAGE][PASSED] - Scroll to object 'Object Repository/Pre-regist Covid/linktree/Page_Siloam Hospitals Registration Form/input_Nomor Kartu Identitas_identity_number' successfully

2021-08-27 11:39:59 - [TEST_STEP][PASSED] - delay(1): Delayed 1 second(s)

2021-08-27 11:40:00 - [MESSAGE][PASSED] - Delayed 1 second(s)

2021-08-27 11:40:00 - [TEST_STEP][PASSED] - click(findTestObject("Pre-regist Covid/linktree/Page_Siloam Hospitals Registration Form/Kartu identitas")): Object: 'Object Repository/Pre-regist Covid/linktree/Page_Siloam Hospitals Registration Form/Kartu identitas' is clicked on

2021-08-27 11:40:01 - [MESSAGE][PASSED] - Object: 'Object Repository/Pre-regist Covid/linktree/Page_Siloam Hospitals Registration Form/Kartu identitas' is clicked on

2021-08-27 11:40:01 - [TEST_STEP][PASSED] - if (Identitas == "KTP"): Text '4763284724783240' is set on object 'Object Repository/Pre-regist Covid/linktree/Page_Siloam Hospitals Registration Form/input_Nomor Kartu Identitas_identity_number'

2021-08-27 11:40:01 - [TEST_STEP][PASSED] - click(findTestObject("Pre-regist Covid/linktree/Page_Siloam Hospitals Registration Form/identitas_KTP")): Object: 'Object Repository/Pre-regist Covid/linktree/Page_Siloam Hospitals Registration Form/identitas_KTP' is clicked on

2021-08-27 11:40:01 - [MESSAGE][PASSED] - Object: 'Object Repository/Pre-regist Covid/linktree/Page_Siloam Hospitals Registration Form/identitas_KTP' is clicked on

2021-08-27 11:40:01 - [TEST_STEP][PASSED] - setText(findTestObject("Pre-regist Covid/linktree/Page_Siloam Hospitals Registration Form/input_Nomor Kartu Identitas_identity_number"), NoIdentitas): Text '4763284724783240' is set on object 'Object Repository/Pre-regist Covid/linktree/Page_Siloam Hospitals Registration Form/input_Nomor Kartu Identitas_identity_number'

2021-08-27 11:40:03 - [MESSAGE][PASSED] - Text '4763284724783240' is set on object 'Object Repository/Pre-regist Covid/linktree/Page_Siloam Hospitals Registration Form/input_Nomor Kartu Identitas_identity_number'

2021-08-27 11:40:03 - [TEST_STEP][PASSED] - delay(2): Delayed 2 second(s)

2021-08-27 11:40:05 - [MESSAGE][PASSED] - Delayed 2 second(s)

2021-08-27 11:40:05 - [TEST_STEP][PASSED] - uploadFile(findTestObject("Pre-regist Covid/linktree/Page_Siloam Hospitals Registration Form/upload foto katru identitas"), "D:\MySiloam\Upload foto\download.jpg"): File 'D:\MySiloam\Upload foto\download.jpg' sent to object: 'Object Repository/Pre-regist Covid/linktree/Page_Siloam Hospitals Registration Form/upload foto katru identitas'

2021-08-27 11:40:05 - [MESSAGE][PASSED] - File 'D:\MySiloam\Upload foto\download.jpg' sent to object: 'Object Repository/Pre-regist Covid/linktree/Page_Siloam Hospitals Registration Form/upload foto katru identitas'

2021-08-27 11:40:05 - [TEST_STEP][PASSED] - delay(2): Delayed 2 second(s)

2021-08-27 11:40:07 - [MESSAGE][PASSED] - Delayed 2 second(s)

2021-08-27 11:40:07 - [TEST_STEP][PASSED] - if (PernahBerobat == "Tidak"): null

2021-08-27 11:40:07 - [TEST_STEP][PASSED] - else: Delayed 1 second(s)

2021-08-27 11:40:07 - [TEST_STEP][PASSED] - delay(1): Delayed 1 second(s)

2021-08-27 11:40:08 - [MESSAGE][PASSED] - Delayed 1 second(s)

2021-08-27 11:40:08 - [TEST_STEP][PASSED] - click(findTestObject("Pre-regist Covid/linktree/Page_Siloam Hospitals Registration Form/input_Tanggal Lahir")): Object: 'Object Repository/Pre-regist Covid/linktree/Page_Siloam Hospitals Registration Form/input_Tanggal Lahir' is clicked on

2021-08-27 11:40:09 - [MESSAGE][PASSED] - Object: 'Object Repository/Pre-regist Covid/linktree/Page_Siloam Hospitals Registration Form/input_Tanggal Lahir' is clicked on

2021-08-27 11:40:09 - [TEST_STEP][PASSED] - setText(findTestObject("Pre-regist Covid/linktree/Page_Siloam Hospitals Registration Form/input_Tanggal Lahir"), TanggalLahir): Text '11111991' is set on object 'Object Repository/Pre-regist Covid/linktree/Page_Siloam Hospitals Registration Form/input_Tanggal Lahir'

2021-08-27 11:40:10 - [MESSAGE][PASSED] - Text '11111991' is set on object 'Object Repository/Pre-regist Covid/linktree/Page_Siloam Hospitals Registration Form/input_Tanggal Lahir'

2021-08-27 11:40:10 - [TEST_STEP][PASSED] - delay(1): Delayed 1 second(s)

2021-08-27 11:40:11 - [MESSAGE][PASSED] - Delayed 1 second(s)

2021-08-27 11:40:11 - [TEST_STEP][PASSED] - delay(1): Delayed 1 second(s)

2021-08-27 11:40:12 - [MESSAGE][PASSED] - Delayed 1 second(s)

2021-08-27 11:40:12 - [TEST_STEP][PASSED] - click(findTestObject("Pre-regist Covid/linktree/Page_Siloam Hospitals Registration Form/input_Nama Keluarga_agreeToTerms")): Object: 'Object Repository/Pre-regist Covid/linktree/Page_Siloam Hospitals Registration Form/input_Nama Keluarga_agreeToTerms' is clicked on

2021-08-27 11:40:12 - [MESSAGE][PASSED] - Object: 'Object Repository/Pre-regist Covid/linktree/Page_Siloam Hospitals Registration Form/input_Nama Keluarga_agreeToTerms' is clicked on

2021-08-27 11:40:12 - [TEST_STEP][PASSED] - scrollToPosition(9999999, 9999999): Browser is scrolled to position x = 9999999, y = 9999999

2021-08-27 11:40:12 - [MESSAGE][PASSED] - Browser is scrolled to position x = 9999999, y = 9999999

2021-08-27 11:40:12 - [TEST_STEP][PASSED] - delay(1): Delayed 1 second(s)

2021-08-27 11:40:13 - [MESSAGE][PASSED] - Delayed 1 second(s)

2021-08-27 11:40:13 - [TEST_STEP][PASSED] - click(findTestObject("Pre-regist Covid/linktree/Page_Siloam Hospitals Registration Form/button_Lanjut")): Object: 'Object Repository/Pre-regist Covid/linktree/Page_Siloam Hospitals Registration Form/button_Lanjut' is clicked on

2021-08-27 11:40:14 - [MESSAGE][PASSED] - Object: 'Object Repository/Pre-regist Covid/linktree/Page_Siloam Hospitals Registration Form/button_Lanjut' is clicked on

2021-08-27 11:40:14 - [TEST_STEP][NOT_RUN] - openBrowser(""): NOT_RUN: openBrowser("")

2021-08-27 11:40:14 - [MESSAGE][NOT_RUN] - NOT_RUN: openBrowser("")

2021-08-27 11:40:14 - [TEST_STEP][NOT_RUN] - navigateToUrl("https://mysiloam-api-staging.siloamhospitals.com/linktree/"): NOT_RUN: navigateToUrl("https://mysiloam-api-staging.siloamhospitals.com/linktree/")

2021-08-27 11:40:14 - [MESSAGE][NOT_RUN] - NOT_RUN: navigateToUrl("https://mysiloam-api-staging.siloamhospitals.com/linktree/")

2021-08-27 11:40:14 - [TEST_STEP][NOT_RUN] - click(findTestObject("Object Repository/Pre-regist Covid/linktree/body_You need to enable JavaScript to run t_832721")): NOT_RUN: click(findTestObject("Object Repository/Pre-regist Covid/linktree/body_You need to enable JavaScript to run t_832721"))

2021-08-27 11:40:14 - [MESSAGE][NOT_RUN] - NOT_RUN: click(findTestObject("Object Repository/Pre-regist Covid/linktree/body_You need to enable JavaScript to run t_832721"))

2021-08-27 11:40:14 - [TEST_STEP][NOT_RUN] - click(findTestObject("Object Repository/Pre-regist Covid/linktree/li_Pemeriksaan Rutin  Atas Permintaan Sendiri")): NOT_RUN: click(findTestObject("Object Repository/Pre-regist Covid/linktree/li_Pemeriksaan Rutin  Atas Permintaan Sendiri"))

2021-08-27 11:40:14 - [MESSAGE][NOT_RUN] - NOT_RUN: click(findTestObject("Object Repository/Pre-regist Covid/linktree/li_Pemeriksaan Rutin  Atas Permintaan Sendiri"))

2021-08-27 11:40:14 - [TEST_STEP][NOT_RUN] - setText(findTestObject("Object Repository/Pre-regist Covid/linktree/input_Pekerjaan_occupation"), "pekerjaan"): NOT_RUN: setText(findTestObject("Object Repository/Pre-regist Covid/linktree/input_Pekerjaan_occupation"), "pekerjaan")

2021-08-27 11:40:14 - [MESSAGE][NOT_RUN] - NOT_RUN: setText(findTestObject("Object Repository/Pre-regist Covid/linktree/input_Pekerjaan_occupation"), "pekerjaan")

2021-08-27 11:40:14 - [TEST_STEP][NOT_RUN] - setText(findTestObject("Object Repository/Pre-regist Covid/linktree/input_Nama Orang Tua_parent_name"), "nama ortu"): NOT_RUN: setText(findTestObject("Object Repository/Pre-regist Covid/linktree/input_Nama Orang Tua_parent_name"), "nama ortu")

2021-08-27 11:40:14 - [MESSAGE][NOT_RUN] - NOT_RUN: setText(findTestObject("Object Repository/Pre-regist Covid/linktree/input_Nama Orang Tua_parent_name"), "nama ortu")

2021-08-27 11:40:14 - [TEST_STEP][NOT_RUN] - click(findTestObject("Object Repository/Pre-regist Covid/linktree/svg_Provinsi_MuiSvgIcon-root")): NOT_RUN: click(findTestObject("Object Repository/Pre-regist Covid/linktree/svg_Provinsi_MuiSvgIcon-root"))

2021-08-27 11:40:14 - [MESSAGE][NOT_RUN] - NOT_RUN: click(findTestObject("Object Repository/Pre-regist Covid/linktree/svg_Provinsi_MuiSvgIcon-root"))

2021-08-27 11:40:14 - [TEST_STEP][NOT_RUN] - click(findTestObject("Object Repository/Pre-regist Covid/linktree/li_JAKARTA")): NOT_RUN: click(findTestObject("Object Repository/Pre-regist Covid/linktree/li_JAKARTA"))

2021-08-27 11:40:14 - [MESSAGE][NOT_RUN] - NOT_RUN: click(findTestObject("Object Repository/Pre-regist Covid/linktree/li_JAKARTA"))

2021-08-27 11:40:14 - [TEST_STEP][NOT_RUN] - setText(findTestObject("Object Repository/Pre-regist Covid/linktree/input_RT_rt_number"), "1"): NOT_RUN: setText(findTestObject("Object Repository/Pre-regist Covid/linktree/input_RT_rt_number"), "1")

2021-08-27 11:40:14 - [MESSAGE][NOT_RUN] - NOT_RUN: setText(findTestObject("Object Repository/Pre-regist Covid/linktree/input_RT_rt_number"), "1")

2021-08-27 11:40:14 - [TEST_STEP][NOT_RUN] - setText(findTestObject("Object Repository/Pre-regist Covid/linktree/input_RW_rw_number"), "1"): NOT_RUN: setText(findTestObject("Object Repository/Pre-regist Covid/linktree/input_RW_rw_number"), "1")

2021-08-27 11:40:14 - [MESSAGE][NOT_RUN] - NOT_RUN: setText(findTestObject("Object Repository/Pre-regist Covid/linktree/input_RW_rw_number"), "1")

2021-08-27 11:40:14 - [TEST_STEP][NOT_RUN] - click(findTestObject("Object Repository/Pre-regist Covid/linktree/div_Tidak")): NOT_RUN: click(findTestObject("Object Repository/Pre-regist Covid/linktree/div_Tidak"))

2021-08-27 11:40:14 - [MESSAGE][NOT_RUN] - NOT_RUN: click(findTestObject("Object Repository/Pre-regist Covid/linktree/div_Tidak"))

2021-08-27 11:40:14 - [TEST_STEP][NOT_RUN] - click(findTestObject("Object Repository/Pre-regist Covid/linktree/div_Tidak")): NOT_RUN: click(findTestObject("Object Repository/Pre-regist Covid/linktree/div_Tidak"))

2021-08-27 11:40:14 - [MESSAGE][NOT_RUN] - NOT_RUN: click(findTestObject("Object Repository/Pre-regist Covid/linktree/div_Tidak"))

2021-08-27 11:40:14 - [TEST_STEP][NOT_RUN] - click(findTestObject("Object Repository/Pre-regist Covid/linktree/div_Tidak")): NOT_RUN: click(findTestObject("Object Repository/Pre-regist Covid/linktree/div_Tidak"))

2021-08-27 11:40:14 - [MESSAGE][NOT_RUN] - NOT_RUN: click(findTestObject("Object Repository/Pre-regist Covid/linktree/div_Tidak"))

2021-08-27 11:40:14 - [TEST_STEP][NOT_RUN] - click(findTestObject("Object Repository/Pre-regist Covid/linktree/div_Tidak")): NOT_RUN: click(findTestObject("Object Repository/Pre-regist Covid/linktree/div_Tidak"))

2021-08-27 11:40:14 - [MESSAGE][NOT_RUN] - NOT_RUN: click(findTestObject("Object Repository/Pre-regist Covid/linktree/div_Tidak"))

2021-08-27 11:40:14 - [TEST_STEP][NOT_RUN] - click(findTestObject("Object Repository/Pre-regist Covid/linktree/button_Lanjut")): NOT_RUN: click(findTestObject("Object Repository/Pre-regist Covid/linktree/button_Lanjut"))

2021-08-27 11:40:14 - [MESSAGE][NOT_RUN] - NOT_RUN: click(findTestObject("Object Repository/Pre-regist Covid/linktree/button_Lanjut"))

2021-08-27 11:40:14 - [TEST_STEP][NOT_RUN] - click(findTestObject("Object Repository/Pre-regist Covid/linktree/input_Rp 149,000_isAgree")): NOT_RUN: click(findTestObject("Object Repository/Pre-regist Covid/linktree/input_Rp 149,000_isAgree"))

2021-08-27 11:40:14 - [MESSAGE][NOT_RUN] - NOT_RUN: click(findTestObject("Object Repository/Pre-regist Covid/linktree/input_Rp 149,000_isAgree"))

2021-08-27 11:40:14 - [TEST_STEP][NOT_RUN] - click(findTestObject("Object Repository/Pre-regist Covid/linktree/input_Rp 149,000_isConsent")): NOT_RUN: click(findTestObject("Object Repository/Pre-regist Covid/linktree/input_Rp 149,000_isConsent"))

2021-08-27 11:40:14 - [MESSAGE][NOT_RUN] - NOT_RUN: click(findTestObject("Object Repository/Pre-regist Covid/linktree/input_Rp 149,000_isConsent"))

2021-08-27 11:40:14 - [TEST_STEP][NOT_RUN] - click(findTestObject("Object Repository/Pre-regist Covid/linktree/button_Kirim")): NOT_RUN: click(findTestObject("Object Repository/Pre-regist Covid/linktree/button_Kirim"))

2021-08-27 11:40:14 - [MESSAGE][NOT_RUN] - NOT_RUN: click(findTestObject("Object Repository/Pre-regist Covid/linktree/button_Kirim"))

2021-08-27 11:40:14 - [TEST_STEP][NOT_RUN] - click(findTestObject("Object Repository/Pre-regist Covid/linktree/h3_51E7D3")): NOT_RUN: click(findTestObject("Object Repository/Pre-regist Covid/linktree/h3_51E7D3"))

2021-08-27 11:40:14 - [MESSAGE][NOT_RUN] - NOT_RUN: click(findTestObject("Object Repository/Pre-regist Covid/linktree/h3_51E7D3"))]]></system-out>
         <system-err><![CDATA[]]></system-err>
      </testcase>
      <system-out><![CDATA[2021-08-27 11:39:11 - [TEST_SUITE][PASSED] - Pre-regist: Test Cases/Pre-regist Covid/linktree]]></system-out>
      <system-err><![CDATA[]]></system-err>
   </testsuite>
</testsuites>
