<?xml version="1.0" encoding="UTF-8"?>
<testsuites name="Pre-regist OPD" time="37.45" tests="1" failures="0" errors="0">
   <testsuite name="Pre-regist OPD" tests="1" failures="0" errors="0" time="37.45" skipped="0" timestamp="2021-09-01 16:28:55" hostname="rezaa - LAPTOP-L0M8DJBN.local" id="Test Suites/Run Pre-regist OPD/Pre-regist OPD">
      <properties>
         <property name="deviceName" value=""/>
         <property name="devicePlatform" value=""/>
         <property name="logFolder" value="D:\\MySiloam\\Reports\\20210901_162839\\Run Pre-regist OPD\\Pre-regist OPD\\20210901_162839"/>
         <property name="logFiles" value="D:\\MySiloam\\Reports\\20210901_162839\\Run Pre-regist OPD\\Pre-regist OPD\\20210901_162839\\execution0.log"/>
         <property name="attachments" value=""/>
         <property name="hostName" value="rezaa - LAPTOP-L0M8DJBN.local"/>
         <property name="os" value="Windows 10 64bit"/>
         <property name="katalonVersion" value="8.1.0.208"/>
         <property name="browser" value="Chrome 92.0.4515.159"/>
         <property name="hostAddress" value="192.168.1.8"/>
         <property name="sessionId" value="2b375f902ddf91d706bf8598533c7c94"/>
         <property name="seleniumVersion" value="3.141.59"/>
         <property name="proxyInformation" value="ProxyInformation { proxyOption=NO_PROXY, proxyServerType=HTTP, username=, password=********, proxyServerAddress=, proxyServerPort=0, executionList=&quot;&quot;, isApplyToDesiredCapabilities=true }"/>
         <property name="platform" value="Windows 10"/>
      </properties>
      <testcase name="Test Cases/Pre-regis OPD/FO OPD" time="35.913" classname="Test Cases/Pre-regis OPD/FO OPD" status="PASSED">
         <system-out><![CDATA[2021-09-01 16:28:55 - [TEST_CASE][PASSED] - Test Cases/Pre-regis OPD/FO OPD: Test Cases/Pre-regis OPD/FO OPD

2021-09-01 16:28:56 - [TEST_STEP][PASSED] - openBrowser(""): Browser is opened with url: ''

2021-09-01 16:28:56 - [MESSAGE][INFO] - Starting 'Chrome' driver

2021-09-01 16:28:56 - [MESSAGE][INFO] - Action delay is set to 0 milliseconds

2021-09-01 16:28:58 - [MESSAGE][PASSED] - Browser is opened with url: ''

2021-09-01 16:28:58 - [TEST_STEP][PASSED] - navigateToUrl("http://10.85.139.13:1252/pre-registration"): Navigate to 'http://10.85.139.13:1252/pre-registration' successfully

2021-09-01 16:28:59 - [MESSAGE][PASSED] - Navigate to 'http://10.85.139.13:1252/pre-registration' successfully

2021-09-01 16:28:59 - [TEST_STEP][PASSED] - maximizeWindow(): Current window maximized

2021-09-01 16:29:00 - [MESSAGE][PASSED] - Current window maximized

2021-09-01 16:29:00 - [TEST_STEP][PASSED] - waitForElementVisible(findTestObject("Pre-regist OPD/FO/button_Sign In FO OPD"), 5): Object 'Object Repository/Pre-regist OPD/FO/button_Sign In FO OPD' is visible

2021-09-01 16:29:21 - [MESSAGE][PASSED] - Object 'Object Repository/Pre-regist OPD/FO/button_Sign In FO OPD' is visible

2021-09-01 16:29:21 - [TEST_STEP][PASSED] - setText(findTestObject("Pre-regist OPD/FO/input_Username_username FO OPD"), Username): Text 'albert.aswindra' is set on object 'Object Repository/Pre-regist OPD/FO/input_Username_username FO OPD'

2021-09-01 16:29:22 - [MESSAGE][PASSED] - Text 'albert.aswindra' is set on object 'Object Repository/Pre-regist OPD/FO/input_Username_username FO OPD'

2021-09-01 16:29:22 - [TEST_STEP][PASSED] - delay(1): Delayed 1 second(s)

2021-09-01 16:29:23 - [MESSAGE][PASSED] - Delayed 1 second(s)

2021-09-01 16:29:23 - [TEST_STEP][PASSED] - setText(findTestObject("Pre-regist OPD/FO/input_Password_password FO OPD"), Password): Text 'al12345678' is set on object 'Object Repository/Pre-regist OPD/FO/input_Password_password FO OPD'

2021-09-01 16:29:23 - [MESSAGE][PASSED] - Text 'al12345678' is set on object 'Object Repository/Pre-regist OPD/FO/input_Password_password FO OPD'

2021-09-01 16:29:23 - [TEST_STEP][PASSED] - delay(1): Delayed 1 second(s)

2021-09-01 16:29:24 - [MESSAGE][PASSED] - Delayed 1 second(s)

2021-09-01 16:29:24 - [TEST_STEP][PASSED] - click(findTestObject("Pre-regist OPD/FO/button_Sign In FO OPD")): Object: 'Object Repository/Pre-regist OPD/FO/button_Sign In FO OPD' is clicked on

2021-09-01 16:29:25 - [MESSAGE][PASSED] - Object: 'Object Repository/Pre-regist OPD/FO/button_Sign In FO OPD' is clicked on

2021-09-01 16:29:25 - [TEST_STEP][PASSED] - waitForElementVisible(findTestObject("Pre-regist OPD/FO/input name FO"), 120): Object 'Object Repository/Pre-regist OPD/FO/input name FO' is visible

2021-09-01 16:29:26 - [MESSAGE][PASSED] - Object 'Object Repository/Pre-regist OPD/FO/input name FO' is visible

2021-09-01 16:29:26 - [TEST_STEP][PASSED] - click(findTestObject("Pre-regist OPD/FO/delete tanggal FO")): Object: 'Object Repository/Pre-regist OPD/FO/delete tanggal FO' is clicked on

2021-09-01 16:29:26 - [MESSAGE][PASSED] - Object: 'Object Repository/Pre-regist OPD/FO/delete tanggal FO' is clicked on

2021-09-01 16:29:26 - [TEST_STEP][PASSED] - delay(1): Delayed 1 second(s)

2021-09-01 16:29:27 - [MESSAGE][PASSED] - Delayed 1 second(s)

2021-09-01 16:29:27 - [TEST_STEP][PASSED] - setText(findTestObject("Pre-regist OPD/FO/input tanggal FO"), TanggalFO): Text '01/09/2021 - 30/09/2021' is set on object 'Object Repository/Pre-regist OPD/FO/input tanggal FO'

2021-09-01 16:29:28 - [MESSAGE][PASSED] - Text '01/09/2021 - 30/09/2021' is set on object 'Object Repository/Pre-regist OPD/FO/input tanggal FO'

2021-09-01 16:29:28 - [TEST_STEP][PASSED] - delay(1): Delayed 1 second(s)

2021-09-01 16:29:29 - [MESSAGE][PASSED] - Delayed 1 second(s)

2021-09-01 16:29:29 - [TEST_STEP][PASSED] - setText(findTestObject("Pre-regist OPD/FO/input name FO"), NamaLengkap): Text 'data test diri sendiri dua' is set on object 'Object Repository/Pre-regist OPD/FO/input name FO'

2021-09-01 16:29:30 - [MESSAGE][PASSED] - Text 'data test diri sendiri dua' is set on object 'Object Repository/Pre-regist OPD/FO/input name FO'

2021-09-01 16:29:30 - [TEST_STEP][PASSED] - delay(1): Delayed 1 second(s)

2021-09-01 16:29:31 - [MESSAGE][PASSED] - Delayed 1 second(s)

2021-09-01 16:29:31 - [TEST_STEP][PASSED] - click(findTestObject("Pre-regist OPD/FO/klik update FO")): Object: 'Object Repository/Pre-regist OPD/FO/klik update FO' is clicked on

2021-09-01 16:29:31 - [MESSAGE][PASSED] - Object: 'Object Repository/Pre-regist OPD/FO/klik update FO' is clicked on]]></system-out>
         <system-err><![CDATA[]]></system-err>
      </testcase>
      <system-out><![CDATA[2021-09-01 16:28:55 - [TEST_SUITE][PASSED] - Pre-regist OPD: Test Cases/Pre-regis OPD/FO OPD]]></system-out>
      <system-err><![CDATA[]]></system-err>
   </testsuite>
</testsuites>
