<?xml version="1.0" encoding="UTF-8"?>
<testsuites name="Pre-regist OPD" time="59.205" tests="1" failures="0" errors="0">
   <testsuite name="Pre-regist OPD" tests="1" failures="0" errors="0" time="59.205" skipped="0" timestamp="2021-09-01 15:03:28" hostname="rezaa - LAPTOP-L0M8DJBN.local" id="Test Suites/Run Pre-regist OPD/Pre-regist OPD">
      <properties>
         <property name="deviceName" value=""/>
         <property name="devicePlatform" value=""/>
         <property name="logFolder" value="D:\\MySiloam\\Reports\\20210901_150312\\Run Pre-regist OPD\\Pre-regist OPD\\20210901_150312"/>
         <property name="logFiles" value="D:\\MySiloam\\Reports\\20210901_150312\\Run Pre-regist OPD\\Pre-regist OPD\\20210901_150312\\execution0.log"/>
         <property name="attachments" value=""/>
         <property name="hostName" value="rezaa - LAPTOP-L0M8DJBN.local"/>
         <property name="os" value="Windows 10 64bit"/>
         <property name="katalonVersion" value="8.1.0.208"/>
         <property name="browser" value="Chrome 92.0.4515.159"/>
         <property name="hostAddress" value="192.168.1.8"/>
         <property name="sessionId" value="d1396ba44de1252809f3b1045eb226d2"/>
         <property name="seleniumVersion" value="3.141.59"/>
         <property name="proxyInformation" value="ProxyInformation { proxyOption=NO_PROXY, proxyServerType=HTTP, username=, password=********, proxyServerAddress=, proxyServerPort=0, executionList=&quot;&quot;, isApplyToDesiredCapabilities=true }"/>
         <property name="platform" value="Windows 10"/>
      </properties>
      <testcase name="Test Cases/Pre-regis OPD/Call Center OPD" time="58.018" classname="Test Cases/Pre-regis OPD/Call Center OPD" status="PASSED">
         <system-out><![CDATA[2021-09-01 15:03:28 - [TEST_CASE][PASSED] - Test Cases/Pre-regis OPD/Call Center OPD: Test Cases/Pre-regis OPD/Call Center OPD

2021-09-01 15:03:29 - [TEST_STEP][PASSED] - openBrowser(""): Browser is opened with url: ''

2021-09-01 15:03:29 - [MESSAGE][INFO] - Starting 'Chrome' driver

2021-09-01 15:03:29 - [MESSAGE][INFO] - Action delay is set to 0 milliseconds

2021-09-01 15:03:31 - [MESSAGE][PASSED] - Browser is opened with url: ''

2021-09-01 15:03:31 - [TEST_STEP][PASSED] - navigateToUrl("http://10.85.139.13:4304/appointment-list"): Navigate to 'http://10.85.139.13:4304/appointment-list' successfully

2021-09-01 15:03:33 - [MESSAGE][PASSED] - Navigate to 'http://10.85.139.13:4304/appointment-list' successfully

2021-09-01 15:03:33 - [TEST_STEP][PASSED] - maximizeWindow(): Current window maximized

2021-09-01 15:03:33 - [MESSAGE][PASSED] - Current window maximized

2021-09-01 15:03:33 - [TEST_STEP][PASSED] - waitForPageLoad(120, STOP_ON_FAILURE): Wait for page load successfully

2021-09-01 15:03:34 - [MESSAGE][PASSED] - Wait for page load successfully

2021-09-01 15:03:34 - [TEST_STEP][PASSED] - setText(findTestObject("Object Repository/Pre-regist OPD/FO/input_Username_username FO OPD"), Username): Text 'albert.aswindra' is set on object 'Object Repository/Pre-regist OPD/FO/input_Username_username FO OPD'

2021-09-01 15:03:55 - [MESSAGE][PASSED] - Text 'albert.aswindra' is set on object 'Object Repository/Pre-regist OPD/FO/input_Username_username FO OPD'

2021-09-01 15:03:55 - [TEST_STEP][PASSED] - delay(1): Delayed 1 second(s)

2021-09-01 15:03:56 - [MESSAGE][PASSED] - Delayed 1 second(s)

2021-09-01 15:03:56 - [TEST_STEP][PASSED] - setText(findTestObject("Object Repository/Pre-regist OPD/FO/input_Password_password FO OPD"), Password): Text 'al12345678' is set on object 'Object Repository/Pre-regist OPD/FO/input_Password_password FO OPD'

2021-09-01 15:03:56 - [MESSAGE][PASSED] - Text 'al12345678' is set on object 'Object Repository/Pre-regist OPD/FO/input_Password_password FO OPD'

2021-09-01 15:03:56 - [TEST_STEP][PASSED] - delay(1): Delayed 1 second(s)

2021-09-01 15:03:57 - [MESSAGE][PASSED] - Delayed 1 second(s)

2021-09-01 15:03:57 - [TEST_STEP][PASSED] - click(findTestObject("Object Repository/Pre-regist OPD/CC/button_Sign InCC")): Object: 'Object Repository/Pre-regist OPD/CC/button_Sign InCC' is clicked on

2021-09-01 15:03:58 - [MESSAGE][PASSED] - Object: 'Object Repository/Pre-regist OPD/CC/button_Sign InCC' is clicked on

2021-09-01 15:03:58 - [TEST_STEP][PASSED] - delay(2): Delayed 2 second(s)

2021-09-01 15:04:00 - [MESSAGE][PASSED] - Delayed 2 second(s)

2021-09-01 15:04:00 - [TEST_STEP][PASSED] - waitForElementVisible(findTestObject("Object Repository/Pre-regist OPD/CC/input_Hospital_ng-untouched ng-pristine ng-valid"), 120): Object 'Object Repository/Pre-regist OPD/CC/input_Hospital_ng-untouched ng-pristine ng-valid' is visible

2021-09-01 15:04:00 - [MESSAGE][PASSED] - Object 'Object Repository/Pre-regist OPD/CC/input_Hospital_ng-untouched ng-pristine ng-valid' is visible

2021-09-01 15:04:00 - [TEST_STEP][NOT_RUN] - click(findTestObject("Object Repository/Pre-regist OPD/CC/button_Appointment List")): NOT_RUN: click(findTestObject("Object Repository/Pre-regist OPD/CC/button_Appointment List"))

2021-09-01 15:04:00 - [MESSAGE][NOT_RUN] - NOT_RUN: click(findTestObject("Object Repository/Pre-regist OPD/CC/button_Appointment List"))

2021-09-01 15:04:00 - [TEST_STEP][NOT_RUN] - delay(2): NOT_RUN: delay(2)

2021-09-01 15:04:00 - [MESSAGE][NOT_RUN] - NOT_RUN: delay(2)

2021-09-01 15:04:00 - [TEST_STEP][NOT_RUN] - click(findTestObject("Object Repository/Pre-regist OPD/CC/input_Hospital_ng-untouched ng-pristine ng-valid")): NOT_RUN: click(findTestObject("Object Repository/Pre-regist OPD/CC/input_Hospital_ng-untouched ng-pristine ng-valid"))

2021-09-01 15:04:00 - [MESSAGE][NOT_RUN] - NOT_RUN: click(findTestObject("Object Repository/Pre-regist OPD/CC/input_Hospital_ng-untouched ng-pristine ng-valid"))

2021-09-01 15:04:00 - [TEST_STEP][NOT_RUN] - setText(findTestObject("Object Repository/Pre-regist OPD/CC/input_Hospital_ng-untouched ng-pristine ng-valid"), NamaRSCC): NOT_RUN: setText(findTestObject("Object Repository/Pre-regist OPD/CC/input_Hospital_ng-untouched ng-pristine ng-valid"), NamaRSCC)

2021-09-01 15:04:00 - [MESSAGE][NOT_RUN] - NOT_RUN: setText(findTestObject("Object Repository/Pre-regist OPD/CC/input_Hospital_ng-untouched ng-pristine ng-valid"), NamaRSCC)

2021-09-01 15:04:00 - [TEST_STEP][NOT_RUN] - click(findTestObject("Object Repository/Pre-regist OPD/CC/pilih RS")): NOT_RUN: click(findTestObject("Object Repository/Pre-regist OPD/CC/pilih RS"))

2021-09-01 15:04:00 - [MESSAGE][NOT_RUN] - NOT_RUN: click(findTestObject("Object Repository/Pre-regist OPD/CC/pilih RS"))

2021-09-01 15:04:00 - [TEST_STEP][NOT_RUN] - click(findTestObject("Object Repository/Pre-regist OPD/CC/hapus tanggal appointment list")): NOT_RUN: click(findTestObject("Object Repository/Pre-regist OPD/CC/hapus tanggal appointment list"))

2021-09-01 15:04:00 - [MESSAGE][NOT_RUN] - NOT_RUN: click(findTestObject("Object Repository/Pre-regist OPD/CC/hapus tanggal appointment list"))

2021-09-01 15:04:00 - [TEST_STEP][NOT_RUN] - setText(findTestObject("Object Repository/Pre-regist OPD/CC/input_Appointment date_selection ng-untouch_b13c69"), TanggalCC): NOT_RUN: setText(findTestObject("Object Repository/Pre-regist OPD/CC/input_Appointment date_selection ng-untouch_b13c69"), TanggalCC)

2021-09-01 15:04:00 - [MESSAGE][NOT_RUN] - NOT_RUN: setText(findTestObject("Object Repository/Pre-regist OPD/CC/input_Appointment date_selection ng-untouch_b13c69"), TanggalCC)

2021-09-01 15:04:00 - [TEST_STEP][NOT_RUN] - setText(findTestObject("Object Repository/Pre-regist OPD/CC/input_Action_filter-by-name-appointment-list"), NamaLengkap): NOT_RUN: setText(findTestObject("Object Repository/Pre-regist OPD/CC/input_Action_filter-by-name-appointment-list"), NamaLengkap)

2021-09-01 15:04:00 - [MESSAGE][NOT_RUN] - NOT_RUN: setText(findTestObject("Object Repository/Pre-regist OPD/CC/input_Action_filter-by-name-appointment-list"), NamaLengkap)

2021-09-01 15:04:00 - [TEST_STEP][NOT_RUN] - click(findTestObject("Object Repository/Pre-regist OPD/CC/td konfirmasi")): NOT_RUN: click(findTestObject("Object Repository/Pre-regist OPD/CC/td konfirmasi"))

2021-09-01 15:04:00 - [MESSAGE][NOT_RUN] - NOT_RUN: click(findTestObject("Object Repository/Pre-regist OPD/CC/td konfirmasi"))

2021-09-01 15:04:00 - [TEST_STEP][NOT_RUN] - delay(15): NOT_RUN: delay(15)

2021-09-01 15:04:00 - [MESSAGE][NOT_RUN] - NOT_RUN: delay(15)

2021-09-01 15:04:00 - [TEST_STEP][PASSED] - if (Reservasi == "Orang lain" || Reservasi == "Diri Sendiri" && PernahBerobat == "Pernah"): Delayed 1 second(s)

2021-09-01 15:04:00 - [TEST_STEP][PASSED] - click(findTestObject("Object Repository/Pre-regist OPD/CC/div_Appointment Verification")): Object: 'Object Repository/Pre-regist OPD/CC/div_Appointment Verification' is clicked on

2021-09-01 15:04:01 - [MESSAGE][PASSED] - Object: 'Object Repository/Pre-regist OPD/CC/div_Appointment Verification' is clicked on

2021-09-01 15:04:01 - [TEST_STEP][PASSED] - click(findTestObject("Object Repository/Pre-regist OPD/CC/input_Hospital_ng-untouched ng-pristine ng-valid")): Object: 'Object Repository/Pre-regist OPD/CC/input_Hospital_ng-untouched ng-pristine ng-valid' is clicked on

2021-09-01 15:04:02 - [MESSAGE][PASSED] - Object: 'Object Repository/Pre-regist OPD/CC/input_Hospital_ng-untouched ng-pristine ng-valid' is clicked on

2021-09-01 15:04:02 - [TEST_STEP][PASSED] - setText(findTestObject("Object Repository/Pre-regist OPD/CC/input_Hospital_ng-untouched ng-pristine ng-valid"), NamaRSCC): Text 'Siloam Hospitals Lippo Village' is set on object 'Object Repository/Pre-regist OPD/CC/input_Hospital_ng-untouched ng-pristine ng-valid'

2021-09-01 15:04:03 - [MESSAGE][PASSED] - Text 'Siloam Hospitals Lippo Village' is set on object 'Object Repository/Pre-regist OPD/CC/input_Hospital_ng-untouched ng-pristine ng-valid'

2021-09-01 15:04:03 - [TEST_STEP][PASSED] - click(findTestObject("Object Repository/Pre-regist OPD/CC/pilih RS")): Object: 'Object Repository/Pre-regist OPD/CC/pilih RS' is clicked on

2021-09-01 15:04:03 - [MESSAGE][PASSED] - Object: 'Object Repository/Pre-regist OPD/CC/pilih RS' is clicked on

2021-09-01 15:04:03 - [TEST_STEP][PASSED] - click(findTestObject("Object Repository/Pre-regist OPD/CC/hapus tanggal appointment list")): Object: 'Object Repository/Pre-regist OPD/CC/hapus tanggal appointment list' is clicked on

2021-09-01 15:04:04 - [MESSAGE][PASSED] - Object: 'Object Repository/Pre-regist OPD/CC/hapus tanggal appointment list' is clicked on

2021-09-01 15:04:04 - [TEST_STEP][PASSED] - setText(findTestObject("Object Repository/Pre-regist OPD/CC/input_Appointment date_selection ng-untouch_b13c69"), TanggalCC): Text '01/09/2021 - 30/09/2021' is set on object 'Object Repository/Pre-regist OPD/CC/input_Appointment date_selection ng-untouch_b13c69'

2021-09-01 15:04:05 - [MESSAGE][PASSED] - Text '01/09/2021 - 30/09/2021' is set on object 'Object Repository/Pre-regist OPD/CC/input_Appointment date_selection ng-untouch_b13c69'

2021-09-01 15:04:05 - [TEST_STEP][PASSED] - delay(2): Delayed 2 second(s)

2021-09-01 15:04:07 - [MESSAGE][PASSED] - Delayed 2 second(s)

2021-09-01 15:04:07 - [TEST_STEP][PASSED] - click(findTestObject("Object Repository/Pre-regist OPD/CC/input nama pasien")): Object: 'Object Repository/Pre-regist OPD/CC/input nama pasien' is clicked on

2021-09-01 15:04:07 - [MESSAGE][PASSED] - Object: 'Object Repository/Pre-regist OPD/CC/input nama pasien' is clicked on

2021-09-01 15:04:07 - [TEST_STEP][PASSED] - setText(findTestObject("Object Repository/Pre-regist OPD/CC/input nama pasien"), NamaLengkap): Text 'data test orang lain tiga' is set on object 'Object Repository/Pre-regist OPD/CC/input nama pasien'

2021-09-01 15:04:08 - [MESSAGE][PASSED] - Text 'data test orang lain tiga' is set on object 'Object Repository/Pre-regist OPD/CC/input nama pasien'

2021-09-01 15:04:08 - [TEST_STEP][PASSED] - click(findTestObject("Object Repository/Pre-regist OPD/CC/input_Verify_ng-untouched ng-pristine ng-valid")): Object: 'Object Repository/Pre-regist OPD/CC/input_Verify_ng-untouched ng-pristine ng-valid' is clicked on

2021-09-01 15:04:09 - [MESSAGE][PASSED] - Object: 'Object Repository/Pre-regist OPD/CC/input_Verify_ng-untouched ng-pristine ng-valid' is clicked on

2021-09-01 15:04:09 - [TEST_STEP][PASSED] - setText(findTestObject("Object Repository/Pre-regist OPD/CC/input_Verify_ng-untouched ng-pristine ng-valid"), NamaDokter): Text 'john c. p. butar' is set on object 'Object Repository/Pre-regist OPD/CC/input_Verify_ng-untouched ng-pristine ng-valid'

2021-09-01 15:04:14 - [MESSAGE][PASSED] - Text 'john c. p. butar' is set on object 'Object Repository/Pre-regist OPD/CC/input_Verify_ng-untouched ng-pristine ng-valid'

2021-09-01 15:04:14 - [TEST_STEP][PASSED] - click(findTestObject("Object Repository/Pre-regist OPD/CC/i_close hapus dokter")): Object: 'Object Repository/Pre-regist OPD/CC/i_close hapus dokter' is clicked on

2021-09-01 15:04:15 - [MESSAGE][PASSED] - Object: 'Object Repository/Pre-regist OPD/CC/i_close hapus dokter' is clicked on

2021-09-01 15:04:15 - [TEST_STEP][PASSED] - delay(2): Delayed 2 second(s)

2021-09-01 15:04:17 - [MESSAGE][PASSED] - Delayed 2 second(s)

2021-09-01 15:04:17 - [TEST_STEP][PASSED] - click(findTestObject("Object Repository/Pre-regist OPD/CC/th konfirmasi av")): Object: 'Object Repository/Pre-regist OPD/CC/th konfirmasi av' is clicked on

2021-09-01 15:04:18 - [MESSAGE][PASSED] - Object: 'Object Repository/Pre-regist OPD/CC/th konfirmasi av' is clicked on

2021-09-01 15:04:18 - [TEST_STEP][PASSED] - delay(5): Delayed 5 second(s)

2021-09-01 15:04:23 - [MESSAGE][PASSED] - Delayed 5 second(s)

2021-09-01 15:04:23 - [TEST_STEP][PASSED] - click(findTestObject("Object Repository/Pre-regist OPD/CC/button_Check verify")): Object: 'Object Repository/Pre-regist OPD/CC/button_Check verify' is clicked on

2021-09-01 15:04:23 - [MESSAGE][PASSED] - Object: 'Object Repository/Pre-regist OPD/CC/button_Check verify' is clicked on

2021-09-01 15:04:23 - [TEST_STEP][PASSED] - waitForElementVisible(findTestObject("Pre-regist OPD/CC/app-modal-patient-verification_Search Patie_9e0d5a"), 120): Object 'Object Repository/Pre-regist OPD/CC/app-modal-patient-verification_Search Patie_9e0d5a' is visible

2021-09-01 15:04:24 - [MESSAGE][PASSED] - Object 'Object Repository/Pre-regist OPD/CC/app-modal-patient-verification_Search Patie_9e0d5a' is visible

2021-09-01 15:04:24 - [TEST_STEP][PASSED] - click(findTestObject("Object Repository/Pre-regist OPD/CC/div_Create")): Object: 'Object Repository/Pre-regist OPD/CC/div_Create' is clicked on

2021-09-01 15:04:24 - [MESSAGE][PASSED] - Object: 'Object Repository/Pre-regist OPD/CC/div_Create' is clicked on

2021-09-01 15:04:24 - [TEST_STEP][PASSED] - delay(1): Delayed 1 second(s)

2021-09-01 15:04:25 - [MESSAGE][PASSED] - Delayed 1 second(s)

2021-09-01 15:04:25 - [TEST_STEP][PASSED] - click(findTestObject("Object Repository/Pre-regist OPD/CC/button_Confirm")): Object: 'Object Repository/Pre-regist OPD/CC/button_Confirm' is clicked on

2021-09-01 15:04:25 - [MESSAGE][PASSED] - Object: 'Object Repository/Pre-regist OPD/CC/button_Confirm' is clicked on

2021-09-01 15:04:25 - [TEST_STEP][PASSED] - delay(1): Delayed 1 second(s)

2021-09-01 15:04:26 - [MESSAGE][PASSED] - Delayed 1 second(s)]]></system-out>
         <system-err><![CDATA[]]></system-err>
      </testcase>
      <system-out><![CDATA[2021-09-01 15:03:28 - [TEST_SUITE][PASSED] - Pre-regist OPD: Test Cases/Pre-regis OPD/Call Center OPD]]></system-out>
      <system-err><![CDATA[]]></system-err>
   </testsuite>
</testsuites>
