<?xml version="1.0" encoding="UTF-8"?>
<testsuites name="Pre-regist" time="37.704" tests="1" failures="0" errors="0">
   <testsuite name="Pre-regist" tests="1" failures="0" errors="0" time="37.704" skipped="0" timestamp="2021-08-25 16:53:58" hostname="15997182 - N0101-7182-IQC.muf.co.id" id="Test Suites/Pre-regist">
      <properties>
         <property name="deviceName" value=""/>
         <property name="devicePlatform" value=""/>
         <property name="logFolder" value="D:\\MySiloam\\Reports\\20210825_165347\\Pre-regist\\20210825_165347"/>
         <property name="logFiles" value="D:\\MySiloam\\Reports\\20210825_165347\\Pre-regist\\20210825_165347\\execution0.log"/>
         <property name="attachments" value=""/>
         <property name="hostName" value="15997182 - N0101-7182-IQC.muf.co.id"/>
         <property name="os" value="Windows 10 64bit"/>
         <property name="katalonVersion" value="8.1.0.208"/>
         <property name="browser" value="Chrome 92.0.4515.159"/>
         <property name="hostAddress" value="10.1.189.125"/>
         <property name="sessionId" value="acb1f15f494f25972a538b3570c5f8a8"/>
         <property name="seleniumVersion" value="3.141.59"/>
         <property name="proxyInformation" value="ProxyInformation { proxyOption=NO_PROXY, proxyServerType=HTTP, username=, password=********, proxyServerAddress=, proxyServerPort=0, executionList=&quot;&quot;, isApplyToDesiredCapabilities=true }"/>
         <property name="platform" value="Windows 10"/>
      </properties>
      <testcase name="Test Cases/Pre-regist Covid/OP Admin" time="36.558" classname="Test Cases/Pre-regist Covid/OP Admin" status="PASSED">
         <system-out><![CDATA[2021-08-25 16:53:59 - [TEST_CASE][PASSED] - Test Cases/Pre-regist Covid/OP Admin: Test Cases/Pre-regist Covid/OP Admin

2021-08-25 16:54:00 - [TEST_STEP][NOT_RUN] - openBrowser(""): NOT_RUN: openBrowser("")

2021-08-25 16:54:00 - [MESSAGE][NOT_RUN] - NOT_RUN: openBrowser("")

2021-08-25 16:54:00 - [TEST_STEP][NOT_RUN] - navigateToUrl("http://10.85.139.100:8484/checkup"): NOT_RUN: navigateToUrl("http://10.85.139.100:8484/checkup")

2021-08-25 16:54:00 - [MESSAGE][NOT_RUN] - NOT_RUN: navigateToUrl("http://10.85.139.100:8484/checkup")

2021-08-25 16:54:00 - [TEST_STEP][NOT_RUN] - waitForElementVisible(findTestObject("Pre-regist Covid/OP Admin/MySiloam OPD Administrator/button_Login"), 120): NOT_RUN: waitForElementVisible(findTestObject("Pre-regist Covid/OP Admin/MySiloam OPD Administrator/button_Login"), 120)

2021-08-25 16:54:00 - [MESSAGE][NOT_RUN] - NOT_RUN: waitForElementVisible(findTestObject("Pre-regist Covid/OP Admin/MySiloam OPD Administrator/button_Login"), 120)

2021-08-25 16:54:00 - [TEST_STEP][NOT_RUN] - maximizeWindow(): NOT_RUN: maximizeWindow()

2021-08-25 16:54:00 - [MESSAGE][NOT_RUN] - NOT_RUN: maximizeWindow()

2021-08-25 16:54:00 - [TEST_STEP][NOT_RUN] - delay(2): NOT_RUN: delay(2)

2021-08-25 16:54:00 - [MESSAGE][NOT_RUN] - NOT_RUN: delay(2)

2021-08-25 16:54:00 - [TEST_STEP][NOT_RUN] - setText(findTestObject("Pre-regist Covid/OP Admin/MySiloam OPD Administrator/input_Username_username"), Username): NOT_RUN: setText(findTestObject("Pre-regist Covid/OP Admin/MySiloam OPD Administrator/input_Username_username"), Username)

2021-08-25 16:54:00 - [MESSAGE][NOT_RUN] - NOT_RUN: setText(findTestObject("Pre-regist Covid/OP Admin/MySiloam OPD Administrator/input_Username_username"), Username)

2021-08-25 16:54:00 - [TEST_STEP][NOT_RUN] - delay(2): NOT_RUN: delay(2)

2021-08-25 16:54:00 - [MESSAGE][NOT_RUN] - NOT_RUN: delay(2)

2021-08-25 16:54:00 - [TEST_STEP][NOT_RUN] - setText(findTestObject("Pre-regist Covid/OP Admin/MySiloam OPD Administrator/input_Password_password"), Password): NOT_RUN: setText(findTestObject("Pre-regist Covid/OP Admin/MySiloam OPD Administrator/input_Password_password"), Password)

2021-08-25 16:54:00 - [MESSAGE][NOT_RUN] - NOT_RUN: setText(findTestObject("Pre-regist Covid/OP Admin/MySiloam OPD Administrator/input_Password_password"), Password)

2021-08-25 16:54:00 - [TEST_STEP][NOT_RUN] - click(findTestObject("Pre-regist Covid/OP Admin/MySiloam OPD Administrator/button_Login")): NOT_RUN: click(findTestObject("Pre-regist Covid/OP Admin/MySiloam OPD Administrator/button_Login"))

2021-08-25 16:54:00 - [MESSAGE][NOT_RUN] - NOT_RUN: click(findTestObject("Pre-regist Covid/OP Admin/MySiloam OPD Administrator/button_Login"))

2021-08-25 16:54:00 - [TEST_STEP][NOT_RUN] - delay(2): NOT_RUN: delay(2)

2021-08-25 16:54:00 - [MESSAGE][NOT_RUN] - NOT_RUN: delay(2)

2021-08-25 16:54:00 - [TEST_STEP][NOT_RUN] - waitForPageLoad(30, STOP_ON_FAILURE): NOT_RUN: waitForPageLoad(30, STOP_ON_FAILURE)

2021-08-25 16:54:00 - [MESSAGE][NOT_RUN] - NOT_RUN: waitForPageLoad(30, STOP_ON_FAILURE)

2021-08-25 16:54:00 - [TEST_STEP][NOT_RUN] - waitForElementVisible(findTestObject("Pre-regist Covid/OP Admin/MySiloam OPD Administrator/button_Add New Group"), 10): NOT_RUN: waitForElementVisible(findTestObject("Pre-regist Covid/OP Admin/MySiloam OPD Administrator/button_Add New Group"), 10)

2021-08-25 16:54:00 - [MESSAGE][NOT_RUN] - NOT_RUN: waitForElementVisible(findTestObject("Pre-regist Covid/OP Admin/MySiloam OPD Administrator/button_Add New Group"), 10)

2021-08-25 16:54:00 - [TEST_STEP][NOT_RUN] - click(findTestObject("Pre-regist Covid/OP Admin/MySiloam OPD Administrator/button_Add New Group")): NOT_RUN: click(findTestObject("Pre-regist Covid/OP Admin/MySiloam OPD Administrator/button_Add New Group"))

2021-08-25 16:54:00 - [MESSAGE][NOT_RUN] - NOT_RUN: click(findTestObject("Pre-regist Covid/OP Admin/MySiloam OPD Administrator/button_Add New Group"))

2021-08-25 16:54:00 - [TEST_STEP][NOT_RUN] - setText(findTestObject("Pre-regist Covid/OP Admin/MySiloam OPD Administrator/group-name"), GroupName): NOT_RUN: setText(findTestObject("Pre-regist Covid/OP Admin/MySiloam OPD Administrator/group-name"), GroupName)

2021-08-25 16:54:00 - [MESSAGE][NOT_RUN] - NOT_RUN: setText(findTestObject("Pre-regist Covid/OP Admin/MySiloam OPD Administrator/group-name"), GroupName)

2021-08-25 16:54:00 - [TEST_STEP][NOT_RUN] - selectOptionByValue(findTestObject("Pre-regist Covid/OP Admin/MySiloam OPD Administrator/select_group type"), GroupType, true): NOT_RUN: selectOptionByValue(findTestObject("Pre-regist Covid/OP Admin/MySiloam OPD Administrator/select_group type"), GroupType, true)

2021-08-25 16:54:00 - [MESSAGE][NOT_RUN] - NOT_RUN: selectOptionByValue(findTestObject("Pre-regist Covid/OP Admin/MySiloam OPD Administrator/select_group type"), GroupType, true)

2021-08-25 16:54:00 - [TEST_STEP][NOT_RUN] - delay(2): NOT_RUN: delay(2)

2021-08-25 16:54:00 - [MESSAGE][NOT_RUN] - NOT_RUN: delay(2)

2021-08-25 16:54:00 - [TEST_STEP][NOT_RUN] - if (Services == "DT"): NOT_RUN: if (Services == "DT")

2021-08-25 16:54:00 - [MESSAGE][NOT_RUN] - NOT_RUN: if (Services == "DT")

2021-08-25 16:54:00 - [TEST_STEP][NOT_RUN] - delay(2): NOT_RUN: delay(2)

2021-08-25 16:54:00 - [MESSAGE][NOT_RUN] - NOT_RUN: delay(2)

2021-08-25 16:54:00 - [TEST_STEP][NOT_RUN] - click(findTestObject("Pre-regist Covid/OP Admin/MySiloam OPD Administrator/dropdown")): NOT_RUN: click(findTestObject("Pre-regist Covid/OP Admin/MySiloam OPD Administrator/dropdown"))

2021-08-25 16:54:00 - [MESSAGE][NOT_RUN] - NOT_RUN: click(findTestObject("Pre-regist Covid/OP Admin/MySiloam OPD Administrator/dropdown"))

2021-08-25 16:54:00 - [TEST_STEP][NOT_RUN] - delay(5): NOT_RUN: delay(5)

2021-08-25 16:54:00 - [MESSAGE][NOT_RUN] - NOT_RUN: delay(5)

2021-08-25 16:54:00 - [TEST_STEP][NOT_RUN] - if (Paket == "Rapid Test"): NOT_RUN: if (Paket == "Rapid Test")

2021-08-25 16:54:00 - [MESSAGE][NOT_RUN] - NOT_RUN: if (Paket == "Rapid Test")

2021-08-25 16:54:00 - [TEST_STEP][NOT_RUN] - delay(4): NOT_RUN: delay(4)

2021-08-25 16:54:00 - [MESSAGE][NOT_RUN] - NOT_RUN: delay(4)

2021-08-25 16:54:00 - [TEST_STEP][NOT_RUN] - click(findTestObject("Pre-regist Covid/OP Admin/MySiloam OPD Administrator/Body URL")): NOT_RUN: click(findTestObject("Pre-regist Covid/OP Admin/MySiloam OPD Administrator/Body URL"))

2021-08-25 16:54:00 - [MESSAGE][NOT_RUN] - NOT_RUN: click(findTestObject("Pre-regist Covid/OP Admin/MySiloam OPD Administrator/Body URL"))

2021-08-25 16:54:00 - [TEST_STEP][NOT_RUN] - click(findTestObject("Pre-regist Covid/OP Admin/MySiloam OPD Administrator/Body URL")): NOT_RUN: click(findTestObject("Pre-regist Covid/OP Admin/MySiloam OPD Administrator/Body URL"))

2021-08-25 16:54:00 - [MESSAGE][NOT_RUN] - NOT_RUN: click(findTestObject("Pre-regist Covid/OP Admin/MySiloam OPD Administrator/Body URL"))

2021-08-25 16:54:00 - [TEST_STEP][NOT_RUN] - delay(3): NOT_RUN: delay(3)

2021-08-25 16:54:00 - [MESSAGE][NOT_RUN] - NOT_RUN: delay(3)

2021-08-25 16:54:00 - [TEST_STEP][NOT_RUN] - click(findTestObject("Pre-regist Covid/OP Admin/MySiloam OPD Administrator/button_SaveDT")): NOT_RUN: click(findTestObject("Pre-regist Covid/OP Admin/MySiloam OPD Administrator/button_SaveDT"))

2021-08-25 16:54:00 - [MESSAGE][NOT_RUN] - NOT_RUN: click(findTestObject("Pre-regist Covid/OP Admin/MySiloam OPD Administrator/button_SaveDT"))

2021-08-25 16:54:00 - [TEST_STEP][NOT_RUN] - waitForElementVisible(findTestObject("Pre-regist Covid/OP Admin/MySiloam OPD Administrator/div_OKCancel"), 5): NOT_RUN: waitForElementVisible(findTestObject("Pre-regist Covid/OP Admin/MySiloam OPD Administrator/div_OKCancel"), 5)

2021-08-25 16:54:00 - [MESSAGE][NOT_RUN] - NOT_RUN: waitForElementVisible(findTestObject("Pre-regist Covid/OP Admin/MySiloam OPD Administrator/div_OKCancel"), 5)

2021-08-25 16:54:00 - [TEST_STEP][NOT_RUN] - click(findTestObject("Pre-regist Covid/OP Admin/MySiloam OPD Administrator/div_OKCancel")): NOT_RUN: click(findTestObject("Pre-regist Covid/OP Admin/MySiloam OPD Administrator/div_OKCancel"))

2021-08-25 16:54:00 - [MESSAGE][NOT_RUN] - NOT_RUN: click(findTestObject("Pre-regist Covid/OP Admin/MySiloam OPD Administrator/div_OKCancel"))

2021-08-25 16:54:00 - [TEST_STEP][NOT_RUN] - waitForElementNotVisible(findTestObject("Pre-regist Covid/OP Admin/MySiloam OPD Administrator/div_OKCancel"), 5): NOT_RUN: waitForElementNotVisible(findTestObject("Pre-regist Covid/OP Admin/MySiloam OPD Administrator/div_OKCancel"), 5)

2021-08-25 16:54:00 - [MESSAGE][NOT_RUN] - NOT_RUN: waitForElementNotVisible(findTestObject("Pre-regist Covid/OP Admin/MySiloam OPD Administrator/div_OKCancel"), 5)

2021-08-25 16:54:00 - [TEST_STEP][PASSED] - delay(3): Delayed 3 second(s)

2021-08-25 16:54:04 - [MESSAGE][PASSED] - Delayed 3 second(s)

2021-08-25 16:54:04 - [TEST_STEP][NOT_RUN] - click(findTestObject("Pre-regist Covid/OP Admin/MySiloam OPD Administrator/button_Add Schedule")): NOT_RUN: click(findTestObject("Pre-regist Covid/OP Admin/MySiloam OPD Administrator/button_Add Schedule"))

2021-08-25 16:54:04 - [MESSAGE][NOT_RUN] - NOT_RUN: click(findTestObject("Pre-regist Covid/OP Admin/MySiloam OPD Administrator/button_Add Schedule"))

2021-08-25 16:54:04 - [TEST_STEP][PASSED] - delay(2): Delayed 2 second(s)

2021-08-25 16:54:06 - [MESSAGE][PASSED] - Delayed 2 second(s)

2021-08-25 16:54:06 - [TEST_STEP][PASSED] - selectOptionByValue(findTestObject("Pre-regist Covid/OP Admin/MySiloam OPD Administrator/select_Hari"), Hari, true): All options with value '1' are selected in object 'Object Repository/Pre-regist Covid/OP Admin/MySiloam OPD Administrator/select_Hari'  using regular expression

2021-08-25 16:54:08 - [MESSAGE][PASSED] - All options with value '1' are selected in object 'Object Repository/Pre-regist Covid/OP Admin/MySiloam OPD Administrator/select_Hari'  using regular expression

2021-08-25 16:54:08 - [TEST_STEP][PASSED] - setText(findTestObject("Pre-regist Covid/OP Admin/MySiloam OPD Administrator/input_Quota Appointment"), Appointment): Text '1' is set on object 'Object Repository/Pre-regist Covid/OP Admin/MySiloam OPD Administrator/input_Quota Appointment'

2021-08-25 16:54:09 - [MESSAGE][PASSED] - Text '1' is set on object 'Object Repository/Pre-regist Covid/OP Admin/MySiloam OPD Administrator/input_Quota Appointment'

2021-08-25 16:54:09 - [TEST_STEP][PASSED] - setText(findTestObject("Pre-regist Covid/OP Admin/MySiloam OPD Administrator/input_Quota Non Appointment"), NonAppointment): Text '1' is set on object 'Object Repository/Pre-regist Covid/OP Admin/MySiloam OPD Administrator/input_Quota Non Appointment'

2021-08-25 16:54:09 - [MESSAGE][PASSED] - Text '1' is set on object 'Object Repository/Pre-regist Covid/OP Admin/MySiloam OPD Administrator/input_Quota Non Appointment'

2021-08-25 16:54:09 - [TEST_STEP][PASSED] - delay(3): Delayed 3 second(s)

2021-08-25 16:54:12 - [MESSAGE][PASSED] - Delayed 3 second(s)

2021-08-25 16:54:12 - [TEST_STEP][PASSED] - println(Services): null

2021-08-25 16:54:12 - [TEST_STEP][PASSED] - if (Services == "nonDT"): Object: 'Object Repository/Pre-regist Covid/OP Admin/MySiloam OPD Administrator/pilih ruangan' is clicked on

2021-08-25 16:54:12 - [TEST_STEP][PASSED] - click(findTestObject("Pre-regist Covid/OP Admin/MySiloam OPD Administrator/dropdown_Room")): Object: 'Object Repository/Pre-regist Covid/OP Admin/MySiloam OPD Administrator/dropdown_Room' is clicked on

2021-08-25 16:54:13 - [MESSAGE][PASSED] - Object: 'Object Repository/Pre-regist Covid/OP Admin/MySiloam OPD Administrator/dropdown_Room' is clicked on

2021-08-25 16:54:13 - [TEST_STEP][PASSED] - waitForElementVisible(findTestObject("Pre-regist Covid/OP Admin/MySiloam OPD Administrator/div_Floor 1 - Bedah - Room 3"), 30): Object 'Object Repository/Pre-regist Covid/OP Admin/MySiloam OPD Administrator/div_Floor 1 - Bedah - Room 3' is visible

2021-08-25 16:54:13 - [MESSAGE][PASSED] - Object 'Object Repository/Pre-regist Covid/OP Admin/MySiloam OPD Administrator/div_Floor 1 - Bedah - Room 3' is visible

2021-08-25 16:54:13 - [TEST_STEP][PASSED] - click(findTestObject("Pre-regist Covid/OP Admin/MySiloam OPD Administrator/Input_room")): Object: 'Object Repository/Pre-regist Covid/OP Admin/MySiloam OPD Administrator/Input_room' is clicked on

2021-08-25 16:54:14 - [MESSAGE][PASSED] - Object: 'Object Repository/Pre-regist Covid/OP Admin/MySiloam OPD Administrator/Input_room' is clicked on

2021-08-25 16:54:14 - [TEST_STEP][PASSED] - delay(2): Delayed 2 second(s)

2021-08-25 16:54:16 - [MESSAGE][PASSED] - Delayed 2 second(s)

2021-08-25 16:54:16 - [TEST_STEP][PASSED] - setText(findTestObject("Pre-regist Covid/OP Admin/MySiloam OPD Administrator/Input_room"), Ruangan, STOP_ON_FAILURE): Text 'Floor 1 - Bedah - Room 3' is set on object 'Object Repository/Pre-regist Covid/OP Admin/MySiloam OPD Administrator/Input_room'

2021-08-25 16:54:17 - [MESSAGE][PASSED] - Text 'Floor 1 - Bedah - Room 3' is set on object 'Object Repository/Pre-regist Covid/OP Admin/MySiloam OPD Administrator/Input_room'

2021-08-25 16:54:17 - [TEST_STEP][PASSED] - click(findTestObject("Pre-regist Covid/OP Admin/MySiloam OPD Administrator/pilih ruangan")): Object: 'Object Repository/Pre-regist Covid/OP Admin/MySiloam OPD Administrator/pilih ruangan' is clicked on

2021-08-25 16:54:17 - [MESSAGE][PASSED] - Object: 'Object Repository/Pre-regist Covid/OP Admin/MySiloam OPD Administrator/pilih ruangan' is clicked on

2021-08-25 16:54:17 - [TEST_STEP][PASSED] - delay(5): Delayed 5 second(s)

2021-08-25 16:54:22 - [MESSAGE][PASSED] - Delayed 5 second(s)

2021-08-25 16:54:22 - [TEST_STEP][PASSED] - selectOptionByValue(findTestObject("Pre-regist Covid/OP Admin/MySiloam OPD Administrator/select_jam mulai"), JamMulai, true): All options with value '08' are selected in object 'Object Repository/Pre-regist Covid/OP Admin/MySiloam OPD Administrator/select_jam mulai'  using regular expression

2021-08-25 16:54:23 - [MESSAGE][PASSED] - All options with value '08' are selected in object 'Object Repository/Pre-regist Covid/OP Admin/MySiloam OPD Administrator/select_jam mulai'  using regular expression

2021-08-25 16:54:23 - [TEST_STEP][PASSED] - selectOptionByValue(findTestObject("Pre-regist Covid/OP Admin/MySiloam OPD Administrator/select_menit mulai"), MenitMulai, true): All options with value '30' are selected in object 'Object Repository/Pre-regist Covid/OP Admin/MySiloam OPD Administrator/select_menit mulai'  using regular expression

2021-08-25 16:54:24 - [MESSAGE][PASSED] - All options with value '30' are selected in object 'Object Repository/Pre-regist Covid/OP Admin/MySiloam OPD Administrator/select_menit mulai'  using regular expression

2021-08-25 16:54:24 - [TEST_STEP][PASSED] - selectOptionByValue(findTestObject("Pre-regist Covid/OP Admin/MySiloam OPD Administrator/select_jam selesai"), JamSelesai, true): All options with value '11' are selected in object 'Object Repository/Pre-regist Covid/OP Admin/MySiloam OPD Administrator/select_jam selesai'  using regular expression

2021-08-25 16:54:26 - [MESSAGE][PASSED] - All options with value '11' are selected in object 'Object Repository/Pre-regist Covid/OP Admin/MySiloam OPD Administrator/select_jam selesai'  using regular expression

2021-08-25 16:54:26 - [TEST_STEP][PASSED] - selectOptionByValue(findTestObject("Pre-regist Covid/OP Admin/MySiloam OPD Administrator/select_menit selesai"), MenitSelesai, true): All options with value '00' are selected in object 'Object Repository/Pre-regist Covid/OP Admin/MySiloam OPD Administrator/select_menit selesai'  using regular expression

2021-08-25 16:54:27 - [MESSAGE][PASSED] - All options with value '00' are selected in object 'Object Repository/Pre-regist Covid/OP Admin/MySiloam OPD Administrator/select_menit selesai'  using regular expression

2021-08-25 16:54:27 - [TEST_STEP][PASSED] - delay(3): Delayed 3 second(s)

2021-08-25 16:54:30 - [MESSAGE][PASSED] - Delayed 3 second(s)

2021-08-25 16:54:30 - [TEST_STEP][PASSED] - click(findTestObject("Pre-regist Covid/OP Admin/MySiloam OPD Administrator/Input_Effective from")): Object: 'Object Repository/Pre-regist Covid/OP Admin/MySiloam OPD Administrator/Input_Effective from' is clicked on

2021-08-25 16:54:30 - [MESSAGE][PASSED] - Object: 'Object Repository/Pre-regist Covid/OP Admin/MySiloam OPD Administrator/Input_Effective from' is clicked on

2021-08-25 16:54:30 - [TEST_STEP][PASSED] - setText(findTestObject("Pre-regist Covid/OP Admin/MySiloam OPD Administrator/Input_Effective from"), DariTanggal): Text '2021-08-26' is set on object 'Object Repository/Pre-regist Covid/OP Admin/MySiloam OPD Administrator/Input_Effective from'

2021-08-25 16:54:31 - [MESSAGE][PASSED] - Text '2021-08-26' is set on object 'Object Repository/Pre-regist Covid/OP Admin/MySiloam OPD Administrator/Input_Effective from'

2021-08-25 16:54:31 - [TEST_STEP][PASSED] - click(findTestObject("Pre-regist Covid/OP Admin/MySiloam OPD Administrator/Input_Effective to")): Object: 'Object Repository/Pre-regist Covid/OP Admin/MySiloam OPD Administrator/Input_Effective to' is clicked on

2021-08-25 16:54:31 - [MESSAGE][PASSED] - Object: 'Object Repository/Pre-regist Covid/OP Admin/MySiloam OPD Administrator/Input_Effective to' is clicked on

2021-08-25 16:54:31 - [TEST_STEP][PASSED] - setText(findTestObject("Pre-regist Covid/OP Admin/MySiloam OPD Administrator/Input_Effective to"), KeTanggal): Text '2021-08-26' is set on object 'Object Repository/Pre-regist Covid/OP Admin/MySiloam OPD Administrator/Input_Effective to'

2021-08-25 16:54:32 - [MESSAGE][PASSED] - Text '2021-08-26' is set on object 'Object Repository/Pre-regist Covid/OP Admin/MySiloam OPD Administrator/Input_Effective to'

2021-08-25 16:54:32 - [TEST_STEP][PASSED] - delay(3): Delayed 3 second(s)

2021-08-25 16:54:35 - [MESSAGE][PASSED] - Delayed 3 second(s)

2021-08-25 16:54:35 - [TEST_STEP][PASSED] - click(findTestObject("Pre-regist Covid/OP Admin/MySiloam OPD Administrator/button_savenonDT")): Object: 'Object Repository/Pre-regist Covid/OP Admin/MySiloam OPD Administrator/button_savenonDT' is clicked on

2021-08-25 16:54:35 - [MESSAGE][PASSED] - Object: 'Object Repository/Pre-regist Covid/OP Admin/MySiloam OPD Administrator/button_savenonDT' is clicked on]]></system-out>
         <system-err><![CDATA[]]></system-err>
      </testcase>
      <system-out><![CDATA[2021-08-25 16:53:58 - [TEST_SUITE][PASSED] - Pre-regist: Test Cases/Pre-regist Covid/OP Admin]]></system-out>
      <system-err><![CDATA[]]></system-err>
   </testsuite>
</testsuites>
