<?xml version="1.0" encoding="UTF-8"?>
<testsuites name="Pre-regist" time="45.518" tests="1" failures="0" errors="0">
   <testsuite name="Pre-regist" tests="1" failures="0" errors="0" time="45.518" skipped="0" timestamp="2021-08-27 10:26:54" hostname="15997182 - N0101-7182-IQC.muf.co.id" id="Test Suites/Pre-regist">
      <properties>
         <property name="deviceName" value=""/>
         <property name="devicePlatform" value=""/>
         <property name="logFolder" value="D:\\MySiloam\\Reports\\20210827_102641\\Pre-regist\\20210827_102641"/>
         <property name="logFiles" value="D:\\MySiloam\\Reports\\20210827_102641\\Pre-regist\\20210827_102641\\execution0.log"/>
         <property name="attachments" value=""/>
         <property name="hostName" value="15997182 - N0101-7182-IQC.muf.co.id"/>
         <property name="os" value="Windows 10 64bit"/>
         <property name="katalonVersion" value="8.1.0.208"/>
         <property name="browser" value="Chrome 92.0.4515.159"/>
         <property name="hostAddress" value="10.1.189.60"/>
         <property name="sessionId" value="32e85aefd394a6806073a2640f7f1080"/>
         <property name="seleniumVersion" value="3.141.59"/>
         <property name="proxyInformation" value="ProxyInformation { proxyOption=NO_PROXY, proxyServerType=HTTP, username=, password=********, proxyServerAddress=, proxyServerPort=0, executionList=&quot;&quot;, isApplyToDesiredCapabilities=true }"/>
         <property name="platform" value="Windows 10"/>
      </properties>
      <testcase name="Test Cases/Pre-regist Covid/OP Admin" time="43.56" classname="Test Cases/Pre-regist Covid/OP Admin" status="PASSED">
         <system-out><![CDATA[2021-08-27 10:26:54 - [TEST_CASE][PASSED] - Test Cases/Pre-regist Covid/OP Admin: Test Cases/Pre-regist Covid/OP Admin

2021-08-27 10:26:56 - [TEST_STEP][PASSED] - openBrowser(""): Browser is opened with url: ''

2021-08-27 10:26:56 - [MESSAGE][INFO] - Starting 'Chrome' driver

2021-08-27 10:26:56 - [MESSAGE][INFO] - Action delay is set to 0 milliseconds

2021-08-27 10:26:59 - [MESSAGE][PASSED] - Browser is opened with url: ''

2021-08-27 10:26:59 - [TEST_STEP][PASSED] - navigateToUrl("http://10.85.139.100:8484/checkup"): Navigate to 'http://10.85.139.100:8484/checkup' successfully

2021-08-27 10:27:01 - [MESSAGE][PASSED] - Navigate to 'http://10.85.139.100:8484/checkup' successfully

2021-08-27 10:27:01 - [TEST_STEP][PASSED] - waitForElementVisible(findTestObject("Pre-regist Covid/OP Admin/MySiloam OPD Administrator/button_Login"), 120): Object 'Object Repository/Pre-regist Covid/OP Admin/MySiloam OPD Administrator/button_Login' is visible

2021-08-27 10:27:04 - [MESSAGE][PASSED] - Object 'Object Repository/Pre-regist Covid/OP Admin/MySiloam OPD Administrator/button_Login' is visible

2021-08-27 10:27:04 - [TEST_STEP][PASSED] - maximizeWindow(): Current window maximized

2021-08-27 10:27:04 - [MESSAGE][PASSED] - Current window maximized

2021-08-27 10:27:04 - [TEST_STEP][PASSED] - delay(2): Delayed 2 second(s)

2021-08-27 10:27:06 - [MESSAGE][PASSED] - Delayed 2 second(s)

2021-08-27 10:27:06 - [TEST_STEP][PASSED] - setText(findTestObject("Pre-regist Covid/OP Admin/MySiloam OPD Administrator/input_Username_username"), Username): Text 'albert.aswindra' is set on object 'Object Repository/Pre-regist Covid/OP Admin/MySiloam OPD Administrator/input_Username_username'

2021-08-27 10:27:07 - [MESSAGE][PASSED] - Text 'albert.aswindra' is set on object 'Object Repository/Pre-regist Covid/OP Admin/MySiloam OPD Administrator/input_Username_username'

2021-08-27 10:27:07 - [TEST_STEP][PASSED] - delay(2): Delayed 2 second(s)

2021-08-27 10:27:09 - [MESSAGE][PASSED] - Delayed 2 second(s)

2021-08-27 10:27:09 - [TEST_STEP][PASSED] - setText(findTestObject("Pre-regist Covid/OP Admin/MySiloam OPD Administrator/input_Password_password"), Password): Text 'al12345678' is set on object 'Object Repository/Pre-regist Covid/OP Admin/MySiloam OPD Administrator/input_Password_password'

2021-08-27 10:27:10 - [MESSAGE][PASSED] - Text 'al12345678' is set on object 'Object Repository/Pre-regist Covid/OP Admin/MySiloam OPD Administrator/input_Password_password'

2021-08-27 10:27:10 - [TEST_STEP][PASSED] - click(findTestObject("Pre-regist Covid/OP Admin/MySiloam OPD Administrator/button_Login")): Object: 'Object Repository/Pre-regist Covid/OP Admin/MySiloam OPD Administrator/button_Login' is clicked on

2021-08-27 10:27:10 - [MESSAGE][PASSED] - Object: 'Object Repository/Pre-regist Covid/OP Admin/MySiloam OPD Administrator/button_Login' is clicked on

2021-08-27 10:27:10 - [TEST_STEP][PASSED] - delay(2): Delayed 2 second(s)

2021-08-27 10:27:12 - [MESSAGE][PASSED] - Delayed 2 second(s)

2021-08-27 10:27:12 - [TEST_STEP][PASSED] - waitForPageLoad(30, STOP_ON_FAILURE): Wait for page load successfully

2021-08-27 10:27:12 - [MESSAGE][PASSED] - Wait for page load successfully

2021-08-27 10:27:12 - [TEST_STEP][PASSED] - waitForElementVisible(findTestObject("Pre-regist Covid/OP Admin/MySiloam OPD Administrator/button_Add New Group"), 10): Object 'Object Repository/Pre-regist Covid/OP Admin/MySiloam OPD Administrator/button_Add New Group' is visible

2021-08-27 10:27:13 - [MESSAGE][PASSED] - Object 'Object Repository/Pre-regist Covid/OP Admin/MySiloam OPD Administrator/button_Add New Group' is visible

2021-08-27 10:27:13 - [TEST_STEP][PASSED] - click(findTestObject("Pre-regist Covid/OP Admin/MySiloam OPD Administrator/button_Add New Group")): Object: 'Object Repository/Pre-regist Covid/OP Admin/MySiloam OPD Administrator/button_Add New Group' is clicked on

2021-08-27 10:27:13 - [MESSAGE][PASSED] - Object: 'Object Repository/Pre-regist Covid/OP Admin/MySiloam OPD Administrator/button_Add New Group' is clicked on

2021-08-27 10:27:13 - [TEST_STEP][PASSED] - setText(findTestObject("Pre-regist Covid/OP Admin/MySiloam OPD Administrator/group-name"), GroupName): Text 'Test' is set on object 'Object Repository/Pre-regist Covid/OP Admin/MySiloam OPD Administrator/group-name'

2021-08-27 10:27:14 - [MESSAGE][PASSED] - Text 'Test' is set on object 'Object Repository/Pre-regist Covid/OP Admin/MySiloam OPD Administrator/group-name'

2021-08-27 10:27:14 - [TEST_STEP][PASSED] - selectOptionByValue(findTestObject("Pre-regist Covid/OP Admin/MySiloam OPD Administrator/select_group type"), GroupType, true): All options with value '1' are selected in object 'Object Repository/Pre-regist Covid/OP Admin/MySiloam OPD Administrator/select_group type'  using regular expression

2021-08-27 10:27:15 - [MESSAGE][PASSED] - All options with value '1' are selected in object 'Object Repository/Pre-regist Covid/OP Admin/MySiloam OPD Administrator/select_group type'  using regular expression

2021-08-27 10:27:15 - [TEST_STEP][PASSED] - delay(2): Delayed 2 second(s)

2021-08-27 10:27:17 - [MESSAGE][PASSED] - Delayed 2 second(s)

2021-08-27 10:27:17 - [TEST_STEP][PASSED] - if (Services == "DT"): null

2021-08-27 10:27:17 - [TEST_STEP][PASSED] - else: Object: 'Object Repository/Pre-regist Covid/OP Admin/MySiloam OPD Administrator/input_Services_non-drive-thru' is clicked on

2021-08-27 10:27:17 - [TEST_STEP][PASSED] - click(findTestObject("Pre-regist Covid/OP Admin/MySiloam OPD Administrator/input_Services_non-drive-thru")): Object: 'Object Repository/Pre-regist Covid/OP Admin/MySiloam OPD Administrator/input_Services_non-drive-thru' is clicked on

2021-08-27 10:27:18 - [MESSAGE][PASSED] - Object: 'Object Repository/Pre-regist Covid/OP Admin/MySiloam OPD Administrator/input_Services_non-drive-thru' is clicked on

2021-08-27 10:27:18 - [TEST_STEP][PASSED] - delay(2): Delayed 2 second(s)

2021-08-27 10:27:20 - [MESSAGE][PASSED] - Delayed 2 second(s)

2021-08-27 10:27:20 - [TEST_STEP][PASSED] - click(findTestObject("Pre-regist Covid/OP Admin/MySiloam OPD Administrator/dropdown")): Object: 'Object Repository/Pre-regist Covid/OP Admin/MySiloam OPD Administrator/dropdown' is clicked on

2021-08-27 10:27:20 - [MESSAGE][PASSED] - Object: 'Object Repository/Pre-regist Covid/OP Admin/MySiloam OPD Administrator/dropdown' is clicked on

2021-08-27 10:27:20 - [TEST_STEP][PASSED] - delay(5): Delayed 5 second(s)

2021-08-27 10:27:25 - [MESSAGE][PASSED] - Delayed 5 second(s)

2021-08-27 10:27:25 - [TEST_STEP][PASSED] - if (Paket == "Rapid Test"): Object: 'Object Repository/Pre-regist Covid/OP Admin/MySiloam OPD Administrator/paket/Rapid Test' is clicked on

2021-08-27 10:27:25 - [TEST_STEP][PASSED] - scrollToElement(findTestObject("Pre-regist Covid/OP Admin/MySiloam OPD Administrator/paket/Rapid Test"), 120): Scroll to object 'Object Repository/Pre-regist Covid/OP Admin/MySiloam OPD Administrator/paket/Rapid Test' successfully

2021-08-27 10:27:25 - [MESSAGE][PASSED] - Scroll to object 'Object Repository/Pre-regist Covid/OP Admin/MySiloam OPD Administrator/paket/Rapid Test' successfully

2021-08-27 10:27:25 - [TEST_STEP][PASSED] - delay(2): Delayed 2 second(s)

2021-08-27 10:27:28 - [MESSAGE][PASSED] - Delayed 2 second(s)

2021-08-27 10:27:28 - [TEST_STEP][PASSED] - click(findTestObject("Pre-regist Covid/OP Admin/MySiloam OPD Administrator/paket/Rapid Test")): Object: 'Object Repository/Pre-regist Covid/OP Admin/MySiloam OPD Administrator/paket/Rapid Test' is clicked on

2021-08-27 10:27:28 - [MESSAGE][PASSED] - Object: 'Object Repository/Pre-regist Covid/OP Admin/MySiloam OPD Administrator/paket/Rapid Test' is clicked on

2021-08-27 10:27:28 - [TEST_STEP][PASSED] - delay(10): Delayed 10 second(s)

2021-08-27 10:27:38 - [MESSAGE][PASSED] - Delayed 10 second(s)

2021-08-27 10:27:38 - [TEST_STEP][NOT_RUN] - click(findTestObject("Pre-regist Covid/OP Admin/MySiloam OPD Administrator/group-name")): NOT_RUN: click(findTestObject("Pre-regist Covid/OP Admin/MySiloam OPD Administrator/group-name"))

2021-08-27 10:27:38 - [MESSAGE][NOT_RUN] - NOT_RUN: click(findTestObject("Pre-regist Covid/OP Admin/MySiloam OPD Administrator/group-name"))

2021-08-27 10:27:38 - [TEST_STEP][NOT_RUN] - waitForElementNotVisible(findTestObject("Pre-regist Covid/OP Admin/MySiloam OPD Administrator/body dropdown"), 120): NOT_RUN: waitForElementNotVisible(findTestObject("Pre-regist Covid/OP Admin/MySiloam OPD Administrator/body dropdown"), 120)

2021-08-27 10:27:38 - [MESSAGE][NOT_RUN] - NOT_RUN: waitForElementNotVisible(findTestObject("Pre-regist Covid/OP Admin/MySiloam OPD Administrator/body dropdown"), 120)

2021-08-27 10:27:38 - [TEST_STEP][NOT_RUN] - click(findTestObject("Pre-regist Covid/OP Admin/MySiloam OPD Administrator/group-name")): NOT_RUN: click(findTestObject("Pre-regist Covid/OP Admin/MySiloam OPD Administrator/group-name"))

2021-08-27 10:27:38 - [MESSAGE][NOT_RUN] - NOT_RUN: click(findTestObject("Pre-regist Covid/OP Admin/MySiloam OPD Administrator/group-name"))

2021-08-27 10:27:38 - [TEST_STEP][NOT_RUN] - delay(1): NOT_RUN: delay(1)

2021-08-27 10:27:38 - [MESSAGE][NOT_RUN] - NOT_RUN: delay(1)

2021-08-27 10:27:38 - [TEST_STEP][NOT_RUN] - click(findTestObject("Pre-regist Covid/OP Admin/MySiloam OPD Administrator/button_SaveDT")): NOT_RUN: click(findTestObject("Pre-regist Covid/OP Admin/MySiloam OPD Administrator/button_SaveDT"))

2021-08-27 10:27:38 - [MESSAGE][NOT_RUN] - NOT_RUN: click(findTestObject("Pre-regist Covid/OP Admin/MySiloam OPD Administrator/button_SaveDT"))

2021-08-27 10:27:38 - [TEST_STEP][NOT_RUN] - waitForElementVisible(findTestObject("Pre-regist Covid/OP Admin/MySiloam OPD Administrator/div_OKCancel"), 5): NOT_RUN: waitForElementVisible(findTestObject("Pre-regist Covid/OP Admin/MySiloam OPD Administrator/div_OKCancel"), 5)

2021-08-27 10:27:38 - [MESSAGE][NOT_RUN] - NOT_RUN: waitForElementVisible(findTestObject("Pre-regist Covid/OP Admin/MySiloam OPD Administrator/div_OKCancel"), 5)

2021-08-27 10:27:38 - [TEST_STEP][NOT_RUN] - click(findTestObject("Pre-regist Covid/OP Admin/MySiloam OPD Administrator/div_OKCancel")): NOT_RUN: click(findTestObject("Pre-regist Covid/OP Admin/MySiloam OPD Administrator/div_OKCancel"))

2021-08-27 10:27:38 - [MESSAGE][NOT_RUN] - NOT_RUN: click(findTestObject("Pre-regist Covid/OP Admin/MySiloam OPD Administrator/div_OKCancel"))

2021-08-27 10:27:38 - [TEST_STEP][NOT_RUN] - waitForElementNotVisible(findTestObject("Pre-regist Covid/OP Admin/MySiloam OPD Administrator/div_OKCancel"), 5): NOT_RUN: waitForElementNotVisible(findTestObject("Pre-regist Covid/OP Admin/MySiloam OPD Administrator/div_OKCancel"), 5)

2021-08-27 10:27:38 - [MESSAGE][NOT_RUN] - NOT_RUN: waitForElementNotVisible(findTestObject("Pre-regist Covid/OP Admin/MySiloam OPD Administrator/div_OKCancel"), 5)

2021-08-27 10:27:38 - [TEST_STEP][NOT_RUN] - delay(3): NOT_RUN: delay(3)

2021-08-27 10:27:38 - [MESSAGE][NOT_RUN] - NOT_RUN: delay(3)

2021-08-27 10:27:38 - [TEST_STEP][NOT_RUN] - click(findTestObject("Pre-regist Covid/OP Admin/MySiloam OPD Administrator/button_Add Schedule")): NOT_RUN: click(findTestObject("Pre-regist Covid/OP Admin/MySiloam OPD Administrator/button_Add Schedule"))

2021-08-27 10:27:38 - [MESSAGE][NOT_RUN] - NOT_RUN: click(findTestObject("Pre-regist Covid/OP Admin/MySiloam OPD Administrator/button_Add Schedule"))

2021-08-27 10:27:38 - [TEST_STEP][NOT_RUN] - delay(2): NOT_RUN: delay(2)

2021-08-27 10:27:38 - [MESSAGE][NOT_RUN] - NOT_RUN: delay(2)

2021-08-27 10:27:38 - [TEST_STEP][NOT_RUN] - selectOptionByValue(findTestObject("Pre-regist Covid/OP Admin/MySiloam OPD Administrator/select_Hari"), Hari, true): NOT_RUN: selectOptionByValue(findTestObject("Pre-regist Covid/OP Admin/MySiloam OPD Administrator/select_Hari"), Hari, true)

2021-08-27 10:27:38 - [MESSAGE][NOT_RUN] - NOT_RUN: selectOptionByValue(findTestObject("Pre-regist Covid/OP Admin/MySiloam OPD Administrator/select_Hari"), Hari, true)

2021-08-27 10:27:38 - [TEST_STEP][NOT_RUN] - setText(findTestObject("Pre-regist Covid/OP Admin/MySiloam OPD Administrator/input_Quota Appointment"), Appointment): NOT_RUN: setText(findTestObject("Pre-regist Covid/OP Admin/MySiloam OPD Administrator/input_Quota Appointment"), Appointment)

2021-08-27 10:27:38 - [MESSAGE][NOT_RUN] - NOT_RUN: setText(findTestObject("Pre-regist Covid/OP Admin/MySiloam OPD Administrator/input_Quota Appointment"), Appointment)

2021-08-27 10:27:38 - [TEST_STEP][NOT_RUN] - setText(findTestObject("Pre-regist Covid/OP Admin/MySiloam OPD Administrator/input_Quota Non Appointment"), NonAppointment): NOT_RUN: setText(findTestObject("Pre-regist Covid/OP Admin/MySiloam OPD Administrator/input_Quota Non Appointment"), NonAppointment)

2021-08-27 10:27:38 - [MESSAGE][NOT_RUN] - NOT_RUN: setText(findTestObject("Pre-regist Covid/OP Admin/MySiloam OPD Administrator/input_Quota Non Appointment"), NonAppointment)

2021-08-27 10:27:38 - [TEST_STEP][NOT_RUN] - delay(3): NOT_RUN: delay(3)

2021-08-27 10:27:38 - [MESSAGE][NOT_RUN] - NOT_RUN: delay(3)

2021-08-27 10:27:38 - [TEST_STEP][NOT_RUN] - println(Services): NOT_RUN: println(Services)

2021-08-27 10:27:38 - [MESSAGE][NOT_RUN] - NOT_RUN: println(Services)

2021-08-27 10:27:38 - [TEST_STEP][NOT_RUN] - if (Services == "nonDT"): NOT_RUN: if (Services == "nonDT")

2021-08-27 10:27:38 - [MESSAGE][NOT_RUN] - NOT_RUN: if (Services == "nonDT")]]></system-out>
         <system-err><![CDATA[]]></system-err>
      </testcase>
      <system-out><![CDATA[2021-08-27 10:26:54 - [TEST_SUITE][PASSED] - Pre-regist: Test Cases/Pre-regist Covid/OP Admin]]></system-out>
      <system-err><![CDATA[]]></system-err>
   </testsuite>
</testsuites>
