<?xml version="1.0" encoding="UTF-8"?>
<testsuites name="Pre-regist COVID" time="169.167" tests="1" failures="0" errors="0">
   <testsuite name="Pre-regist COVID" tests="1" failures="0" errors="0" time="169.167" skipped="0" timestamp="2021-08-30 11:11:11" hostname="rezaa - LAPTOP-L0M8DJBN.local" id="Test Suites/Pre-regist COVID">
      <properties>
         <property name="deviceName" value=""/>
         <property name="devicePlatform" value=""/>
         <property name="logFolder" value="D:\\MySiloam\\Reports\\20210830_111057\\Pre-regist COVID\\20210830_111057"/>
         <property name="logFiles" value="D:\\MySiloam\\Reports\\20210830_111057\\Pre-regist COVID\\20210830_111057\\execution0.log"/>
         <property name="attachments" value=""/>
         <property name="hostName" value="rezaa - LAPTOP-L0M8DJBN.local"/>
         <property name="os" value="Windows 10 64bit"/>
         <property name="katalonVersion" value="8.1.0.208"/>
         <property name="browser" value="Chrome 92.0.4515.159"/>
         <property name="hostAddress" value="192.168.1.8"/>
         <property name="sessionId" value="f8c4f0def988fc5ff355142a49015c3e"/>
         <property name="seleniumVersion" value="3.141.59"/>
         <property name="proxyInformation" value="ProxyInformation { proxyOption=NO_PROXY, proxyServerType=HTTP, username=, password=********, proxyServerAddress=, proxyServerPort=0, executionList=&quot;&quot;, isApplyToDesiredCapabilities=true }"/>
         <property name="platform" value="Windows 10"/>
      </properties>
      <testcase name="Test Cases/Pre-regist Covid/Linktree - FO" time="167.824" classname="Test Cases/Pre-regist Covid/Linktree - FO" status="PASSED">
         <system-out><![CDATA[2021-08-30 11:11:11 - [TEST_CASE][PASSED] - Test Cases/Pre-regist Covid/Linktree - FO: Test Cases/Pre-regist Covid/Linktree - FO

2021-08-30 11:11:12 - [TEST_STEP][PASSED] - callTestCase(findTestCase("Pre-regist Covid/TestCase/1. linktree - (Pilih Paket, Data Diri)"), ["NamaRS":NamaRS, "NamaSID":NamaSID, "NoHP":NoHP, "Email":Email, "TanggalKunjungan":TanggalKunjungan, "WaktuKunjungan":WaktuKunjungan, ... ], STOP_ON_FAILURE): Call Test Case 'Test Cases/Pre-regist Covid/TestCase/1. linktree - (Pilih Paket, Data Diri)' successfully

2021-08-30 11:11:12 - [TEST_CASE][PASSED] - Test Cases/Pre-regist Covid/TestCase/1. linktree - (Pilih Paket, Data Diri): Test Cases/Pre-regist Covid/TestCase/1. linktree - (Pilih Paket, Data Diri)

2021-08-30 11:11:13 - [TEST_STEP][PASSED] - openBrowser(""): Browser is opened with url: ''

2021-08-30 11:11:13 - [MESSAGE][INFO] - Starting 'Chrome' driver

2021-08-30 11:11:13 - [MESSAGE][INFO] - Action delay is set to 0 milliseconds

2021-08-30 11:11:15 - [MESSAGE][PASSED] - Browser is opened with url: ''

2021-08-30 11:11:15 - [TEST_STEP][PASSED] - navigateToUrl("https://mysiloam-api-staging.siloamhospitals.com/linktree/"): Navigate to 'https://mysiloam-api-staging.siloamhospitals.com/linktree/' successfully

2021-08-30 11:11:15 - [MESSAGE][PASSED] - Navigate to 'https://mysiloam-api-staging.siloamhospitals.com/linktree/' successfully

2021-08-30 11:11:15 - [TEST_STEP][PASSED] - waitForElementVisible(findTestObject("Pre-regist Covid/linktree/Page_Siloam Hospitals Registration Form/div_Select"), 120): Object 'Object Repository/Pre-regist Covid/linktree/Page_Siloam Hospitals Registration Form/div_Select' is visible

2021-08-30 11:11:16 - [MESSAGE][PASSED] - Object 'Object Repository/Pre-regist Covid/linktree/Page_Siloam Hospitals Registration Form/div_Select' is visible

2021-08-30 11:11:16 - [TEST_STEP][PASSED] - maximizeWindow(): Current window maximized

2021-08-30 11:11:17 - [MESSAGE][PASSED] - Current window maximized

2021-08-30 11:11:17 - [TEST_STEP][PASSED] - delay(2): Delayed 2 second(s)

2021-08-30 11:11:19 - [MESSAGE][PASSED] - Delayed 2 second(s)

2021-08-30 11:11:19 - [TEST_STEP][PASSED] - click(findTestObject("Pre-regist Covid/linktree/Page_Siloam Hospitals Registration Form/div_Select")): Object: 'Object Repository/Pre-regist Covid/linktree/Page_Siloam Hospitals Registration Form/div_Select' is clicked on

2021-08-30 11:11:19 - [MESSAGE][PASSED] - Object: 'Object Repository/Pre-regist Covid/linktree/Page_Siloam Hospitals Registration Form/div_Select' is clicked on

2021-08-30 11:11:19 - [TEST_STEP][PASSED] - delay(2): Delayed 2 second(s)

2021-08-30 11:11:21 - [MESSAGE][PASSED] - Delayed 2 second(s)

2021-08-30 11:11:21 - [TEST_STEP][PASSED] - setText(findTestObject("Pre-regist Covid/linktree/Page_Siloam Hospitals Registration Form/input_Select_react-select-2-input"), NamaRS): Text 'SILOAM HOSPITALS LIPPO VILLAGE' is set on object 'Object Repository/Pre-regist Covid/linktree/Page_Siloam Hospitals Registration Form/input_Select_react-select-2-input'

2021-08-30 11:11:22 - [MESSAGE][PASSED] - Text 'SILOAM HOSPITALS LIPPO VILLAGE' is set on object 'Object Repository/Pre-regist Covid/linktree/Page_Siloam Hospitals Registration Form/input_Select_react-select-2-input'

2021-08-30 11:11:22 - [TEST_STEP][PASSED] - delay(2): Delayed 2 second(s)

2021-08-30 11:11:24 - [MESSAGE][PASSED] - Delayed 2 second(s)

2021-08-30 11:11:24 - [TEST_STEP][PASSED] - click(findTestObject("Pre-regist Covid/linktree/Page_Siloam Hospitals Registration Form/Pilih RS")): Object: 'Object Repository/Pre-regist Covid/linktree/Page_Siloam Hospitals Registration Form/Pilih RS' is clicked on

2021-08-30 11:11:24 - [MESSAGE][PASSED] - Object: 'Object Repository/Pre-regist Covid/linktree/Page_Siloam Hospitals Registration Form/Pilih RS' is clicked on

2021-08-30 11:11:24 - [TEST_STEP][PASSED] - delay(2): Delayed 2 second(s)

2021-08-30 11:11:26 - [MESSAGE][PASSED] - Delayed 2 second(s)

2021-08-30 11:11:26 - [TEST_STEP][PASSED] - if (Kendaraan == "nonDT"): Delayed 1 second(s)

2021-08-30 11:11:26 - [TEST_STEP][PASSED] - click(findTestObject("Pre-regist Covid/linktree/Page_Siloam Hospitals Registration Form/Pilih NonDT")): Object: 'Object Repository/Pre-regist Covid/linktree/Page_Siloam Hospitals Registration Form/Pilih NonDT' is clicked on

2021-08-30 11:11:26 - [MESSAGE][PASSED] - Object: 'Object Repository/Pre-regist Covid/linktree/Page_Siloam Hospitals Registration Form/Pilih NonDT' is clicked on

2021-08-30 11:11:26 - [TEST_STEP][PASSED] - delay(1): Delayed 1 second(s)

2021-08-30 11:11:27 - [MESSAGE][PASSED] - Delayed 1 second(s)

2021-08-30 11:11:27 - [TEST_STEP][PASSED] - waitForElementVisible(findTestObject("Pre-regist Covid/linktree/Page_Siloam Hospitals Registration Form/Rapid Test Serology"), 30): Object 'Object Repository/Pre-regist Covid/linktree/Page_Siloam Hospitals Registration Form/Rapid Test Serology' is visible

2021-08-30 11:11:28 - [MESSAGE][PASSED] - Object 'Object Repository/Pre-regist Covid/linktree/Page_Siloam Hospitals Registration Form/Rapid Test Serology' is visible

2021-08-30 11:11:28 - [TEST_STEP][PASSED] - click(findTestObject("Pre-regist Covid/linktree/Page_Siloam Hospitals Registration Form/Rapid Test Serology")): Object: 'Object Repository/Pre-regist Covid/linktree/Page_Siloam Hospitals Registration Form/Rapid Test Serology' is clicked on

2021-08-30 11:11:28 - [MESSAGE][PASSED] - Object: 'Object Repository/Pre-regist Covid/linktree/Page_Siloam Hospitals Registration Form/Rapid Test Serology' is clicked on

2021-08-30 11:11:28 - [TEST_STEP][PASSED] - delay(2): Delayed 2 second(s)

2021-08-30 11:11:30 - [MESSAGE][PASSED] - Delayed 2 second(s)

2021-08-30 11:11:30 - [TEST_STEP][PASSED] - click(findTestObject("Pre-regist Covid/linktree/Page_Siloam Hospitals Registration Form/button_Pilih")): Object: 'Object Repository/Pre-regist Covid/linktree/Page_Siloam Hospitals Registration Form/button_Pilih' is clicked on

2021-08-30 11:11:31 - [MESSAGE][PASSED] - Object: 'Object Repository/Pre-regist Covid/linktree/Page_Siloam Hospitals Registration Form/button_Pilih' is clicked on

2021-08-30 11:11:31 - [TEST_STEP][PASSED] - waitForElementVisible(findTestObject("Pre-regist Covid/linktree/Page_Siloam Hospitals Registration Form/Nama Lengkap(Sesuai ID)_name"), 30): Object 'Object Repository/Pre-regist Covid/linktree/Page_Siloam Hospitals Registration Form/Nama Lengkap(Sesuai ID)_name' is visible

2021-08-30 11:11:34 - [MESSAGE][PASSED] - Object 'Object Repository/Pre-regist Covid/linktree/Page_Siloam Hospitals Registration Form/Nama Lengkap(Sesuai ID)_name' is visible

2021-08-30 11:11:34 - [TEST_STEP][PASSED] - setText(findTestObject("Pre-regist Covid/linktree/Page_Siloam Hospitals Registration Form/Nama Lengkap(Sesuai ID)_name"), NamaSID): Text 'Nama SID' is set on object 'Object Repository/Pre-regist Covid/linktree/Page_Siloam Hospitals Registration Form/Nama Lengkap(Sesuai ID)_name'

2021-08-30 11:11:35 - [MESSAGE][PASSED] - Text 'Nama SID' is set on object 'Object Repository/Pre-regist Covid/linktree/Page_Siloam Hospitals Registration Form/Nama Lengkap(Sesuai ID)_name'

2021-08-30 11:11:35 - [TEST_STEP][PASSED] - delay(1): Delayed 1 second(s)

2021-08-30 11:11:36 - [MESSAGE][PASSED] - Delayed 1 second(s)

2021-08-30 11:11:36 - [TEST_STEP][PASSED] - scrollToElement(findTestObject("Pre-regist Covid/linktree/Page_Siloam Hospitals Registration Form/input_Tanggal Kunjungan_appointment_date"), 30): Scroll to object 'Object Repository/Pre-regist Covid/linktree/Page_Siloam Hospitals Registration Form/input_Tanggal Kunjungan_appointment_date' successfully

2021-08-30 11:11:36 - [MESSAGE][PASSED] - Scroll to object 'Object Repository/Pre-regist Covid/linktree/Page_Siloam Hospitals Registration Form/input_Tanggal Kunjungan_appointment_date' successfully

2021-08-30 11:11:36 - [TEST_STEP][PASSED] - delay(2): Delayed 2 second(s)

2021-08-30 11:11:38 - [MESSAGE][PASSED] - Delayed 2 second(s)

2021-08-30 11:11:38 - [TEST_STEP][PASSED] - click(findTestObject("Pre-regist Covid/linktree/Page_Siloam Hospitals Registration Form/input_Nomor Handphone_form-control")): Object: 'Object Repository/Pre-regist Covid/linktree/Page_Siloam Hospitals Registration Form/input_Nomor Handphone_form-control' is clicked on

2021-08-30 11:11:39 - [MESSAGE][PASSED] - Object: 'Object Repository/Pre-regist Covid/linktree/Page_Siloam Hospitals Registration Form/input_Nomor Handphone_form-control' is clicked on

2021-08-30 11:11:39 - [TEST_STEP][PASSED] - setText(findTestObject("Pre-regist Covid/linktree/Page_Siloam Hospitals Registration Form/input_Nomor Handphone_form-control"), NoHP): Text '3268236726' is set on object 'Object Repository/Pre-regist Covid/linktree/Page_Siloam Hospitals Registration Form/input_Nomor Handphone_form-control'

2021-08-30 11:11:39 - [MESSAGE][PASSED] - Text '3268236726' is set on object 'Object Repository/Pre-regist Covid/linktree/Page_Siloam Hospitals Registration Form/input_Nomor Handphone_form-control'

2021-08-30 11:11:39 - [TEST_STEP][PASSED] - click(findTestObject("Pre-regist Covid/linktree/Page_Siloam Hospitals Registration Form/input_Alamat Email_email")): Object: 'Object Repository/Pre-regist Covid/linktree/Page_Siloam Hospitals Registration Form/input_Alamat Email_email' is clicked on

2021-08-30 11:11:40 - [MESSAGE][PASSED] - Object: 'Object Repository/Pre-regist Covid/linktree/Page_Siloam Hospitals Registration Form/input_Alamat Email_email' is clicked on

2021-08-30 11:11:40 - [TEST_STEP][PASSED] - setText(findTestObject("Pre-regist Covid/linktree/Page_Siloam Hospitals Registration Form/input_Alamat Email_email"), Email): Text 'robot@testing.com' is set on object 'Object Repository/Pre-regist Covid/linktree/Page_Siloam Hospitals Registration Form/input_Alamat Email_email'

2021-08-30 11:11:41 - [MESSAGE][PASSED] - Text 'robot@testing.com' is set on object 'Object Repository/Pre-regist Covid/linktree/Page_Siloam Hospitals Registration Form/input_Alamat Email_email'

2021-08-30 11:11:41 - [TEST_STEP][PASSED] - delay(1): Delayed 1 second(s)

2021-08-30 11:11:42 - [MESSAGE][PASSED] - Delayed 1 second(s)

2021-08-30 11:11:42 - [TEST_STEP][PASSED] - click(findTestObject("Pre-regist Covid/linktree/Page_Siloam Hospitals Registration Form/input_Tanggal Kunjungan_appointment_date")): Object: 'Object Repository/Pre-regist Covid/linktree/Page_Siloam Hospitals Registration Form/input_Tanggal Kunjungan_appointment_date' is clicked on

2021-08-30 11:11:42 - [MESSAGE][PASSED] - Object: 'Object Repository/Pre-regist Covid/linktree/Page_Siloam Hospitals Registration Form/input_Tanggal Kunjungan_appointment_date' is clicked on

2021-08-30 11:11:42 - [TEST_STEP][PASSED] - if (TanggalKunjungan != "0"): Delayed 1 second(s)

2021-08-30 11:11:42 - [TEST_STEP][PASSED] - if (TanggalKunjungan == "1"): null

2021-08-30 11:11:42 - [TEST_STEP][PASSED] - else if (TanggalKunjungan == "2"): null

2021-08-30 11:11:42 - [TEST_STEP][PASSED] - else if (TanggalKunjungan == "3"): null

2021-08-30 11:11:42 - [TEST_STEP][PASSED] - else if (TanggalKunjungan == "4"): null

2021-08-30 11:11:42 - [TEST_STEP][PASSED] - else if (TanggalKunjungan == "5"): null

2021-08-30 11:11:42 - [TEST_STEP][PASSED] - else if (TanggalKunjungan == "6"): null

2021-08-30 11:11:42 - [TEST_STEP][PASSED] - else if (TanggalKunjungan == "7"): null

2021-08-30 11:11:42 - [TEST_STEP][PASSED] - else if (TanggalKunjungan == "8"): null

2021-08-30 11:11:42 - [TEST_STEP][PASSED] - else if (TanggalKunjungan == "9"): null

2021-08-30 11:11:42 - [TEST_STEP][PASSED] - else if (TanggalKunjungan == "10"): null

2021-08-30 11:11:42 - [TEST_STEP][PASSED] - else if (TanggalKunjungan == "11"): null

2021-08-30 11:11:42 - [TEST_STEP][PASSED] - else if (TanggalKunjungan == "12"): null

2021-08-30 11:11:42 - [TEST_STEP][PASSED] - else if (TanggalKunjungan == "13"): null

2021-08-30 11:11:42 - [TEST_STEP][PASSED] - else if (TanggalKunjungan == "14"): null

2021-08-30 11:11:42 - [TEST_STEP][PASSED] - else if (TanggalKunjungan == "15"): null

2021-08-30 11:11:42 - [TEST_STEP][PASSED] - else if (TanggalKunjungan == "16"): null

2021-08-30 11:11:42 - [TEST_STEP][PASSED] - else if (TanggalKunjungan == "17"): null

2021-08-30 11:11:42 - [TEST_STEP][PASSED] - else if (TanggalKunjungan == "18"): null

2021-08-30 11:11:42 - [TEST_STEP][PASSED] - else if (TanggalKunjungan == "19"): null

2021-08-30 11:11:42 - [TEST_STEP][PASSED] - else if (TanggalKunjungan == "20"): null

2021-08-30 11:11:42 - [TEST_STEP][PASSED] - else if (TanggalKunjungan == "21"): null

2021-08-30 11:11:42 - [TEST_STEP][PASSED] - else if (TanggalKunjungan == "22"): null

2021-08-30 11:11:42 - [TEST_STEP][PASSED] - else if (TanggalKunjungan == "23"): null

2021-08-30 11:11:42 - [TEST_STEP][PASSED] - else if (TanggalKunjungan == "24"): null

2021-08-30 11:11:42 - [TEST_STEP][PASSED] - else if (TanggalKunjungan == "25"): null

2021-08-30 11:11:42 - [TEST_STEP][PASSED] - else if (TanggalKunjungan == "26"): null

2021-08-30 11:11:42 - [TEST_STEP][PASSED] - else if (TanggalKunjungan == "27"): null

2021-08-30 11:11:42 - [TEST_STEP][PASSED] - else if (TanggalKunjungan == "28"): null

2021-08-30 11:11:42 - [TEST_STEP][PASSED] - else if (TanggalKunjungan == "29"): null

2021-08-30 11:11:42 - [TEST_STEP][PASSED] - else if (TanggalKunjungan == "30"): Delayed 1 second(s)

2021-08-30 11:11:42 - [TEST_STEP][PASSED] - click(findTestObject("Pre-regist Covid/linktree/Page_Siloam Hospitals Registration Form/Tanggal Agustus 2021/Tanggal 30")): Object: 'Object Repository/Pre-regist Covid/linktree/Page_Siloam Hospitals Registration Form/Tanggal Agustus 2021/Tanggal 30' is clicked on

2021-08-30 11:11:43 - [MESSAGE][PASSED] - Object: 'Object Repository/Pre-regist Covid/linktree/Page_Siloam Hospitals Registration Form/Tanggal Agustus 2021/Tanggal 30' is clicked on

2021-08-30 11:11:43 - [TEST_STEP][PASSED] - delay(1): Delayed 1 second(s)

2021-08-30 11:11:44 - [MESSAGE][PASSED] - Delayed 1 second(s)

2021-08-30 11:11:44 - [TEST_STEP][PASSED] - delay(1): Delayed 1 second(s)

2021-08-30 11:11:45 - [MESSAGE][PASSED] - Delayed 1 second(s)

2021-08-30 11:11:45 - [TEST_STEP][PASSED] - click(findTestObject("Pre-regist Covid/linktree/Page_Siloam Hospitals Registration Form/span_OK")): Object: 'Object Repository/Pre-regist Covid/linktree/Page_Siloam Hospitals Registration Form/span_OK' is clicked on

2021-08-30 11:11:45 - [MESSAGE][PASSED] - Object: 'Object Repository/Pre-regist Covid/linktree/Page_Siloam Hospitals Registration Form/span_OK' is clicked on

2021-08-30 11:11:45 - [TEST_STEP][PASSED] - delay(1): Delayed 1 second(s)

2021-08-30 11:11:46 - [MESSAGE][PASSED] - Delayed 1 second(s)

2021-08-30 11:11:46 - [TEST_STEP][PASSED] - click(findTestObject("Pre-regist Covid/linktree/Page_Siloam Hospitals Registration Form/WaktuKunjungan")): Object: 'Object Repository/Pre-regist Covid/linktree/Page_Siloam Hospitals Registration Form/WaktuKunjungan' is clicked on

2021-08-30 11:11:47 - [MESSAGE][PASSED] - Object: 'Object Repository/Pre-regist Covid/linktree/Page_Siloam Hospitals Registration Form/WaktuKunjungan' is clicked on

2021-08-30 11:11:47 - [TEST_STEP][PASSED] - click(findTestObject("Pre-regist Covid/linktree/Page_Siloam Hospitals Registration Form/sementara")): Object: 'Object Repository/Pre-regist Covid/linktree/Page_Siloam Hospitals Registration Form/sementara' is clicked on

2021-08-30 11:11:47 - [MESSAGE][PASSED] - Object: 'Object Repository/Pre-regist Covid/linktree/Page_Siloam Hospitals Registration Form/sementara' is clicked on

2021-08-30 11:11:47 - [TEST_STEP][PASSED] - delay(1): Delayed 1 second(s)

2021-08-30 11:11:48 - [MESSAGE][PASSED] - Delayed 1 second(s)

2021-08-30 11:11:48 - [TEST_STEP][PASSED] - click(findTestObject("Pre-regist Covid/linktree/Page_Siloam Hospitals Registration Form/Cara Pembayaran")): Object: 'Object Repository/Pre-regist Covid/linktree/Page_Siloam Hospitals Registration Form/Cara Pembayaran' is clicked on

2021-08-30 11:11:49 - [MESSAGE][PASSED] - Object: 'Object Repository/Pre-regist Covid/linktree/Page_Siloam Hospitals Registration Form/Cara Pembayaran' is clicked on

2021-08-30 11:11:49 - [TEST_STEP][PASSED] - if (CaraPembayaran == "Jaminan"): Delayed 2 second(s)

2021-08-30 11:11:49 - [TEST_STEP][PASSED] - click(findTestObject("Pre-regist Covid/linktree/Page_Siloam Hospitals Registration Form/Jaminan")): Object: 'Object Repository/Pre-regist Covid/linktree/Page_Siloam Hospitals Registration Form/Jaminan' is clicked on

2021-08-30 11:11:49 - [MESSAGE][PASSED] - Object: 'Object Repository/Pre-regist Covid/linktree/Page_Siloam Hospitals Registration Form/Jaminan' is clicked on

2021-08-30 11:11:49 - [TEST_STEP][PASSED] - delay(1): Delayed 1 second(s)

2021-08-30 11:11:50 - [MESSAGE][PASSED] - Delayed 1 second(s)

2021-08-30 11:11:50 - [TEST_STEP][PASSED] - click(findTestObject("Pre-regist Covid/linktree/Page_Siloam Hospitals Registration Form/input_Nama PenjaminPerusahaan_payer")): Object: 'Object Repository/Pre-regist Covid/linktree/Page_Siloam Hospitals Registration Form/input_Nama PenjaminPerusahaan_payer' is clicked on

2021-08-30 11:11:51 - [MESSAGE][PASSED] - Object: 'Object Repository/Pre-regist Covid/linktree/Page_Siloam Hospitals Registration Form/input_Nama PenjaminPerusahaan_payer' is clicked on

2021-08-30 11:11:51 - [TEST_STEP][PASSED] - setText(findTestObject("Pre-regist Covid/linktree/Page_Siloam Hospitals Registration Form/input_Nama PenjaminPerusahaan_payer"), NamaPenjamin): Text 'penjamin' is set on object 'Object Repository/Pre-regist Covid/linktree/Page_Siloam Hospitals Registration Form/input_Nama PenjaminPerusahaan_payer'

2021-08-30 11:11:51 - [MESSAGE][PASSED] - Text 'penjamin' is set on object 'Object Repository/Pre-regist Covid/linktree/Page_Siloam Hospitals Registration Form/input_Nama PenjaminPerusahaan_payer'

2021-08-30 11:11:51 - [TEST_STEP][PASSED] - delay(2): Delayed 2 second(s)

2021-08-30 11:11:53 - [MESSAGE][PASSED] - Delayed 2 second(s)

2021-08-30 11:11:53 - [TEST_STEP][PASSED] - uploadFile(findTestObject("Pre-regist Covid/linktree/Page_Siloam Hospitals Registration Form/Upload surat jaminan"), "D:\MySiloam\Upload foto\download.jpg"): File 'D:\MySiloam\Upload foto\download.jpg' sent to object: 'Object Repository/Pre-regist Covid/linktree/Page_Siloam Hospitals Registration Form/Upload surat jaminan'

2021-08-30 11:11:54 - [MESSAGE][PASSED] - File 'D:\MySiloam\Upload foto\download.jpg' sent to object: 'Object Repository/Pre-regist Covid/linktree/Page_Siloam Hospitals Registration Form/Upload surat jaminan'

2021-08-30 11:11:54 - [TEST_STEP][PASSED] - delay(2): Delayed 2 second(s)

2021-08-30 11:11:56 - [MESSAGE][PASSED] - Delayed 2 second(s)

2021-08-30 11:11:56 - [TEST_STEP][PASSED] - if (PernahBerobat == "Tidak"): null

2021-08-30 11:11:56 - [TEST_STEP][PASSED] - else: Delayed 1 second(s)

2021-08-30 11:11:56 - [TEST_STEP][PASSED] - click(findTestObject("Pre-regist Covid/linktree/Page_Siloam Hospitals Registration Form/Pernahberobat")): Object: 'Object Repository/Pre-regist Covid/linktree/Page_Siloam Hospitals Registration Form/Pernahberobat' is clicked on

2021-08-30 11:11:56 - [MESSAGE][PASSED] - Object: 'Object Repository/Pre-regist Covid/linktree/Page_Siloam Hospitals Registration Form/Pernahberobat' is clicked on

2021-08-30 11:11:56 - [TEST_STEP][PASSED] - delay(1): Delayed 1 second(s)

2021-08-30 11:11:57 - [MESSAGE][PASSED] - Delayed 1 second(s)

2021-08-30 11:11:57 - [TEST_STEP][PASSED] - click(findTestObject("Pre-regist Covid/linktree/Page_Siloam Hospitals Registration Form/span_Data pasien sama dengan data pemesan")): Object: 'Object Repository/Pre-regist Covid/linktree/Page_Siloam Hospitals Registration Form/span_Data pasien sama dengan data pemesan' is clicked on

2021-08-30 11:11:58 - [MESSAGE][PASSED] - Object: 'Object Repository/Pre-regist Covid/linktree/Page_Siloam Hospitals Registration Form/span_Data pasien sama dengan data pemesan' is clicked on

2021-08-30 11:11:58 - [TEST_STEP][PASSED] - delay(2): Delayed 2 second(s)

2021-08-30 11:12:00 - [MESSAGE][PASSED] - Delayed 2 second(s)

2021-08-30 11:12:00 - [TEST_STEP][PASSED] - delay(1): Delayed 1 second(s)

2021-08-30 11:12:01 - [MESSAGE][PASSED] - Delayed 1 second(s)

2021-08-30 11:12:01 - [TEST_STEP][PASSED] - scrollToElement(findTestObject("Pre-regist Covid/linktree/Page_Siloam Hospitals Registration Form/input_Nomor Kartu Identitas_identity_number"), 30): Scroll to object 'Object Repository/Pre-regist Covid/linktree/Page_Siloam Hospitals Registration Form/input_Nomor Kartu Identitas_identity_number' successfully

2021-08-30 11:12:01 - [MESSAGE][PASSED] - Scroll to object 'Object Repository/Pre-regist Covid/linktree/Page_Siloam Hospitals Registration Form/input_Nomor Kartu Identitas_identity_number' successfully

2021-08-30 11:12:01 - [TEST_STEP][PASSED] - delay(1): Delayed 1 second(s)

2021-08-30 11:12:02 - [MESSAGE][PASSED] - Delayed 1 second(s)

2021-08-30 11:12:02 - [TEST_STEP][PASSED] - click(findTestObject("Pre-regist Covid/linktree/Page_Siloam Hospitals Registration Form/Kartu identitas")): Object: 'Object Repository/Pre-regist Covid/linktree/Page_Siloam Hospitals Registration Form/Kartu identitas' is clicked on

2021-08-30 11:12:02 - [MESSAGE][PASSED] - Object: 'Object Repository/Pre-regist Covid/linktree/Page_Siloam Hospitals Registration Form/Kartu identitas' is clicked on

2021-08-30 11:12:02 - [TEST_STEP][PASSED] - if (Identitas == "KTP"): Text '4763284724783240' is set on object 'Object Repository/Pre-regist Covid/linktree/Page_Siloam Hospitals Registration Form/input_Nomor Kartu Identitas_identity_number'

2021-08-30 11:12:02 - [TEST_STEP][PASSED] - click(findTestObject("Pre-regist Covid/linktree/Page_Siloam Hospitals Registration Form/identitas_KTP")): Object: 'Object Repository/Pre-regist Covid/linktree/Page_Siloam Hospitals Registration Form/identitas_KTP' is clicked on

2021-08-30 11:12:03 - [MESSAGE][PASSED] - Object: 'Object Repository/Pre-regist Covid/linktree/Page_Siloam Hospitals Registration Form/identitas_KTP' is clicked on

2021-08-30 11:12:03 - [TEST_STEP][PASSED] - setText(findTestObject("Pre-regist Covid/linktree/Page_Siloam Hospitals Registration Form/input_Nomor Kartu Identitas_identity_number"), NoIdentitas): Text '4763284724783240' is set on object 'Object Repository/Pre-regist Covid/linktree/Page_Siloam Hospitals Registration Form/input_Nomor Kartu Identitas_identity_number'

2021-08-30 11:12:04 - [MESSAGE][PASSED] - Text '4763284724783240' is set on object 'Object Repository/Pre-regist Covid/linktree/Page_Siloam Hospitals Registration Form/input_Nomor Kartu Identitas_identity_number'

2021-08-30 11:12:04 - [TEST_STEP][PASSED] - delay(2): Delayed 2 second(s)

2021-08-30 11:12:06 - [MESSAGE][PASSED] - Delayed 2 second(s)

2021-08-30 11:12:06 - [TEST_STEP][PASSED] - uploadFile(findTestObject("Pre-regist Covid/linktree/Page_Siloam Hospitals Registration Form/upload foto katru identitas"), "D:\MySiloam\Upload foto\download.jpg"): File 'D:\MySiloam\Upload foto\download.jpg' sent to object: 'Object Repository/Pre-regist Covid/linktree/Page_Siloam Hospitals Registration Form/upload foto katru identitas'

2021-08-30 11:12:07 - [MESSAGE][PASSED] - File 'D:\MySiloam\Upload foto\download.jpg' sent to object: 'Object Repository/Pre-regist Covid/linktree/Page_Siloam Hospitals Registration Form/upload foto katru identitas'

2021-08-30 11:12:07 - [TEST_STEP][PASSED] - delay(2): Delayed 2 second(s)

2021-08-30 11:12:09 - [MESSAGE][PASSED] - Delayed 2 second(s)

2021-08-30 11:12:09 - [TEST_STEP][PASSED] - if (PernahBerobat == "Tidak"): null

2021-08-30 11:12:09 - [TEST_STEP][PASSED] - else: Object: 'Object Repository/Pre-regist Covid/linktree/Page_Siloam Hospitals Registration Form/button_Lanjut data diri' is clicked on

2021-08-30 11:12:09 - [TEST_STEP][PASSED] - delay(1): Delayed 1 second(s)

2021-08-30 11:12:10 - [MESSAGE][PASSED] - Delayed 1 second(s)

2021-08-30 11:12:10 - [TEST_STEP][PASSED] - click(findTestObject("Pre-regist Covid/linktree/Page_Siloam Hospitals Registration Form/input_Tanggal Lahir")): Object: 'Object Repository/Pre-regist Covid/linktree/Page_Siloam Hospitals Registration Form/input_Tanggal Lahir' is clicked on

2021-08-30 11:12:10 - [MESSAGE][PASSED] - Object: 'Object Repository/Pre-regist Covid/linktree/Page_Siloam Hospitals Registration Form/input_Tanggal Lahir' is clicked on

2021-08-30 11:12:10 - [TEST_STEP][PASSED] - setText(findTestObject("Pre-regist Covid/linktree/Page_Siloam Hospitals Registration Form/input_Tanggal Lahir"), TanggalLahir): Text '11111991' is set on object 'Object Repository/Pre-regist Covid/linktree/Page_Siloam Hospitals Registration Form/input_Tanggal Lahir'

2021-08-30 11:12:11 - [MESSAGE][PASSED] - Text '11111991' is set on object 'Object Repository/Pre-regist Covid/linktree/Page_Siloam Hospitals Registration Form/input_Tanggal Lahir'

2021-08-30 11:12:11 - [TEST_STEP][PASSED] - delay(1): Delayed 1 second(s)

2021-08-30 11:12:12 - [MESSAGE][PASSED] - Delayed 1 second(s)

2021-08-30 11:12:12 - [TEST_STEP][PASSED] - click(findTestObject("Pre-regist Covid/linktree/Page_Siloam Hospitals Registration Form/input_Nama Keluarga_agreeToTerms")): Object: 'Object Repository/Pre-regist Covid/linktree/Page_Siloam Hospitals Registration Form/input_Nama Keluarga_agreeToTerms' is clicked on

2021-08-30 11:12:13 - [MESSAGE][PASSED] - Object: 'Object Repository/Pre-regist Covid/linktree/Page_Siloam Hospitals Registration Form/input_Nama Keluarga_agreeToTerms' is clicked on

2021-08-30 11:12:13 - [TEST_STEP][PASSED] - scrollToPosition(9999999, 9999999): Browser is scrolled to position x = 9999999, y = 9999999

2021-08-30 11:12:13 - [MESSAGE][PASSED] - Browser is scrolled to position x = 9999999, y = 9999999

2021-08-30 11:12:13 - [TEST_STEP][PASSED] - delay(1): Delayed 1 second(s)

2021-08-30 11:12:14 - [MESSAGE][PASSED] - Delayed 1 second(s)

2021-08-30 11:12:14 - [TEST_STEP][PASSED] - click(findTestObject("Pre-regist Covid/linktree/Page_Siloam Hospitals Registration Form/button_Lanjut data diri")): Object: 'Object Repository/Pre-regist Covid/linktree/Page_Siloam Hospitals Registration Form/button_Lanjut data diri' is clicked on

2021-08-30 11:12:14 - [MESSAGE][PASSED] - Object: 'Object Repository/Pre-regist Covid/linktree/Page_Siloam Hospitals Registration Form/button_Lanjut data diri' is clicked on

2021-08-30 11:12:14 - [TEST_STEP][NOT_RUN] - delay(2): NOT_RUN: delay(2)

2021-08-30 11:12:14 - [MESSAGE][NOT_RUN] - NOT_RUN: delay(2)

2021-08-30 11:12:14 - [TEST_STEP][NOT_RUN] - waitForElementVisible(findTestObject("Pre-regist Covid/linktree/Page_Siloam Hospitals Registration Form/tujuan pemeriksaan"), 30): NOT_RUN: waitForElementVisible(findTestObject("Pre-regist Covid/linktree/Page_Siloam Hospitals Registration Form/tujuan pemeriksaan"), 30)

2021-08-30 11:12:14 - [MESSAGE][NOT_RUN] - NOT_RUN: waitForElementVisible(findTestObject("Pre-regist Covid/linktree/Page_Siloam Hospitals Registration Form/tujuan pemeriksaan"), 30)

2021-08-30 11:12:14 - [TEST_STEP][NOT_RUN] - delay(1): NOT_RUN: delay(1)

2021-08-30 11:12:14 - [MESSAGE][NOT_RUN] - NOT_RUN: delay(1)

2021-08-30 11:12:14 - [TEST_STEP][NOT_RUN] - scrollToElement(findTestObject("Pre-regist Covid/linktree/Page_Siloam Hospitals Registration Form/tujuan pemeriksaan"), 20): NOT_RUN: scrollToElement(findTestObject("Pre-regist Covid/linktree/Page_Siloam Hospitals Registration Form/tujuan pemeriksaan"), 20)

2021-08-30 11:12:14 - [MESSAGE][NOT_RUN] - NOT_RUN: scrollToElement(findTestObject("Pre-regist Covid/linktree/Page_Siloam Hospitals Registration Form/tujuan pemeriksaan"), 20)

2021-08-30 11:12:14 - [TEST_STEP][NOT_RUN] - if (TujuanPemeriksaan == "Rencana tindakan"): NOT_RUN: if (TujuanPemeriksaan == "Rencana tindakan")

2021-08-30 11:12:14 - [MESSAGE][NOT_RUN] - NOT_RUN: if (TujuanPemeriksaan == "Rencana tindakan")

2021-08-30 11:12:14 - [TEST_STEP][NOT_RUN] - delay(1): NOT_RUN: delay(1)

2021-08-30 11:12:14 - [MESSAGE][NOT_RUN] - NOT_RUN: delay(1)

2021-08-30 11:12:14 - [TEST_STEP][NOT_RUN] - scrollToElement(findTestObject("Pre-regist Covid/linktree/Page_Siloam Hospitals Registration Form/input_Pekerjaan_occupation"), 30): NOT_RUN: scrollToElement(findTestObject("Pre-regist Covid/linktree/Page_Siloam Hospitals Registration Form/input_Pekerjaan_occupation"), 30)

2021-08-30 11:12:14 - [MESSAGE][NOT_RUN] - NOT_RUN: scrollToElement(findTestObject("Pre-regist Covid/linktree/Page_Siloam Hospitals Registration Form/input_Pekerjaan_occupation"), 30)

2021-08-30 11:12:14 - [TEST_STEP][NOT_RUN] - waitForElementVisible(findTestObject("Pre-regist Covid/linktree/Page_Siloam Hospitals Registration Form/input_Pekerjaan_occupation"), 30): NOT_RUN: waitForElementVisible(findTestObject("Pre-regist Covid/linktree/Page_Siloam Hospitals Registration Form/input_Pekerjaan_occupation"), 30)

2021-08-30 11:12:14 - [MESSAGE][NOT_RUN] - NOT_RUN: waitForElementVisible(findTestObject("Pre-regist Covid/linktree/Page_Siloam Hospitals Registration Form/input_Pekerjaan_occupation"), 30)

2021-08-30 11:12:14 - [TEST_STEP][NOT_RUN] - setText(findTestObject("Pre-regist Covid/linktree/Page_Siloam Hospitals Registration Form/input_Pekerjaan_occupation"), Pekerjaan): NOT_RUN: setText(findTestObject("Pre-regist Covid/linktree/Page_Siloam Hospitals Registration Form/input_Pekerjaan_occupation"), Pekerjaan)

2021-08-30 11:12:14 - [MESSAGE][NOT_RUN] - NOT_RUN: setText(findTestObject("Pre-regist Covid/linktree/Page_Siloam Hospitals Registration Form/input_Pekerjaan_occupation"), Pekerjaan)

2021-08-30 11:12:14 - [TEST_STEP][NOT_RUN] - setText(findTestObject("Pre-regist Covid/linktree/Page_Siloam Hospitals Registration Form/input_Nama Orang Tua_parent_name"), Namaortu): NOT_RUN: setText(findTestObject("Pre-regist Covid/linktree/Page_Siloam Hospitals Registration Form/input_Nama Orang Tua_parent_name"), Namaortu)

2021-08-30 11:12:14 - [MESSAGE][NOT_RUN] - NOT_RUN: setText(findTestObject("Pre-regist Covid/linktree/Page_Siloam Hospitals Registration Form/input_Nama Orang Tua_parent_name"), Namaortu)

2021-08-30 11:12:14 - [TEST_STEP][NOT_RUN] - delay(1): NOT_RUN: delay(1)

2021-08-30 11:12:14 - [MESSAGE][NOT_RUN] - NOT_RUN: delay(1)

2021-08-30 11:12:14 - [TEST_STEP][NOT_RUN] - if (PernahBerobat == "Pernah"): NOT_RUN: if (PernahBerobat == "Pernah")

2021-08-30 11:12:14 - [MESSAGE][NOT_RUN] - NOT_RUN: if (PernahBerobat == "Pernah")

2021-08-30 11:12:14 - [TEST_STEP][NOT_RUN] - click(findTestObject("Pre-regist Covid/linktree/Page_Siloam Hospitals Registration Form/Klik provinsi")): NOT_RUN: click(findTestObject("Pre-regist Covid/linktree/Page_Siloam Hospitals Registration Form/Klik provinsi"))

2021-08-30 11:12:14 - [MESSAGE][NOT_RUN] - NOT_RUN: click(findTestObject("Pre-regist Covid/linktree/Page_Siloam Hospitals Registration Form/Klik provinsi"))

2021-08-30 11:12:14 - [TEST_STEP][NOT_RUN] - setText(findTestObject("Pre-regist Covid/linktree/Page_Siloam Hospitals Registration Form/input_Provinsi_state_id"), Provinsi): NOT_RUN: setText(findTestObject("Pre-regist Covid/linktree/Page_Siloam Hospitals Registration Form/input_Provinsi_state_id"), Provinsi)

2021-08-30 11:12:14 - [MESSAGE][NOT_RUN] - NOT_RUN: setText(findTestObject("Pre-regist Covid/linktree/Page_Siloam Hospitals Registration Form/input_Provinsi_state_id"), Provinsi)

2021-08-30 11:12:14 - [TEST_STEP][NOT_RUN] - click(findTestObject("Pre-regist Covid/linktree/Page_Siloam Hospitals Registration Form/Pilih provinsi")): NOT_RUN: click(findTestObject("Pre-regist Covid/linktree/Page_Siloam Hospitals Registration Form/Pilih provinsi"))

2021-08-30 11:12:14 - [MESSAGE][NOT_RUN] - NOT_RUN: click(findTestObject("Pre-regist Covid/linktree/Page_Siloam Hospitals Registration Form/Pilih provinsi"))

2021-08-30 11:12:14 - [TEST_STEP][NOT_RUN] - delay(1): NOT_RUN: delay(1)

2021-08-30 11:12:14 - [MESSAGE][NOT_RUN] - NOT_RUN: delay(1)

2021-08-30 11:12:14 - [TEST_STEP][NOT_RUN] - setText(findTestObject("Pre-regist Covid/linktree/Page_Siloam Hospitals Registration Form/input_RT_rt_number"), RT): NOT_RUN: setText(findTestObject("Pre-regist Covid/linktree/Page_Siloam Hospitals Registration Form/input_RT_rt_number"), RT)

2021-08-30 11:12:14 - [MESSAGE][NOT_RUN] - NOT_RUN: setText(findTestObject("Pre-regist Covid/linktree/Page_Siloam Hospitals Registration Form/input_RT_rt_number"), RT)

2021-08-30 11:12:14 - [TEST_STEP][NOT_RUN] - setText(findTestObject("Pre-regist Covid/linktree/Page_Siloam Hospitals Registration Form/input_RW_rw_number"), RW): NOT_RUN: setText(findTestObject("Pre-regist Covid/linktree/Page_Siloam Hospitals Registration Form/input_RW_rw_number"), RW)

2021-08-30 11:12:14 - [MESSAGE][NOT_RUN] - NOT_RUN: setText(findTestObject("Pre-regist Covid/linktree/Page_Siloam Hospitals Registration Form/input_RW_rw_number"), RW)

2021-08-30 11:12:14 - [TEST_STEP][NOT_RUN] - click(findTestObject("Pre-regist Covid/linktree/Page_Siloam Hospitals Registration Form/Pertanyaan pemeriksaan/Pertanyaan 1 Tidak")): NOT_RUN: click(findTestObject("Pre-regist Covid/linktree/Page_Siloam Hospitals Registration Form/Pertanyaan pemeriksaan/Pertanyaan 1 Tidak"))

2021-08-30 11:12:14 - [MESSAGE][NOT_RUN] - NOT_RUN: click(findTestObject("Pre-regist Covid/linktree/Page_Siloam Hospitals Registration Form/Pertanyaan pemeriksaan/Pertanyaan 1 Tidak"))

2021-08-30 11:12:14 - [TEST_STEP][NOT_RUN] - click(findTestObject("Pre-regist Covid/linktree/Page_Siloam Hospitals Registration Form/Pertanyaan pemeriksaan/Pertanyaan 2 Tidak")): NOT_RUN: click(findTestObject("Pre-regist Covid/linktree/Page_Siloam Hospitals Registration Form/Pertanyaan pemeriksaan/Pertanyaan 2 Tidak"))

2021-08-30 11:12:14 - [MESSAGE][NOT_RUN] - NOT_RUN: click(findTestObject("Pre-regist Covid/linktree/Page_Siloam Hospitals Registration Form/Pertanyaan pemeriksaan/Pertanyaan 2 Tidak"))

2021-08-30 11:12:14 - [TEST_STEP][NOT_RUN] - click(findTestObject("Pre-regist Covid/linktree/Page_Siloam Hospitals Registration Form/Pertanyaan pemeriksaan/Pertanyaan 3 Tidak")): NOT_RUN: click(findTestObject("Pre-regist Covid/linktree/Page_Siloam Hospitals Registration Form/Pertanyaan pemeriksaan/Pertanyaan 3 Tidak"))

2021-08-30 11:12:14 - [MESSAGE][NOT_RUN] - NOT_RUN: click(findTestObject("Pre-regist Covid/linktree/Page_Siloam Hospitals Registration Form/Pertanyaan pemeriksaan/Pertanyaan 3 Tidak"))

2021-08-30 11:12:14 - [TEST_STEP][NOT_RUN] - click(findTestObject("Pre-regist Covid/linktree/Page_Siloam Hospitals Registration Form/Pertanyaan pemeriksaan/Pertanyaan 4 Tidak")): NOT_RUN: click(findTestObject("Pre-regist Covid/linktree/Page_Siloam Hospitals Registration Form/Pertanyaan pemeriksaan/Pertanyaan 4 Tidak"))

2021-08-30 11:12:14 - [MESSAGE][NOT_RUN] - NOT_RUN: click(findTestObject("Pre-regist Covid/linktree/Page_Siloam Hospitals Registration Form/Pertanyaan pemeriksaan/Pertanyaan 4 Tidak"))

2021-08-30 11:12:14 - [TEST_STEP][NOT_RUN] - scrollToPosition(9999999, 9999999): NOT_RUN: scrollToPosition(9999999, 9999999)

2021-08-30 11:12:14 - [MESSAGE][NOT_RUN] - NOT_RUN: scrollToPosition(9999999, 9999999)

2021-08-30 11:12:14 - [TEST_STEP][NOT_RUN] - delay(2): NOT_RUN: delay(2)

2021-08-30 11:12:14 - [MESSAGE][NOT_RUN] - NOT_RUN: delay(2)

2021-08-30 11:12:14 - [TEST_STEP][NOT_RUN] - click(findTestObject("Pre-regist Covid/linktree/Page_Siloam Hospitals Registration Form/button_lanjut PE form")): NOT_RUN: click(findTestObject("Pre-regist Covid/linktree/Page_Siloam Hospitals Registration Form/button_lanjut PE form"))

2021-08-30 11:12:14 - [MESSAGE][NOT_RUN] - NOT_RUN: click(findTestObject("Pre-regist Covid/linktree/Page_Siloam Hospitals Registration Form/button_lanjut PE form"))

2021-08-30 11:12:14 - [TEST_STEP][NOT_RUN] - delay(1): NOT_RUN: delay(1)

2021-08-30 11:12:14 - [MESSAGE][NOT_RUN] - NOT_RUN: delay(1)

2021-08-30 11:12:14 - [TEST_STEP][NOT_RUN] - waitForElementVisible(findTestObject("Pre-regist Covid/linktree/Page_Siloam Hospitals Registration Form/header pembayaran"), 120): NOT_RUN: waitForElementVisible(findTestObject("Pre-regist Covid/linktree/Page_Siloam Hospitals Registration Form/header pembayaran"), 120)

2021-08-30 11:12:14 - [MESSAGE][NOT_RUN] - NOT_RUN: waitForElementVisible(findTestObject("Pre-regist Covid/linktree/Page_Siloam Hospitals Registration Form/header pembayaran"), 120)

2021-08-30 11:12:14 - [TEST_STEP][NOT_RUN] - scrollToPosition(9999999, 9999999): NOT_RUN: scrollToPosition(9999999, 9999999)

2021-08-30 11:12:14 - [MESSAGE][NOT_RUN] - NOT_RUN: scrollToPosition(9999999, 9999999)

2021-08-30 11:12:14 - [TEST_STEP][NOT_RUN] - click(findTestObject("Pre-regist Covid/linktree/Page_Siloam Hospitals Registration Form/isAgree")): NOT_RUN: click(findTestObject("Pre-regist Covid/linktree/Page_Siloam Hospitals Registration Form/isAgree"))

2021-08-30 11:12:14 - [MESSAGE][NOT_RUN] - NOT_RUN: click(findTestObject("Pre-regist Covid/linktree/Page_Siloam Hospitals Registration Form/isAgree"))

2021-08-30 11:12:14 - [TEST_STEP][NOT_RUN] - click(findTestObject("Pre-regist Covid/linktree/Page_Siloam Hospitals Registration Form/isConsent")): NOT_RUN: click(findTestObject("Pre-regist Covid/linktree/Page_Siloam Hospitals Registration Form/isConsent"))

2021-08-30 11:12:14 - [MESSAGE][NOT_RUN] - NOT_RUN: click(findTestObject("Pre-regist Covid/linktree/Page_Siloam Hospitals Registration Form/isConsent"))

2021-08-30 11:12:14 - [TEST_STEP][NOT_RUN] - delay(1): NOT_RUN: delay(1)

2021-08-30 11:12:14 - [MESSAGE][NOT_RUN] - NOT_RUN: delay(1)

2021-08-30 11:12:14 - [TEST_STEP][NOT_RUN] - click(findTestObject("Pre-regist Covid/linktree/Page_Siloam Hospitals Registration Form/button_Kirim")): NOT_RUN: click(findTestObject("Pre-regist Covid/linktree/Page_Siloam Hospitals Registration Form/button_Kirim"))

2021-08-30 11:12:14 - [MESSAGE][NOT_RUN] - NOT_RUN: click(findTestObject("Pre-regist Covid/linktree/Page_Siloam Hospitals Registration Form/button_Kirim"))

2021-08-30 11:12:14 - [TEST_STEP][NOT_RUN] - waitForElementVisible(findTestObject("Pre-regist Covid/linktree/Page_Siloam Hospitals Registration Form/terima kasih"), 120): NOT_RUN: waitForElementVisible(findTestObject("Pre-regist Covid/linktree/Page_Siloam Hospitals Registration Form/terima kasih"), 120)

2021-08-30 11:12:14 - [MESSAGE][NOT_RUN] - NOT_RUN: waitForElementVisible(findTestObject("Pre-regist Covid/linktree/Page_Siloam Hospitals Registration Form/terima kasih"), 120)

2021-08-30 11:12:14 - [TEST_STEP][NOT_RUN] - delay(3): NOT_RUN: delay(3)

2021-08-30 11:12:14 - [MESSAGE][NOT_RUN] - NOT_RUN: delay(3)

2021-08-30 11:12:14 - [TEST_STEP][NOT_RUN] - KodeBooking = getText(findTestObject("Pre-regist Covid/linktree/Page_Siloam Hospitals Registration Form/kode booking")): NOT_RUN: KodeBooking = getText(findTestObject("Pre-regist Covid/linktree/Page_Siloam Hospitals Registration Form/kode booking"))

2021-08-30 11:12:14 - [MESSAGE][NOT_RUN] - NOT_RUN: KodeBooking = getText(findTestObject("Pre-regist Covid/linktree/Page_Siloam Hospitals Registration Form/kode booking"))

2021-08-30 11:12:14 - [TEST_STEP][NOT_RUN] - println("Kode Booking : " + KodeBooking): NOT_RUN: println("Kode Booking : " + KodeBooking)

2021-08-30 11:12:14 - [MESSAGE][NOT_RUN] - NOT_RUN: println("Kode Booking : " + KodeBooking)

2021-08-30 11:12:14 - [TEST_STEP][NOT_RUN] - delay(5): NOT_RUN: delay(5)

2021-08-30 11:12:14 - [MESSAGE][NOT_RUN] - NOT_RUN: delay(5)

2021-08-30 11:12:14 - [TEST_STEP][NOT_RUN] - navigateToUrl("http://10.85.139.100:5678/pre-registration"): NOT_RUN: navigateToUrl("http://10.85.139.100:5678/pre-registration")

2021-08-30 11:12:14 - [MESSAGE][NOT_RUN] - NOT_RUN: navigateToUrl("http://10.85.139.100:5678/pre-registration")

2021-08-30 11:12:14 - [TEST_STEP][NOT_RUN] - waitForElementVisible(findTestObject("Pre-regist Covid/Front Office OPD/Button login FO"), 30): NOT_RUN: waitForElementVisible(findTestObject("Pre-regist Covid/Front Office OPD/Button login FO"), 30)

2021-08-30 11:12:14 - [MESSAGE][NOT_RUN] - NOT_RUN: waitForElementVisible(findTestObject("Pre-regist Covid/Front Office OPD/Button login FO"), 30)

2021-08-30 11:12:14 - [TEST_STEP][NOT_RUN] - delay(2): NOT_RUN: delay(2)

2021-08-30 11:12:14 - [MESSAGE][NOT_RUN] - NOT_RUN: delay(2)

2021-08-30 11:12:14 - [TEST_STEP][NOT_RUN] - setText(findTestObject("Pre-regist Covid/Front Office OPD/input username FO"), Username): NOT_RUN: setText(findTestObject("Pre-regist Covid/Front Office OPD/input username FO"), Username)

2021-08-30 11:12:14 - [MESSAGE][NOT_RUN] - NOT_RUN: setText(findTestObject("Pre-regist Covid/Front Office OPD/input username FO"), Username)

2021-08-30 11:12:14 - [TEST_STEP][NOT_RUN] - setText(findTestObject("Pre-regist Covid/Front Office OPD/input password FO"), Password): NOT_RUN: setText(findTestObject("Pre-regist Covid/Front Office OPD/input password FO"), Password)

2021-08-30 11:12:14 - [MESSAGE][NOT_RUN] - NOT_RUN: setText(findTestObject("Pre-regist Covid/Front Office OPD/input password FO"), Password)

2021-08-30 11:12:14 - [TEST_STEP][NOT_RUN] - click(findTestObject("Pre-regist Covid/Front Office OPD/Button login FO")): NOT_RUN: click(findTestObject("Pre-regist Covid/Front Office OPD/Button login FO"))

2021-08-30 11:12:14 - [MESSAGE][NOT_RUN] - NOT_RUN: click(findTestObject("Pre-regist Covid/Front Office OPD/Button login FO"))

2021-08-30 11:12:14 - [TEST_STEP][NOT_RUN] - delay(2): NOT_RUN: delay(2)

2021-08-30 11:12:14 - [MESSAGE][NOT_RUN] - NOT_RUN: delay(2)

2021-08-30 11:12:14 - [TEST_STEP][NOT_RUN] - waitForPageLoad(30, STOP_ON_FAILURE): NOT_RUN: waitForPageLoad(30, STOP_ON_FAILURE)

2021-08-30 11:12:14 - [MESSAGE][NOT_RUN] - NOT_RUN: waitForPageLoad(30, STOP_ON_FAILURE)

2021-08-30 11:12:14 - [TEST_STEP][NOT_RUN] - waitForElementVisible(findTestObject("Pre-regist Covid/Front Office OPD/delete tanggal"), 120): NOT_RUN: waitForElementVisible(findTestObject("Pre-regist Covid/Front Office OPD/delete tanggal"), 120)

2021-08-30 11:12:14 - [MESSAGE][NOT_RUN] - NOT_RUN: waitForElementVisible(findTestObject("Pre-regist Covid/Front Office OPD/delete tanggal"), 120)

2021-08-30 11:12:14 - [TEST_STEP][NOT_RUN] - click(findTestObject("Pre-regist Covid/Front Office OPD/delete tanggal"), STOP_ON_FAILURE): NOT_RUN: click(findTestObject("Pre-regist Covid/Front Office OPD/delete tanggal"), STOP_ON_FAILURE)

2021-08-30 11:12:14 - [MESSAGE][NOT_RUN] - NOT_RUN: click(findTestObject("Pre-regist Covid/Front Office OPD/delete tanggal"), STOP_ON_FAILURE)

2021-08-30 11:12:14 - [TEST_STEP][NOT_RUN] - delay(1): NOT_RUN: delay(1)

2021-08-30 11:12:14 - [MESSAGE][NOT_RUN] - NOT_RUN: delay(1)

2021-08-30 11:12:14 - [TEST_STEP][NOT_RUN] - setText(findTestObject("Pre-regist Covid/Front Office OPD/input tanggak"), TanggalFO): NOT_RUN: setText(findTestObject("Pre-regist Covid/Front Office OPD/input tanggak"), TanggalFO)

2021-08-30 11:12:14 - [MESSAGE][NOT_RUN] - NOT_RUN: setText(findTestObject("Pre-regist Covid/Front Office OPD/input tanggak"), TanggalFO)

2021-08-30 11:12:14 - [TEST_STEP][NOT_RUN] - delay(2): NOT_RUN: delay(2)

2021-08-30 11:12:14 - [MESSAGE][NOT_RUN] - NOT_RUN: delay(2)

2021-08-30 11:12:14 - [TEST_STEP][NOT_RUN] - setText(findTestObject("Pre-regist Covid/Front Office OPD/input kode booking"), KodeBooking): NOT_RUN: setText(findTestObject("Pre-regist Covid/Front Office OPD/input kode booking"), KodeBooking)

2021-08-30 11:12:14 - [MESSAGE][NOT_RUN] - NOT_RUN: setText(findTestObject("Pre-regist Covid/Front Office OPD/input kode booking"), KodeBooking)

2021-08-30 11:12:14 - [TEST_STEP][NOT_RUN] - delay(1): NOT_RUN: delay(1)

2021-08-30 11:12:14 - [MESSAGE][NOT_RUN] - NOT_RUN: delay(1)

2021-08-30 11:12:14 - [TEST_STEP][NOT_RUN] - click(findTestObject("Pre-regist Covid/linktree/Page_Siloam Hospitals Registration Form/confrim kode booking")): NOT_RUN: click(findTestObject("Pre-regist Covid/linktree/Page_Siloam Hospitals Registration Form/confrim kode booking"))

2021-08-30 11:12:14 - [MESSAGE][NOT_RUN] - NOT_RUN: click(findTestObject("Pre-regist Covid/linktree/Page_Siloam Hospitals Registration Form/confrim kode booking"))

2021-08-30 11:12:14 - [TEST_STEP][NOT_RUN] - delay(5): NOT_RUN: delay(5)

2021-08-30 11:12:14 - [MESSAGE][NOT_RUN] - NOT_RUN: delay(5)

2021-08-30 11:12:14 - [MESSAGE][PASSED] - Call Test Case 'Test Cases/Pre-regist Covid/TestCase/1. linktree - (Pilih Paket, Data Diri)' successfully

2021-08-30 11:12:14 - [TEST_STEP][PASSED] - delay(2): Delayed 2 second(s)

2021-08-30 11:12:16 - [MESSAGE][PASSED] - Delayed 2 second(s)

2021-08-30 11:12:16 - [TEST_STEP][PASSED] - callTestCase(findTestCase("Pre-regist Covid/TestCase/2. linktree - (PE Form, pembayaran)"), ["PernahBerobat":PernahBerobat, "TujuanPemeriksaan":TujuanPemeriksaan, "Pekerjaan":Pekerjaan, "Namaortu":Namaortu, "Provinsi":Provinsi, ... ], STOP_ON_FAILURE): Call Test Case 'Test Cases/Pre-regist Covid/TestCase/2. linktree - (PE Form, pembayaran)' successfully

2021-08-30 11:12:16 - [TEST_CASE][PASSED] - Test Cases/Pre-regist Covid/TestCase/2. linktree - (PE Form, pembayaran): Test Cases/Pre-regist Covid/TestCase/2. linktree - (PE Form, pembayaran)

2021-08-30 11:12:16 - [TEST_STEP][PASSED] - delay(2): Delayed 2 second(s)

2021-08-30 11:12:18 - [MESSAGE][PASSED] - Delayed 2 second(s)

2021-08-30 11:12:18 - [TEST_STEP][PASSED] - waitForElementVisible(findTestObject("Pre-regist Covid/linktree/Page_Siloam Hospitals Registration Form/tujuan pemeriksaan"), 30): Object 'Object Repository/Pre-regist Covid/linktree/Page_Siloam Hospitals Registration Form/tujuan pemeriksaan' is visible

2021-08-30 11:12:19 - [MESSAGE][PASSED] - Object 'Object Repository/Pre-regist Covid/linktree/Page_Siloam Hospitals Registration Form/tujuan pemeriksaan' is visible

2021-08-30 11:12:19 - [TEST_STEP][PASSED] - delay(1): Delayed 1 second(s)

2021-08-30 11:12:20 - [MESSAGE][PASSED] - Delayed 1 second(s)

2021-08-30 11:12:20 - [TEST_STEP][PASSED] - scrollToElement(findTestObject("Pre-regist Covid/linktree/Page_Siloam Hospitals Registration Form/tujuan pemeriksaan"), 20): Scroll to object 'Object Repository/Pre-regist Covid/linktree/Page_Siloam Hospitals Registration Form/tujuan pemeriksaan' successfully

2021-08-30 11:12:20 - [MESSAGE][PASSED] - Scroll to object 'Object Repository/Pre-regist Covid/linktree/Page_Siloam Hospitals Registration Form/tujuan pemeriksaan' successfully

2021-08-30 11:12:20 - [TEST_STEP][PASSED] - if (TujuanPemeriksaan == "Rencana tindakan"): null

2021-08-30 11:12:20 - [TEST_STEP][PASSED] - else if (TujuanPemeriksaan == "Rencana bepergian"): null

2021-08-30 11:12:20 - [TEST_STEP][PASSED] - else if (TujuanPemeriksaan == "Follow up post covid"): null

2021-08-30 11:12:20 - [TEST_STEP][PASSED] - else: Delayed 1 second(s)

2021-08-30 11:12:20 - [TEST_STEP][PASSED] - click(findTestObject("Pre-regist Covid/linktree/Page_Siloam Hospitals Registration Form/tujuan pemeriksaan")): Object: 'Object Repository/Pre-regist Covid/linktree/Page_Siloam Hospitals Registration Form/tujuan pemeriksaan' is clicked on

2021-08-30 11:12:21 - [MESSAGE][PASSED] - Object: 'Object Repository/Pre-regist Covid/linktree/Page_Siloam Hospitals Registration Form/tujuan pemeriksaan' is clicked on

2021-08-30 11:12:21 - [TEST_STEP][PASSED] - delay(2): Delayed 2 second(s)

2021-08-30 11:12:23 - [MESSAGE][PASSED] - Delayed 2 second(s)

2021-08-30 11:12:23 - [TEST_STEP][PASSED] - click(findTestObject("Pre-regist Covid/linktree/Page_Siloam Hospitals Registration Form/Tujuanpemeriksaan/li_Pemeriksaan Rutin  Atas Permintaan Sendiri")): Object: 'Object Repository/Pre-regist Covid/linktree/Page_Siloam Hospitals Registration Form/Tujuanpemeriksaan/li_Pemeriksaan Rutin  Atas Permintaan Sendiri' is clicked on

2021-08-30 11:12:23 - [MESSAGE][PASSED] - Object: 'Object Repository/Pre-regist Covid/linktree/Page_Siloam Hospitals Registration Form/Tujuanpemeriksaan/li_Pemeriksaan Rutin  Atas Permintaan Sendiri' is clicked on

2021-08-30 11:12:23 - [TEST_STEP][PASSED] - delay(1): Delayed 1 second(s)

2021-08-30 11:12:24 - [MESSAGE][PASSED] - Delayed 1 second(s)

2021-08-30 11:12:24 - [TEST_STEP][PASSED] - delay(1): Delayed 1 second(s)

2021-08-30 11:12:25 - [MESSAGE][PASSED] - Delayed 1 second(s)

2021-08-30 11:12:25 - [TEST_STEP][PASSED] - scrollToElement(findTestObject("Pre-regist Covid/linktree/Page_Siloam Hospitals Registration Form/input_Pekerjaan_occupation"), 30): Scroll to object 'Object Repository/Pre-regist Covid/linktree/Page_Siloam Hospitals Registration Form/input_Pekerjaan_occupation' successfully

2021-08-30 11:12:25 - [MESSAGE][PASSED] - Scroll to object 'Object Repository/Pre-regist Covid/linktree/Page_Siloam Hospitals Registration Form/input_Pekerjaan_occupation' successfully

2021-08-30 11:12:25 - [TEST_STEP][PASSED] - waitForElementVisible(findTestObject("Pre-regist Covid/linktree/Page_Siloam Hospitals Registration Form/input_Pekerjaan_occupation"), 30): Object 'Object Repository/Pre-regist Covid/linktree/Page_Siloam Hospitals Registration Form/input_Pekerjaan_occupation' is visible

2021-08-30 11:12:26 - [MESSAGE][PASSED] - Object 'Object Repository/Pre-regist Covid/linktree/Page_Siloam Hospitals Registration Form/input_Pekerjaan_occupation' is visible

2021-08-30 11:12:26 - [TEST_STEP][PASSED] - click(findTestObject("Pre-regist Covid/linktree/Page_Siloam Hospitals Registration Form/kelamin PE")): Object: 'Object Repository/Pre-regist Covid/linktree/Page_Siloam Hospitals Registration Form/kelamin PE' is clicked on

2021-08-30 11:12:26 - [MESSAGE][PASSED] - Object: 'Object Repository/Pre-regist Covid/linktree/Page_Siloam Hospitals Registration Form/kelamin PE' is clicked on

2021-08-30 11:12:26 - [TEST_STEP][PASSED] - if (JenisKelamin == "Pria"): Delayed 1 second(s)

2021-08-30 11:12:26 - [TEST_STEP][PASSED] - click(findTestObject("Pre-regist Covid/linktree/Page_Siloam Hospitals Registration Form/PriaPE")): Object: 'Object Repository/Pre-regist Covid/linktree/Page_Siloam Hospitals Registration Form/PriaPE' is clicked on

2021-08-30 11:12:27 - [MESSAGE][PASSED] - Object: 'Object Repository/Pre-regist Covid/linktree/Page_Siloam Hospitals Registration Form/PriaPE' is clicked on

2021-08-30 11:12:27 - [TEST_STEP][PASSED] - delay(1): Delayed 1 second(s)

2021-08-30 11:12:28 - [MESSAGE][PASSED] - Delayed 1 second(s)

2021-08-30 11:12:28 - [TEST_STEP][PASSED] - setText(findTestObject("Pre-regist Covid/linktree/Page_Siloam Hospitals Registration Form/input_Pekerjaan_occupation"), Pekerjaan): Text 'isi pekerjaan' is set on object 'Object Repository/Pre-regist Covid/linktree/Page_Siloam Hospitals Registration Form/input_Pekerjaan_occupation'

2021-08-30 11:12:29 - [MESSAGE][PASSED] - Text 'isi pekerjaan' is set on object 'Object Repository/Pre-regist Covid/linktree/Page_Siloam Hospitals Registration Form/input_Pekerjaan_occupation'

2021-08-30 11:12:29 - [TEST_STEP][PASSED] - setText(findTestObject("Pre-regist Covid/linktree/Page_Siloam Hospitals Registration Form/input_Nama Orang Tua_parent_name"), Namaortu): Text 'ujang' is set on object 'Object Repository/Pre-regist Covid/linktree/Page_Siloam Hospitals Registration Form/input_Nama Orang Tua_parent_name'

2021-08-30 11:12:29 - [MESSAGE][PASSED] - Text 'ujang' is set on object 'Object Repository/Pre-regist Covid/linktree/Page_Siloam Hospitals Registration Form/input_Nama Orang Tua_parent_name'

2021-08-30 11:12:29 - [TEST_STEP][PASSED] - delay(1): Delayed 1 second(s)

2021-08-30 11:12:30 - [MESSAGE][PASSED] - Delayed 1 second(s)

2021-08-30 11:12:30 - [TEST_STEP][PASSED] - if (PernahBerobat == "Pernah"): Text '1' is set on object 'Object Repository/Pre-regist Covid/linktree/Page_Siloam Hospitals Registration Form/input rw pernah'

2021-08-30 11:12:30 - [TEST_STEP][PASSED] - click(findTestObject("Pre-regist Covid/linktree/Page_Siloam Hospitals Registration Form/klik provinsi pernah")): Object: 'Object Repository/Pre-regist Covid/linktree/Page_Siloam Hospitals Registration Form/klik provinsi pernah' is clicked on

2021-08-30 11:12:31 - [MESSAGE][PASSED] - Object: 'Object Repository/Pre-regist Covid/linktree/Page_Siloam Hospitals Registration Form/klik provinsi pernah' is clicked on

2021-08-30 11:12:31 - [TEST_STEP][PASSED] - setText(findTestObject("Pre-regist Covid/linktree/Page_Siloam Hospitals Registration Form/input provinsi pernah"), Provinsi): Text 'JAKARTA' is set on object 'Object Repository/Pre-regist Covid/linktree/Page_Siloam Hospitals Registration Form/input provinsi pernah'

2021-08-30 11:12:31 - [MESSAGE][PASSED] - Text 'JAKARTA' is set on object 'Object Repository/Pre-regist Covid/linktree/Page_Siloam Hospitals Registration Form/input provinsi pernah'

2021-08-30 11:12:32 - [TEST_STEP][PASSED] - click(findTestObject("Pre-regist Covid/linktree/Page_Siloam Hospitals Registration Form/Pilih provinsi")): Object: 'Object Repository/Pre-regist Covid/linktree/Page_Siloam Hospitals Registration Form/Pilih provinsi' is clicked on

2021-08-30 11:12:32 - [MESSAGE][PASSED] - Object: 'Object Repository/Pre-regist Covid/linktree/Page_Siloam Hospitals Registration Form/Pilih provinsi' is clicked on

2021-08-30 11:12:32 - [TEST_STEP][PASSED] - delay(1): Delayed 1 second(s)

2021-08-30 11:12:33 - [MESSAGE][PASSED] - Delayed 1 second(s)

2021-08-30 11:12:33 - [TEST_STEP][PASSED] - setText(findTestObject("Pre-regist Covid/linktree/Page_Siloam Hospitals Registration Form/input rt pernah"), RT): Text '1' is set on object 'Object Repository/Pre-regist Covid/linktree/Page_Siloam Hospitals Registration Form/input rt pernah'

2021-08-30 11:12:34 - [MESSAGE][PASSED] - Text '1' is set on object 'Object Repository/Pre-regist Covid/linktree/Page_Siloam Hospitals Registration Form/input rt pernah'

2021-08-30 11:12:34 - [TEST_STEP][PASSED] - setText(findTestObject("Pre-regist Covid/linktree/Page_Siloam Hospitals Registration Form/input rw pernah"), RW): Text '1' is set on object 'Object Repository/Pre-regist Covid/linktree/Page_Siloam Hospitals Registration Form/input rw pernah'

2021-08-30 11:12:34 - [MESSAGE][PASSED] - Text '1' is set on object 'Object Repository/Pre-regist Covid/linktree/Page_Siloam Hospitals Registration Form/input rw pernah'

2021-08-30 11:12:34 - [TEST_STEP][PASSED] - click(findTestObject("Pre-regist Covid/linktree/Page_Siloam Hospitals Registration Form/Pertanyaan pemeriksaan/Pertanyaan 1 Tidak")): Object: 'Object Repository/Pre-regist Covid/linktree/Page_Siloam Hospitals Registration Form/Pertanyaan pemeriksaan/Pertanyaan 1 Tidak' is clicked on

2021-08-30 11:12:35 - [MESSAGE][PASSED] - Object: 'Object Repository/Pre-regist Covid/linktree/Page_Siloam Hospitals Registration Form/Pertanyaan pemeriksaan/Pertanyaan 1 Tidak' is clicked on

2021-08-30 11:12:35 - [TEST_STEP][PASSED] - click(findTestObject("Pre-regist Covid/linktree/Page_Siloam Hospitals Registration Form/Pertanyaan pemeriksaan/Pertanyaan 2 Tidak")): Object: 'Object Repository/Pre-regist Covid/linktree/Page_Siloam Hospitals Registration Form/Pertanyaan pemeriksaan/Pertanyaan 2 Tidak' is clicked on

2021-08-30 11:12:35 - [MESSAGE][PASSED] - Object: 'Object Repository/Pre-regist Covid/linktree/Page_Siloam Hospitals Registration Form/Pertanyaan pemeriksaan/Pertanyaan 2 Tidak' is clicked on

2021-08-30 11:12:35 - [TEST_STEP][PASSED] - click(findTestObject("Pre-regist Covid/linktree/Page_Siloam Hospitals Registration Form/Pertanyaan pemeriksaan/Pertanyaan 3 Tidak")): Object: 'Object Repository/Pre-regist Covid/linktree/Page_Siloam Hospitals Registration Form/Pertanyaan pemeriksaan/Pertanyaan 3 Tidak' is clicked on

2021-08-30 11:12:36 - [MESSAGE][PASSED] - Object: 'Object Repository/Pre-regist Covid/linktree/Page_Siloam Hospitals Registration Form/Pertanyaan pemeriksaan/Pertanyaan 3 Tidak' is clicked on

2021-08-30 11:12:36 - [TEST_STEP][PASSED] - click(findTestObject("Pre-regist Covid/linktree/Page_Siloam Hospitals Registration Form/Pertanyaan pemeriksaan/Pertanyaan 4 Tidak")): Object: 'Object Repository/Pre-regist Covid/linktree/Page_Siloam Hospitals Registration Form/Pertanyaan pemeriksaan/Pertanyaan 4 Tidak' is clicked on

2021-08-30 11:12:36 - [MESSAGE][PASSED] - Object: 'Object Repository/Pre-regist Covid/linktree/Page_Siloam Hospitals Registration Form/Pertanyaan pemeriksaan/Pertanyaan 4 Tidak' is clicked on

2021-08-30 11:12:36 - [TEST_STEP][PASSED] - scrollToPosition(9999999, 9999999): Browser is scrolled to position x = 9999999, y = 9999999

2021-08-30 11:12:36 - [MESSAGE][PASSED] - Browser is scrolled to position x = 9999999, y = 9999999

2021-08-30 11:12:36 - [TEST_STEP][PASSED] - delay(2): Delayed 2 second(s)

2021-08-30 11:12:38 - [MESSAGE][PASSED] - Delayed 2 second(s)

2021-08-30 11:12:38 - [TEST_STEP][PASSED] - click(findTestObject("Pre-regist Covid/linktree/Page_Siloam Hospitals Registration Form/button_lanjut PE form")): Object: 'Object Repository/Pre-regist Covid/linktree/Page_Siloam Hospitals Registration Form/button_lanjut PE form' is clicked on

2021-08-30 11:12:38 - [MESSAGE][PASSED] - Object: 'Object Repository/Pre-regist Covid/linktree/Page_Siloam Hospitals Registration Form/button_lanjut PE form' is clicked on

2021-08-30 11:12:38 - [TEST_STEP][PASSED] - delay(1): Delayed 1 second(s)

2021-08-30 11:12:39 - [MESSAGE][PASSED] - Delayed 1 second(s)

2021-08-30 11:12:39 - [TEST_STEP][PASSED] - waitForElementVisible(findTestObject("Pre-regist Covid/linktree/Page_Siloam Hospitals Registration Form/header pembayaran"), 120): Object 'Object Repository/Pre-regist Covid/linktree/Page_Siloam Hospitals Registration Form/header pembayaran' is visible

2021-08-30 11:12:40 - [MESSAGE][PASSED] - Object 'Object Repository/Pre-regist Covid/linktree/Page_Siloam Hospitals Registration Form/header pembayaran' is visible

2021-08-30 11:12:40 - [TEST_STEP][PASSED] - scrollToPosition(9999999, 9999999): Browser is scrolled to position x = 9999999, y = 9999999

2021-08-30 11:12:40 - [MESSAGE][PASSED] - Browser is scrolled to position x = 9999999, y = 9999999

2021-08-30 11:12:40 - [TEST_STEP][PASSED] - click(findTestObject("Pre-regist Covid/linktree/Page_Siloam Hospitals Registration Form/isAgree")): Object: 'Object Repository/Pre-regist Covid/linktree/Page_Siloam Hospitals Registration Form/isAgree' is clicked on

2021-08-30 11:12:40 - [MESSAGE][PASSED] - Object: 'Object Repository/Pre-regist Covid/linktree/Page_Siloam Hospitals Registration Form/isAgree' is clicked on

2021-08-30 11:12:40 - [TEST_STEP][PASSED] - click(findTestObject("Pre-regist Covid/linktree/Page_Siloam Hospitals Registration Form/isConsent")): Object: 'Object Repository/Pre-regist Covid/linktree/Page_Siloam Hospitals Registration Form/isConsent' is clicked on

2021-08-30 11:12:41 - [MESSAGE][PASSED] - Object: 'Object Repository/Pre-regist Covid/linktree/Page_Siloam Hospitals Registration Form/isConsent' is clicked on

2021-08-30 11:12:41 - [TEST_STEP][PASSED] - delay(1): Delayed 1 second(s)

2021-08-30 11:12:42 - [MESSAGE][PASSED] - Delayed 1 second(s)

2021-08-30 11:12:42 - [TEST_STEP][PASSED] - click(findTestObject("Pre-regist Covid/linktree/Page_Siloam Hospitals Registration Form/button_Kirim")): Object: 'Object Repository/Pre-regist Covid/linktree/Page_Siloam Hospitals Registration Form/button_Kirim' is clicked on

2021-08-30 11:12:42 - [MESSAGE][PASSED] - Object: 'Object Repository/Pre-regist Covid/linktree/Page_Siloam Hospitals Registration Form/button_Kirim' is clicked on

2021-08-30 11:12:42 - [TEST_STEP][PASSED] - waitForElementVisible(findTestObject("Pre-regist Covid/linktree/Page_Siloam Hospitals Registration Form/terima kasih"), 120): Object 'Object Repository/Pre-regist Covid/linktree/Page_Siloam Hospitals Registration Form/terima kasih' is visible

2021-08-30 11:12:54 - [MESSAGE][PASSED] - Object 'Object Repository/Pre-regist Covid/linktree/Page_Siloam Hospitals Registration Form/terima kasih' is visible

2021-08-30 11:12:54 - [TEST_STEP][PASSED] - delay(3): Delayed 3 second(s)

2021-08-30 11:12:57 - [MESSAGE][PASSED] - Delayed 3 second(s)

2021-08-30 11:12:57 - [TEST_STEP][PASSED] - KodeBooking = getText(findTestObject("Pre-regist Covid/linktree/Page_Siloam Hospitals Registration Form/kode booking")): Text of object 'Object Repository/Pre-regist Covid/linktree/Page_Siloam Hospitals Registration Form/kode booking' is: 'E8D677'

2021-08-30 11:12:57 - [MESSAGE][PASSED] - Text of object 'Object Repository/Pre-regist Covid/linktree/Page_Siloam Hospitals Registration Form/kode booking' is: 'E8D677'

2021-08-30 11:12:57 - [TEST_STEP][PASSED] - println("Kode Booking : " + KodeBooking): null

2021-08-30 11:12:57 - [TEST_STEP][PASSED] - delay(5): Delayed 5 second(s)

2021-08-30 11:13:02 - [MESSAGE][PASSED] - Delayed 5 second(s)

2021-08-30 11:13:02 - [TEST_STEP][PASSED] - navigateToUrl("http://10.85.139.100:5678/pre-registration"): Navigate to 'http://10.85.139.100:5678/pre-registration' successfully

2021-08-30 11:13:07 - [MESSAGE][PASSED] - Navigate to 'http://10.85.139.100:5678/pre-registration' successfully

2021-08-30 11:13:07 - [TEST_STEP][PASSED] - waitForElementVisible(findTestObject("Pre-regist Covid/Front Office OPD/Button login FO"), 30): Object 'Object Repository/Pre-regist Covid/Front Office OPD/Button login FO' is visible

2021-08-30 11:13:28 - [MESSAGE][PASSED] - Object 'Object Repository/Pre-regist Covid/Front Office OPD/Button login FO' is visible

2021-08-30 11:13:28 - [TEST_STEP][PASSED] - delay(2): Delayed 2 second(s)

2021-08-30 11:13:30 - [MESSAGE][PASSED] - Delayed 2 second(s)

2021-08-30 11:13:30 - [TEST_STEP][PASSED] - setText(findTestObject("Pre-regist Covid/Front Office OPD/input username FO"), Username): Text 'albert.aswindra' is set on object 'Object Repository/Pre-regist Covid/Front Office OPD/input username FO'

2021-08-30 11:13:31 - [MESSAGE][PASSED] - Text 'albert.aswindra' is set on object 'Object Repository/Pre-regist Covid/Front Office OPD/input username FO'

2021-08-30 11:13:31 - [TEST_STEP][PASSED] - setText(findTestObject("Pre-regist Covid/Front Office OPD/input password FO"), Password): Text 'al12345678' is set on object 'Object Repository/Pre-regist Covid/Front Office OPD/input password FO'

2021-08-30 11:13:32 - [MESSAGE][PASSED] - Text 'al12345678' is set on object 'Object Repository/Pre-regist Covid/Front Office OPD/input password FO'

2021-08-30 11:13:32 - [TEST_STEP][PASSED] - click(findTestObject("Pre-regist Covid/Front Office OPD/Button login FO")): Object: 'Object Repository/Pre-regist Covid/Front Office OPD/Button login FO' is clicked on

2021-08-30 11:13:32 - [MESSAGE][PASSED] - Object: 'Object Repository/Pre-regist Covid/Front Office OPD/Button login FO' is clicked on

2021-08-30 11:13:32 - [TEST_STEP][PASSED] - delay(2): Delayed 2 second(s)

2021-08-30 11:13:34 - [MESSAGE][PASSED] - Delayed 2 second(s)

2021-08-30 11:13:34 - [TEST_STEP][PASSED] - waitForPageLoad(30, STOP_ON_FAILURE): Wait for page load successfully

2021-08-30 11:13:34 - [MESSAGE][PASSED] - Wait for page load successfully

2021-08-30 11:13:34 - [TEST_STEP][PASSED] - waitForElementVisible(findTestObject("Pre-regist Covid/Front Office OPD/delete tanggal"), 120): Object 'Object Repository/Pre-regist Covid/Front Office OPD/delete tanggal' is visible

2021-08-30 11:13:46 - [MESSAGE][PASSED] - Object 'Object Repository/Pre-regist Covid/Front Office OPD/delete tanggal' is visible

2021-08-30 11:13:46 - [TEST_STEP][PASSED] - click(findTestObject("Pre-regist Covid/Front Office OPD/delete tanggal"), STOP_ON_FAILURE): Object: 'Object Repository/Pre-regist Covid/Front Office OPD/delete tanggal' is clicked on

2021-08-30 11:13:47 - [MESSAGE][PASSED] - Object: 'Object Repository/Pre-regist Covid/Front Office OPD/delete tanggal' is clicked on

2021-08-30 11:13:47 - [TEST_STEP][PASSED] - delay(1): Delayed 1 second(s)

2021-08-30 11:13:48 - [MESSAGE][PASSED] - Delayed 1 second(s)

2021-08-30 11:13:48 - [TEST_STEP][PASSED] - setText(findTestObject("Pre-regist Covid/Front Office OPD/input tanggak"), TanggalFO): Text '30/08/2021' is set on object 'Object Repository/Pre-regist Covid/Front Office OPD/input tanggak'

2021-08-30 11:13:48 - [MESSAGE][PASSED] - Text '30/08/2021' is set on object 'Object Repository/Pre-regist Covid/Front Office OPD/input tanggak'

2021-08-30 11:13:48 - [TEST_STEP][PASSED] - delay(2): Delayed 2 second(s)

2021-08-30 11:13:50 - [MESSAGE][PASSED] - Delayed 2 second(s)

2021-08-30 11:13:50 - [TEST_STEP][PASSED] - setText(findTestObject("Pre-regist Covid/Front Office OPD/input kode booking"), KodeBooking): Text 'E8D677' is set on object 'Object Repository/Pre-regist Covid/Front Office OPD/input kode booking'

2021-08-30 11:13:51 - [MESSAGE][PASSED] - Text 'E8D677' is set on object 'Object Repository/Pre-regist Covid/Front Office OPD/input kode booking'

2021-08-30 11:13:51 - [TEST_STEP][PASSED] - delay(1): Delayed 1 second(s)

2021-08-30 11:13:52 - [MESSAGE][PASSED] - Delayed 1 second(s)

2021-08-30 11:13:52 - [TEST_STEP][PASSED] - click(findTestObject("Pre-regist Covid/linktree/Page_Siloam Hospitals Registration Form/confrim kode booking")): Object: 'Object Repository/Pre-regist Covid/linktree/Page_Siloam Hospitals Registration Form/confrim kode booking' is clicked on

2021-08-30 11:13:52 - [MESSAGE][PASSED] - Object: 'Object Repository/Pre-regist Covid/linktree/Page_Siloam Hospitals Registration Form/confrim kode booking' is clicked on

2021-08-30 11:13:52 - [TEST_STEP][PASSED] - delay(5): Delayed 5 second(s)

2021-08-30 11:13:57 - [MESSAGE][PASSED] - Delayed 5 second(s)

2021-08-30 11:13:57 - [MESSAGE][PASSED] - Call Test Case 'Test Cases/Pre-regist Covid/TestCase/2. linktree - (PE Form, pembayaran)' successfully

2021-08-30 11:13:57 - [TEST_STEP][PASSED] - delay(2): Delayed 2 second(s)

2021-08-30 11:13:59 - [MESSAGE][PASSED] - Delayed 2 second(s)]]></system-out>
         <system-err><![CDATA[]]></system-err>
      </testcase>
      <system-out><![CDATA[2021-08-30 11:11:11 - [TEST_SUITE][PASSED] - Pre-regist COVID: Test Cases/Pre-regist Covid/Linktree - FO]]></system-out>
      <system-err><![CDATA[]]></system-err>
   </testsuite>
</testsuites>
