<?xml version="1.0" encoding="UTF-8"?>
<testsuites name="Pre-regist" time="3.534" tests="1" failures="0" errors="0">
   <testsuite name="Pre-regist" tests="1" failures="0" errors="0" time="3.534" skipped="0" timestamp="2021-08-27 08:18:05" hostname="15997182 - N0101-7182-IQC.muf.co.id" id="Test Suites/Pre-regist">
      <properties>
         <property name="deviceName" value=""/>
         <property name="devicePlatform" value=""/>
         <property name="logFolder" value="D:\\MySiloam\\Reports\\20210827_081756\\Pre-regist\\20210827_081756"/>
         <property name="logFiles" value="D:\\MySiloam\\Reports\\20210827_081756\\Pre-regist\\20210827_081756\\execution0.log"/>
         <property name="attachments" value=""/>
         <property name="hostName" value="15997182 - N0101-7182-IQC.muf.co.id"/>
         <property name="os" value="Windows 10 64bit"/>
         <property name="katalonVersion" value="8.1.0.208"/>
         <property name="browser" value="Chrome 92.0.4515.159"/>
         <property name="hostAddress" value="192.168.1.11"/>
         <property name="sessionId" value="5891769c3d9499942756c75fa7e97266"/>
         <property name="seleniumVersion" value="3.141.59"/>
         <property name="proxyInformation" value="ProxyInformation { proxyOption=NO_PROXY, proxyServerType=HTTP, username=, password=********, proxyServerAddress=, proxyServerPort=0, executionList=&quot;&quot;, isApplyToDesiredCapabilities=true }"/>
         <property name="platform" value="Windows 10"/>
      </properties>
      <testcase name="Test Cases/Pre-regist Covid/linktree" time="1.237" classname="Test Cases/Pre-regist Covid/linktree" status="PASSED">
         <system-out><![CDATA[2021-08-27 08:18:06 - [TEST_CASE][PASSED] - Test Cases/Pre-regist Covid/linktree: Test Cases/Pre-regist Covid/linktree

2021-08-27 08:18:07 - [TEST_STEP][NOT_RUN] - openBrowser(""): NOT_RUN: openBrowser("")

2021-08-27 08:18:07 - [MESSAGE][NOT_RUN] - NOT_RUN: openBrowser("")

2021-08-27 08:18:07 - [TEST_STEP][NOT_RUN] - navigateToUrl("https://mysiloam-api-staging.siloamhospitals.com/linktree/"): NOT_RUN: navigateToUrl("https://mysiloam-api-staging.siloamhospitals.com/linktree/")

2021-08-27 08:18:07 - [MESSAGE][NOT_RUN] - NOT_RUN: navigateToUrl("https://mysiloam-api-staging.siloamhospitals.com/linktree/")

2021-08-27 08:18:07 - [TEST_STEP][NOT_RUN] - waitForElementVisible(findTestObject("Pre-regist Covid/linktree/Page_Siloam Hospitals Registration Form/div_Select"), 120): NOT_RUN: waitForElementVisible(findTestObject("Pre-regist Covid/linktree/Page_Siloam Hospitals Registration Form/div_Select"), 120)

2021-08-27 08:18:07 - [MESSAGE][NOT_RUN] - NOT_RUN: waitForElementVisible(findTestObject("Pre-regist Covid/linktree/Page_Siloam Hospitals Registration Form/div_Select"), 120)

2021-08-27 08:18:07 - [TEST_STEP][NOT_RUN] - maximizeWindow(): NOT_RUN: maximizeWindow()

2021-08-27 08:18:07 - [MESSAGE][NOT_RUN] - NOT_RUN: maximizeWindow()

2021-08-27 08:18:07 - [TEST_STEP][NOT_RUN] - delay(1): NOT_RUN: delay(1)

2021-08-27 08:18:07 - [MESSAGE][NOT_RUN] - NOT_RUN: delay(1)

2021-08-27 08:18:07 - [TEST_STEP][NOT_RUN] - click(findTestObject("Pre-regist Covid/linktree/Page_Siloam Hospitals Registration Form/div_Select")): NOT_RUN: click(findTestObject("Pre-regist Covid/linktree/Page_Siloam Hospitals Registration Form/div_Select"))

2021-08-27 08:18:07 - [MESSAGE][NOT_RUN] - NOT_RUN: click(findTestObject("Pre-regist Covid/linktree/Page_Siloam Hospitals Registration Form/div_Select"))

2021-08-27 08:18:07 - [TEST_STEP][NOT_RUN] - delay(2): NOT_RUN: delay(2)

2021-08-27 08:18:07 - [MESSAGE][NOT_RUN] - NOT_RUN: delay(2)

2021-08-27 08:18:07 - [TEST_STEP][NOT_RUN] - setText(findTestObject("Pre-regist Covid/linktree/Page_Siloam Hospitals Registration Form/input_Select_react-select-2-input"), NamaRS): NOT_RUN: setText(findTestObject("Pre-regist Covid/linktree/Page_Siloam Hospitals Registration Form/input_Select_react-select-2-input"), NamaRS)

2021-08-27 08:18:07 - [MESSAGE][NOT_RUN] - NOT_RUN: setText(findTestObject("Pre-regist Covid/linktree/Page_Siloam Hospitals Registration Form/input_Select_react-select-2-input"), NamaRS)

2021-08-27 08:18:07 - [TEST_STEP][NOT_RUN] - delay(2): NOT_RUN: delay(2)

2021-08-27 08:18:07 - [MESSAGE][NOT_RUN] - NOT_RUN: delay(2)

2021-08-27 08:18:07 - [TEST_STEP][NOT_RUN] - click(findTestObject("Pre-regist Covid/linktree/Page_Siloam Hospitals Registration Form/Pilih RS")): NOT_RUN: click(findTestObject("Pre-regist Covid/linktree/Page_Siloam Hospitals Registration Form/Pilih RS"))

2021-08-27 08:18:07 - [MESSAGE][NOT_RUN] - NOT_RUN: click(findTestObject("Pre-regist Covid/linktree/Page_Siloam Hospitals Registration Form/Pilih RS"))

2021-08-27 08:18:07 - [TEST_STEP][NOT_RUN] - delay(2): NOT_RUN: delay(2)

2021-08-27 08:18:07 - [MESSAGE][NOT_RUN] - NOT_RUN: delay(2)

2021-08-27 08:18:07 - [TEST_STEP][NOT_RUN] - click(findTestObject("Pre-regist Covid/linktree/Page_Siloam Hospitals Registration Form/Pilih NonDT")): NOT_RUN: click(findTestObject("Pre-regist Covid/linktree/Page_Siloam Hospitals Registration Form/Pilih NonDT"))

2021-08-27 08:18:07 - [MESSAGE][NOT_RUN] - NOT_RUN: click(findTestObject("Pre-regist Covid/linktree/Page_Siloam Hospitals Registration Form/Pilih NonDT"))

2021-08-27 08:18:07 - [TEST_STEP][NOT_RUN] - waitForElementVisible(findTestObject("Pre-regist Covid/linktree/Page_Siloam Hospitals Registration Form/Rapid Test Serology"), 30): NOT_RUN: waitForElementVisible(findTestObject("Pre-regist Covid/linktree/Page_Siloam Hospitals Registration Form/Rapid Test Serology"), 30)

2021-08-27 08:18:07 - [MESSAGE][NOT_RUN] - NOT_RUN: waitForElementVisible(findTestObject("Pre-regist Covid/linktree/Page_Siloam Hospitals Registration Form/Rapid Test Serology"), 30)

2021-08-27 08:18:07 - [TEST_STEP][NOT_RUN] - click(findTestObject("Pre-regist Covid/linktree/Page_Siloam Hospitals Registration Form/Rapid Test Serology")): NOT_RUN: click(findTestObject("Pre-regist Covid/linktree/Page_Siloam Hospitals Registration Form/Rapid Test Serology"))

2021-08-27 08:18:07 - [MESSAGE][NOT_RUN] - NOT_RUN: click(findTestObject("Pre-regist Covid/linktree/Page_Siloam Hospitals Registration Form/Rapid Test Serology"))

2021-08-27 08:18:07 - [TEST_STEP][NOT_RUN] - delay(2): NOT_RUN: delay(2)

2021-08-27 08:18:07 - [MESSAGE][NOT_RUN] - NOT_RUN: delay(2)

2021-08-27 08:18:07 - [TEST_STEP][NOT_RUN] - click(findTestObject("Pre-regist Covid/linktree/Page_Siloam Hospitals Registration Form/button_Pilih")): NOT_RUN: click(findTestObject("Pre-regist Covid/linktree/Page_Siloam Hospitals Registration Form/button_Pilih"))

2021-08-27 08:18:07 - [MESSAGE][NOT_RUN] - NOT_RUN: click(findTestObject("Pre-regist Covid/linktree/Page_Siloam Hospitals Registration Form/button_Pilih"))

2021-08-27 08:18:07 - [TEST_STEP][NOT_RUN] - waitForElementVisible(findTestObject("Pre-regist Covid/linktree/Page_Siloam Hospitals Registration Form/Nama Lengkap(Sesuai ID)_name"), 0): NOT_RUN: waitForElementVisible(findTestObject("Pre-regist Covid/linktree/Page_Siloam Hospitals Registration Form/Nama Lengkap(Sesuai ID)_name"), 0)

2021-08-27 08:18:07 - [MESSAGE][NOT_RUN] - NOT_RUN: waitForElementVisible(findTestObject("Pre-regist Covid/linktree/Page_Siloam Hospitals Registration Form/Nama Lengkap(Sesuai ID)_name"), 0)

2021-08-27 08:18:07 - [TEST_STEP][NOT_RUN] - setText(findTestObject("Pre-regist Covid/linktree/Page_Siloam Hospitals Registration Form/Nama Lengkap(Sesuai ID)_name"), NamaSID): NOT_RUN: setText(findTestObject("Pre-regist Covid/linktree/Page_Siloam Hospitals Registration Form/Nama Lengkap(Sesuai ID)_name"), NamaSID)

2021-08-27 08:18:07 - [MESSAGE][NOT_RUN] - NOT_RUN: setText(findTestObject("Pre-regist Covid/linktree/Page_Siloam Hospitals Registration Form/Nama Lengkap(Sesuai ID)_name"), NamaSID)

2021-08-27 08:18:07 - [TEST_STEP][NOT_RUN] - delay(1): NOT_RUN: delay(1)

2021-08-27 08:18:07 - [MESSAGE][NOT_RUN] - NOT_RUN: delay(1)

2021-08-27 08:18:07 - [TEST_STEP][NOT_RUN] - scrollToElement(findTestObject("Pre-regist Covid/linktree/Page_Siloam Hospitals Registration Form/input_Tanggal Kunjungan_appointment_date"), 30): NOT_RUN: scrollToElement(findTestObject("Pre-regist Covid/linktree/Page_Siloam Hospitals Registration Form/input_Tanggal Kunjungan_appointment_date"), 30)

2021-08-27 08:18:07 - [MESSAGE][NOT_RUN] - NOT_RUN: scrollToElement(findTestObject("Pre-regist Covid/linktree/Page_Siloam Hospitals Registration Form/input_Tanggal Kunjungan_appointment_date"), 30)

2021-08-27 08:18:07 - [TEST_STEP][NOT_RUN] - delay(2): NOT_RUN: delay(2)

2021-08-27 08:18:07 - [MESSAGE][NOT_RUN] - NOT_RUN: delay(2)

2021-08-27 08:18:07 - [TEST_STEP][NOT_RUN] - click(findTestObject("Pre-regist Covid/linktree/Page_Siloam Hospitals Registration Form/input_Nomor Handphone_form-control")): NOT_RUN: click(findTestObject("Pre-regist Covid/linktree/Page_Siloam Hospitals Registration Form/input_Nomor Handphone_form-control"))

2021-08-27 08:18:07 - [MESSAGE][NOT_RUN] - NOT_RUN: click(findTestObject("Pre-regist Covid/linktree/Page_Siloam Hospitals Registration Form/input_Nomor Handphone_form-control"))

2021-08-27 08:18:07 - [TEST_STEP][NOT_RUN] - setText(findTestObject("Pre-regist Covid/linktree/Page_Siloam Hospitals Registration Form/input_Nomor Handphone_form-control"), NoHP): NOT_RUN: setText(findTestObject("Pre-regist Covid/linktree/Page_Siloam Hospitals Registration Form/input_Nomor Handphone_form-control"), NoHP)

2021-08-27 08:18:07 - [MESSAGE][NOT_RUN] - NOT_RUN: setText(findTestObject("Pre-regist Covid/linktree/Page_Siloam Hospitals Registration Form/input_Nomor Handphone_form-control"), NoHP)

2021-08-27 08:18:07 - [TEST_STEP][NOT_RUN] - click(findTestObject("Pre-regist Covid/linktree/Page_Siloam Hospitals Registration Form/input_Alamat Email_email")): NOT_RUN: click(findTestObject("Pre-regist Covid/linktree/Page_Siloam Hospitals Registration Form/input_Alamat Email_email"))

2021-08-27 08:18:07 - [MESSAGE][NOT_RUN] - NOT_RUN: click(findTestObject("Pre-regist Covid/linktree/Page_Siloam Hospitals Registration Form/input_Alamat Email_email"))

2021-08-27 08:18:07 - [TEST_STEP][NOT_RUN] - setText(findTestObject("Pre-regist Covid/linktree/Page_Siloam Hospitals Registration Form/input_Alamat Email_email"), Email): NOT_RUN: setText(findTestObject("Pre-regist Covid/linktree/Page_Siloam Hospitals Registration Form/input_Alamat Email_email"), Email)

2021-08-27 08:18:07 - [MESSAGE][NOT_RUN] - NOT_RUN: setText(findTestObject("Pre-regist Covid/linktree/Page_Siloam Hospitals Registration Form/input_Alamat Email_email"), Email)

2021-08-27 08:18:07 - [TEST_STEP][NOT_RUN] - delay(1): NOT_RUN: delay(1)

2021-08-27 08:18:07 - [MESSAGE][NOT_RUN] - NOT_RUN: delay(1)

2021-08-27 08:18:07 - [TEST_STEP][NOT_RUN] - click(findTestObject("Pre-regist Covid/linktree/Page_Siloam Hospitals Registration Form/input_Tanggal Kunjungan_appointment_date")): NOT_RUN: click(findTestObject("Pre-regist Covid/linktree/Page_Siloam Hospitals Registration Form/input_Tanggal Kunjungan_appointment_date"))

2021-08-27 08:18:07 - [MESSAGE][NOT_RUN] - NOT_RUN: click(findTestObject("Pre-regist Covid/linktree/Page_Siloam Hospitals Registration Form/input_Tanggal Kunjungan_appointment_date"))

2021-08-27 08:18:07 - [TEST_STEP][NOT_RUN] - if (TanggalKunjungan != 0): NOT_RUN: if (TanggalKunjungan != 0)

2021-08-27 08:18:07 - [MESSAGE][NOT_RUN] - NOT_RUN: if (TanggalKunjungan != 0)

2021-08-27 08:18:07 - [TEST_STEP][NOT_RUN] - click(findTestObject("Pre-regist Covid/linktree/Page_Siloam Hospitals Registration Form/span_OK")): NOT_RUN: click(findTestObject("Pre-regist Covid/linktree/Page_Siloam Hospitals Registration Form/span_OK"))

2021-08-27 08:18:07 - [MESSAGE][NOT_RUN] - NOT_RUN: click(findTestObject("Pre-regist Covid/linktree/Page_Siloam Hospitals Registration Form/span_OK"))

2021-08-27 08:18:07 - [TEST_STEP][NOT_RUN] - delay(1): NOT_RUN: delay(1)

2021-08-27 08:18:07 - [MESSAGE][NOT_RUN] - NOT_RUN: delay(1)

2021-08-27 08:18:07 - [TEST_STEP][NOT_RUN] - click(findTestObject("Pre-regist Covid/linktree/Page_Siloam Hospitals Registration Form/WaktuKunjungan")): NOT_RUN: click(findTestObject("Pre-regist Covid/linktree/Page_Siloam Hospitals Registration Form/WaktuKunjungan"))

2021-08-27 08:18:07 - [MESSAGE][NOT_RUN] - NOT_RUN: click(findTestObject("Pre-regist Covid/linktree/Page_Siloam Hospitals Registration Form/WaktuKunjungan"))

2021-08-27 08:18:07 - [TEST_STEP][NOT_RUN] - click(findTestObject("Pre-regist Covid/linktree/Page_Siloam Hospitals Registration Form/sementara")): NOT_RUN: click(findTestObject("Pre-regist Covid/linktree/Page_Siloam Hospitals Registration Form/sementara"))

2021-08-27 08:18:07 - [MESSAGE][NOT_RUN] - NOT_RUN: click(findTestObject("Pre-regist Covid/linktree/Page_Siloam Hospitals Registration Form/sementara"))

2021-08-27 08:18:07 - [TEST_STEP][NOT_RUN] - delay(1): NOT_RUN: delay(1)

2021-08-27 08:18:07 - [MESSAGE][NOT_RUN] - NOT_RUN: delay(1)

2021-08-27 08:18:07 - [TEST_STEP][NOT_RUN] - click(findTestObject("Pre-regist Covid/linktree/Page_Siloam Hospitals Registration Form/Cara Pembayaran")): NOT_RUN: click(findTestObject("Pre-regist Covid/linktree/Page_Siloam Hospitals Registration Form/Cara Pembayaran"))

2021-08-27 08:18:07 - [MESSAGE][NOT_RUN] - NOT_RUN: click(findTestObject("Pre-regist Covid/linktree/Page_Siloam Hospitals Registration Form/Cara Pembayaran"))

2021-08-27 08:18:07 - [TEST_STEP][NOT_RUN] - if (CaraPembayaran == "Jaminan"): NOT_RUN: if (CaraPembayaran == "Jaminan")

2021-08-27 08:18:07 - [MESSAGE][NOT_RUN] - NOT_RUN: if (CaraPembayaran == "Jaminan")

2021-08-27 08:18:07 - [TEST_STEP][NOT_RUN] - if (PernahBerobat == "Tidak"): NOT_RUN: if (PernahBerobat == "Tidak")

2021-08-27 08:18:07 - [MESSAGE][NOT_RUN] - NOT_RUN: if (PernahBerobat == "Tidak")

2021-08-27 08:18:07 - [TEST_STEP][NOT_RUN] - click(findTestObject("Pre-regist Covid/linktree/Page_Siloam Hospitals Registration Form/span_Data pasien sama dengan data pemesan")): NOT_RUN: click(findTestObject("Pre-regist Covid/linktree/Page_Siloam Hospitals Registration Form/span_Data pasien sama dengan data pemesan"))

2021-08-27 08:18:07 - [MESSAGE][NOT_RUN] - NOT_RUN: click(findTestObject("Pre-regist Covid/linktree/Page_Siloam Hospitals Registration Form/span_Data pasien sama dengan data pemesan"))

2021-08-27 08:18:07 - [TEST_STEP][NOT_RUN] - delay(2): NOT_RUN: delay(2)

2021-08-27 08:18:07 - [MESSAGE][NOT_RUN] - NOT_RUN: delay(2)

2021-08-27 08:18:07 - [TEST_STEP][NOT_RUN] - delay(1): NOT_RUN: delay(1)

2021-08-27 08:18:07 - [MESSAGE][NOT_RUN] - NOT_RUN: delay(1)

2021-08-27 08:18:07 - [TEST_STEP][NOT_RUN] - scrollToElement(findTestObject("Pre-regist Covid/linktree/Page_Siloam Hospitals Registration Form/input_Nomor Kartu Identitas_identity_number"), 30): NOT_RUN: scrollToElement(findTestObject("Pre-regist Covid/linktree/Page_Siloam Hospitals Registration Form/input_Nomor Kartu Identitas_identity_number"), 30)

2021-08-27 08:18:07 - [MESSAGE][NOT_RUN] - NOT_RUN: scrollToElement(findTestObject("Pre-regist Covid/linktree/Page_Siloam Hospitals Registration Form/input_Nomor Kartu Identitas_identity_number"), 30)

2021-08-27 08:18:07 - [TEST_STEP][NOT_RUN] - delay(1): NOT_RUN: delay(1)

2021-08-27 08:18:07 - [MESSAGE][NOT_RUN] - NOT_RUN: delay(1)

2021-08-27 08:18:07 - [TEST_STEP][NOT_RUN] - click(findTestObject("Pre-regist Covid/linktree/Page_Siloam Hospitals Registration Form/Kartu identitas")): NOT_RUN: click(findTestObject("Pre-regist Covid/linktree/Page_Siloam Hospitals Registration Form/Kartu identitas"))

2021-08-27 08:18:07 - [MESSAGE][NOT_RUN] - NOT_RUN: click(findTestObject("Pre-regist Covid/linktree/Page_Siloam Hospitals Registration Form/Kartu identitas"))

2021-08-27 08:18:07 - [TEST_STEP][NOT_RUN] - if (Identitas == "KTP"): NOT_RUN: if (Identitas == "KTP")

2021-08-27 08:18:07 - [MESSAGE][NOT_RUN] - NOT_RUN: if (Identitas == "KTP")

2021-08-27 08:18:07 - [TEST_STEP][NOT_RUN] - delay(2): NOT_RUN: delay(2)

2021-08-27 08:18:07 - [MESSAGE][NOT_RUN] - NOT_RUN: delay(2)

2021-08-27 08:18:07 - [TEST_STEP][NOT_RUN] - uploadFile(findTestObject("Pre-regist Covid/linktree/Page_Siloam Hospitals Registration Form/upload foto katru identitas"), "D:\MySiloam\Upload foto\download.jpg"): NOT_RUN: uploadFile(findTestObject("Pre-regist Covid/linktree/Page_Siloam Hospitals Registration Form/upload foto katru identitas"), "D:\MySiloam\Upload foto\download.jpg")

2021-08-27 08:18:07 - [MESSAGE][NOT_RUN] - NOT_RUN: uploadFile(findTestObject("Pre-regist Covid/linktree/Page_Siloam Hospitals Registration Form/upload foto katru identitas"), "D:\MySiloam\Upload foto\download.jpg")

2021-08-27 08:18:07 - [TEST_STEP][NOT_RUN] - delay(2): NOT_RUN: delay(2)

2021-08-27 08:18:07 - [MESSAGE][NOT_RUN] - NOT_RUN: delay(2)

2021-08-27 08:18:07 - [TEST_STEP][NOT_RUN] - if (PernahBerobat == "Tidak"): NOT_RUN: if (PernahBerobat == "Tidak")

2021-08-27 08:18:07 - [MESSAGE][NOT_RUN] - NOT_RUN: if (PernahBerobat == "Tidak")

2021-08-27 08:18:07 - [TEST_STEP][NOT_RUN] - openBrowser(""): NOT_RUN: openBrowser("")

2021-08-27 08:18:07 - [MESSAGE][NOT_RUN] - NOT_RUN: openBrowser("")

2021-08-27 08:18:07 - [TEST_STEP][NOT_RUN] - navigateToUrl("https://mysiloam-api-staging.siloamhospitals.com/linktree/"): NOT_RUN: navigateToUrl("https://mysiloam-api-staging.siloamhospitals.com/linktree/")

2021-08-27 08:18:07 - [MESSAGE][NOT_RUN] - NOT_RUN: navigateToUrl("https://mysiloam-api-staging.siloamhospitals.com/linktree/")

2021-08-27 08:18:07 - [TEST_STEP][NOT_RUN] - click(findTestObject("Object Repository/Pre-regist Covid/linktree/body_You need to enable JavaScript to run t_832721")): NOT_RUN: click(findTestObject("Object Repository/Pre-regist Covid/linktree/body_You need to enable JavaScript to run t_832721"))

2021-08-27 08:18:07 - [MESSAGE][NOT_RUN] - NOT_RUN: click(findTestObject("Object Repository/Pre-regist Covid/linktree/body_You need to enable JavaScript to run t_832721"))

2021-08-27 08:18:07 - [TEST_STEP][NOT_RUN] - click(findTestObject("Object Repository/Pre-regist Covid/linktree/li_Pemeriksaan Rutin  Atas Permintaan Sendiri")): NOT_RUN: click(findTestObject("Object Repository/Pre-regist Covid/linktree/li_Pemeriksaan Rutin  Atas Permintaan Sendiri"))

2021-08-27 08:18:07 - [MESSAGE][NOT_RUN] - NOT_RUN: click(findTestObject("Object Repository/Pre-regist Covid/linktree/li_Pemeriksaan Rutin  Atas Permintaan Sendiri"))

2021-08-27 08:18:07 - [TEST_STEP][NOT_RUN] - setText(findTestObject("Object Repository/Pre-regist Covid/linktree/input_Pekerjaan_occupation"), "pekerjaan"): NOT_RUN: setText(findTestObject("Object Repository/Pre-regist Covid/linktree/input_Pekerjaan_occupation"), "pekerjaan")

2021-08-27 08:18:07 - [MESSAGE][NOT_RUN] - NOT_RUN: setText(findTestObject("Object Repository/Pre-regist Covid/linktree/input_Pekerjaan_occupation"), "pekerjaan")

2021-08-27 08:18:07 - [TEST_STEP][NOT_RUN] - setText(findTestObject("Object Repository/Pre-regist Covid/linktree/input_Nama Orang Tua_parent_name"), "nama ortu"): NOT_RUN: setText(findTestObject("Object Repository/Pre-regist Covid/linktree/input_Nama Orang Tua_parent_name"), "nama ortu")

2021-08-27 08:18:07 - [MESSAGE][NOT_RUN] - NOT_RUN: setText(findTestObject("Object Repository/Pre-regist Covid/linktree/input_Nama Orang Tua_parent_name"), "nama ortu")

2021-08-27 08:18:07 - [TEST_STEP][NOT_RUN] - click(findTestObject("Object Repository/Pre-regist Covid/linktree/svg_Provinsi_MuiSvgIcon-root")): NOT_RUN: click(findTestObject("Object Repository/Pre-regist Covid/linktree/svg_Provinsi_MuiSvgIcon-root"))

2021-08-27 08:18:07 - [MESSAGE][NOT_RUN] - NOT_RUN: click(findTestObject("Object Repository/Pre-regist Covid/linktree/svg_Provinsi_MuiSvgIcon-root"))

2021-08-27 08:18:07 - [TEST_STEP][NOT_RUN] - click(findTestObject("Object Repository/Pre-regist Covid/linktree/li_JAKARTA")): NOT_RUN: click(findTestObject("Object Repository/Pre-regist Covid/linktree/li_JAKARTA"))

2021-08-27 08:18:07 - [MESSAGE][NOT_RUN] - NOT_RUN: click(findTestObject("Object Repository/Pre-regist Covid/linktree/li_JAKARTA"))

2021-08-27 08:18:07 - [TEST_STEP][NOT_RUN] - setText(findTestObject("Object Repository/Pre-regist Covid/linktree/input_RT_rt_number"), "1"): NOT_RUN: setText(findTestObject("Object Repository/Pre-regist Covid/linktree/input_RT_rt_number"), "1")

2021-08-27 08:18:07 - [MESSAGE][NOT_RUN] - NOT_RUN: setText(findTestObject("Object Repository/Pre-regist Covid/linktree/input_RT_rt_number"), "1")

2021-08-27 08:18:07 - [TEST_STEP][NOT_RUN] - setText(findTestObject("Object Repository/Pre-regist Covid/linktree/input_RW_rw_number"), "1"): NOT_RUN: setText(findTestObject("Object Repository/Pre-regist Covid/linktree/input_RW_rw_number"), "1")

2021-08-27 08:18:07 - [MESSAGE][NOT_RUN] - NOT_RUN: setText(findTestObject("Object Repository/Pre-regist Covid/linktree/input_RW_rw_number"), "1")

2021-08-27 08:18:07 - [TEST_STEP][NOT_RUN] - click(findTestObject("Object Repository/Pre-regist Covid/linktree/div_Tidak")): NOT_RUN: click(findTestObject("Object Repository/Pre-regist Covid/linktree/div_Tidak"))

2021-08-27 08:18:07 - [MESSAGE][NOT_RUN] - NOT_RUN: click(findTestObject("Object Repository/Pre-regist Covid/linktree/div_Tidak"))

2021-08-27 08:18:07 - [TEST_STEP][NOT_RUN] - click(findTestObject("Object Repository/Pre-regist Covid/linktree/div_Tidak")): NOT_RUN: click(findTestObject("Object Repository/Pre-regist Covid/linktree/div_Tidak"))

2021-08-27 08:18:07 - [MESSAGE][NOT_RUN] - NOT_RUN: click(findTestObject("Object Repository/Pre-regist Covid/linktree/div_Tidak"))

2021-08-27 08:18:07 - [TEST_STEP][NOT_RUN] - click(findTestObject("Object Repository/Pre-regist Covid/linktree/div_Tidak")): NOT_RUN: click(findTestObject("Object Repository/Pre-regist Covid/linktree/div_Tidak"))

2021-08-27 08:18:07 - [MESSAGE][NOT_RUN] - NOT_RUN: click(findTestObject("Object Repository/Pre-regist Covid/linktree/div_Tidak"))

2021-08-27 08:18:07 - [TEST_STEP][NOT_RUN] - click(findTestObject("Object Repository/Pre-regist Covid/linktree/div_Tidak")): NOT_RUN: click(findTestObject("Object Repository/Pre-regist Covid/linktree/div_Tidak"))

2021-08-27 08:18:07 - [MESSAGE][NOT_RUN] - NOT_RUN: click(findTestObject("Object Repository/Pre-regist Covid/linktree/div_Tidak"))

2021-08-27 08:18:07 - [TEST_STEP][NOT_RUN] - click(findTestObject("Object Repository/Pre-regist Covid/linktree/button_Lanjut")): NOT_RUN: click(findTestObject("Object Repository/Pre-regist Covid/linktree/button_Lanjut"))

2021-08-27 08:18:07 - [MESSAGE][NOT_RUN] - NOT_RUN: click(findTestObject("Object Repository/Pre-regist Covid/linktree/button_Lanjut"))

2021-08-27 08:18:07 - [TEST_STEP][NOT_RUN] - click(findTestObject("Object Repository/Pre-regist Covid/linktree/input_Rp 149,000_isAgree")): NOT_RUN: click(findTestObject("Object Repository/Pre-regist Covid/linktree/input_Rp 149,000_isAgree"))

2021-08-27 08:18:07 - [MESSAGE][NOT_RUN] - NOT_RUN: click(findTestObject("Object Repository/Pre-regist Covid/linktree/input_Rp 149,000_isAgree"))

2021-08-27 08:18:07 - [TEST_STEP][NOT_RUN] - click(findTestObject("Object Repository/Pre-regist Covid/linktree/input_Rp 149,000_isConsent")): NOT_RUN: click(findTestObject("Object Repository/Pre-regist Covid/linktree/input_Rp 149,000_isConsent"))

2021-08-27 08:18:07 - [MESSAGE][NOT_RUN] - NOT_RUN: click(findTestObject("Object Repository/Pre-regist Covid/linktree/input_Rp 149,000_isConsent"))

2021-08-27 08:18:07 - [TEST_STEP][NOT_RUN] - click(findTestObject("Object Repository/Pre-regist Covid/linktree/button_Kirim")): NOT_RUN: click(findTestObject("Object Repository/Pre-regist Covid/linktree/button_Kirim"))

2021-08-27 08:18:07 - [MESSAGE][NOT_RUN] - NOT_RUN: click(findTestObject("Object Repository/Pre-regist Covid/linktree/button_Kirim"))

2021-08-27 08:18:07 - [TEST_STEP][NOT_RUN] - click(findTestObject("Object Repository/Pre-regist Covid/linktree/h3_51E7D3")): NOT_RUN: click(findTestObject("Object Repository/Pre-regist Covid/linktree/h3_51E7D3"))

2021-08-27 08:18:07 - [MESSAGE][NOT_RUN] - NOT_RUN: click(findTestObject("Object Repository/Pre-regist Covid/linktree/h3_51E7D3"))]]></system-out>
         <system-err><![CDATA[]]></system-err>
      </testcase>
      <system-out><![CDATA[2021-08-27 08:18:05 - [TEST_SUITE][PASSED] - Pre-regist: Test Cases/Pre-regist Covid/linktree]]></system-out>
      <system-err><![CDATA[]]></system-err>
   </testsuite>
</testsuites>
