<?xml version="1.0" encoding="UTF-8"?>
<testsuites name="Pre-regist" time="85.734" tests="1" failures="0" errors="0">
   <testsuite name="Pre-regist" tests="1" failures="0" errors="0" time="85.734" skipped="0" timestamp="2021-08-27 11:40:58" hostname="15997182 - N0101-7182-IQC.muf.co.id" id="Test Suites/Pre-regist">
      <properties>
         <property name="deviceName" value=""/>
         <property name="devicePlatform" value=""/>
         <property name="logFolder" value="D:\\MySiloam\\Reports\\20210827_114044\\Pre-regist\\20210827_114045"/>
         <property name="logFiles" value="D:\\MySiloam\\Reports\\20210827_114044\\Pre-regist\\20210827_114045\\execution0.log"/>
         <property name="attachments" value=""/>
         <property name="hostName" value="15997182 - N0101-7182-IQC.muf.co.id"/>
         <property name="os" value="Windows 10 64bit"/>
         <property name="katalonVersion" value="8.1.0.208"/>
         <property name="browser" value="Chrome 92.0.4515.159"/>
         <property name="hostAddress" value="10.1.189.60"/>
         <property name="sessionId" value="11142ae3a231497a08d96a43362bb4b3"/>
         <property name="seleniumVersion" value="3.141.59"/>
         <property name="proxyInformation" value="ProxyInformation { proxyOption=NO_PROXY, proxyServerType=HTTP, username=, password=********, proxyServerAddress=, proxyServerPort=0, executionList=&quot;&quot;, isApplyToDesiredCapabilities=true }"/>
         <property name="platform" value="Windows 10"/>
      </properties>
      <testcase name="Test Cases/Pre-regist Covid/linktree" time="83.635" classname="Test Cases/Pre-regist Covid/linktree" status="PASSED">
         <system-out><![CDATA[2021-08-27 11:40:58 - [TEST_CASE][PASSED] - Test Cases/Pre-regist Covid/linktree: Test Cases/Pre-regist Covid/linktree

2021-08-27 11:40:59 - [TEST_STEP][PASSED] - openBrowser(""): Browser is opened with url: ''

2021-08-27 11:41:00 - [MESSAGE][INFO] - Starting 'Chrome' driver

2021-08-27 11:41:00 - [MESSAGE][INFO] - Action delay is set to 0 milliseconds

2021-08-27 11:41:02 - [MESSAGE][PASSED] - Browser is opened with url: ''

2021-08-27 11:41:02 - [TEST_STEP][PASSED] - navigateToUrl("https://mysiloam-api-staging.siloamhospitals.com/linktree/"): Navigate to 'https://mysiloam-api-staging.siloamhospitals.com/linktree/' successfully

2021-08-27 11:41:03 - [MESSAGE][PASSED] - Navigate to 'https://mysiloam-api-staging.siloamhospitals.com/linktree/' successfully

2021-08-27 11:41:03 - [TEST_STEP][PASSED] - waitForElementVisible(findTestObject("Pre-regist Covid/linktree/Page_Siloam Hospitals Registration Form/div_Select"), 120): Object 'Object Repository/Pre-regist Covid/linktree/Page_Siloam Hospitals Registration Form/div_Select' is visible

2021-08-27 11:41:04 - [MESSAGE][PASSED] - Object 'Object Repository/Pre-regist Covid/linktree/Page_Siloam Hospitals Registration Form/div_Select' is visible

2021-08-27 11:41:04 - [TEST_STEP][PASSED] - maximizeWindow(): Current window maximized

2021-08-27 11:41:04 - [MESSAGE][PASSED] - Current window maximized

2021-08-27 11:41:04 - [TEST_STEP][PASSED] - delay(2): Delayed 2 second(s)

2021-08-27 11:41:06 - [MESSAGE][PASSED] - Delayed 2 second(s)

2021-08-27 11:41:06 - [TEST_STEP][PASSED] - click(findTestObject("Pre-regist Covid/linktree/Page_Siloam Hospitals Registration Form/div_Select")): Object: 'Object Repository/Pre-regist Covid/linktree/Page_Siloam Hospitals Registration Form/div_Select' is clicked on

2021-08-27 11:41:07 - [MESSAGE][PASSED] - Object: 'Object Repository/Pre-regist Covid/linktree/Page_Siloam Hospitals Registration Form/div_Select' is clicked on

2021-08-27 11:41:07 - [TEST_STEP][PASSED] - delay(2): Delayed 2 second(s)

2021-08-27 11:41:09 - [MESSAGE][PASSED] - Delayed 2 second(s)

2021-08-27 11:41:09 - [TEST_STEP][PASSED] - setText(findTestObject("Pre-regist Covid/linktree/Page_Siloam Hospitals Registration Form/input_Select_react-select-2-input"), NamaRS): Text 'SILOAM HOSPITALS LIPPO VILLAGE' is set on object 'Object Repository/Pre-regist Covid/linktree/Page_Siloam Hospitals Registration Form/input_Select_react-select-2-input'

2021-08-27 11:41:10 - [MESSAGE][PASSED] - Text 'SILOAM HOSPITALS LIPPO VILLAGE' is set on object 'Object Repository/Pre-regist Covid/linktree/Page_Siloam Hospitals Registration Form/input_Select_react-select-2-input'

2021-08-27 11:41:10 - [TEST_STEP][PASSED] - delay(2): Delayed 2 second(s)

2021-08-27 11:41:12 - [MESSAGE][PASSED] - Delayed 2 second(s)

2021-08-27 11:41:12 - [TEST_STEP][PASSED] - click(findTestObject("Pre-regist Covid/linktree/Page_Siloam Hospitals Registration Form/Pilih RS")): Object: 'Object Repository/Pre-regist Covid/linktree/Page_Siloam Hospitals Registration Form/Pilih RS' is clicked on

2021-08-27 11:41:12 - [MESSAGE][PASSED] - Object: 'Object Repository/Pre-regist Covid/linktree/Page_Siloam Hospitals Registration Form/Pilih RS' is clicked on

2021-08-27 11:41:12 - [TEST_STEP][PASSED] - delay(2): Delayed 2 second(s)

2021-08-27 11:41:14 - [MESSAGE][PASSED] - Delayed 2 second(s)

2021-08-27 11:41:14 - [TEST_STEP][PASSED] - click(findTestObject("Pre-regist Covid/linktree/Page_Siloam Hospitals Registration Form/Pilih NonDT")): Object: 'Object Repository/Pre-regist Covid/linktree/Page_Siloam Hospitals Registration Form/Pilih NonDT' is clicked on

2021-08-27 11:41:15 - [MESSAGE][PASSED] - Object: 'Object Repository/Pre-regist Covid/linktree/Page_Siloam Hospitals Registration Form/Pilih NonDT' is clicked on

2021-08-27 11:41:15 - [TEST_STEP][PASSED] - waitForElementVisible(findTestObject("Pre-regist Covid/linktree/Page_Siloam Hospitals Registration Form/Rapid Test Serology"), 30): Object 'Object Repository/Pre-regist Covid/linktree/Page_Siloam Hospitals Registration Form/Rapid Test Serology' is visible

2021-08-27 11:41:15 - [MESSAGE][PASSED] - Object 'Object Repository/Pre-regist Covid/linktree/Page_Siloam Hospitals Registration Form/Rapid Test Serology' is visible

2021-08-27 11:41:15 - [TEST_STEP][PASSED] - click(findTestObject("Pre-regist Covid/linktree/Page_Siloam Hospitals Registration Form/Rapid Test Serology")): Object: 'Object Repository/Pre-regist Covid/linktree/Page_Siloam Hospitals Registration Form/Rapid Test Serology' is clicked on

2021-08-27 11:41:16 - [MESSAGE][PASSED] - Object: 'Object Repository/Pre-regist Covid/linktree/Page_Siloam Hospitals Registration Form/Rapid Test Serology' is clicked on

2021-08-27 11:41:16 - [TEST_STEP][PASSED] - delay(2): Delayed 2 second(s)

2021-08-27 11:41:18 - [MESSAGE][PASSED] - Delayed 2 second(s)

2021-08-27 11:41:18 - [TEST_STEP][PASSED] - click(findTestObject("Pre-regist Covid/linktree/Page_Siloam Hospitals Registration Form/button_Pilih")): Object: 'Object Repository/Pre-regist Covid/linktree/Page_Siloam Hospitals Registration Form/button_Pilih' is clicked on

2021-08-27 11:41:18 - [MESSAGE][PASSED] - Object: 'Object Repository/Pre-regist Covid/linktree/Page_Siloam Hospitals Registration Form/button_Pilih' is clicked on

2021-08-27 11:41:18 - [TEST_STEP][PASSED] - waitForElementVisible(findTestObject("Pre-regist Covid/linktree/Page_Siloam Hospitals Registration Form/Nama Lengkap(Sesuai ID)_name"), 0): Object 'Object Repository/Pre-regist Covid/linktree/Page_Siloam Hospitals Registration Form/Nama Lengkap(Sesuai ID)_name' is visible

2021-08-27 11:41:18 - [MESSAGE][WARNING] - Timeout '0' is invalid. Using default page load timeout: '30'

2021-08-27 11:41:21 - [MESSAGE][PASSED] - Object 'Object Repository/Pre-regist Covid/linktree/Page_Siloam Hospitals Registration Form/Nama Lengkap(Sesuai ID)_name' is visible

2021-08-27 11:41:21 - [TEST_STEP][PASSED] - setText(findTestObject("Pre-regist Covid/linktree/Page_Siloam Hospitals Registration Form/Nama Lengkap(Sesuai ID)_name"), NamaSID): Text 'Nama SID' is set on object 'Object Repository/Pre-regist Covid/linktree/Page_Siloam Hospitals Registration Form/Nama Lengkap(Sesuai ID)_name'

2021-08-27 11:41:22 - [MESSAGE][PASSED] - Text 'Nama SID' is set on object 'Object Repository/Pre-regist Covid/linktree/Page_Siloam Hospitals Registration Form/Nama Lengkap(Sesuai ID)_name'

2021-08-27 11:41:22 - [TEST_STEP][PASSED] - delay(1): Delayed 1 second(s)

2021-08-27 11:41:23 - [MESSAGE][PASSED] - Delayed 1 second(s)

2021-08-27 11:41:23 - [TEST_STEP][PASSED] - scrollToElement(findTestObject("Pre-regist Covid/linktree/Page_Siloam Hospitals Registration Form/input_Tanggal Kunjungan_appointment_date"), 30): Scroll to object 'Object Repository/Pre-regist Covid/linktree/Page_Siloam Hospitals Registration Form/input_Tanggal Kunjungan_appointment_date' successfully

2021-08-27 11:41:23 - [MESSAGE][PASSED] - Scroll to object 'Object Repository/Pre-regist Covid/linktree/Page_Siloam Hospitals Registration Form/input_Tanggal Kunjungan_appointment_date' successfully

2021-08-27 11:41:23 - [TEST_STEP][PASSED] - delay(2): Delayed 2 second(s)

2021-08-27 11:41:25 - [MESSAGE][PASSED] - Delayed 2 second(s)

2021-08-27 11:41:25 - [TEST_STEP][PASSED] - click(findTestObject("Pre-regist Covid/linktree/Page_Siloam Hospitals Registration Form/input_Nomor Handphone_form-control")): Object: 'Object Repository/Pre-regist Covid/linktree/Page_Siloam Hospitals Registration Form/input_Nomor Handphone_form-control' is clicked on

2021-08-27 11:41:26 - [MESSAGE][PASSED] - Object: 'Object Repository/Pre-regist Covid/linktree/Page_Siloam Hospitals Registration Form/input_Nomor Handphone_form-control' is clicked on

2021-08-27 11:41:26 - [TEST_STEP][PASSED] - setText(findTestObject("Pre-regist Covid/linktree/Page_Siloam Hospitals Registration Form/input_Nomor Handphone_form-control"), NoHP): Text '3268236726' is set on object 'Object Repository/Pre-regist Covid/linktree/Page_Siloam Hospitals Registration Form/input_Nomor Handphone_form-control'

2021-08-27 11:41:27 - [MESSAGE][PASSED] - Text '3268236726' is set on object 'Object Repository/Pre-regist Covid/linktree/Page_Siloam Hospitals Registration Form/input_Nomor Handphone_form-control'

2021-08-27 11:41:27 - [TEST_STEP][PASSED] - click(findTestObject("Pre-regist Covid/linktree/Page_Siloam Hospitals Registration Form/input_Alamat Email_email")): Object: 'Object Repository/Pre-regist Covid/linktree/Page_Siloam Hospitals Registration Form/input_Alamat Email_email' is clicked on

2021-08-27 11:41:27 - [MESSAGE][PASSED] - Object: 'Object Repository/Pre-regist Covid/linktree/Page_Siloam Hospitals Registration Form/input_Alamat Email_email' is clicked on

2021-08-27 11:41:27 - [TEST_STEP][PASSED] - setText(findTestObject("Pre-regist Covid/linktree/Page_Siloam Hospitals Registration Form/input_Alamat Email_email"), Email): Text 'robot@testing.com' is set on object 'Object Repository/Pre-regist Covid/linktree/Page_Siloam Hospitals Registration Form/input_Alamat Email_email'

2021-08-27 11:41:28 - [MESSAGE][PASSED] - Text 'robot@testing.com' is set on object 'Object Repository/Pre-regist Covid/linktree/Page_Siloam Hospitals Registration Form/input_Alamat Email_email'

2021-08-27 11:41:28 - [TEST_STEP][PASSED] - delay(1): Delayed 1 second(s)

2021-08-27 11:41:29 - [MESSAGE][PASSED] - Delayed 1 second(s)

2021-08-27 11:41:29 - [TEST_STEP][PASSED] - click(findTestObject("Pre-regist Covid/linktree/Page_Siloam Hospitals Registration Form/input_Tanggal Kunjungan_appointment_date")): Object: 'Object Repository/Pre-regist Covid/linktree/Page_Siloam Hospitals Registration Form/input_Tanggal Kunjungan_appointment_date' is clicked on

2021-08-27 11:41:30 - [MESSAGE][PASSED] - Object: 'Object Repository/Pre-regist Covid/linktree/Page_Siloam Hospitals Registration Form/input_Tanggal Kunjungan_appointment_date' is clicked on

2021-08-27 11:41:30 - [TEST_STEP][PASSED] - if (TanggalKunjungan != 0): null

2021-08-27 11:41:30 - [TEST_STEP][PASSED] - if (TanggalKunjungan == 1): null

2021-08-27 11:41:30 - [TEST_STEP][PASSED] - click(findTestObject("Pre-regist Covid/linktree/Page_Siloam Hospitals Registration Form/span_OK")): Object: 'Object Repository/Pre-regist Covid/linktree/Page_Siloam Hospitals Registration Form/span_OK' is clicked on

2021-08-27 11:41:30 - [MESSAGE][PASSED] - Object: 'Object Repository/Pre-regist Covid/linktree/Page_Siloam Hospitals Registration Form/span_OK' is clicked on

2021-08-27 11:41:30 - [TEST_STEP][PASSED] - delay(1): Delayed 1 second(s)

2021-08-27 11:41:31 - [MESSAGE][PASSED] - Delayed 1 second(s)

2021-08-27 11:41:31 - [TEST_STEP][PASSED] - click(findTestObject("Pre-regist Covid/linktree/Page_Siloam Hospitals Registration Form/WaktuKunjungan")): Object: 'Object Repository/Pre-regist Covid/linktree/Page_Siloam Hospitals Registration Form/WaktuKunjungan' is clicked on

2021-08-27 11:41:32 - [MESSAGE][PASSED] - Object: 'Object Repository/Pre-regist Covid/linktree/Page_Siloam Hospitals Registration Form/WaktuKunjungan' is clicked on

2021-08-27 11:41:32 - [TEST_STEP][PASSED] - click(findTestObject("Pre-regist Covid/linktree/Page_Siloam Hospitals Registration Form/sementara")): Object: 'Object Repository/Pre-regist Covid/linktree/Page_Siloam Hospitals Registration Form/sementara' is clicked on

2021-08-27 11:41:32 - [MESSAGE][PASSED] - Object: 'Object Repository/Pre-regist Covid/linktree/Page_Siloam Hospitals Registration Form/sementara' is clicked on

2021-08-27 11:41:32 - [TEST_STEP][PASSED] - delay(1): Delayed 1 second(s)

2021-08-27 11:41:33 - [MESSAGE][PASSED] - Delayed 1 second(s)

2021-08-27 11:41:33 - [TEST_STEP][PASSED] - click(findTestObject("Pre-regist Covid/linktree/Page_Siloam Hospitals Registration Form/Cara Pembayaran")): Object: 'Object Repository/Pre-regist Covid/linktree/Page_Siloam Hospitals Registration Form/Cara Pembayaran' is clicked on

2021-08-27 11:41:34 - [MESSAGE][PASSED] - Object: 'Object Repository/Pre-regist Covid/linktree/Page_Siloam Hospitals Registration Form/Cara Pembayaran' is clicked on

2021-08-27 11:41:34 - [TEST_STEP][PASSED] - if (CaraPembayaran == "Jaminan"): Delayed 2 second(s)

2021-08-27 11:41:34 - [TEST_STEP][PASSED] - click(findTestObject("Pre-regist Covid/linktree/Page_Siloam Hospitals Registration Form/Jaminan")): Object: 'Object Repository/Pre-regist Covid/linktree/Page_Siloam Hospitals Registration Form/Jaminan' is clicked on

2021-08-27 11:41:34 - [MESSAGE][PASSED] - Object: 'Object Repository/Pre-regist Covid/linktree/Page_Siloam Hospitals Registration Form/Jaminan' is clicked on

2021-08-27 11:41:34 - [TEST_STEP][PASSED] - delay(1): Delayed 1 second(s)

2021-08-27 11:41:35 - [MESSAGE][PASSED] - Delayed 1 second(s)

2021-08-27 11:41:35 - [TEST_STEP][PASSED] - click(findTestObject("Pre-regist Covid/linktree/Page_Siloam Hospitals Registration Form/input_Nama PenjaminPerusahaan_payer")): Object: 'Object Repository/Pre-regist Covid/linktree/Page_Siloam Hospitals Registration Form/input_Nama PenjaminPerusahaan_payer' is clicked on

2021-08-27 11:41:36 - [MESSAGE][PASSED] - Object: 'Object Repository/Pre-regist Covid/linktree/Page_Siloam Hospitals Registration Form/input_Nama PenjaminPerusahaan_payer' is clicked on

2021-08-27 11:41:36 - [TEST_STEP][PASSED] - setText(findTestObject("Pre-regist Covid/linktree/Page_Siloam Hospitals Registration Form/input_Nama PenjaminPerusahaan_payer"), NamaPenjamin): Text 'penjamin' is set on object 'Object Repository/Pre-regist Covid/linktree/Page_Siloam Hospitals Registration Form/input_Nama PenjaminPerusahaan_payer'

2021-08-27 11:41:36 - [MESSAGE][PASSED] - Text 'penjamin' is set on object 'Object Repository/Pre-regist Covid/linktree/Page_Siloam Hospitals Registration Form/input_Nama PenjaminPerusahaan_payer'

2021-08-27 11:41:36 - [TEST_STEP][PASSED] - delay(2): Delayed 2 second(s)

2021-08-27 11:41:38 - [MESSAGE][PASSED] - Delayed 2 second(s)

2021-08-27 11:41:38 - [TEST_STEP][PASSED] - uploadFile(findTestObject("Pre-regist Covid/linktree/Page_Siloam Hospitals Registration Form/Upload surat jaminan"), "D:\MySiloam\Upload foto\download.jpg"): File 'D:\MySiloam\Upload foto\download.jpg' sent to object: 'Object Repository/Pre-regist Covid/linktree/Page_Siloam Hospitals Registration Form/Upload surat jaminan'

2021-08-27 11:41:39 - [MESSAGE][PASSED] - File 'D:\MySiloam\Upload foto\download.jpg' sent to object: 'Object Repository/Pre-regist Covid/linktree/Page_Siloam Hospitals Registration Form/Upload surat jaminan'

2021-08-27 11:41:39 - [TEST_STEP][PASSED] - delay(2): Delayed 2 second(s)

2021-08-27 11:41:41 - [MESSAGE][PASSED] - Delayed 2 second(s)

2021-08-27 11:41:41 - [TEST_STEP][PASSED] - if (PernahBerobat == "Tidak"): Delayed 1 second(s)

2021-08-27 11:41:41 - [TEST_STEP][PASSED] - click(findTestObject("Pre-regist Covid/linktree/Page_Siloam Hospitals Registration Form/TidakpernahBerobat")): Object: 'Object Repository/Pre-regist Covid/linktree/Page_Siloam Hospitals Registration Form/TidakpernahBerobat' is clicked on

2021-08-27 11:41:41 - [MESSAGE][PASSED] - Object: 'Object Repository/Pre-regist Covid/linktree/Page_Siloam Hospitals Registration Form/TidakpernahBerobat' is clicked on

2021-08-27 11:41:41 - [TEST_STEP][PASSED] - delay(1): Delayed 1 second(s)

2021-08-27 11:41:42 - [MESSAGE][PASSED] - Delayed 1 second(s)

2021-08-27 11:41:42 - [TEST_STEP][PASSED] - click(findTestObject("Pre-regist Covid/linktree/Page_Siloam Hospitals Registration Form/span_Data pasien sama dengan data pemesan")): Object: 'Object Repository/Pre-regist Covid/linktree/Page_Siloam Hospitals Registration Form/span_Data pasien sama dengan data pemesan' is clicked on

2021-08-27 11:41:43 - [MESSAGE][PASSED] - Object: 'Object Repository/Pre-regist Covid/linktree/Page_Siloam Hospitals Registration Form/span_Data pasien sama dengan data pemesan' is clicked on

2021-08-27 11:41:43 - [TEST_STEP][PASSED] - delay(2): Delayed 2 second(s)

2021-08-27 11:41:45 - [MESSAGE][PASSED] - Delayed 2 second(s)

2021-08-27 11:41:45 - [TEST_STEP][PASSED] - delay(1): Delayed 1 second(s)

2021-08-27 11:41:46 - [MESSAGE][PASSED] - Delayed 1 second(s)

2021-08-27 11:41:46 - [TEST_STEP][PASSED] - scrollToElement(findTestObject("Pre-regist Covid/linktree/Page_Siloam Hospitals Registration Form/input_Nomor Kartu Identitas_identity_number"), 30): Scroll to object 'Object Repository/Pre-regist Covid/linktree/Page_Siloam Hospitals Registration Form/input_Nomor Kartu Identitas_identity_number' successfully

2021-08-27 11:41:46 - [MESSAGE][PASSED] - Scroll to object 'Object Repository/Pre-regist Covid/linktree/Page_Siloam Hospitals Registration Form/input_Nomor Kartu Identitas_identity_number' successfully

2021-08-27 11:41:46 - [TEST_STEP][PASSED] - delay(1): Delayed 1 second(s)

2021-08-27 11:41:47 - [MESSAGE][PASSED] - Delayed 1 second(s)

2021-08-27 11:41:47 - [TEST_STEP][PASSED] - click(findTestObject("Pre-regist Covid/linktree/Page_Siloam Hospitals Registration Form/Kartu identitas")): Object: 'Object Repository/Pre-regist Covid/linktree/Page_Siloam Hospitals Registration Form/Kartu identitas' is clicked on

2021-08-27 11:41:48 - [MESSAGE][PASSED] - Object: 'Object Repository/Pre-regist Covid/linktree/Page_Siloam Hospitals Registration Form/Kartu identitas' is clicked on

2021-08-27 11:41:48 - [TEST_STEP][PASSED] - if (Identitas == "KTP"): Text '4763284724783240' is set on object 'Object Repository/Pre-regist Covid/linktree/Page_Siloam Hospitals Registration Form/input_Nomor Kartu Identitas_identity_number'

2021-08-27 11:41:48 - [TEST_STEP][PASSED] - click(findTestObject("Pre-regist Covid/linktree/Page_Siloam Hospitals Registration Form/identitas_KTP")): Object: 'Object Repository/Pre-regist Covid/linktree/Page_Siloam Hospitals Registration Form/identitas_KTP' is clicked on

2021-08-27 11:41:48 - [MESSAGE][PASSED] - Object: 'Object Repository/Pre-regist Covid/linktree/Page_Siloam Hospitals Registration Form/identitas_KTP' is clicked on

2021-08-27 11:41:48 - [TEST_STEP][PASSED] - setText(findTestObject("Pre-regist Covid/linktree/Page_Siloam Hospitals Registration Form/input_Nomor Kartu Identitas_identity_number"), NoIdentitas): Text '4763284724783240' is set on object 'Object Repository/Pre-regist Covid/linktree/Page_Siloam Hospitals Registration Form/input_Nomor Kartu Identitas_identity_number'

2021-08-27 11:41:50 - [MESSAGE][PASSED] - Text '4763284724783240' is set on object 'Object Repository/Pre-regist Covid/linktree/Page_Siloam Hospitals Registration Form/input_Nomor Kartu Identitas_identity_number'

2021-08-27 11:41:50 - [TEST_STEP][PASSED] - delay(2): Delayed 2 second(s)

2021-08-27 11:41:52 - [MESSAGE][PASSED] - Delayed 2 second(s)

2021-08-27 11:41:52 - [TEST_STEP][PASSED] - uploadFile(findTestObject("Pre-regist Covid/linktree/Page_Siloam Hospitals Registration Form/upload foto katru identitas"), "D:\MySiloam\Upload foto\download.jpg"): File 'D:\MySiloam\Upload foto\download.jpg' sent to object: 'Object Repository/Pre-regist Covid/linktree/Page_Siloam Hospitals Registration Form/upload foto katru identitas'

2021-08-27 11:41:52 - [MESSAGE][PASSED] - File 'D:\MySiloam\Upload foto\download.jpg' sent to object: 'Object Repository/Pre-regist Covid/linktree/Page_Siloam Hospitals Registration Form/upload foto katru identitas'

2021-08-27 11:41:52 - [TEST_STEP][PASSED] - delay(2): Delayed 2 second(s)

2021-08-27 11:41:54 - [MESSAGE][PASSED] - Delayed 2 second(s)

2021-08-27 11:41:54 - [TEST_STEP][PASSED] - if (PernahBerobat == "Tidak"): Text '8763268236723' is set on object 'Object Repository/Pre-regist Covid/linktree/Page_Siloam Hospitals Registration Form/input_Nama Keluarga_form-control'

2021-08-27 11:41:54 - [TEST_STEP][PASSED] - click(findTestObject("Pre-regist Covid/linktree/Page_Siloam Hospitals Registration Form/Jenis kelamin")): Object: 'Object Repository/Pre-regist Covid/linktree/Page_Siloam Hospitals Registration Form/Jenis kelamin' is clicked on

2021-08-27 11:41:55 - [MESSAGE][PASSED] - Object: 'Object Repository/Pre-regist Covid/linktree/Page_Siloam Hospitals Registration Form/Jenis kelamin' is clicked on

2021-08-27 11:41:55 - [TEST_STEP][PASSED] - if (JenisKelamin == "Pria"): Delayed 1 second(s)

2021-08-27 11:41:55 - [TEST_STEP][PASSED] - click(findTestObject("Pre-regist Covid/linktree/Page_Siloam Hospitals Registration Form/Pria")): Object: 'Object Repository/Pre-regist Covid/linktree/Page_Siloam Hospitals Registration Form/Pria' is clicked on

2021-08-27 11:41:55 - [MESSAGE][PASSED] - Object: 'Object Repository/Pre-regist Covid/linktree/Page_Siloam Hospitals Registration Form/Pria' is clicked on

2021-08-27 11:41:55 - [TEST_STEP][PASSED] - delay(1): Delayed 1 second(s)

2021-08-27 11:41:56 - [MESSAGE][PASSED] - Delayed 1 second(s)

2021-08-27 11:41:56 - [TEST_STEP][PASSED] - click(findTestObject("Pre-regist Covid/linktree/Page_Siloam Hospitals Registration Form/input_Tanggal Lahir")): Object: 'Object Repository/Pre-regist Covid/linktree/Page_Siloam Hospitals Registration Form/input_Tanggal Lahir' is clicked on

2021-08-27 11:41:57 - [MESSAGE][PASSED] - Object: 'Object Repository/Pre-regist Covid/linktree/Page_Siloam Hospitals Registration Form/input_Tanggal Lahir' is clicked on

2021-08-27 11:41:57 - [TEST_STEP][PASSED] - setText(findTestObject("Pre-regist Covid/linktree/Page_Siloam Hospitals Registration Form/input_Tanggal Lahir"), TanggalLahir): Text '11111991' is set on object 'Object Repository/Pre-regist Covid/linktree/Page_Siloam Hospitals Registration Form/input_Tanggal Lahir'

2021-08-27 11:41:58 - [MESSAGE][PASSED] - Text '11111991' is set on object 'Object Repository/Pre-regist Covid/linktree/Page_Siloam Hospitals Registration Form/input_Tanggal Lahir'

2021-08-27 11:41:58 - [TEST_STEP][PASSED] - delay(1): Delayed 1 second(s)

2021-08-27 11:41:59 - [MESSAGE][PASSED] - Delayed 1 second(s)

2021-08-27 11:41:59 - [TEST_STEP][PASSED] - click(findTestObject("Pre-regist Covid/linktree/Page_Siloam Hospitals Registration Form/status")): Object: 'Object Repository/Pre-regist Covid/linktree/Page_Siloam Hospitals Registration Form/status' is clicked on

2021-08-27 11:41:59 - [MESSAGE][PASSED] - Object: 'Object Repository/Pre-regist Covid/linktree/Page_Siloam Hospitals Registration Form/status' is clicked on

2021-08-27 11:41:59 - [TEST_STEP][PASSED] - if (Status == "Lajang"): Delayed 1 second(s)

2021-08-27 11:41:59 - [TEST_STEP][PASSED] - click(findTestObject("Pre-regist Covid/linktree/Page_Siloam Hospitals Registration Form/Statuskwn/LAJANG")): Object: 'Object Repository/Pre-regist Covid/linktree/Page_Siloam Hospitals Registration Form/Statuskwn/LAJANG' is clicked on

2021-08-27 11:42:00 - [MESSAGE][PASSED] - Object: 'Object Repository/Pre-regist Covid/linktree/Page_Siloam Hospitals Registration Form/Statuskwn/LAJANG' is clicked on

2021-08-27 11:42:00 - [TEST_STEP][PASSED] - delay(1): Delayed 1 second(s)

2021-08-27 11:42:01 - [MESSAGE][PASSED] - Delayed 1 second(s)

2021-08-27 11:42:01 - [TEST_STEP][PASSED] - delay(2): Delayed 2 second(s)

2021-08-27 11:42:03 - [MESSAGE][PASSED] - Delayed 2 second(s)

2021-08-27 11:42:03 - [TEST_STEP][PASSED] - click(findTestObject("Pre-regist Covid/linktree/Page_Siloam Hospitals Registration Form/agama")): Object: 'Object Repository/Pre-regist Covid/linktree/Page_Siloam Hospitals Registration Form/agama' is clicked on

2021-08-27 11:42:03 - [MESSAGE][PASSED] - Object: 'Object Repository/Pre-regist Covid/linktree/Page_Siloam Hospitals Registration Form/agama' is clicked on

2021-08-27 11:42:03 - [TEST_STEP][PASSED] - if (Agama == "Budha"): null

2021-08-27 11:42:03 - [TEST_STEP][PASSED] - else if (Agama == "Hindu"): null

2021-08-27 11:42:03 - [TEST_STEP][PASSED] - else if (Agama == "Islam"): Delayed 1 second(s)

2021-08-27 11:42:03 - [TEST_STEP][PASSED] - click(findTestObject("Pre-regist Covid/linktree/Page_Siloam Hospitals Registration Form/AgamaFR/li_ISLAM")): Object: 'Object Repository/Pre-regist Covid/linktree/Page_Siloam Hospitals Registration Form/AgamaFR/li_ISLAM' is clicked on

2021-08-27 11:42:04 - [MESSAGE][PASSED] - Object: 'Object Repository/Pre-regist Covid/linktree/Page_Siloam Hospitals Registration Form/AgamaFR/li_ISLAM' is clicked on

2021-08-27 11:42:04 - [TEST_STEP][PASSED] - delay(1): Delayed 1 second(s)

2021-08-27 11:42:05 - [MESSAGE][PASSED] - Delayed 1 second(s)

2021-08-27 11:42:05 - [TEST_STEP][PASSED] - setText(findTestObject("Pre-regist Covid/linktree/Page_Siloam Hospitals Registration Form/textarea_alamat"), Alamat): Text 'Jl.jalan aja terserah' is set on object 'Object Repository/Pre-regist Covid/linktree/Page_Siloam Hospitals Registration Form/textarea_alamat'

2021-08-27 11:42:06 - [MESSAGE][PASSED] - Text 'Jl.jalan aja terserah' is set on object 'Object Repository/Pre-regist Covid/linktree/Page_Siloam Hospitals Registration Form/textarea_alamat'

2021-08-27 11:42:06 - [TEST_STEP][PASSED] - delay(1): Delayed 1 second(s)

2021-08-27 11:42:07 - [MESSAGE][PASSED] - Delayed 1 second(s)

2021-08-27 11:42:07 - [TEST_STEP][PASSED] - click(findTestObject("Pre-regist Covid/linktree/Page_Siloam Hospitals Registration Form/klik kota")): Object: 'Object Repository/Pre-regist Covid/linktree/Page_Siloam Hospitals Registration Form/klik kota' is clicked on

2021-08-27 11:42:08 - [MESSAGE][PASSED] - Object: 'Object Repository/Pre-regist Covid/linktree/Page_Siloam Hospitals Registration Form/klik kota' is clicked on

2021-08-27 11:42:08 - [TEST_STEP][PASSED] - setText(findTestObject("Pre-regist Covid/linktree/Page_Siloam Hospitals Registration Form/input kota"), Kota): Text 'JAKARTA BARAT, KOTA ADMINISTRASI' is set on object 'Object Repository/Pre-regist Covid/linktree/Page_Siloam Hospitals Registration Form/input kota'

2021-08-27 11:42:09 - [MESSAGE][PASSED] - Text 'JAKARTA BARAT, KOTA ADMINISTRASI' is set on object 'Object Repository/Pre-regist Covid/linktree/Page_Siloam Hospitals Registration Form/input kota'

2021-08-27 11:42:09 - [TEST_STEP][PASSED] - click(findTestObject("Pre-regist Covid/linktree/Page_Siloam Hospitals Registration Form/pilih Kota")): Object: 'Object Repository/Pre-regist Covid/linktree/Page_Siloam Hospitals Registration Form/pilih Kota' is clicked on

2021-08-27 11:42:09 - [MESSAGE][PASSED] - Object: 'Object Repository/Pre-regist Covid/linktree/Page_Siloam Hospitals Registration Form/pilih Kota' is clicked on

2021-08-27 11:42:09 - [TEST_STEP][PASSED] - delay(1): Delayed 1 second(s)

2021-08-27 11:42:10 - [MESSAGE][PASSED] - Delayed 1 second(s)

2021-08-27 11:42:10 - [TEST_STEP][PASSED] - click(findTestObject("Pre-regist Covid/linktree/Page_Siloam Hospitals Registration Form/klik kecamatan")): Object: 'Object Repository/Pre-regist Covid/linktree/Page_Siloam Hospitals Registration Form/klik kecamatan' is clicked on

2021-08-27 11:42:10 - [MESSAGE][PASSED] - Object: 'Object Repository/Pre-regist Covid/linktree/Page_Siloam Hospitals Registration Form/klik kecamatan' is clicked on

2021-08-27 11:42:10 - [TEST_STEP][PASSED] - setText(findTestObject("Pre-regist Covid/linktree/Page_Siloam Hospitals Registration Form/input_Kecamatan"), Kecamatan, STOP_ON_FAILURE): Text 'KEBON JERUK' is set on object 'Object Repository/Pre-regist Covid/linktree/Page_Siloam Hospitals Registration Form/input_Kecamatan'

2021-08-27 11:42:11 - [MESSAGE][PASSED] - Text 'KEBON JERUK' is set on object 'Object Repository/Pre-regist Covid/linktree/Page_Siloam Hospitals Registration Form/input_Kecamatan'

2021-08-27 11:42:11 - [TEST_STEP][PASSED] - click(findTestObject("Pre-regist Covid/linktree/Page_Siloam Hospitals Registration Form/pilih kecamatan")): Object: 'Object Repository/Pre-regist Covid/linktree/Page_Siloam Hospitals Registration Form/pilih kecamatan' is clicked on

2021-08-27 11:42:12 - [MESSAGE][PASSED] - Object: 'Object Repository/Pre-regist Covid/linktree/Page_Siloam Hospitals Registration Form/pilih kecamatan' is clicked on

2021-08-27 11:42:12 - [TEST_STEP][PASSED] - delay(1): Delayed 1 second(s)

2021-08-27 11:42:13 - [MESSAGE][PASSED] - Delayed 1 second(s)

2021-08-27 11:42:13 - [TEST_STEP][PASSED] - click(findTestObject("Pre-regist Covid/linktree/Page_Siloam Hospitals Registration Form/klik kelurahan")): Object: 'Object Repository/Pre-regist Covid/linktree/Page_Siloam Hospitals Registration Form/klik kelurahan' is clicked on

2021-08-27 11:42:13 - [MESSAGE][PASSED] - Object: 'Object Repository/Pre-regist Covid/linktree/Page_Siloam Hospitals Registration Form/klik kelurahan' is clicked on

2021-08-27 11:42:13 - [TEST_STEP][PASSED] - setText(findTestObject("Pre-regist Covid/linktree/Page_Siloam Hospitals Registration Form/input_Kelurahan_sub"), Kelurahan): Text 'KELAPA DUA' is set on object 'Object Repository/Pre-regist Covid/linktree/Page_Siloam Hospitals Registration Form/input_Kelurahan_sub'

2021-08-27 11:42:14 - [MESSAGE][PASSED] - Text 'KELAPA DUA' is set on object 'Object Repository/Pre-regist Covid/linktree/Page_Siloam Hospitals Registration Form/input_Kelurahan_sub'

2021-08-27 11:42:14 - [TEST_STEP][PASSED] - click(findTestObject("Pre-regist Covid/linktree/Page_Siloam Hospitals Registration Form/pilih kelurahan")): Object: 'Object Repository/Pre-regist Covid/linktree/Page_Siloam Hospitals Registration Form/pilih kelurahan' is clicked on

2021-08-27 11:42:15 - [MESSAGE][PASSED] - Object: 'Object Repository/Pre-regist Covid/linktree/Page_Siloam Hospitals Registration Form/pilih kelurahan' is clicked on

2021-08-27 11:42:15 - [TEST_STEP][PASSED] - delay(1): Delayed 1 second(s)

2021-08-27 11:42:16 - [MESSAGE][PASSED] - Delayed 1 second(s)

2021-08-27 11:42:16 - [TEST_STEP][PASSED] - setText(findTestObject("Pre-regist Covid/linktree/Page_Siloam Hospitals Registration Form/input_Nama Keluarga_emergency"), KeluargaDarurat): Text 'nama darurat' is set on object 'Object Repository/Pre-regist Covid/linktree/Page_Siloam Hospitals Registration Form/input_Nama Keluarga_emergency'

2021-08-27 11:42:17 - [MESSAGE][PASSED] - Text 'nama darurat' is set on object 'Object Repository/Pre-regist Covid/linktree/Page_Siloam Hospitals Registration Form/input_Nama Keluarga_emergency'

2021-08-27 11:42:17 - [TEST_STEP][PASSED] - delay(1): Delayed 1 second(s)

2021-08-27 11:42:18 - [MESSAGE][PASSED] - Delayed 1 second(s)

2021-08-27 11:42:18 - [TEST_STEP][PASSED] - setText(findTestObject("Pre-regist Covid/linktree/Page_Siloam Hospitals Registration Form/input_Nama Keluarga_form-control"), NoDarurat): Text '8763268236723' is set on object 'Object Repository/Pre-regist Covid/linktree/Page_Siloam Hospitals Registration Form/input_Nama Keluarga_form-control'

2021-08-27 11:42:19 - [MESSAGE][PASSED] - Text '8763268236723' is set on object 'Object Repository/Pre-regist Covid/linktree/Page_Siloam Hospitals Registration Form/input_Nama Keluarga_form-control'

2021-08-27 11:42:19 - [TEST_STEP][PASSED] - delay(1): Delayed 1 second(s)

2021-08-27 11:42:20 - [MESSAGE][PASSED] - Delayed 1 second(s)

2021-08-27 11:42:20 - [TEST_STEP][PASSED] - click(findTestObject("Pre-regist Covid/linktree/Page_Siloam Hospitals Registration Form/input_Nama Keluarga_agreeToTerms")): Object: 'Object Repository/Pre-regist Covid/linktree/Page_Siloam Hospitals Registration Form/input_Nama Keluarga_agreeToTerms' is clicked on

2021-08-27 11:42:20 - [MESSAGE][PASSED] - Object: 'Object Repository/Pre-regist Covid/linktree/Page_Siloam Hospitals Registration Form/input_Nama Keluarga_agreeToTerms' is clicked on

2021-08-27 11:42:20 - [TEST_STEP][PASSED] - scrollToPosition(9999999, 9999999): Browser is scrolled to position x = 9999999, y = 9999999

2021-08-27 11:42:20 - [MESSAGE][PASSED] - Browser is scrolled to position x = 9999999, y = 9999999

2021-08-27 11:42:20 - [TEST_STEP][PASSED] - delay(1): Delayed 1 second(s)

2021-08-27 11:42:21 - [MESSAGE][PASSED] - Delayed 1 second(s)

2021-08-27 11:42:21 - [TEST_STEP][PASSED] - click(findTestObject("Pre-regist Covid/linktree/Page_Siloam Hospitals Registration Form/button_Lanjut")): Object: 'Object Repository/Pre-regist Covid/linktree/Page_Siloam Hospitals Registration Form/button_Lanjut' is clicked on

2021-08-27 11:42:22 - [MESSAGE][PASSED] - Object: 'Object Repository/Pre-regist Covid/linktree/Page_Siloam Hospitals Registration Form/button_Lanjut' is clicked on

2021-08-27 11:42:22 - [TEST_STEP][NOT_RUN] - openBrowser(""): NOT_RUN: openBrowser("")

2021-08-27 11:42:22 - [MESSAGE][NOT_RUN] - NOT_RUN: openBrowser("")

2021-08-27 11:42:22 - [TEST_STEP][NOT_RUN] - navigateToUrl("https://mysiloam-api-staging.siloamhospitals.com/linktree/"): NOT_RUN: navigateToUrl("https://mysiloam-api-staging.siloamhospitals.com/linktree/")

2021-08-27 11:42:22 - [MESSAGE][NOT_RUN] - NOT_RUN: navigateToUrl("https://mysiloam-api-staging.siloamhospitals.com/linktree/")

2021-08-27 11:42:22 - [TEST_STEP][NOT_RUN] - click(findTestObject("Object Repository/Pre-regist Covid/linktree/body_You need to enable JavaScript to run t_832721")): NOT_RUN: click(findTestObject("Object Repository/Pre-regist Covid/linktree/body_You need to enable JavaScript to run t_832721"))

2021-08-27 11:42:22 - [MESSAGE][NOT_RUN] - NOT_RUN: click(findTestObject("Object Repository/Pre-regist Covid/linktree/body_You need to enable JavaScript to run t_832721"))

2021-08-27 11:42:22 - [TEST_STEP][NOT_RUN] - click(findTestObject("Object Repository/Pre-regist Covid/linktree/li_Pemeriksaan Rutin  Atas Permintaan Sendiri")): NOT_RUN: click(findTestObject("Object Repository/Pre-regist Covid/linktree/li_Pemeriksaan Rutin  Atas Permintaan Sendiri"))

2021-08-27 11:42:22 - [MESSAGE][NOT_RUN] - NOT_RUN: click(findTestObject("Object Repository/Pre-regist Covid/linktree/li_Pemeriksaan Rutin  Atas Permintaan Sendiri"))

2021-08-27 11:42:22 - [TEST_STEP][NOT_RUN] - setText(findTestObject("Object Repository/Pre-regist Covid/linktree/input_Pekerjaan_occupation"), "pekerjaan"): NOT_RUN: setText(findTestObject("Object Repository/Pre-regist Covid/linktree/input_Pekerjaan_occupation"), "pekerjaan")

2021-08-27 11:42:22 - [MESSAGE][NOT_RUN] - NOT_RUN: setText(findTestObject("Object Repository/Pre-regist Covid/linktree/input_Pekerjaan_occupation"), "pekerjaan")

2021-08-27 11:42:22 - [TEST_STEP][NOT_RUN] - setText(findTestObject("Object Repository/Pre-regist Covid/linktree/input_Nama Orang Tua_parent_name"), "nama ortu"): NOT_RUN: setText(findTestObject("Object Repository/Pre-regist Covid/linktree/input_Nama Orang Tua_parent_name"), "nama ortu")

2021-08-27 11:42:22 - [MESSAGE][NOT_RUN] - NOT_RUN: setText(findTestObject("Object Repository/Pre-regist Covid/linktree/input_Nama Orang Tua_parent_name"), "nama ortu")

2021-08-27 11:42:22 - [TEST_STEP][NOT_RUN] - click(findTestObject("Object Repository/Pre-regist Covid/linktree/svg_Provinsi_MuiSvgIcon-root")): NOT_RUN: click(findTestObject("Object Repository/Pre-regist Covid/linktree/svg_Provinsi_MuiSvgIcon-root"))

2021-08-27 11:42:22 - [MESSAGE][NOT_RUN] - NOT_RUN: click(findTestObject("Object Repository/Pre-regist Covid/linktree/svg_Provinsi_MuiSvgIcon-root"))

2021-08-27 11:42:22 - [TEST_STEP][NOT_RUN] - click(findTestObject("Object Repository/Pre-regist Covid/linktree/li_JAKARTA")): NOT_RUN: click(findTestObject("Object Repository/Pre-regist Covid/linktree/li_JAKARTA"))

2021-08-27 11:42:22 - [MESSAGE][NOT_RUN] - NOT_RUN: click(findTestObject("Object Repository/Pre-regist Covid/linktree/li_JAKARTA"))

2021-08-27 11:42:22 - [TEST_STEP][NOT_RUN] - setText(findTestObject("Object Repository/Pre-regist Covid/linktree/input_RT_rt_number"), "1"): NOT_RUN: setText(findTestObject("Object Repository/Pre-regist Covid/linktree/input_RT_rt_number"), "1")

2021-08-27 11:42:22 - [MESSAGE][NOT_RUN] - NOT_RUN: setText(findTestObject("Object Repository/Pre-regist Covid/linktree/input_RT_rt_number"), "1")

2021-08-27 11:42:22 - [TEST_STEP][NOT_RUN] - setText(findTestObject("Object Repository/Pre-regist Covid/linktree/input_RW_rw_number"), "1"): NOT_RUN: setText(findTestObject("Object Repository/Pre-regist Covid/linktree/input_RW_rw_number"), "1")

2021-08-27 11:42:22 - [MESSAGE][NOT_RUN] - NOT_RUN: setText(findTestObject("Object Repository/Pre-regist Covid/linktree/input_RW_rw_number"), "1")

2021-08-27 11:42:22 - [TEST_STEP][NOT_RUN] - click(findTestObject("Object Repository/Pre-regist Covid/linktree/div_Tidak")): NOT_RUN: click(findTestObject("Object Repository/Pre-regist Covid/linktree/div_Tidak"))

2021-08-27 11:42:22 - [MESSAGE][NOT_RUN] - NOT_RUN: click(findTestObject("Object Repository/Pre-regist Covid/linktree/div_Tidak"))

2021-08-27 11:42:22 - [TEST_STEP][NOT_RUN] - click(findTestObject("Object Repository/Pre-regist Covid/linktree/div_Tidak")): NOT_RUN: click(findTestObject("Object Repository/Pre-regist Covid/linktree/div_Tidak"))

2021-08-27 11:42:22 - [MESSAGE][NOT_RUN] - NOT_RUN: click(findTestObject("Object Repository/Pre-regist Covid/linktree/div_Tidak"))

2021-08-27 11:42:22 - [TEST_STEP][NOT_RUN] - click(findTestObject("Object Repository/Pre-regist Covid/linktree/div_Tidak")): NOT_RUN: click(findTestObject("Object Repository/Pre-regist Covid/linktree/div_Tidak"))

2021-08-27 11:42:22 - [MESSAGE][NOT_RUN] - NOT_RUN: click(findTestObject("Object Repository/Pre-regist Covid/linktree/div_Tidak"))

2021-08-27 11:42:22 - [TEST_STEP][NOT_RUN] - click(findTestObject("Object Repository/Pre-regist Covid/linktree/div_Tidak")): NOT_RUN: click(findTestObject("Object Repository/Pre-regist Covid/linktree/div_Tidak"))

2021-08-27 11:42:22 - [MESSAGE][NOT_RUN] - NOT_RUN: click(findTestObject("Object Repository/Pre-regist Covid/linktree/div_Tidak"))

2021-08-27 11:42:22 - [TEST_STEP][NOT_RUN] - click(findTestObject("Object Repository/Pre-regist Covid/linktree/button_Lanjut")): NOT_RUN: click(findTestObject("Object Repository/Pre-regist Covid/linktree/button_Lanjut"))

2021-08-27 11:42:22 - [MESSAGE][NOT_RUN] - NOT_RUN: click(findTestObject("Object Repository/Pre-regist Covid/linktree/button_Lanjut"))

2021-08-27 11:42:22 - [TEST_STEP][NOT_RUN] - click(findTestObject("Object Repository/Pre-regist Covid/linktree/input_Rp 149,000_isAgree")): NOT_RUN: click(findTestObject("Object Repository/Pre-regist Covid/linktree/input_Rp 149,000_isAgree"))

2021-08-27 11:42:22 - [MESSAGE][NOT_RUN] - NOT_RUN: click(findTestObject("Object Repository/Pre-regist Covid/linktree/input_Rp 149,000_isAgree"))

2021-08-27 11:42:22 - [TEST_STEP][NOT_RUN] - click(findTestObject("Object Repository/Pre-regist Covid/linktree/input_Rp 149,000_isConsent")): NOT_RUN: click(findTestObject("Object Repository/Pre-regist Covid/linktree/input_Rp 149,000_isConsent"))

2021-08-27 11:42:22 - [MESSAGE][NOT_RUN] - NOT_RUN: click(findTestObject("Object Repository/Pre-regist Covid/linktree/input_Rp 149,000_isConsent"))

2021-08-27 11:42:22 - [TEST_STEP][NOT_RUN] - click(findTestObject("Object Repository/Pre-regist Covid/linktree/button_Kirim")): NOT_RUN: click(findTestObject("Object Repository/Pre-regist Covid/linktree/button_Kirim"))

2021-08-27 11:42:22 - [MESSAGE][NOT_RUN] - NOT_RUN: click(findTestObject("Object Repository/Pre-regist Covid/linktree/button_Kirim"))

2021-08-27 11:42:22 - [TEST_STEP][NOT_RUN] - click(findTestObject("Object Repository/Pre-regist Covid/linktree/h3_51E7D3")): NOT_RUN: click(findTestObject("Object Repository/Pre-regist Covid/linktree/h3_51E7D3"))

2021-08-27 11:42:22 - [MESSAGE][NOT_RUN] - NOT_RUN: click(findTestObject("Object Repository/Pre-regist Covid/linktree/h3_51E7D3"))]]></system-out>
         <system-err><![CDATA[]]></system-err>
      </testcase>
      <system-out><![CDATA[2021-08-27 11:40:58 - [TEST_SUITE][PASSED] - Pre-regist: Test Cases/Pre-regist Covid/linktree]]></system-out>
      <system-err><![CDATA[]]></system-err>
   </testsuite>
</testsuites>
